
Model:xception BatchSize:16 lr:0.000200
epoch:000 batch:003000 loss:0.18219 avgloss:0.41144
AUC:0.920733 TPR_2:0.484695 TPR_3:0.263407 TPR_4:0.117506 validset
AUC:0.911725 TPR_2:0.342853 TPR_3:0.160816 TPR_4:0.068312 Deepfakes
AUC:0.959248 TPR_2:0.563963 TPR_3:0.275827 TPR_4:0.108906 FaceSwap
AUC:0.951330 TPR_2:0.552836 TPR_3:0.302488 TPR_4:0.156593 Face2Face
AUC:0.940767 TPR_2:0.486551 TPR_3:0.246377 TPR_4:0.111270 Test
epoch:000 batch:006000 loss:0.51634 avgloss:0.28930
AUC:0.965748 TPR_2:0.688804 TPR_3:0.446502 TPR_4:0.224778 validset
AUC:0.968457 TPR_2:0.638028 TPR_3:0.397238 TPR_4:0.213377 Deepfakes
AUC:0.979895 TPR_2:0.799500 TPR_3:0.602976 TPR_4:0.389556 FaceSwap
AUC:0.968102 TPR_2:0.679455 TPR_3:0.398348 TPR_4:0.186814 Face2Face
AUC:0.972151 TPR_2:0.705661 TPR_3:0.466188 TPR_4:0.263249 Test
epoch:000 batch:009000 loss:0.03366 avgloss:0.23236
AUC:0.973556 TPR_2:0.791026 TPR_3:0.566318 TPR_4:0.351094 validset
AUC:0.977014 TPR_2:0.731444 TPR_3:0.489301 TPR_4:0.319705 Deepfakes
AUC:0.984326 TPR_2:0.797124 TPR_3:0.547138 TPR_4:0.377049 FaceSwap
AUC:0.982243 TPR_2:0.829559 TPR_3:0.643442 TPR_4:0.510161 Face2Face
AUC:0.981194 TPR_2:0.786043 TPR_3:0.559960 TPR_4:0.402305 Test
epoch:001 batch:012000 loss:0.03594 avgloss:0.19814
AUC:0.980149 TPR_2:0.853464 TPR_3:0.656900 TPR_4:0.492410 validset
AUC:0.992505 TPR_2:0.899804 TPR_3:0.727620 TPR_4:0.501934 Deepfakes
AUC:0.984619 TPR_2:0.838135 TPR_3:0.671789 TPR_4:0.475518 FaceSwap
AUC:0.988855 TPR_2:0.899553 TPR_3:0.747387 TPR_4:0.542095 Face2Face
AUC:0.988660 TPR_2:0.879164 TPR_3:0.715599 TPR_4:0.506516 Test
epoch:001 batch:015000 loss:0.10576 avgloss:0.17515
AUC:0.976529 TPR_2:0.840670 TPR_3:0.679825 TPR_4:0.477196 validset
AUC:0.985156 TPR_2:0.808094 TPR_3:0.592114 TPR_4:0.339765 Deepfakes
AUC:0.991968 TPR_2:0.899084 TPR_3:0.752839 TPR_4:0.516097 FaceSwap
AUC:0.986540 TPR_2:0.873556 TPR_3:0.725788 TPR_4:0.516954 Face2Face
AUC:0.987888 TPR_2:0.860245 TPR_3:0.690247 TPR_4:0.457605 Test
epoch:001 batch:018000 loss:0.16319 avgloss:0.15915
AUC:0.976448 TPR_2:0.783666 TPR_3:0.575773 TPR_4:0.295131 validset
AUC:0.981471 TPR_2:0.737768 TPR_3:0.467682 TPR_4:0.304396 Deepfakes
AUC:0.992863 TPR_2:0.903457 TPR_3:0.746594 TPR_4:0.563765 FaceSwap
AUC:0.989659 TPR_2:0.888158 TPR_3:0.750769 TPR_4:0.616951 Face2Face
AUC:0.987998 TPR_2:0.843128 TPR_3:0.655015 TPR_4:0.495037 Test
epoch:002 batch:021000 loss:0.05542 avgloss:0.14651
AUC:0.987916 TPR_2:0.903973 TPR_3:0.748273 TPR_4:0.556393 validset
AUC:0.992869 TPR_2:0.908717 TPR_3:0.759651 TPR_4:0.631293 Deepfakes
AUC:0.986709 TPR_2:0.841338 TPR_3:0.524950 TPR_4:0.294632 FaceSwap
AUC:0.993228 TPR_2:0.921558 TPR_3:0.777826 TPR_4:0.657624 Face2Face
AUC:0.990935 TPR_2:0.890538 TPR_3:0.687476 TPR_4:0.527849 Test
epoch:002 batch:024000 loss:0.02631 avgloss:0.13649
AUC:0.984507 TPR_2:0.876149 TPR_3:0.748908 TPR_4:0.624046 validset
AUC:0.992341 TPR_2:0.909261 TPR_3:0.744856 TPR_4:0.599056 Deepfakes
AUC:0.991377 TPR_2:0.894927 TPR_3:0.708229 TPR_4:0.503266 FaceSwap
AUC:0.988334 TPR_2:0.891627 TPR_3:0.748142 TPR_4:0.602044 Face2Face
AUC:0.990684 TPR_2:0.898605 TPR_3:0.733743 TPR_4:0.568122 Test
epoch:002 batch:027000 loss:0.11805 avgloss:0.12835
AUC:0.985888 TPR_2:0.899708 TPR_3:0.760872 TPR_4:0.589507 validset
AUC:0.995168 TPR_2:0.931923 TPR_3:0.823375 TPR_4:0.624719 Deepfakes
AUC:0.989601 TPR_2:0.868655 TPR_3:0.624480 TPR_4:0.326159 FaceSwap
AUC:0.992936 TPR_2:0.937453 TPR_3:0.831083 TPR_4:0.679687 Face2Face
AUC:0.992568 TPR_2:0.912677 TPR_3:0.759646 TPR_4:0.543522 Test
epoch:002 batch:030000 loss:0.11085 avgloss:0.12195
AUC:0.982329 TPR_2:0.887548 TPR_3:0.764337 TPR_4:0.627886 validset
AUC:0.992454 TPR_2:0.891289 TPR_3:0.724194 TPR_4:0.537833 Deepfakes
AUC:0.994671 TPR_2:0.933437 TPR_3:0.861690 TPR_4:0.734214 FaceSwap
AUC:0.991309 TPR_2:0.935784 TPR_3:0.870043 TPR_4:0.774763 Face2Face
AUC:0.992811 TPR_2:0.920170 TPR_3:0.818642 TPR_4:0.682270 Test
epoch:003 batch:033000 loss:0.03339 avgloss:0.11635
AUC:0.988777 TPR_2:0.913068 TPR_3:0.819215 TPR_4:0.671335 validset
AUC:0.996008 TPR_2:0.938703 TPR_3:0.841552 TPR_4:0.678001 Deepfakes
AUC:0.991894 TPR_2:0.908765 TPR_3:0.827662 TPR_4:0.688884 FaceSwap
AUC:0.994094 TPR_2:0.956396 TPR_3:0.895721 TPR_4:0.772688 Face2Face
AUC:0.993999 TPR_2:0.934621 TPR_3:0.854978 TPR_4:0.713191 Test
epoch:003 batch:036000 loss:0.03529 avgloss:0.11147
AUC:0.980918 TPR_2:0.901478 TPR_3:0.803571 TPR_4:0.650180 validset
AUC:0.989094 TPR_2:0.906305 TPR_3:0.811683 TPR_4:0.657529 Deepfakes
AUC:0.994936 TPR_2:0.943442 TPR_3:0.816433 TPR_4:0.598910 FaceSwap
AUC:0.985523 TPR_2:0.906898 TPR_3:0.802444 TPR_4:0.652325 Face2Face
AUC:0.989851 TPR_2:0.918881 TPR_3:0.810187 TPR_4:0.636255 Test
epoch:003 batch:039000 loss:0.03100 avgloss:0.10728

Model:xception BatchSize:16 lr:0.000200
