
Model:xception BatchSize:16 lr:0.000200
epoch:000 batch:003000 loss:0.58690 avgloss:0.59310
AUC:0.755842 TPR_2:0.105843 TPR_3:0.026582 TPR_4:0.008980 validset
AUC:0.404313 TPR_2:0.013000 TPR_3:0.002556 TPR_4:0.000889 stylegan_celeba
AUC:0.217056 TPR_2:0.001223 TPR_3:0.000111 TPR_4:0.000111 stylegan_ffhq
AUC:0.216407 TPR_2:0.001111 TPR_3:0.000444 TPR_4:0.000000 faceapp
AUC:0.472569 TPR_2:0.000958 TPR_3:0.000000 TPR_4:0.000000 stargan
AUC:0.374232 TPR_2:0.012821 TPR_3:0.002118 TPR_4:0.000669 pggan_v1
AUC:0.380762 TPR_2:0.013363 TPR_3:0.003118 TPR_4:0.000445 pggan_v2
AUC:0.799266 TPR_2:0.119020 TPR_3:0.022501 TPR_4:0.005191 Deepfakes
AUC:0.749146 TPR_2:0.086988 TPR_3:0.022638 TPR_4:0.005524 FaceSwap
AUC:0.739310 TPR_2:0.082549 TPR_3:0.017491 TPR_4:0.002279 Face2Face
AUC:0.483673 TPR_2:0.036781 TPR_3:0.007886 TPR_4:0.001679 Test
epoch:000 batch:006000 loss:0.36542 avgloss:0.52308
AUC:0.856882 TPR_2:0.252142 TPR_3:0.114872 TPR_4:0.050446 validset
AUC:0.622025 TPR_2:0.000444 TPR_3:0.000111 TPR_4:0.000000 stylegan_celeba
AUC:0.493614 TPR_2:0.000111 TPR_3:0.000000 TPR_4:0.000000 stylegan_ffhq
AUC:0.544299 TPR_2:0.001333 TPR_3:0.000444 TPR_4:0.000444 faceapp
AUC:0.733727 TPR_2:0.008579 TPR_3:0.000548 TPR_4:0.000183 stargan
AUC:0.647508 TPR_2:0.000446 TPR_3:0.000000 TPR_4:0.000000 pggan_v1
AUC:0.637935 TPR_2:0.000445 TPR_3:0.000000 TPR_4:0.000000 pggan_v2
AUC:0.901113 TPR_2:0.317102 TPR_3:0.156080 TPR_4:0.085077 Deepfakes
AUC:0.819165 TPR_2:0.112721 TPR_3:0.032355 TPR_4:0.007468 FaceSwap
AUC:0.882949 TPR_2:0.262643 TPR_3:0.109969 TPR_4:0.049280 Face2Face
AUC:0.698037 TPR_2:0.078203 TPR_3:0.033279 TPR_4:0.015828 Test
epoch:000 batch:009000 loss:0.36435 avgloss:0.45659
AUC:0.915718 TPR_2:0.451256 TPR_3:0.175182 TPR_4:0.077479 validset
AUC:0.820865 TPR_2:0.000556 TPR_3:0.000111 TPR_4:0.000000 stylegan_celeba
AUC:0.719100 TPR_2:0.000445 TPR_3:0.000000 TPR_4:0.000000 stylegan_ffhq
AUC:0.727018 TPR_2:0.000000 TPR_3:0.000000 TPR_4:0.000000 faceapp
AUC:0.777426 TPR_2:0.023456 TPR_3:0.001780 TPR_4:0.000046 stargan
AUC:0.829282 TPR_2:0.000000 TPR_3:0.000000 TPR_4:0.000000 pggan_v1
AUC:0.819073 TPR_2:0.000668 TPR_3:0.000000 TPR_4:0.000000 pggan_v2
AUC:0.926200 TPR_2:0.468844 TPR_3:0.231054 TPR_4:0.110505 Deepfakes
AUC:0.910251 TPR_2:0.312213 TPR_3:0.093394 TPR_4:0.021738 FaceSwap
AUC:0.956797 TPR_2:0.629754 TPR_3:0.393253 TPR_4:0.226427 Face2Face
AUC:0.831779 TPR_2:0.159548 TPR_3:0.079955 TPR_4:0.039857 Test
epoch:001 batch:012000 loss:0.30392 avgloss:0.40537
AUC:0.951086 TPR_2:0.613088 TPR_3:0.386786 TPR_4:0.260375 validset
AUC:0.791197 TPR_2:0.005111 TPR_3:0.000333 TPR_4:0.000000 stylegan_celeba
AUC:0.595875 TPR_2:0.000778 TPR_3:0.000000 TPR_4:0.000000 stylegan_ffhq
AUC:0.633230 TPR_2:0.001333 TPR_3:0.000000 TPR_4:0.000000 faceapp
AUC:0.841011 TPR_2:0.104093 TPR_3:0.020125 TPR_4:0.003833 stargan
AUC:0.786220 TPR_2:0.001449 TPR_3:0.000000 TPR_4:0.000000 pggan_v1
AUC:0.776984 TPR_2:0.003118 TPR_3:0.000111 TPR_4:0.000000 pggan_v2
AUC:0.965016 TPR_2:0.607689 TPR_3:0.372546 TPR_4:0.212833 Deepfakes
AUC:0.959958 TPR_2:0.566393 TPR_3:0.324468 TPR_4:0.156610 FaceSwap
AUC:0.972567 TPR_2:0.722725 TPR_3:0.519378 TPR_4:0.334930 Face2Face
AUC:0.813562 TPR_2:0.223632 TPR_3:0.137440 TPR_4:0.078690 Test
epoch:001 batch:015000 loss:0.06894 avgloss:0.36501
AUC:0.965351 TPR_2:0.685097 TPR_3:0.463085 TPR_4:0.287258 validset
AUC:0.920560 TPR_2:0.097778 TPR_3:0.002333 TPR_4:0.000000 stylegan_celeba
AUC:0.815676 TPR_2:0.003779 TPR_3:0.000111 TPR_4:0.000000 stylegan_ffhq
AUC:0.842475 TPR_2:0.008887 TPR_3:0.000000 TPR_4:0.000000 faceapp
AUC:0.944398 TPR_2:0.304477 TPR_3:0.039064 TPR_4:0.007849 stargan
AUC:0.920750 TPR_2:0.080491 TPR_3:0.001115 TPR_4:0.000000 pggan_v1
AUC:0.911955 TPR_2:0.071826 TPR_3:0.001782 TPR_4:0.000000 pggan_v2
AUC:0.974429 TPR_2:0.734341 TPR_3:0.448270 TPR_4:0.292439 Deepfakes
AUC:0.951224 TPR_2:0.573770 TPR_3:0.324216 TPR_4:0.197369 FaceSwap
AUC:0.980711 TPR_2:0.801080 TPR_3:0.586222 TPR_4:0.434535 Face2Face
AUC:0.918020 TPR_2:0.297381 TPR_3:0.155901 TPR_4:0.103577 Test
epoch:001 batch:018000 loss:0.13424 avgloss:0.33323
AUC:0.962432 TPR_2:0.662267 TPR_3:0.429955 TPR_4:0.251652 validset
AUC:0.894854 TPR_2:0.004556 TPR_3:0.000111 TPR_4:0.000000 stylegan_celeba
AUC:0.753871 TPR_2:0.000333 TPR_3:0.000000 TPR_4:0.000000 stylegan_ffhq
AUC:0.773181 TPR_2:0.000889 TPR_3:0.000000 TPR_4:0.000000 faceapp
AUC:0.880730 TPR_2:0.073974 TPR_3:0.003103 TPR_4:0.000685 stargan
AUC:0.883750 TPR_2:0.000892 TPR_3:0.000000 TPR_4:0.000000 pggan_v1
AUC:0.874878 TPR_2:0.001336 TPR_3:0.000000 TPR_4:0.000000 pggan_v2
AUC:0.962902 TPR_2:0.651793 TPR_3:0.419298 TPR_4:0.247129 Deepfakes
AUC:0.977135 TPR_2:0.756528 TPR_3:0.500765 TPR_4:0.306761 FaceSwap
AUC:0.969224 TPR_2:0.703333 TPR_3:0.424041 TPR_4:0.246603 Face2Face
AUC:0.885614 TPR_2:0.243737 TPR_3:0.149702 TPR_4:0.089020 Test
epoch:002 batch:021000 loss:0.16040 avgloss:0.30740
AUC:0.965387 TPR_2:0.666262 TPR_3:0.431353 TPR_4:0.303064 validset
AUC:0.784477 TPR_2:0.001000 TPR_3:0.000000 TPR_4:0.000000 stylegan_celeba
AUC:0.610490 TPR_2:0.000222 TPR_3:0.000000 TPR_4:0.000000 stylegan_ffhq
AUC:0.640156 TPR_2:0.000222 TPR_3:0.000000 TPR_4:0.000000 faceapp
AUC:0.904753 TPR_2:0.112582 TPR_3:0.004883 TPR_4:0.000274 stargan
AUC:0.776020 TPR_2:0.000111 TPR_3:0.000000 TPR_4:0.000000 pggan_v1
AUC:0.765824 TPR_2:0.000557 TPR_3:0.000000 TPR_4:0.000000 pggan_v2
AUC:0.983146 TPR_2:0.752886 TPR_3:0.474639 TPR_4:0.260423 Deepfakes
AUC:0.965060 TPR_2:0.627594 TPR_3:0.358442 TPR_4:0.190747 FaceSwap
AUC:0.982898 TPR_2:0.809426 TPR_3:0.565479 TPR_4:0.357850 Face2Face
AUC:0.823647 TPR_2:0.256067 TPR_3:0.155938 TPR_4:0.089922 Test
epoch:002 batch:024000 loss:0.23794 avgloss:0.28642
AUC:0.976022 TPR_2:0.781547 TPR_3:0.575851 TPR_4:0.369902 validset
AUC:0.927749 TPR_2:0.121111 TPR_3:0.003000 TPR_4:0.000111 stylegan_celeba
AUC:0.819754 TPR_2:0.004891 TPR_3:0.000111 TPR_4:0.000000 stylegan_ffhq
AUC:0.834821 TPR_2:0.004666 TPR_3:0.000222 TPR_4:0.000000 faceapp
AUC:0.940464 TPR_2:0.444941 TPR_3:0.061197 TPR_4:0.004837 stargan
AUC:0.933650 TPR_2:0.102453 TPR_3:0.001115 TPR_4:0.000000 pggan_v1
AUC:0.928099 TPR_2:0.083296 TPR_3:0.002004 TPR_4:0.000000 pggan_v2
AUC:0.983537 TPR_2:0.815639 TPR_3:0.563775 TPR_4:0.349001 Deepfakes
AUC:0.979394 TPR_2:0.762466 TPR_3:0.520847 TPR_4:0.305015 FaceSwap
AUC:0.985410 TPR_2:0.869796 TPR_3:0.709545 TPR_4:0.518435 Face2Face
AUC:0.925875 TPR_2:0.356584 TPR_3:0.206869 TPR_4:0.130822 Test
epoch:002 batch:027000 loss:0.02227 avgloss:0.26898
AUC:0.971111 TPR_2:0.773430 TPR_3:0.577181 TPR_4:0.362655 validset
AUC:0.962732 TPR_2:0.184889 TPR_3:0.005444 TPR_4:0.000222 stylegan_celeba
AUC:0.867559 TPR_2:0.003779 TPR_3:0.000000 TPR_4:0.000000 stylegan_ffhq
AUC:0.880796 TPR_2:0.005332 TPR_3:0.000000 TPR_4:0.000000 faceapp
AUC:0.967279 TPR_2:0.626706 TPR_3:0.247022 TPR_4:0.042304 stargan
AUC:0.963376 TPR_2:0.134448 TPR_3:0.001115 TPR_4:0.000111 pggan_v1
AUC:0.956626 TPR_2:0.103007 TPR_3:0.001893 TPR_4:0.000000 pggan_v2
AUC:0.970419 TPR_2:0.749489 TPR_3:0.571952 TPR_4:0.382708 Deepfakes
AUC:0.989295 TPR_2:0.874701 TPR_3:0.717479 TPR_4:0.504850 FaceSwap
AUC:0.983339 TPR_2:0.840460 TPR_3:0.692591 TPR_4:0.497678 Face2Face
AUC:0.949047 TPR_2:0.391423 TPR_3:0.248611 TPR_4:0.158653 Test
epoch:002 batch:030000 loss:0.06326 avgloss:0.25396
AUC:0.980828 TPR_2:0.847109 TPR_3:0.678247 TPR_4:0.505245 validset
AUC:0.902394 TPR_2:0.007778 TPR_3:0.000222 TPR_4:0.000111 stylegan_celeba
AUC:0.753933 TPR_2:0.000222 TPR_3:0.000000 TPR_4:0.000000 stylegan_ffhq
AUC:0.789853 TPR_2:0.001333 TPR_3:0.000000 TPR_4:0.000000 faceapp
AUC:0.976696 TPR_2:0.738101 TPR_3:0.435860 TPR_4:0.200977 stargan
AUC:0.908139 TPR_2:0.005240 TPR_3:0.000000 TPR_4:0.000000 pggan_v1
AUC:0.897050 TPR_2:0.007238 TPR_3:0.000334 TPR_4:0.000111 pggan_v2
AUC:0.984163 TPR_2:0.851611 TPR_3:0.668427 TPR_4:0.485301 Deepfakes
AUC:0.989293 TPR_2:0.874557 TPR_3:0.724874 TPR_4:0.568318 FaceSwap
AUC:0.984676 TPR_2:0.876473 TPR_3:0.711389 TPR_4:0.543387 Face2Face
AUC:0.909577 TPR_2:0.373617 TPR_3:0.282345 TPR_4:0.199801 Test
epoch:003 batch:033000 loss:0.30651 avgloss:0.24116
AUC:0.975174 TPR_2:0.817114 TPR_3:0.655675 TPR_4:0.494274 validset
AUC:0.903223 TPR_2:0.096778 TPR_3:0.005444 TPR_4:0.000222 stylegan_celeba
AUC:0.725778 TPR_2:0.002668 TPR_3:0.000111 TPR_4:0.000000 stylegan_ffhq
AUC:0.735871 TPR_2:0.003333 TPR_3:0.000000 TPR_4:0.000000 faceapp
AUC:0.949342 TPR_2:0.438689 TPR_3:0.127915 TPR_4:0.018528 stargan
AUC:0.894672 TPR_2:0.062988 TPR_3:0.001226 TPR_4:0.000111 pggan_v1
AUC:0.884630 TPR_2:0.059800 TPR_3:0.004454 TPR_4:0.000445 pggan_v2
AUC:0.984901 TPR_2:0.835949 TPR_3:0.669927 TPR_4:0.478080 Deepfakes
AUC:0.985774 TPR_2:0.836228 TPR_3:0.654514 TPR_4:0.441813 FaceSwap
AUC:0.986643 TPR_2:0.908872 TPR_3:0.804985 TPR_4:0.643848 Face2Face
AUC:0.894537 TPR_2:0.360589 TPR_3:0.252064 TPR_4:0.175894 Test
epoch:003 batch:036000 loss:0.02364 avgloss:0.23003
AUC:0.984317 TPR_2:0.856488 TPR_3:0.691364 TPR_4:0.488483 validset
AUC:0.951405 TPR_2:0.182889 TPR_3:0.016222 TPR_4:0.001111 stylegan_celeba
AUC:0.862185 TPR_2:0.005335 TPR_3:0.000333 TPR_4:0.000000 stylegan_ffhq
AUC:0.881585 TPR_2:0.007110 TPR_3:0.000667 TPR_4:0.000000 faceapp
AUC:0.982778 TPR_2:0.699722 TPR_3:0.248893 TPR_4:0.046091 stargan
AUC:0.954174 TPR_2:0.167781 TPR_3:0.006800 TPR_4:0.000223 pggan_v1
AUC:0.945175 TPR_2:0.121604 TPR_3:0.008352 TPR_4:0.000111 pggan_v2
AUC:0.988173 TPR_2:0.878083 TPR_3:0.722944 TPR_4:0.543759 Deepfakes
AUC:0.988604 TPR_2:0.857552 TPR_3:0.691494 TPR_4:0.517770 FaceSwap
AUC:0.991229 TPR_2:0.909757 TPR_3:0.789018 TPR_4:0.637389 Face2Face
AUC:0.949479 TPR_2:0.425537 TPR_3:0.276080 TPR_4:0.194051 Test
epoch:003 batch:039000 loss:0.14742 avgloss:0.22015
AUC:0.986185 TPR_2:0.858012 TPR_3:0.722844 TPR_4:0.584414 validset
AUC:0.953679 TPR_2:0.154778 TPR_3:0.008778 TPR_4:0.000444 stylegan_celeba
AUC:0.861688 TPR_2:0.004446 TPR_3:0.000111 TPR_4:0.000000 stylegan_ffhq
AUC:0.874103 TPR_2:0.006665 TPR_3:0.000000 TPR_4:0.000000 faceapp
AUC:0.976319 TPR_2:0.649979 TPR_3:0.238808 TPR_4:0.034181 stargan
AUC:0.952760 TPR_2:0.117837 TPR_3:0.001561 TPR_4:0.000111 pggan_v1
AUC:0.945745 TPR_2:0.098552 TPR_3:0.004566 TPR_4:0.000000 pggan_v2
AUC:0.985987 TPR_2:0.855082 TPR_3:0.684604 TPR_4:0.498478 Deepfakes
AUC:0.986646 TPR_2:0.843821 TPR_3:0.665095 TPR_4:0.476562 FaceSwap
AUC:0.991512 TPR_2:0.915317 TPR_3:0.810486 TPR_4:0.664794 Face2Face
AUC:0.947604 TPR_2:0.405164 TPR_3:0.268223 TPR_4:0.186063 Test
epoch:004 batch:042000 loss:0.56172 avgloss:0.21151
AUC:0.986722 TPR_2:0.859007 TPR_3:0.714713 TPR_4:0.577953 validset
AUC:0.970499 TPR_2:0.339778 TPR_3:0.027889 TPR_4:0.002111 stylegan_celeba
AUC:0.883138 TPR_2:0.014449 TPR_3:0.000667 TPR_4:0.000000 stylegan_ffhq
AUC:0.892816 TPR_2:0.021551 TPR_3:0.002222 TPR_4:0.000000 faceapp
AUC:0.988169 TPR_2:0.805869 TPR_3:0.321179 TPR_4:0.038516 stargan
AUC:0.967834 TPR_2:0.298774 TPR_3:0.013378 TPR_4:0.000780 pggan_v1
AUC:0.960752 TPR_2:0.232405 TPR_3:0.015479 TPR_4:0.001559 pggan_v2
AUC:0.983684 TPR_2:0.846890 TPR_3:0.678824 TPR_4:0.483698 Deepfakes
AUC:0.988796 TPR_2:0.878120 TPR_3:0.713970 TPR_4:0.533012 FaceSwap
AUC:0.991289 TPR_2:0.933635 TPR_3:0.820371 TPR_4:0.675115 Face2Face
AUC:0.958553 TPR_2:0.485719 TPR_3:0.288220 TPR_4:0.192755 Test
epoch:004 batch:045000 loss:0.01932 avgloss:0.20373
AUC:0.988686 TPR_2:0.877706 TPR_3:0.754047 TPR_4:0.582079 validset
AUC:0.971296 TPR_2:0.320778 TPR_3:0.047000 TPR_4:0.005222 stylegan_celeba
AUC:0.890531 TPR_2:0.018339 TPR_3:0.001111 TPR_4:0.000222 stylegan_ffhq
AUC:0.907827 TPR_2:0.029327 TPR_3:0.001777 TPR_4:0.000000 faceapp
AUC:0.988920 TPR_2:0.829827 TPR_3:0.506549 TPR_4:0.178981 stargan
AUC:0.971499 TPR_2:0.301784 TPR_3:0.033779 TPR_4:0.003567 pggan_v1
AUC:0.966776 TPR_2:0.242873 TPR_3:0.028508 TPR_4:0.003229 pggan_v2
AUC:0.987303 TPR_2:0.884951 TPR_3:0.745268 TPR_4:0.579187 Deepfakes
AUC:0.991525 TPR_2:0.910007 TPR_3:0.782117 TPR_4:0.618038 FaceSwap
AUC:0.988435 TPR_2:0.919846 TPR_3:0.813825 TPR_4:0.666826 Face2Face
AUC:0.962679 TPR_2:0.495303 TPR_3:0.328882 TPR_4:0.228364 Test
epoch:004 batch:048000 loss:0.19188 avgloss:0.19681
AUC:0.986568 TPR_2:0.884900 TPR_3:0.753552 TPR_4:0.573996 validset
AUC:0.949610 TPR_2:0.252444 TPR_3:0.063556 TPR_4:0.008778 stylegan_celeba
AUC:0.865374 TPR_2:0.006558 TPR_3:0.000778 TPR_4:0.000111 stylegan_ffhq
AUC:0.875655 TPR_2:0.007998 TPR_3:0.000222 TPR_4:0.000000 faceapp
AUC:0.986169 TPR_2:0.769498 TPR_3:0.375348 TPR_4:0.075161 stargan
AUC:0.955167 TPR_2:0.216611 TPR_3:0.045039 TPR_4:0.003344 pggan_v1
AUC:0.946281 TPR_2:0.181403 TPR_3:0.039421 TPR_4:0.005568 pggan_v2
AUC:0.992800 TPR_2:0.904069 TPR_3:0.759784 TPR_4:0.535200 Deepfakes
AUC:0.991289 TPR_2:0.895539 TPR_3:0.736625 TPR_4:0.496914 FaceSwap
AUC:0.993006 TPR_2:0.940414 TPR_3:0.839648 TPR_4:0.677524 Face2Face
AUC:0.950594 TPR_2:0.463837 TPR_3:0.317824 TPR_4:0.200289 Test
epoch:004 batch:051000 loss:0.12326 avgloss:0.19047
AUC:0.983597 TPR_2:0.857847 TPR_3:0.727533 TPR_4:0.591346 validset
AUC:0.978382 TPR_2:0.521667 TPR_3:0.115111 TPR_4:0.005889 stylegan_celeba
AUC:0.921549 TPR_2:0.030010 TPR_3:0.000667 TPR_4:0.000111 stylegan_ffhq
AUC:0.924323 TPR_2:0.038658 TPR_3:0.002222 TPR_4:0.000000 faceapp
AUC:0.964337 TPR_2:0.635696 TPR_3:0.295624 TPR_4:0.041665 stargan
AUC:0.976858 TPR_2:0.446488 TPR_3:0.086176 TPR_4:0.001672 pggan_v1
AUC:0.969597 TPR_2:0.381737 TPR_3:0.059911 TPR_4:0.004566 pggan_v2
AUC:0.977659 TPR_2:0.796962 TPR_3:0.599938 TPR_4:0.329926 Deepfakes
AUC:0.989388 TPR_2:0.910691 TPR_3:0.775368 TPR_4:0.506937 FaceSwap
AUC:0.992794 TPR_2:0.941140 TPR_3:0.831954 TPR_4:0.609635 Face2Face
AUC:0.966099 TPR_2:0.522561 TPR_3:0.307441 TPR_4:0.166711 Test
epoch:005 batch:054000 loss:0.05203 avgloss:0.18465
AUC:0.986702 TPR_2:0.894536 TPR_3:0.779401 TPR_4:0.634394 validset
AUC:0.972684 TPR_2:0.432111 TPR_3:0.099444 TPR_4:0.014667 stylegan_celeba
AUC:0.905961 TPR_2:0.015450 TPR_3:0.000889 TPR_4:0.000000 stylegan_ffhq
AUC:0.915363 TPR_2:0.036881 TPR_3:0.001555 TPR_4:0.000000 faceapp
AUC:0.979295 TPR_2:0.768722 TPR_3:0.474330 TPR_4:0.234016 stargan
AUC:0.978083 TPR_2:0.407804 TPR_3:0.081494 TPR_4:0.006132 pggan_v1
AUC:0.969009 TPR_2:0.336526 TPR_3:0.058018 TPR_4:0.007461 pggan_v2
AUC:0.988694 TPR_2:0.892686 TPR_3:0.744680 TPR_4:0.576320 Deepfakes
AUC:0.993177 TPR_2:0.936514 TPR_3:0.849040 TPR_4:0.737147 FaceSwap
AUC:0.991380 TPR_2:0.927176 TPR_3:0.810080 TPR_4:0.660004 Face2Face
AUC:0.965961 TPR_2:0.528208 TPR_3:0.346614 TPR_4:0.248416 Test
epoch:005 batch:057000 loss:0.00751 avgloss:0.17933
AUC:0.986796 TPR_2:0.855866 TPR_3:0.714645 TPR_4:0.536662 validset
AUC:0.969400 TPR_2:0.152778 TPR_3:0.000556 TPR_4:0.000000 stylegan_celeba
AUC:0.916280 TPR_2:0.001000 TPR_3:0.000000 TPR_4:0.000000 stylegan_ffhq
AUC:0.921620 TPR_2:0.002000 TPR_3:0.000000 TPR_4:0.000000 faceapp
AUC:0.981377 TPR_2:0.742892 TPR_3:0.299639 TPR_4:0.072560 stargan
AUC:0.970613 TPR_2:0.093868 TPR_3:0.000111 TPR_4:0.000000 pggan_v1
AUC:0.963557 TPR_2:0.061024 TPR_3:0.000223 TPR_4:0.000000 pggan_v2
AUC:0.990951 TPR_2:0.897495 TPR_3:0.740959 TPR_4:0.549289 Deepfakes
AUC:0.976778 TPR_2:0.806302 TPR_3:0.649080 TPR_4:0.503752 FaceSwap
AUC:0.993219 TPR_2:0.935856 TPR_3:0.835380 TPR_4:0.692853 Face2Face
AUC:0.964866 TPR_2:0.410357 TPR_3:0.280661 TPR_4:0.202050 Test
epoch:005 batch:060000 loss:0.03215 avgloss:0.17458

Model:xception BatchSize:16 lr:0.000200

Model:xception BatchSize:16 lr:0.000200
epoch:000 batch:003000 loss:0.13089 avgloss:0.08491
AUC:0.989989 TPR_2:0.885803 TPR_3:0.763222 TPR_4:0.589987 validset
AUC:0.975850 TPR_2:0.363556 TPR_3:0.021778 TPR_4:0.001222 stylegan_celeba
AUC:0.924121 TPR_2:0.011782 TPR_3:0.000222 TPR_4:0.000111 stylegan_ffhq
AUC:0.924749 TPR_2:0.021551 TPR_3:0.000444 TPR_4:0.000000 faceapp
AUC:0.997573 TPR_2:0.955323 TPR_3:0.834527 TPR_4:0.649934 stargan
AUC:0.974887 TPR_2:0.311371 TPR_3:0.008473 TPR_4:0.000223 pggan_v1
AUC:0.969054 TPR_2:0.259020 TPR_3:0.011915 TPR_4:0.000668 pggan_v2
AUC:0.993308 TPR_2:0.918629 TPR_3:0.782152 TPR_4:0.609968 Deepfakes
AUC:0.991249 TPR_2:0.909809 TPR_3:0.792410 TPR_4:0.633568 FaceSwap
AUC:0.991259 TPR_2:0.916841 TPR_3:0.793866 TPR_4:0.617459 Face2Face
AUC:0.971339 TPR_2:0.518653 TPR_3:0.360643 TPR_4:0.279239 Test
epoch:000 batch:006000 loss:0.03388 avgloss:0.08263
AUC:0.984592 TPR_2:0.870992 TPR_3:0.757707 TPR_4:0.635277 validset
AUC:0.963343 TPR_2:0.130222 TPR_3:0.002222 TPR_4:0.000222 stylegan_celeba
AUC:0.893372 TPR_2:0.000778 TPR_3:0.000000 TPR_4:0.000000 stylegan_ffhq
AUC:0.893671 TPR_2:0.001333 TPR_3:0.000000 TPR_4:0.000000 faceapp
AUC:0.989860 TPR_2:0.862821 TPR_3:0.676585 TPR_4:0.498562 stargan
AUC:0.960189 TPR_2:0.073690 TPR_3:0.000111 TPR_4:0.000000 pggan_v1
AUC:0.952824 TPR_2:0.063474 TPR_3:0.002116 TPR_4:0.000223 pggan_v2
AUC:0.990684 TPR_2:0.878480 TPR_3:0.716782 TPR_4:0.563510 Deepfakes
AUC:0.987756 TPR_2:0.873315 TPR_3:0.732864 TPR_4:0.597992 FaceSwap
AUC:0.992033 TPR_2:0.929266 TPR_3:0.783298 TPR_4:0.623352 Face2Face
AUC:0.958192 TPR_2:0.423709 TPR_3:0.323775 TPR_4:0.253762 Test
epoch:000 batch:009000 loss:0.05570 avgloss:0.08130
AUC:0.984500 TPR_2:0.887128 TPR_3:0.753397 TPR_4:0.616142 validset
AUC:0.979113 TPR_2:0.409444 TPR_3:0.030889 TPR_4:0.002778 stylegan_celeba
AUC:0.924881 TPR_2:0.007558 TPR_3:0.000222 TPR_4:0.000000 stylegan_ffhq
AUC:0.930847 TPR_2:0.014441 TPR_3:0.000000 TPR_4:0.000000 faceapp
AUC:0.991665 TPR_2:0.880938 TPR_3:0.450828 TPR_4:0.132752 stargan
AUC:0.977703 TPR_2:0.325307 TPR_3:0.014047 TPR_4:0.000780 pggan_v1
AUC:0.971392 TPR_2:0.222494 TPR_3:0.011359 TPR_4:0.000668 pggan_v2
AUC:0.993164 TPR_2:0.930291 TPR_3:0.801050 TPR_4:0.658911 Deepfakes
AUC:0.990368 TPR_2:0.908082 TPR_3:0.794659 TPR_4:0.676360 FaceSwap
AUC:0.990935 TPR_2:0.934376 TPR_3:0.846150 TPR_4:0.742597 Face2Face
AUC:0.972230 TPR_2:0.514770 TPR_3:0.327689 TPR_4:0.246094 Test
epoch:001 batch:012000 loss:0.03032 avgloss:0.08101
AUC:0.986817 TPR_2:0.903817 TPR_3:0.790814 TPR_4:0.504148 validset
AUC:0.977046 TPR_2:0.432444 TPR_3:0.056444 TPR_4:0.008222 stylegan_celeba
AUC:0.899640 TPR_2:0.007447 TPR_3:0.000222 TPR_4:0.000000 stylegan_ffhq
AUC:0.910273 TPR_2:0.018663 TPR_3:0.000889 TPR_4:0.000000 faceapp
AUC:0.995628 TPR_2:0.937297 TPR_3:0.773377 TPR_4:0.547255 stargan
AUC:0.972841 TPR_2:0.324303 TPR_3:0.019175 TPR_4:0.001003 pggan_v1
AUC:0.965918 TPR_2:0.244543 TPR_3:0.019265 TPR_4:0.003563 pggan_v2
AUC:0.993258 TPR_2:0.913320 TPR_3:0.803756 TPR_4:0.662515 Deepfakes
AUC:0.991532 TPR_2:0.911843 TPR_3:0.779183 TPR_4:0.627701 FaceSwap
AUC:0.994154 TPR_2:0.954291 TPR_3:0.885966 TPR_4:0.777899 Face2Face
AUC:0.966699 TPR_2:0.527128 TPR_3:0.370920 TPR_4:0.292018 Test
epoch:001 batch:015000 loss:0.02358 avgloss:0.08078
AUC:0.987621 TPR_2:0.907419 TPR_3:0.803197 TPR_4:0.650991 validset
AUC:0.982277 TPR_2:0.572889 TPR_3:0.119333 TPR_4:0.010778 stylegan_celeba
AUC:0.915089 TPR_2:0.024564 TPR_3:0.000778 TPR_4:0.000000 stylegan_ffhq
AUC:0.926233 TPR_2:0.056876 TPR_3:0.003333 TPR_4:0.000667 faceapp
AUC:0.995100 TPR_2:0.918633 TPR_3:0.582394 TPR_4:0.146580 stargan
AUC:0.980324 TPR_2:0.493868 TPR_3:0.084950 TPR_4:0.004571 pggan_v1
AUC:0.975151 TPR_2:0.416704 TPR_3:0.068708 TPR_4:0.007906 pggan_v2
AUC:0.989378 TPR_2:0.914349 TPR_3:0.800682 TPR_4:0.614218 Deepfakes
AUC:0.986996 TPR_2:0.884562 TPR_3:0.737723 TPR_4:0.554084 FaceSwap
AUC:0.993636 TPR_2:0.951054 TPR_3:0.875327 TPR_4:0.743366 Face2Face
AUC:0.971576 TPR_2:0.581500 TPR_3:0.363692 TPR_4:0.231352 Test
epoch:001 batch:018000 loss:0.02927 avgloss:0.08013
AUC:0.985889 TPR_2:0.893249 TPR_3:0.780542 TPR_4:0.617734 validset
AUC:0.977840 TPR_2:0.474556 TPR_3:0.093333 TPR_4:0.014667 stylegan_celeba
AUC:0.897857 TPR_2:0.012337 TPR_3:0.000445 TPR_4:0.000000 stylegan_ffhq
AUC:0.905128 TPR_2:0.021773 TPR_3:0.001333 TPR_4:0.000000 faceapp
AUC:0.994987 TPR_2:0.927669 TPR_3:0.754347 TPR_4:0.409255 stargan
AUC:0.975431 TPR_2:0.371237 TPR_3:0.047938 TPR_4:0.004459 pggan_v1
AUC:0.966551 TPR_2:0.288864 TPR_3:0.046102 TPR_4:0.007684 pggan_v2
AUC:0.987592 TPR_2:0.902378 TPR_3:0.769960 TPR_4:0.582908 Deepfakes
AUC:0.992875 TPR_2:0.932717 TPR_3:0.836318 TPR_4:0.680931 FaceSwap
AUC:0.990897 TPR_2:0.941953 TPR_3:0.843988 TPR_4:0.681443 Face2Face
AUC:0.965462 TPR_2:0.541498 TPR_3:0.377085 TPR_4:0.264594 Test
epoch:002 batch:021000 loss:0.03884 avgloss:0.07929
AUC:0.985511 TPR_2:0.893671 TPR_3:0.775930 TPR_4:0.608025 validset
AUC:0.983670 TPR_2:0.663333 TPR_3:0.105778 TPR_4:0.009556 stylegan_celeba
AUC:0.909555 TPR_2:0.056463 TPR_3:0.001223 TPR_4:0.000000 stylegan_ffhq
AUC:0.919322 TPR_2:0.085314 TPR_3:0.001555 TPR_4:0.000000 faceapp
AUC:0.997924 TPR_2:0.971250 TPR_3:0.866381 TPR_4:0.737872 stargan
AUC:0.980029 TPR_2:0.578038 TPR_3:0.080379 TPR_4:0.005128 pggan_v1
AUC:0.974980 TPR_2:0.497550 TPR_3:0.065256 TPR_4:0.007906 pggan_v2
AUC:0.989532 TPR_2:0.901437 TPR_3:0.775034 TPR_4:0.622086 Deepfakes
AUC:0.989037 TPR_2:0.901099 TPR_3:0.767037 TPR_4:0.634594 FaceSwap
AUC:0.993446 TPR_2:0.954436 TPR_3:0.858721 TPR_4:0.717747 Face2Face
AUC:0.970833 TPR_2:0.623213 TPR_3:0.391263 TPR_4:0.303877 Test
epoch:002 batch:024000 loss:0.06024 avgloss:0.07871
AUC:0.987992 TPR_2:0.905244 TPR_3:0.806386 TPR_4:0.609554 validset
AUC:0.989979 TPR_2:0.729556 TPR_3:0.382778 TPR_4:0.126889 stylegan_celeba
AUC:0.941846 TPR_2:0.078582 TPR_3:0.009781 TPR_4:0.001334 stylegan_ffhq
AUC:0.950720 TPR_2:0.122639 TPR_3:0.015552 TPR_4:0.002888 faceapp
AUC:0.988647 TPR_2:0.874002 TPR_3:0.699630 TPR_4:0.495459 stargan
AUC:0.988190 TPR_2:0.648161 TPR_3:0.308919 TPR_4:0.083501 pggan_v1
AUC:0.984330 TPR_2:0.573051 TPR_3:0.244432 TPR_4:0.063808 pggan_v2
AUC:0.988742 TPR_2:0.882245 TPR_3:0.756504 TPR_4:0.593350 Deepfakes
AUC:0.995707 TPR_2:0.956398 TPR_3:0.881539 TPR_4:0.747890 FaceSwap
AUC:0.992705 TPR_2:0.947962 TPR_3:0.871988 TPR_4:0.732596 Face2Face
AUC:0.980096 TPR_2:0.645844 TPR_3:0.463458 TPR_4:0.316413 Test
epoch:002 batch:027000 loss:0.03558 avgloss:0.07793
AUC:0.988308 TPR_2:0.893230 TPR_3:0.752722 TPR_4:0.507420 validset
AUC:0.981439 TPR_2:0.516000 TPR_3:0.033111 TPR_4:0.000778 stylegan_celeba
AUC:0.929968 TPR_2:0.012004 TPR_3:0.000111 TPR_4:0.000000 stylegan_ffhq
AUC:0.939790 TPR_2:0.043102 TPR_3:0.000222 TPR_4:0.000000 faceapp
AUC:0.997864 TPR_2:0.968649 TPR_3:0.841920 TPR_4:0.617031 stargan
AUC:0.982096 TPR_2:0.463099 TPR_3:0.014158 TPR_4:0.000111 pggan_v1
AUC:0.974406 TPR_2:0.340646 TPR_3:0.011359 TPR_4:0.000111 pggan_v2
AUC:0.990115 TPR_2:0.901819 TPR_3:0.769460 TPR_4:0.536538 Deepfakes
AUC:0.993705 TPR_2:0.947293 TPR_3:0.848644 TPR_4:0.664375 FaceSwap

Model:xception BatchSize:16 lr:0.000200
epoch:000 batch:003000 loss:0.06377 avgloss:0.06845
AUC:0.982819 TPR_2:0.894273 TPR_3:0.783091 TPR_4:0.623321 validset
AUC:0.946075 TPR_2:0.167222 TPR_3:0.011778 TPR_4:0.002222 stylegan_celeba
AUC:0.864281 TPR_2:0.004001 TPR_3:0.000333 TPR_4:0.000111 stylegan_ffhq
AUC:0.856520 TPR_2:0.006665 TPR_3:0.000000 TPR_4:0.000000 faceapp
AUC:0.992734 TPR_2:0.908821 TPR_3:0.640533 TPR_4:0.247616 stargan
AUC:0.951431 TPR_2:0.173244 TPR_3:0.009588 TPR_4:0.001115 pggan_v1
AUC:0.933717 TPR_2:0.130958 TPR_3:0.010468 TPR_4:0.001893 pggan_v2
AUC:0.991827 TPR_2:0.915937 TPR_3:0.787652 TPR_4:0.621483 Deepfakes
AUC:0.990812 TPR_2:0.927120 TPR_3:0.792572 TPR_4:0.620971 FaceSwap
AUC:0.993247 TPR_2:0.959328 TPR_3:0.887926 TPR_4:0.747852 Face2Face
AUC:0.946738 TPR_2:0.465922 TPR_3:0.348983 TPR_4:0.249251 Test
epoch:000 batch:006000 loss:0.03756 avgloss:0.06798
AUC:0.989099 TPR_2:0.916618 TPR_3:0.811741 TPR_4:0.667801 validset
AUC:0.987601 TPR_2:0.602444 TPR_3:0.082111 TPR_4:0.003667 stylegan_celeba
AUC:0.952552 TPR_2:0.025342 TPR_3:0.000222 TPR_4:0.000000 stylegan_ffhq
AUC:0.956074 TPR_2:0.067763 TPR_3:0.001111 TPR_4:0.000000 faceapp
AUC:0.998439 TPR_2:0.983115 TPR_3:0.931502 TPR_4:0.816684 stargan
AUC:0.987019 TPR_2:0.525084 TPR_3:0.059643 TPR_4:0.001115 pggan_v1
AUC:0.983059 TPR_2:0.401336 TPR_3:0.029621 TPR_4:0.002116 pggan_v2
AUC:0.990644 TPR_2:0.927806 TPR_3:0.834404 TPR_4:0.713767 Deepfakes
AUC:0.992211 TPR_2:0.936640 TPR_3:0.835436 TPR_4:0.717371 FaceSwap
AUC:0.994256 TPR_2:0.956308 TPR_3:0.876444 TPR_4:0.731522 Face2Face
AUC:0.982428 TPR_2:0.602871 TPR_3:0.405611 TPR_4:0.331805 Test
epoch:000 batch:009000 loss:0.04199 avgloss:0.06713

Model:xception BatchSize:16 lr:0.000200
epoch:000 batch:003000 loss:0.06574 avgloss:0.06104
AUC:0.987833 TPR_2:0.905312 TPR_3:0.786503 TPR_4:0.611292 validset
AUC:0.986899 TPR_2:0.906793 TPR_3:0.821876 TPR_4:0.689980 validset
AUC:0.970505 TPR_2:0.302333 TPR_3:0.007778 TPR_4:0.000222 stylegan_celeba
AUC:0.969852 TPR_2:0.395667 TPR_3:0.092222 TPR_4:0.021222 stylegan_celeba
AUC:0.896168 TPR_2:0.015450 TPR_3:0.000778 TPR_4:0.000000 stylegan_ffhq
AUC:0.909610 TPR_2:0.002445 TPR_3:0.000111 TPR_4:0.000000 stylegan_ffhq
AUC:0.898146 TPR_2:0.024439 TPR_3:0.001111 TPR_4:0.000222 faceapp
AUC:0.910446 TPR_2:0.006443 TPR_3:0.000000 TPR_4:0.000000 faceapp
AUC:0.993504 TPR_2:0.914434 TPR_3:0.669968 TPR_4:0.356546 stargan
AUC:0.996359 TPR_2:0.923105 TPR_3:0.732214 TPR_4:0.507370 stargan
AUC:0.970060 TPR_2:0.351059 TPR_3:0.079599 TPR_4:0.013155 pggan_v1
AUC:0.967919 TPR_2:0.212486 TPR_3:0.001449 TPR_4:0.000000 pggan_v1
AUC:0.957850 TPR_2:0.269822 TPR_3:0.055568 TPR_4:0.012806 pggan_v2
AUC:0.956049 TPR_2:0.126837 TPR_3:0.001559 TPR_4:0.000000 pggan_v2
AUC:0.991010 TPR_2:0.895437 TPR_3:0.760681 TPR_4:0.591188 Deepfakes
AUC:0.993162 TPR_2:0.936232 TPR_3:0.843008 TPR_4:0.705311 Deepfakes
AUC:0.992295 TPR_2:0.921542 TPR_3:0.822461 TPR_4:0.701895 FaceSwap
AUC:0.994626 TPR_2:0.947976 TPR_3:0.857804 TPR_4:0.730741 FaceSwap
AUC:0.992112 TPR_2:0.936596 TPR_3:0.835293 TPR_4:0.685580 Face2Face
AUC:0.965384 TPR_2:0.485336 TPR_3:0.360430 TPR_4:0.288931 Test
AUC:0.993055 TPR_2:0.936263 TPR_3:0.854918 TPR_4:0.738547 Face2Face
AUC:0.962697 TPR_2:0.527838 TPR_3:0.374739 TPR_4:0.273825 Test
epoch:001 batch:012000 loss:0.03952 avgloss:0.06730
epoch:000 batch:006000 loss:0.04112 avgloss:0.06025
AUC:0.989177 TPR_2:0.899429 TPR_3:0.803066 TPR_4:0.689704 validset
AUC:0.986293 TPR_2:0.913064 TPR_3:0.803775 TPR_4:0.618442 validset
AUC:0.982464 TPR_2:0.558889 TPR_3:0.061222 TPR_4:0.007444 stylegan_celeba
AUC:0.983315 TPR_2:0.567000 TPR_3:0.057667 TPR_4:0.003444 stylegan_celeba
AUC:0.945911 TPR_2:0.025675 TPR_3:0.000333 TPR_4:0.000111 stylegan_ffhq
AUC:0.922564 TPR_2:0.016339 TPR_3:0.000445 TPR_4:0.000000 stylegan_ffhq
AUC:0.949541 TPR_2:0.061542 TPR_3:0.000667 TPR_4:0.000000 faceapp
AUC:0.928150 TPR_2:0.037103 TPR_3:0.000889 TPR_4:0.000222 faceapp
AUC:0.997665 TPR_2:0.969242 TPR_3:0.852051 TPR_4:0.556656 stargan
AUC:0.995248 TPR_2:0.930817 TPR_3:0.673299 TPR_4:0.408388 stargan
AUC:0.984716 TPR_2:0.523300 TPR_3:0.048606 TPR_4:0.002564 pggan_v1
AUC:0.978642 TPR_2:0.452620 TPR_3:0.032776 TPR_4:0.001338 pggan_v1
AUC:0.978555 TPR_2:0.414699 TPR_3:0.032517 TPR_4:0.002339 pggan_v2
AUC:0.972730 TPR_2:0.360134 TPR_3:0.023831 TPR_4:0.001114 pggan_v2
AUC:0.993060 TPR_2:0.932953 TPR_3:0.831919 TPR_4:0.658985 Deepfakes
AUC:0.994727 TPR_2:0.934482 TPR_3:0.805683 TPR_4:0.597865 Deepfakes
AUC:0.993777 TPR_2:0.946951 TPR_3:0.816181 TPR_4:0.596804 FaceSwap
AUC:0.988019 TPR_2:0.877472 TPR_3:0.746900 TPR_4:0.595436 FaceSwap
AUC:0.994700 TPR_2:0.945509 TPR_3:0.837935 TPR_4:0.690138 Face2Face
AUC:0.979589 TPR_2:0.590090 TPR_3:0.376213 TPR_4:0.272506 Test
AUC:0.992867 TPR_2:0.957165 TPR_3:0.889508 TPR_4:0.765372 Face2Face
AUC:0.973373 TPR_2:0.577898 TPR_3:0.369613 TPR_4:0.270630 Test
epoch:000 batch:009000 loss:0.07645 avgloss:0.06195
epoch:001 batch:015000 loss:0.03791 avgloss:0.06685
AUC:0.989769 TPR_2:0.914157 TPR_3:0.817677 TPR_4:0.671961 validset
AUC:0.988354 TPR_2:0.896885 TPR_3:0.781969 TPR_4:0.676194 validset
AUC:0.975734 TPR_2:0.488667 TPR_3:0.093000 TPR_4:0.002667 stylegan_celeba
AUC:0.982134 TPR_2:0.469000 TPR_3:0.065889 TPR_4:0.011333 stylegan_celeba
AUC:0.931461 TPR_2:0.012782 TPR_3:0.000333 TPR_4:0.000000 stylegan_ffhq
AUC:0.909008 TPR_2:0.031455 TPR_3:0.001334 TPR_4:0.000000 stylegan_ffhq
AUC:0.919428 TPR_2:0.047989 TPR_3:0.001555 TPR_4:0.000222 faceapp
AUC:0.933020 TPR_2:0.017552 TPR_3:0.000444 TPR_4:0.000000 faceapp
AUC:0.988004 TPR_2:0.814266 TPR_3:0.565235 TPR_4:0.419842 stargan
AUC:0.998270 TPR_2:0.976909 TPR_3:0.863597 TPR_4:0.659426 stargan
AUC:0.980126 TPR_2:0.357971 TPR_3:0.040134 TPR_4:0.004348 pggan_v1
AUC:0.974947 TPR_2:0.433445 TPR_3:0.087068 TPR_4:0.003456 pggan_v1
AUC:0.973478 TPR_2:0.279065 TPR_3:0.031737 TPR_4:0.005568 pggan_v2
AUC:0.965779 TPR_2:0.324499 TPR_3:0.048330 TPR_4:0.001336 pggan_v2
AUC:0.992832 TPR_2:0.930115 TPR_3:0.824522 TPR_4:0.684957 Deepfakes
AUC:0.994448 TPR_2:0.948159 TPR_3:0.868274 TPR_4:0.753695 Deepfakes
AUC:0.986392 TPR_2:0.876824 TPR_3:0.703982 TPR_4:0.513199 FaceSwap
AUC:0.990814 TPR_2:0.912958 TPR_3:0.779129 TPR_4:0.638948 FaceSwap
AUC:0.994444 TPR_2:0.958123 TPR_3:0.882338 TPR_4:0.749390 Face2Face
AUC:0.974035 TPR_2:0.527981 TPR_3:0.354418 TPR_4:0.279376 Test
AUC:0.992441 TPR_2:0.939006 TPR_3:0.844830 TPR_4:0.696293 Face2Face
AUC:0.968494 TPR_2:0.562995 TPR_3:0.390219 TPR_4:0.292255 Test
epoch:001 batch:012000 loss:0.03776 avgloss:0.06287
epoch:001 batch:018000 loss:0.03146 avgloss:0.06638
AUC:0.986692 TPR_2:0.902040 TPR_3:0.801144 TPR_4:0.637180 validset
AUC:0.988707 TPR_2:0.903909 TPR_3:0.791833 TPR_4:0.615083 validset
AUC:0.983458 TPR_2:0.709111 TPR_3:0.272889 TPR_4:0.081111 stylegan_celeba
AUC:0.977731 TPR_2:0.344667 TPR_3:0.008444 TPR_4:0.000556 stylegan_celeba
AUC:0.909525 TPR_2:0.057797 TPR_3:0.002668 TPR_4:0.000222 stylegan_ffhq
AUC:0.924696 TPR_2:0.004446 TPR_3:0.000000 TPR_4:0.000000 stylegan_ffhq
AUC:0.931646 TPR_2:0.008665 TPR_3:0.000000 TPR_4:0.000000 faceapp
AUC:0.910708 TPR_2:0.077316 TPR_3:0.004888 TPR_4:0.000889 faceapp
AUC:0.992175 TPR_2:0.899010 TPR_3:0.708849 TPR_4:0.541459 stargan
AUC:0.996191 TPR_2:0.923653 TPR_3:0.678228 TPR_4:0.350203 stargan
AUC:0.980577 TPR_2:0.639242 TPR_3:0.201672 TPR_4:0.050836 pggan_v1
AUC:0.974597 TPR_2:0.232553 TPR_3:0.001115 TPR_4:0.000111 pggan_v1
AUC:0.968099 TPR_2:0.148775 TPR_3:0.002784 TPR_4:0.000223 pggan_v2
AUC:0.972995 TPR_2:0.514254 TPR_3:0.117483 TPR_4:0.024053 pggan_v2
AUC:0.992140 TPR_2:0.913231 TPR_3:0.751180 TPR_4:0.552627 Deepfakes
AUC:0.988906 TPR_2:0.883289 TPR_3:0.741856 TPR_4:0.589967 Deepfakes
AUC:0.993288 TPR_2:0.942182 TPR_3:0.836785 TPR_4:0.683576 FaceSwap
AUC:0.992735 TPR_2:0.932537 TPR_3:0.815461 TPR_4:0.671681 FaceSwap
AUC:0.992218 TPR_2:0.948949 TPR_3:0.856515 TPR_4:0.714277 Face2Face
AUC:0.969701 TPR_2:0.631794 TPR_3:0.410184 TPR_4:0.275916 Test
AUC:0.994394 TPR_2:0.957731 TPR_3:0.891410 TPR_4:0.743395 Face2Face
AUC:0.972085 TPR_2:0.494584 TPR_3:0.355619 TPR_4:0.280216 Test
epoch:002 batch:021000 loss:0.14351 avgloss:0.06586
epoch:001 batch:015000 loss:0.03523 avgloss:0.06303
AUC:0.988356 TPR_2:0.915783 TPR_3:0.828867 TPR_4:0.713320 validset
AUC:0.990119 TPR_2:0.921637 TPR_3:0.835876 TPR_4:0.704349 validset
AUC:0.990244 TPR_2:0.751111 TPR_3:0.307444 TPR_4:0.071444 stylegan_celeba
AUC:0.990197 TPR_2:0.763778 TPR_3:0.453667 TPR_4:0.194444 stylegan_celeba
AUC:0.952606 TPR_2:0.091475 TPR_3:0.006113 TPR_4:0.000778 stylegan_ffhq
AUC:0.932589 TPR_2:0.082917 TPR_3:0.011671 TPR_4:0.001667 stylegan_ffhq
AUC:0.954382 TPR_2:0.149967 TPR_3:0.017329 TPR_4:0.001555 faceapp
AUC:0.946173 TPR_2:0.178405 TPR_3:0.028216 TPR_4:0.003555 faceapp
AUC:0.997062 TPR_2:0.968147 TPR_3:0.816775 TPR_4:0.625565 stargan
AUC:0.996530 TPR_2:0.963903 TPR_3:0.845434 TPR_4:0.672843 stargan
AUC:0.990979 TPR_2:0.747157 TPR_3:0.295541 TPR_4:0.075139 pggan_v1
AUC:0.988184 TPR_2:0.719955 TPR_3:0.402676 TPR_4:0.184169 pggan_v1
AUC:0.986446 TPR_2:0.648107 TPR_3:0.184298 TPR_4:0.037751 pggan_v2
AUC:0.982899 TPR_2:0.590423 TPR_3:0.249889 TPR_4:0.091425 pggan_v2
AUC:0.987502 TPR_2:0.907511 TPR_3:0.779314 TPR_4:0.590673 Deepfakes
AUC:0.990983 TPR_2:0.921982 TPR_3:0.820595 TPR_4:0.717429 Deepfakes
AUC:0.993424 TPR_2:0.942470 TPR_3:0.826042 TPR_4:0.701859 FaceSwap
AUC:0.992495 TPR_2:0.951324 TPR_3:0.871552 TPR_4:0.721779 FaceSwap
AUC:0.994399 TPR_2:0.947309 TPR_3:0.870319 TPR_4:0.763470 Face2Face
AUC:0.983392 TPR_2:0.685303 TPR_3:0.460495 TPR_4:0.332777 Test
AUC:0.990165 TPR_2:0.946685 TPR_3:0.868635 TPR_4:0.733598 Face2Face
AUC:0.978526 TPR_2:0.678322 TPR_3:0.501228 TPR_4:0.354906 Test
epoch:001 batch:018000 loss:0.20525 avgloss:0.06312
epoch:002 batch:024000 loss:0.20892 avgloss:0.06559
AUC:0.985817 TPR_2:0.880856 TPR_3:0.778659 TPR_4:0.656422 validset
AUC:0.988355 TPR_2:0.893273 TPR_3:0.775450 TPR_4:0.603297 validset
AUC:0.988011 TPR_2:0.696556 TPR_3:0.187444 TPR_4:0.027333 stylegan_celeba
AUC:0.991816 TPR_2:0.813556 TPR_3:0.355000 TPR_4:0.077667 stylegan_celeba
AUC:0.950290 TPR_2:0.071024 TPR_3:0.001667 TPR_4:0.000333 stylegan_ffhq
AUC:0.934391 TPR_2:0.089808 TPR_3:0.004001 TPR_4:0.000222 stylegan_ffhq
AUC:0.954213 TPR_2:0.127527 TPR_3:0.005554 TPR_4:0.001111 faceapp
AUC:0.939345 TPR_2:0.137969 TPR_3:0.009331 TPR_4:0.000444 faceapp
AUC:0.996305 TPR_2:0.948296 TPR_3:0.693470 TPR_4:0.109022 stargan
AUC:0.993568 TPR_2:0.913020 TPR_3:0.635194 TPR_4:0.211929 stargan
AUC:0.989724 TPR_2:0.706132 TPR_3:0.200223 TPR_4:0.029097 pggan_v1
AUC:0.988505 TPR_2:0.746711 TPR_3:0.271014 TPR_4:0.048606 pggan_v1
AUC:0.984838 TPR_2:0.585523 TPR_3:0.133853 TPR_4:0.021158 pggan_v2
AUC:0.984992 TPR_2:0.650668 TPR_3:0.165479 TPR_4:0.022383 pggan_v2
AUC:0.994575 TPR_2:0.939468 TPR_3:0.861332 TPR_4:0.685766 Deepfakes
AUC:0.980224 TPR_2:0.840625 TPR_3:0.700943 TPR_4:0.520596 Deepfakes
AUC:0.983713 TPR_2:0.858469 TPR_3:0.665617 TPR_4:0.371237 FaceSwap
AUC:0.993227 TPR_2:0.948534 TPR_3:0.869356 TPR_4:0.710209 FaceSwap
AUC:0.994333 TPR_2:0.953710 TPR_3:0.908349 TPR_4:0.806291 Face2Face
AUC:0.981778 TPR_2:0.654078 TPR_3:0.406390 TPR_4:0.227928 Test
AUC:0.991356 TPR_2:0.925289 TPR_3:0.805231 TPR_4:0.616704 Face2Face
AUC:0.977491 TPR_2:0.674020 TPR_3:0.423950 TPR_4:0.245418 Test
epoch:002 batch:027000 loss:0.03560 avgloss:0.06562
epoch:002 batch:021000 loss:0.04102 avgloss:0.06318
AUC:0.983625 TPR_2:0.863284 TPR_3:0.709995 TPR_4:0.452489 validset
AUC:0.985181 TPR_2:0.903511 TPR_3:0.803129 TPR_4:0.607865 validset
AUC:0.983304 TPR_2:0.411667 TPR_3:0.011556 TPR_4:0.000889 stylegan_celeba
AUC:0.966614 TPR_2:0.345889 TPR_3:0.064556 TPR_4:0.019667 stylegan_celeba
AUC:0.899356 TPR_2:0.008447 TPR_3:0.000778 TPR_4:0.000333 stylegan_ffhq
AUC:0.942956 TPR_2:0.009892 TPR_3:0.000000 TPR_4:0.000000 stylegan_ffhq
AUC:0.949640 TPR_2:0.031104 TPR_3:0.000000 TPR_4:0.000000 faceapp
AUC:0.904359 TPR_2:0.012664 TPR_3:0.000667 TPR_4:0.000444 faceapp
AUC:0.998656 TPR_2:0.968877 TPR_3:0.876649 TPR_4:0.797107 stargan
AUC:0.989587 TPR_2:0.866426 TPR_3:0.602473 TPR_4:0.370191 stargan
AUC:0.981322 TPR_2:0.357748 TPR_3:0.002230 TPR_4:0.000111 pggan_v1
AUC:0.967353 TPR_2:0.312821 TPR_3:0.061427 TPR_4:0.019287 pggan_v1
AUC:0.976649 TPR_2:0.220156 TPR_3:0.002784 TPR_4:0.000000 pggan_v2
AUC:0.956681 TPR_2:0.238530 TPR_3:0.045991 TPR_4:0.014588 pggan_v2
AUC:0.981027 TPR_2:0.805918 TPR_3:0.609527 TPR_4:0.396973 Deepfakes
AUC:0.991322 TPR_2:0.913481 TPR_3:0.787711 TPR_4:0.609924 Deepfakes
AUC:0.996191 TPR_2:0.972612 TPR_3:0.914488 TPR_4:0.793327 FaceSwap
AUC:0.991865 TPR_2:0.927696 TPR_3:0.807993 TPR_4:0.636609 FaceSwap
AUC:0.991509 TPR_2:0.928076 TPR_3:0.783748 TPR_4:0.505922 Face2Face
AUC:0.977917 TPR_2:0.522894 TPR_3:0.355665 TPR_4:0.277148 Test
AUC:0.993771 TPR_2:0.955133 TPR_3:0.884297 TPR_4:0.755763 Face2Face
AUC:0.962323 TPR_2:0.509010 TPR_3:0.361766 TPR_4:0.269645 Test
epoch:002 batch:030000 loss:0.03911 avgloss:0.06544
epoch:002 batch:024000 loss:0.08052 avgloss:0.06294
AUC:0.990760 TPR_2:0.921695 TPR_3:0.830134 TPR_4:0.653845 validset
AUC:0.989798 TPR_2:0.917933 TPR_3:0.833566 TPR_4:0.685301 validset
AUC:0.993292 TPR_2:0.839778 TPR_3:0.414000 TPR_4:0.170889 stylegan_celeba
AUC:0.986775 TPR_2:0.646222 TPR_3:0.287000 TPR_4:0.068444 stylegan_celeba
AUC:0.947138 TPR_2:0.135045 TPR_3:0.011115 TPR_4:0.002445 stylegan_ffhq
AUC:0.954497 TPR_2:0.043459 TPR_3:0.003446 TPR_4:0.000556 stylegan_ffhq
AUC:0.955263 TPR_2:0.211509 TPR_3:0.018885 TPR_4:0.003777 faceapp
AUC:0.956983 TPR_2:0.092424 TPR_3:0.009553 TPR_4:0.001333 faceapp
AUC:0.996314 TPR_2:0.942317 TPR_3:0.654315 TPR_4:0.284762 stargan
AUC:0.997896 TPR_2:0.966778 TPR_3:0.886506 TPR_4:0.737964 stargan
AUC:0.988589 TPR_2:0.630323 TPR_3:0.234114 TPR_4:0.055630 pggan_v1
AUC:0.991684 TPR_2:0.777035 TPR_3:0.341137 TPR_4:0.136120 pggan_v1
AUC:0.986780 TPR_2:0.668040 TPR_3:0.211359 TPR_4:0.066815 pggan_v2
AUC:0.982288 TPR_2:0.497884 TPR_3:0.164031 TPR_4:0.037751 pggan_v2
AUC:0.989489 TPR_2:0.910114 TPR_3:0.793211 TPR_4:0.658706 Deepfakes
AUC:0.995067 TPR_2:0.945748 TPR_3:0.858067 TPR_4:0.708046 Deepfakes
AUC:0.993925 TPR_2:0.946807 TPR_3:0.861421 TPR_4:0.750607 FaceSwap
AUC:0.992893 TPR_2:0.932807 TPR_3:0.848086 TPR_4:0.654154 FaceSwap
AUC:0.990897 TPR_2:0.934405 TPR_3:0.840736 TPR_4:0.710199 Face2Face
AUC:0.982754 TPR_2:0.707228 TPR_3:0.460686 TPR_4:0.309369 Test
AUC:0.993375 TPR_2:0.953115 TPR_3:0.888739 TPR_4:0.745515 Face2Face
AUC:0.983152 TPR_2:0.634307 TPR_3:0.464394 TPR_4:0.334377 Test
epoch:003 batch:033000 loss:0.06188 avgloss:0.06510
epoch:002 batch:027000 loss:0.03850 avgloss:0.06322
AUC:0.987149 TPR_2:0.919661 TPR_3:0.834891 TPR_4:0.705859 validset
AUC:0.987306 TPR_2:0.902594 TPR_3:0.780023 TPR_4:0.606846 validset
AUC:0.990490 TPR_2:0.802111 TPR_3:0.365111 TPR_4:0.049111 stylegan_celeba
AUC:0.985429 TPR_2:0.618111 TPR_3:0.151667 TPR_4:0.020667 stylegan_celeba
AUC:0.956487 TPR_2:0.215739 TPR_3:0.012226 TPR_4:0.000222 stylegan_ffhq
AUC:0.915230 TPR_2:0.022341 TPR_3:0.000333 TPR_4:0.000000 stylegan_ffhq
AUC:0.951972 TPR_2:0.213508 TPR_3:0.012442 TPR_4:0.000222 faceapp
AUC:0.928661 TPR_2:0.052655 TPR_3:0.000667 TPR_4:0.000000 faceapp
AUC:0.999230 TPR_2:0.986401 TPR_3:0.945192 TPR_4:0.833113 stargan
AUC:0.994390 TPR_2:0.929540 TPR_3:0.771049 TPR_4:0.551727 stargan
AUC:0.982501 TPR_2:0.544928 TPR_3:0.117280 TPR_4:0.009588 pggan_v1
AUC:0.989864 TPR_2:0.769565 TPR_3:0.297547 TPR_4:0.026644 pggan_v1
AUC:0.984033 TPR_2:0.659911 TPR_3:0.197105 TPR_4:0.019933 pggan_v2
AUC:0.977495 TPR_2:0.427840 TPR_3:0.073497 TPR_4:0.008686 pggan_v2
AUC:0.994301 TPR_2:0.936232 TPR_3:0.849567 TPR_4:0.735621 Deepfakes
AUC:0.990212 TPR_2:0.900687 TPR_3:0.753783 TPR_4:0.558613 Deepfakes
AUC:0.994521 TPR_2:0.953735 TPR_3:0.877940 TPR_4:0.719764 FaceSwap
AUC:0.994278 TPR_2:0.940455 TPR_3:0.841896 TPR_4:0.719458 FaceSwap
AUC:0.993533 TPR_2:0.951199 TPR_3:0.898682 TPR_4:0.803620 Face2Face
AUC:0.983261 TPR_2:0.713140 TPR_3:0.471736 TPR_4:0.322951 Test
AUC:0.993612 TPR_2:0.952418 TPR_3:0.873701 TPR_4:0.730665 Face2Face
AUC:0.974099 TPR_2:0.606568 TPR_3:0.421562 TPR_4:0.320122 Test
epoch:003 batch:036000 loss:0.04139 avgloss:0.06488
epoch:002 batch:030000 loss:0.03437 avgloss:0.06319
AUC:0.990008 TPR_2:0.927719 TPR_3:0.816658 TPR_4:0.573899 validset
AUC:0.990246 TPR_2:0.904914 TPR_3:0.806697 TPR_4:0.648738 validset
AUC:0.989442 TPR_2:0.729222 TPR_3:0.285778 TPR_4:0.015111 stylegan_celeba
AUC:0.989777 TPR_2:0.740111 TPR_3:0.260778 TPR_4:0.044667 stylegan_celeba
AUC:0.947100 TPR_2:0.090586 TPR_3:0.004335 TPR_4:0.000000 stylegan_ffhq
AUC:0.935542 TPR_2:0.064021 TPR_3:0.001890 TPR_4:0.000111 stylegan_ffhq
AUC:0.953944 TPR_2:0.160853 TPR_3:0.010886 TPR_4:0.000222 faceapp
AUC:0.948327 TPR_2:0.125750 TPR_3:0.005776 TPR_4:0.000222 faceapp
AUC:0.997940 TPR_2:0.957559 TPR_3:0.822662 TPR_4:0.667321 stargan
AUC:0.999142 TPR_2:0.991010 TPR_3:0.952403 TPR_4:0.817323 stargan
AUC:0.989062 TPR_2:0.715162 TPR_3:0.277592 TPR_4:0.008919 pggan_v1
AUC:0.986507 TPR_2:0.672910 TPR_3:0.200223 TPR_4:0.029097 pggan_v1
AUC:0.984085 TPR_2:0.569265 TPR_3:0.143430 TPR_4:0.005011 pggan_v2
AUC:0.982288 TPR_2:0.554788 TPR_3:0.134855 TPR_4:0.020379 pggan_v2
AUC:0.991373 TPR_2:0.908922 TPR_3:0.789947 TPR_4:0.629131 Deepfakes
AUC:0.992217 TPR_2:0.919467 TPR_3:0.779931 TPR_4:0.543392 Deepfakes
AUC:0.996268 TPR_2:0.969732 TPR_3:0.922981 TPR_4:0.835616 FaceSwap
AUC:0.992448 TPR_2:0.924367 TPR_3:0.796387 TPR_4:0.572565 FaceSwap
AUC:0.994838 TPR_2:0.952331 TPR_3:0.876546 TPR_4:0.735209 Face2Face
AUC:0.982381 TPR_2:0.671302 TPR_3:0.459700 TPR_4:0.309277 Test
AUC:0.994574 TPR_2:0.954538 TPR_3:0.851173 TPR_4:0.599271 Face2Face
AUC:0.980382 TPR_2:0.662097 TPR_3:0.442252 TPR_4:0.304453 Test
epoch:003 batch:039000 loss:0.04808 avgloss:0.06481
epoch:003 batch:033000 loss:0.09145 avgloss:0.06311
AUC:0.988529 TPR_2:0.919841 TPR_3:0.832692 TPR_4:0.726261 validset
AUC:0.984267 TPR_2:0.921346 TPR_3:0.850808 TPR_4:0.732523 validset
AUC:0.988777 TPR_2:0.763333 TPR_3:0.200333 TPR_4:0.009889 stylegan_celeba
AUC:0.994104 TPR_2:0.863222 TPR_3:0.611333 TPR_4:0.255000 stylegan_celeba
AUC:0.960475 TPR_2:0.218073 TPR_3:0.029454 TPR_4:0.001890 stylegan_ffhq
AUC:0.966706 TPR_2:0.179060 TPR_3:0.001778 TPR_4:0.000000 stylegan_ffhq
AUC:0.964208 TPR_2:0.326594 TPR_3:0.073539 TPR_4:0.005110 faceapp
AUC:0.963624 TPR_2:0.188403 TPR_3:0.003333 TPR_4:0.000000 faceapp
AUC:0.998168 TPR_2:0.973532 TPR_3:0.883859 TPR_4:0.735910 stargan
AUC:0.988792 TPR_2:0.874549 TPR_3:0.612833 TPR_4:0.300187 stargan
AUC:0.994481 TPR_2:0.863434 TPR_3:0.592308 TPR_4:0.213266 pggan_v1
AUC:0.991423 TPR_2:0.779599 TPR_3:0.156968 TPR_4:0.004236 pggan_v1
AUC:0.991907 TPR_2:0.786526 TPR_3:0.446659 TPR_4:0.118597 pggan_v2
AUC:0.985450 TPR_2:0.661136 TPR_3:0.093096 TPR_4:0.005011 pggan_v2
AUC:0.993482 TPR_2:0.916261 TPR_3:0.831081 TPR_4:0.734944 Deepfakes
AUC:0.992079 TPR_2:0.927423 TPR_3:0.825360 TPR_4:0.669368 Deepfakes
AUC:0.995663 TPR_2:0.944144 TPR_3:0.870526 TPR_4:0.787857 FaceSwap
AUC:0.994149 TPR_2:0.944395 TPR_3:0.849058 TPR_4:0.684458 FaceSwap
AUC:0.994161 TPR_2:0.962826 TPR_3:0.916101 TPR_4:0.826743 Face2Face
AUC:0.985018 TPR_2:0.697858 TPR_3:0.406540 TPR_4:0.277766 Test
AUC:0.994413 TPR_2:0.948877 TPR_3:0.873309 TPR_4:0.764704 Face2Face
AUC:0.987433 TPR_2:0.760073 TPR_3:0.579119 TPR_4:0.401920 Test
epoch:003 batch:036000 loss:0.03703 avgloss:0.06307
epoch:004 batch:042000 loss:0.19659 avgloss:0.06448
AUC:0.988999 TPR_2:0.886453 TPR_3:0.763052 TPR_4:0.604914 validset
AUC:0.988776 TPR_2:0.900676 TPR_3:0.793624 TPR_4:0.689286 validset
AUC:0.979738 TPR_2:0.288222 TPR_3:0.010222 TPR_4:0.001333 stylegan_celeba
AUC:0.974524 TPR_2:0.448778 TPR_3:0.079889 TPR_4:0.004111 stylegan_celeba
AUC:0.943867 TPR_2:0.006224 TPR_3:0.000111 TPR_4:0.000000 stylegan_ffhq
AUC:0.919374 TPR_2:0.026564 TPR_3:0.001000 TPR_4:0.000000 stylegan_ffhq
AUC:0.930037 TPR_2:0.055543 TPR_3:0.001555 TPR_4:0.000000 faceapp
AUC:0.943670 TPR_2:0.008887 TPR_3:0.000000 TPR_4:0.000000 faceapp
AUC:0.998885 TPR_2:0.981198 TPR_3:0.890385 TPR_4:0.784009 stargan
AUC:0.998016 TPR_2:0.973349 TPR_3:0.757952 TPR_4:0.226623 stargan
AUC:0.978848 TPR_2:0.231215 TPR_3:0.001561 TPR_4:0.000111 pggan_v1
AUC:0.975151 TPR_2:0.429877 TPR_3:0.058194 TPR_4:0.002118 pggan_v1
AUC:0.973902 TPR_2:0.146214 TPR_3:0.005011 TPR_4:0.000334 pggan_v2
AUC:0.962043 TPR_2:0.271047 TPR_3:0.027171 TPR_4:0.001114 pggan_v2
AUC:0.991661 TPR_2:0.917482 TPR_3:0.764872 TPR_4:0.602453 Deepfakes
AUC:0.990287 TPR_2:0.892481 TPR_3:0.737077 TPR_4:0.595850 Deepfakes
AUC:0.993740 TPR_2:0.931295 TPR_3:0.824531 TPR_4:0.704306 FaceSwap
AUC:0.992730 TPR_2:0.924295 TPR_3:0.795973 TPR_4:0.659751 FaceSwap
AUC:0.996046 TPR_2:0.951344 TPR_3:0.879347 TPR_4:0.786724 Face2Face
AUC:0.971121 TPR_2:0.554236 TPR_3:0.388794 TPR_4:0.319804 Test
AUC:0.993893 TPR_2:0.961186 TPR_3:0.881655 TPR_4:0.783995 Face2Face
AUC:0.977370 TPR_2:0.495230 TPR_3:0.357484 TPR_4:0.252733 Test
epoch:003 batch:039000 loss:0.13505 avgloss:0.06300
epoch:004 batch:045000 loss:0.04363 avgloss:0.06423
AUC:0.987807 TPR_2:0.903113 TPR_3:0.800280 TPR_4:0.639073 validset
AUC:0.990212 TPR_2:0.920001 TPR_3:0.829221 TPR_4:0.699645 validset
AUC:0.983296 TPR_2:0.541000 TPR_3:0.095333 TPR_4:0.009667 stylegan_celeba
AUC:0.986613 TPR_2:0.651889 TPR_3:0.180111 TPR_4:0.026556 stylegan_celeba
AUC:0.950405 TPR_2:0.028565 TPR_3:0.000333 TPR_4:0.000000 stylegan_ffhq
AUC:0.929806 TPR_2:0.019673 TPR_3:0.000778 TPR_4:0.000000 stylegan_ffhq
AUC:0.933005 TPR_2:0.035770 TPR_3:0.000667 TPR_4:0.000000 faceapp
AUC:0.956731 TPR_2:0.077760 TPR_3:0.001555 TPR_4:0.000000 faceapp
AUC:0.997130 TPR_2:0.950760 TPR_3:0.728061 TPR_4:0.319126 stargan
AUC:0.997676 TPR_2:0.959704 TPR_3:0.825902 TPR_4:0.621229 stargan
AUC:0.980622 TPR_2:0.474359 TPR_3:0.084727 TPR_4:0.004236 pggan_v1
AUC:0.988668 TPR_2:0.671572 TPR_3:0.150836 TPR_4:0.011371 pggan_v1
AUC:0.975516 TPR_2:0.339644 TPR_3:0.041648 TPR_4:0.003341 pggan_v2
AUC:0.982065 TPR_2:0.496771 TPR_3:0.075947 TPR_4:0.009131 pggan_v2
AUC:0.995201 TPR_2:0.940189 TPR_3:0.845699 TPR_4:0.718399 Deepfakes
AUC:0.988997 TPR_2:0.881833 TPR_3:0.737297 TPR_4:0.554877 Deepfakes
AUC:0.994174 TPR_2:0.930827 TPR_3:0.822605 TPR_4:0.699610 FaceSwap
AUC:0.996112 TPR_2:0.965845 TPR_3:0.882619 TPR_4:0.743877 FaceSwap
AUC:0.995474 TPR_2:0.957455 TPR_3:0.890786 TPR_4:0.780889 Face2Face
AUC:0.983001 TPR_2:0.634970 TPR_3:0.421531 TPR_4:0.318576 Test
AUC:0.994006 TPR_2:0.953318 TPR_3:0.869259 TPR_4:0.727370 Face2Face
AUC:0.975388 TPR_2:0.573578 TPR_3:0.382265 TPR_4:0.262499 Test
epoch:004 batch:042000 loss:0.13591 avgloss:0.06293
AUC:0.984949 TPR_2:0.904312 TPR_3:0.814163 TPR_4:0.696466 validset
AUC:0.978393 TPR_2:0.238222 TPR_3:0.001778 TPR_4:0.000222 stylegan_celeba
AUC:0.929147 TPR_2:0.003223 TPR_3:0.000000 TPR_4:0.000000 stylegan_ffhq
AUC:0.933630 TPR_2:0.007554 TPR_3:0.000000 TPR_4:0.000000 faceapp
AUC:0.996039 TPR_2:0.942317 TPR_3:0.861178 TPR_4:0.808561 stargan
AUC:0.976083 TPR_2:0.178930 TPR_3:0.000669 TPR_4:0.000111 pggan_v1
AUC:0.970639 TPR_2:0.113920 TPR_3:0.001448 TPR_4:0.000000 pggan_v2
AUC:0.990041 TPR_2:0.899775 TPR_3:0.775461 TPR_4:0.652029 Deepfakes
AUC:0.994796 TPR_2:0.952115 TPR_3:0.849382 TPR_4:0.731137 FaceSwap
AUC:0.993623 TPR_2:0.961418 TPR_3:0.898000 TPR_4:0.793909 Face2Face
AUC:0.973599 TPR_2:0.477497 TPR_3:0.376435 TPR_4:0.331774 Test
epoch:004 batch:045000 loss:0.04066 avgloss:0.06280
AUC:0.984942 TPR_2:0.911166 TPR_3:0.820551 TPR_4:0.693883 validset
AUC:0.986600 TPR_2:0.628778 TPR_3:0.089000 TPR_4:0.002778 stylegan_celeba
AUC:0.941469 TPR_2:0.028343 TPR_3:0.000333 TPR_4:0.000000 stylegan_ffhq
AUC:0.946055 TPR_2:0.071095 TPR_3:0.000889 TPR_4:0.000000 faceapp
AUC:0.995096 TPR_2:0.938849 TPR_3:0.795281 TPR_4:0.615297 stargan
AUC:0.984227 TPR_2:0.570457 TPR_3:0.059978 TPR_4:0.001449 pggan_v1
AUC:0.978150 TPR_2:0.446993 TPR_3:0.035078 TPR_4:0.001114 pggan_v2
AUC:0.986493 TPR_2:0.885157 TPR_3:0.723782 TPR_4:0.541142 Deepfakes
AUC:0.995536 TPR_2:0.959907 TPR_3:0.866657 TPR_4:0.711144 FaceSwap
AUC:0.993625 TPR_2:0.955133 TPR_3:0.871814 TPR_4:0.726906 Face2Face
AUC:0.978583 TPR_2:0.609412 TPR_3:0.382535 TPR_4:0.288870 Test
