
Model:xception BatchSize:16 lr:0.000200

Model:xception BatchSize:16 lr:0.000200
epoch:000 batch:003000 loss:0.56774 avgloss:inf

Model:xception BatchSize:16 lr:0.000200
epoch:000 batch:003000 loss:0.56774 avgloss:0.48771
AUC:0.876274 TPR_2:0.333908 TPR_3:0.146629 TPR_4:0.078955 validset
AUC:0.576513 TPR_2:0.000889 TPR_3:0.000000 TPR_4:0.000000 stylegan_celeba
AUC:0.481705 TPR_2:0.000333 TPR_3:0.000000 TPR_4:0.000000 stylegan_ffhq
AUC:0.516759 TPR_2:0.001111 TPR_3:0.000000 TPR_4:0.000000 faceapp
AUC:0.803539 TPR_2:0.068818 TPR_3:0.011044 TPR_4:0.001187 stargan
AUC:0.633232 TPR_2:0.000446 TPR_3:0.000000 TPR_4:0.000000 pggan_v1
AUC:0.629000 TPR_2:0.000557 TPR_3:0.000000 TPR_4:0.000000 pggan_v2
AUC:0.951421 TPR_2:0.534391 TPR_3:0.237878 TPR_4:0.077650 Deepfakes
AUC:0.774161 TPR_2:0.119109 TPR_3:0.037646 TPR_4:0.006694 FaceSwap
AUC:0.911219 TPR_2:0.409046 TPR_3:0.171776 TPR_4:0.047596 Face2Face
AUC:0.697506 TPR_2:0.126078 TPR_3:0.050927 TPR_4:0.014792 Test
epoch:000 batch:006000 loss:0.05562 avgloss:0.36820
AUC:0.959998 TPR_2:0.694655 TPR_3:0.445110 TPR_4:0.273792 validset
AUC:0.725700 TPR_2:0.002000 TPR_3:0.000000 TPR_4:0.000000 stylegan_celeba
AUC:0.551991 TPR_2:0.000111 TPR_3:0.000000 TPR_4:0.000000 stylegan_ffhq
AUC:0.587239 TPR_2:0.001111 TPR_3:0.000000 TPR_4:0.000000 faceapp
AUC:0.808397 TPR_2:0.050609 TPR_3:0.007393 TPR_4:0.001552 stargan
AUC:0.731558 TPR_2:0.001338 TPR_3:0.000000 TPR_4:0.000000 pggan_v1
AUC:0.735076 TPR_2:0.003118 TPR_3:0.000111 TPR_4:0.000000 pggan_v2
AUC:0.974630 TPR_2:0.737724 TPR_3:0.507140 TPR_4:0.327470 Deepfakes
AUC:0.955502 TPR_2:0.628637 TPR_3:0.311583 TPR_4:0.093502 FaceSwap
AUC:0.977858 TPR_2:0.790397 TPR_3:0.588254 TPR_4:0.382657 Face2Face
AUC:0.783106 TPR_2:0.246116 TPR_3:0.157165 TPR_4:0.089465 Test
epoch:000 batch:009000 loss:0.11015 avgloss:0.30297
AUC:0.959579 TPR_2:0.708752 TPR_3:0.499731 TPR_4:0.302913 validset
AUC:0.838665 TPR_2:0.027333 TPR_3:0.001556 TPR_4:0.000000 stylegan_celeba
AUC:0.668013 TPR_2:0.000778 TPR_3:0.000000 TPR_4:0.000000 stylegan_ffhq
AUC:0.712209 TPR_2:0.004443 TPR_3:0.000444 TPR_4:0.000000 faceapp
AUC:0.916140 TPR_2:0.267193 TPR_3:0.047369 TPR_4:0.006024 stargan
AUC:0.839888 TPR_2:0.017057 TPR_3:0.000223 TPR_4:0.000000 pggan_v1
AUC:0.823570 TPR_2:0.016815 TPR_3:0.000334 TPR_4:0.000000 pggan_v2
AUC:0.978131 TPR_2:0.742180 TPR_3:0.502419 TPR_4:0.281821 Deepfakes
AUC:0.955856 TPR_2:0.640388 TPR_3:0.378237 TPR_4:0.171366 FaceSwap
AUC:0.984744 TPR_2:0.843480 TPR_3:0.686887 TPR_4:0.488663 Face2Face
AUC:0.857468 TPR_2:0.284407 TPR_3:0.179719 TPR_4:0.105319 Test
epoch:001 batch:012000 loss:0.09386 avgloss:0.26357
AUC:0.977638 TPR_2:0.780134 TPR_3:0.581356 TPR_4:0.409038 validset
AUC:0.931506 TPR_2:0.018111 TPR_3:0.000000 TPR_4:0.000000 stylegan_celeba
AUC:0.863142 TPR_2:0.000000 TPR_3:0.000000 TPR_4:0.000000 stylegan_ffhq
AUC:0.869510 TPR_2:0.001111 TPR_3:0.000000 TPR_4:0.000000 faceapp
AUC:0.929761 TPR_2:0.284899 TPR_3:0.064254 TPR_4:0.009629 stargan
AUC:0.931963 TPR_2:0.009253 TPR_3:0.000000 TPR_4:0.000000 pggan_v1
AUC:0.925824 TPR_2:0.007906 TPR_3:0.000000 TPR_4:0.000000 pggan_v2
AUC:0.985749 TPR_2:0.823801 TPR_3:0.592129 TPR_4:0.344177 Deepfakes
AUC:0.972175 TPR_2:0.685609 TPR_3:0.404294 TPR_4:0.166922 FaceSwap
AUC:0.981170 TPR_2:0.799933 TPR_3:0.599112 TPR_4:0.398711 Face2Face
AUC:0.932311 TPR_2:0.292292 TPR_3:0.184421 TPR_4:0.102160 Test
epoch:001 batch:015000 loss:0.04277 avgloss:0.23558
AUC:0.982934 TPR_2:0.825206 TPR_3:0.668937 TPR_4:0.479595 validset
AUC:0.947057 TPR_2:0.175333 TPR_3:0.035000 TPR_4:0.005667 stylegan_celeba
AUC:0.864422 TPR_2:0.003668 TPR_3:0.000111 TPR_4:0.000000 stylegan_ffhq
AUC:0.877795 TPR_2:0.013108 TPR_3:0.000889 TPR_4:0.000222 faceapp
AUC:0.959753 TPR_2:0.502213 TPR_3:0.130562 TPR_4:0.025008 stargan
AUC:0.947124 TPR_2:0.161650 TPR_3:0.024526 TPR_4:0.002007 pggan_v1
AUC:0.943736 TPR_2:0.129399 TPR_3:0.020824 TPR_4:0.001893 pggan_v2
AUC:0.989419 TPR_2:0.893025 TPR_3:0.723047 TPR_4:0.510905 Deepfakes
AUC:0.972228 TPR_2:0.738299 TPR_3:0.503464 TPR_4:0.282953 FaceSwap
AUC:0.988578 TPR_2:0.908306 TPR_3:0.783734 TPR_4:0.615079 Face2Face
AUC:0.943346 TPR_2:0.391667 TPR_3:0.246906 TPR_4:0.160415 Test
epoch:001 batch:018000 loss:0.07246 avgloss:0.21537
AUC:0.981529 TPR_2:0.859555 TPR_3:0.715261 TPR_4:0.512978 validset
AUC:0.962656 TPR_2:0.346556 TPR_3:0.023000 TPR_4:0.000333 stylegan_celeba
AUC:0.863640 TPR_2:0.011337 TPR_3:0.000000 TPR_4:0.000000 stylegan_ffhq
AUC:0.873441 TPR_2:0.025994 TPR_3:0.001111 TPR_4:0.000222 faceapp
AUC:0.964720 TPR_2:0.598001 TPR_3:0.148223 TPR_4:0.027107 stargan
AUC:0.959911 TPR_2:0.310925 TPR_3:0.010702 TPR_4:0.000000 pggan_v1
AUC:0.956324 TPR_2:0.241203 TPR_3:0.008575 TPR_4:0.000223 pggan_v2
AUC:0.987980 TPR_2:0.894848 TPR_3:0.710325 TPR_4:0.493154 Deepfakes
AUC:0.981618 TPR_2:0.847025 TPR_3:0.682784 TPR_4:0.500261 FaceSwap
AUC:0.989564 TPR_2:0.909569 TPR_3:0.785810 TPR_4:0.620536 Face2Face
AUC:0.948873 TPR_2:0.465051 TPR_3:0.263392 TPR_4:0.182426 Test
epoch:002 batch:021000 loss:0.17817 avgloss:0.19890
AUC:0.984766 TPR_2:0.858754 TPR_3:0.690131 TPR_4:0.471838 validset
AUC:0.983410 TPR_2:0.658889 TPR_3:0.181222 TPR_4:0.028444 stylegan_celeba
AUC:0.924097 TPR_2:0.055352 TPR_3:0.001000 TPR_4:0.000000 stylegan_ffhq
AUC:0.930998 TPR_2:0.102422 TPR_3:0.006665 TPR_4:0.000889 faceapp
AUC:0.961302 TPR_2:0.636335 TPR_3:0.207046 TPR_4:0.051248 stargan
AUC:0.985415 TPR_2:0.630212 TPR_3:0.165886 TPR_4:0.025418 pggan_v1
AUC:0.982495 TPR_2:0.567595 TPR_3:0.127617 TPR_4:0.018374 pggan_v2
AUC:0.992265 TPR_2:0.934629 TPR_3:0.808256 TPR_4:0.647882 Deepfakes
AUC:0.976518 TPR_2:0.780731 TPR_3:0.514567 TPR_4:0.253298 FaceSwap
AUC:0.992130 TPR_2:0.921631 TPR_3:0.819007 TPR_4:0.676624 Face2Face
AUC:0.969848 TPR_2:0.587533 TPR_3:0.314585 TPR_4:0.189131 Test
epoch:002 batch:024000 loss:0.40367 avgloss:0.18645
AUC:0.986227 TPR_2:0.836090 TPR_3:0.667549 TPR_4:0.484901 validset
AUC:0.971985 TPR_2:0.351111 TPR_3:0.028889 TPR_4:0.000778 stylegan_celeba
AUC:0.904475 TPR_2:0.005780 TPR_3:0.000000 TPR_4:0.000000 stylegan_ffhq
AUC:0.913858 TPR_2:0.015774 TPR_3:0.000222 TPR_4:0.000000 faceapp
AUC:0.983196 TPR_2:0.779902 TPR_3:0.396340 TPR_4:0.069593 stargan
AUC:0.973159 TPR_2:0.337235 TPR_3:0.019732 TPR_4:0.000000 pggan_v1
AUC:0.969396 TPR_2:0.249332 TPR_3:0.015590 TPR_4:0.000223 pggan_v2
AUC:0.992803 TPR_2:0.919761 TPR_3:0.771563 TPR_4:0.563275 Deepfakes
AUC:0.983686 TPR_2:0.845819 TPR_3:0.647658 TPR_4:0.408882 FaceSwap
AUC:0.989601 TPR_2:0.914068 TPR_3:0.803446 TPR_4:0.653080 Face2Face
AUC:0.964684 TPR_2:0.490976 TPR_3:0.298160 TPR_4:0.188426 Test
epoch:002 batch:027000 loss:0.03656 avgloss:0.17602
AUC:0.977835 TPR_2:0.837648 TPR_3:0.686247 TPR_4:0.534458 validset
AUC:0.941445 TPR_2:0.091444 TPR_3:0.004556 TPR_4:0.000333 stylegan_celeba
AUC:0.830809 TPR_2:0.000222 TPR_3:0.000000 TPR_4:0.000000 stylegan_ffhq
AUC:0.849495 TPR_2:0.004221 TPR_3:0.000000 TPR_4:0.000000 faceapp
AUC:0.975528 TPR_2:0.663168 TPR_3:0.244010 TPR_4:0.075298 stargan
AUC:0.935189 TPR_2:0.049052 TPR_3:0.000780 TPR_4:0.000000 pggan_v1
AUC:0.929697 TPR_2:0.039532 TPR_3:0.001114 TPR_4:0.000111 pggan_v2
AUC:0.984199 TPR_2:0.827095 TPR_3:0.627998 TPR_4:0.487389 Deepfakes
AUC:0.991654 TPR_2:0.939537 TPR_3:0.808281 TPR_4:0.670440 FaceSwap
AUC:0.988502 TPR_2:0.915186 TPR_3:0.766272 TPR_4:0.629565 Face2Face
AUC:0.936280 TPR_2:0.392162 TPR_3:0.272557 TPR_4:0.207015 Test
epoch:002 batch:030000 loss:0.04484 avgloss:0.16702
AUC:0.985614 TPR_2:0.869366 TPR_3:0.748829 TPR_4:0.629908 validset
AUC:0.968782 TPR_2:0.343000 TPR_3:0.012889 TPR_4:0.000000 stylegan_celeba
AUC:0.873077 TPR_2:0.006224 TPR_3:0.000000 TPR_4:0.000000 stylegan_ffhq
AUC:0.886363 TPR_2:0.015108 TPR_3:0.000222 TPR_4:0.000000 faceapp
AUC:0.985810 TPR_2:0.825583 TPR_3:0.420344 TPR_4:0.069593 stargan
AUC:0.965228 TPR_2:0.301226 TPR_3:0.005240 TPR_4:0.000111 pggan_v1
AUC:0.960330 TPR_2:0.222717 TPR_3:0.007238 TPR_4:0.000111 pggan_v2
AUC:0.987933 TPR_2:0.893260 TPR_3:0.760872 TPR_4:0.586894 Deepfakes
AUC:0.993806 TPR_2:0.941066 TPR_3:0.827644 TPR_4:0.648504 FaceSwap
AUC:0.990203 TPR_2:0.913256 TPR_3:0.799309 TPR_4:0.629943 Face2Face
AUC:0.956837 TPR_2:0.495716 TPR_3:0.314862 TPR_4:0.215017 Test
epoch:003 batch:033000 loss:0.19191 avgloss:0.15942
AUC:0.988004 TPR_2:0.901943 TPR_3:0.809653 TPR_4:0.687359 validset
AUC:0.981771 TPR_2:0.552667 TPR_3:0.231667 TPR_4:0.051556 stylegan_celeba
AUC:0.927098 TPR_2:0.023897 TPR_3:0.002890 TPR_4:0.000333 stylegan_ffhq
AUC:0.928328 TPR_2:0.047989 TPR_3:0.007776 TPR_4:0.000444 faceapp
AUC:0.986241 TPR_2:0.834162 TPR_3:0.514626 TPR_4:0.113768 stargan
AUC:0.979737 TPR_2:0.489967 TPR_3:0.202007 TPR_4:0.043144 pggan_v1
AUC:0.977210 TPR_2:0.441648 TPR_3:0.164031 TPR_4:0.039644 pggan_v2
AUC:0.993609 TPR_2:0.951601 TPR_3:0.868200 TPR_4:0.710487 Deepfakes
AUC:0.986686 TPR_2:0.888917 TPR_3:0.771122 TPR_4:0.558259 FaceSwap
AUC:0.991381 TPR_2:0.937293 TPR_3:0.862147 TPR_4:0.716310 Face2Face
AUC:0.972451 TPR_2:0.574238 TPR_3:0.402718 TPR_4:0.248216 Test
epoch:003 batch:036000 loss:0.06514 avgloss:0.15285
AUC:0.986324 TPR_2:0.867376 TPR_3:0.747091 TPR_4:0.560264 validset
AUC:0.982097 TPR_2:0.501111 TPR_3:0.132222 TPR_4:0.024333 stylegan_celeba
AUC:0.928395 TPR_2:0.022785 TPR_3:0.001111 TPR_4:0.000000 stylegan_ffhq
AUC:0.933462 TPR_2:0.037769 TPR_3:0.001777 TPR_4:0.000000 faceapp
AUC:0.979016 TPR_2:0.770867 TPR_3:0.322457 TPR_4:0.045909 stargan
AUC:0.980897 TPR_2:0.452397 TPR_3:0.114493 TPR_4:0.021182 pggan_v1
AUC:0.978606 TPR_2:0.407127 TPR_3:0.099109 TPR_4:0.026503 pggan_v2
AUC:0.994167 TPR_2:0.945306 TPR_3:0.847920 TPR_4:0.709649 Deepfakes
AUC:0.972046 TPR_2:0.760667 TPR_3:0.526876 TPR_4:0.298879 FaceSwap
AUC:0.994474 TPR_2:0.953376 TPR_3:0.894168 TPR_4:0.800078 Face2Face
AUC:0.971462 TPR_2:0.539045 TPR_3:0.326681 TPR_4:0.214059 Test
epoch:003 batch:039000 loss:0.09037 avgloss:0.14717
AUC:0.988642 TPR_2:0.882977 TPR_3:0.752203 TPR_4:0.579302 validset
AUC:0.971812 TPR_2:0.395222 TPR_3:0.081000 TPR_4:0.014333 stylegan_celeba
AUC:0.900408 TPR_2:0.006113 TPR_3:0.000111 TPR_4:0.000000 stylegan_ffhq
AUC:0.902255 TPR_2:0.009553 TPR_3:0.000222 TPR_4:0.000000 faceapp
AUC:0.989708 TPR_2:0.790033 TPR_3:0.240725 TPR_4:0.053667 stargan
AUC:0.969120 TPR_2:0.345373 TPR_3:0.061873 TPR_4:0.007804 pggan_v1
AUC:0.964578 TPR_2:0.266036 TPR_3:0.038976 TPR_4:0.005791 pggan_v2
AUC:0.995807 TPR_2:0.936688 TPR_3:0.805506 TPR_4:0.659176 Deepfakes
AUC:0.982255 TPR_2:0.828976 TPR_3:0.588832 TPR_4:0.378939 FaceSwap
AUC:0.992801 TPR_2:0.943883 TPR_3:0.851376 TPR_4:0.722319 Face2Face
AUC:0.963194 TPR_2:0.502431 TPR_3:0.296513 TPR_4:0.204670 Test
epoch:004 batch:042000 loss:0.24047 avgloss:0.14219
AUC:0.990260 TPR_2:0.907856 TPR_3:0.819347 TPR_4:0.670082 validset
AUC:0.985701 TPR_2:0.561778 TPR_3:0.119000 TPR_4:0.009222 stylegan_celeba
AUC:0.943245 TPR_2:0.032344 TPR_3:0.000778 TPR_4:0.000000 stylegan_ffhq
AUC:0.943201 TPR_2:0.044657 TPR_3:0.000444 TPR_4:0.000000 faceapp
AUC:0.990917 TPR_2:0.893670 TPR_3:0.646511 TPR_4:0.193401 stargan
AUC:0.984349 TPR_2:0.470569 TPR_3:0.085173 TPR_4:0.004794 pggan_v1
AUC:0.981375 TPR_2:0.407795 TPR_3:0.053898 TPR_4:0.002116 pggan_v2
AUC:0.996300 TPR_2:0.971793 TPR_3:0.912540 TPR_4:0.777505 Deepfakes
AUC:0.990764 TPR_2:0.912670 TPR_3:0.793094 TPR_4:0.592935 FaceSwap
AUC:0.993162 TPR_2:0.949907 TPR_3:0.885429 TPR_4:0.755240 Face2Face
AUC:0.978779 TPR_2:0.582798 TPR_3:0.388541 TPR_4:0.259468 Test
epoch:004 batch:045000 loss:0.06304 avgloss:0.13763
AUC:0.990901 TPR_2:0.896696 TPR_3:0.789955 TPR_4:0.625379 validset
AUC:0.982925 TPR_2:0.466222 TPR_3:0.166667 TPR_4:0.048444 stylegan_celeba
AUC:0.933514 TPR_2:0.013004 TPR_3:0.001000 TPR_4:0.000111 stylegan_ffhq
AUC:0.939822 TPR_2:0.030216 TPR_3:0.001111 TPR_4:0.000444 faceapp
AUC:0.992049 TPR_2:0.910327 TPR_3:0.420709 TPR_4:0.039474 stargan
AUC:0.982572 TPR_2:0.429989 TPR_3:0.153958 TPR_4:0.036566 pggan_v1
AUC:0.979357 TPR_2:0.353118 TPR_3:0.100223 TPR_4:0.025390 pggan_v2
AUC:0.994049 TPR_2:0.948542 TPR_3:0.843684 TPR_4:0.659985 Deepfakes
AUC:0.989096 TPR_2:0.882421 TPR_3:0.662594 TPR_4:0.410934 FaceSwap
AUC:0.994259 TPR_2:0.961171 TPR_3:0.888826 TPR_4:0.756126 Face2Face
AUC:0.976405 TPR_2:0.555001 TPR_3:0.359863 TPR_4:0.219719 Test
epoch:004 batch:048000 loss:0.09066 avgloss:0.13361
AUC:0.988562 TPR_2:0.899904 TPR_3:0.795066 TPR_4:0.683029 validset
AUC:0.977587 TPR_2:0.351111 TPR_3:0.077667 TPR_4:0.012778 stylegan_celeba
AUC:0.926502 TPR_2:0.004224 TPR_3:0.000445 TPR_4:0.000000 stylegan_ffhq
AUC:0.924826 TPR_2:0.010886 TPR_3:0.000000 TPR_4:0.000000 faceapp
AUC:0.997153 TPR_2:0.964313 TPR_3:0.717428 TPR_4:0.165336 stargan
AUC:0.978224 TPR_2:0.301226 TPR_3:0.058640 TPR_4:0.007135 pggan_v1
AUC:0.975487 TPR_2:0.233185 TPR_3:0.038864 TPR_4:0.006236 pggan_v2
AUC:0.993526 TPR_2:0.934865 TPR_3:0.820463 TPR_4:0.628660 Deepfakes
AUC:0.992681 TPR_2:0.935290 TPR_3:0.839557 TPR_4:0.702291 FaceSwap
AUC:0.993208 TPR_2:0.952665 TPR_3:0.876183 TPR_4:0.741131 Face2Face
AUC:0.973244 TPR_2:0.520863 TPR_3:0.381027 TPR_4:0.251507 Test
epoch:004 batch:051000 loss:0.03673 avgloss:0.12992
AUC:0.989469 TPR_2:0.895705 TPR_3:0.801027 TPR_4:0.642097 validset
AUC:0.986037 TPR_2:0.629000 TPR_3:0.290000 TPR_4:0.061000 stylegan_celeba
AUC:0.921954 TPR_2:0.023119 TPR_3:0.001334 TPR_4:0.000000 stylegan_ffhq
AUC:0.927275 TPR_2:0.034881 TPR_3:0.003555 TPR_4:0.000000 faceapp
AUC:0.996927 TPR_2:0.954137 TPR_3:0.717428 TPR_4:0.193584 stargan
AUC:0.983000 TPR_2:0.527202 TPR_3:0.238350 TPR_4:0.043813 pggan_v1
AUC:0.980082 TPR_2:0.457684 TPR_3:0.173497 TPR_4:0.030401 pggan_v2
AUC:0.993591 TPR_2:0.935732 TPR_3:0.823316 TPR_4:0.679692 Deepfakes
AUC:0.990614 TPR_2:0.931169 TPR_3:0.833420 TPR_4:0.651113 FaceSwap
AUC:0.992932 TPR_2:0.939412 TPR_3:0.874673 TPR_4:0.779873 Face2Face
AUC:0.974712 TPR_2:0.603593 TPR_3:0.439508 TPR_4:0.271053 Test
epoch:005 batch:054000 loss:0.14694 avgloss:0.12661
AUC:0.991673 TPR_2:0.918530 TPR_3:0.849502 TPR_4:0.760251 validset
AUC:0.990290 TPR_2:0.719778 TPR_3:0.256222 TPR_4:0.019222 stylegan_celeba
AUC:0.951962 TPR_2:0.045571 TPR_3:0.001890 TPR_4:0.000000 stylegan_ffhq
AUC:0.952211 TPR_2:0.056210 TPR_3:0.001111 TPR_4:0.000000 faceapp
AUC:0.997538 TPR_2:0.974490 TPR_3:0.780131 TPR_4:0.161320 stargan
AUC:0.989820 TPR_2:0.642363 TPR_3:0.188071 TPR_4:0.006020 pggan_v1
AUC:0.987436 TPR_2:0.579065 TPR_3:0.143207 TPR_4:0.006682 pggan_v2
AUC:0.993536 TPR_2:0.937659 TPR_3:0.867568 TPR_4:0.715267 Deepfakes
AUC:0.990379 TPR_2:0.918501 TPR_3:0.838333 TPR_4:0.687733 FaceSwap
AUC:0.994681 TPR_2:0.955205 TPR_3:0.906448 TPR_4:0.791877 Face2Face
AUC:0.983095 TPR_2:0.647649 TPR_3:0.442553 TPR_4:0.265347 Test
epoch:005 batch:057000 loss:0.03916 avgloss:0.12355
AUC:0.991155 TPR_2:0.916652 TPR_3:0.832245 TPR_4:0.704106 validset
AUC:0.984794 TPR_2:0.447778 TPR_3:0.027222 TPR_4:0.000000 stylegan_celeba
AUC:0.939395 TPR_2:0.009448 TPR_3:0.000111 TPR_4:0.000000 stylegan_ffhq
AUC:0.941590 TPR_2:0.008443 TPR_3:0.000222 TPR_4:0.000000 faceapp
AUC:0.994672 TPR_2:0.933966 TPR_3:0.636380 TPR_4:0.147538 stargan
AUC:0.982252 TPR_2:0.344036 TPR_3:0.012486 TPR_4:0.000000 pggan_v1
AUC:0.980192 TPR_2:0.287305 TPR_3:0.016147 TPR_4:0.000000 pggan_v2
AUC:0.994808 TPR_2:0.949792 TPR_3:0.849508 TPR_4:0.620704 Deepfakes
AUC:0.992087 TPR_2:0.935650 TPR_3:0.842760 TPR_4:0.662684 FaceSwap
AUC:0.993794 TPR_2:0.955467 TPR_3:0.885066 TPR_4:0.643935 Face2Face
AUC:0.978176 TPR_2:0.541320 TPR_3:0.363323 TPR_4:0.230540 Test
epoch:005 batch:060000 loss:0.03853 avgloss:0.12088
AUC:0.985246 TPR_2:0.886764 TPR_3:0.784935 TPR_4:0.605147 validset
AUC:0.973114 TPR_2:0.436889 TPR_3:0.140111 TPR_4:0.013333 stylegan_celeba
AUC:0.891357 TPR_2:0.010226 TPR_3:0.001000 TPR_4:0.000000 stylegan_ffhq
AUC:0.890121 TPR_2:0.017107 TPR_3:0.000444 TPR_4:0.000000 faceapp
AUC:0.997948 TPR_2:0.982567 TPR_3:0.735591 TPR_4:0.005978 stargan
AUC:0.971630 TPR_2:0.372018 TPR_3:0.093868 TPR_4:0.005351 pggan_v1
AUC:0.965479 TPR_2:0.321938 TPR_3:0.083853 TPR_4:0.006793 pggan_v2
AUC:0.988645 TPR_2:0.893525 TPR_3:0.726620 TPR_4:0.453608 Deepfakes
AUC:0.994405 TPR_2:0.952169 TPR_3:0.865074 TPR_4:0.707221 FaceSwap
AUC:0.991836 TPR_2:0.959299 TPR_3:0.904299 TPR_4:0.788422 Face2Face
AUC:0.962726 TPR_2:0.549526 TPR_3:0.394540 TPR_4:0.220079 Test
epoch:006 batch:063000 loss:0.06771 avgloss:0.11830
AUC:0.991116 TPR_2:0.909569 TPR_3:0.818323 TPR_4:0.723868 validset
AUC:0.979488 TPR_2:0.422222 TPR_3:0.089000 TPR_4:0.005667 stylegan_celeba
AUC:0.924731 TPR_2:0.005224 TPR_3:0.000111 TPR_4:0.000000 stylegan_ffhq
AUC:0.923912 TPR_2:0.014441 TPR_3:0.000444 TPR_4:0.000000 faceapp
AUC:0.996817 TPR_2:0.951809 TPR_3:0.679962 TPR_4:0.065441 stargan
AUC:0.980066 TPR_2:0.353289 TPR_3:0.046934 TPR_4:0.000446 pggan_v1
AUC:0.976132 TPR_2:0.270490 TPR_3:0.036526 TPR_4:0.001225 pggan_v2
AUC:0.995805 TPR_2:0.946777 TPR_3:0.853552 TPR_4:0.653999 Deepfakes
AUC:0.994240 TPR_2:0.937018 TPR_3:0.839665 TPR_4:0.697414 FaceSwap
AUC:0.993544 TPR_2:0.948296 TPR_3:0.873178 TPR_4:0.746328 Face2Face
AUC:0.973859 TPR_2:0.538841 TPR_3:0.379930 TPR_4:0.241169 Test
epoch:006 batch:066000 loss:0.12189 avgloss:0.11590
AUC:0.989808 TPR_2:0.899361 TPR_3:0.758960 TPR_4:0.615074 validset
AUC:0.986210 TPR_2:0.630556 TPR_3:0.111000 TPR_4:0.015556 stylegan_celeba
AUC:0.925978 TPR_2:0.019673 TPR_3:0.000222 TPR_4:0.000000 stylegan_ffhq
AUC:0.929458 TPR_2:0.036214 TPR_3:0.001333 TPR_4:0.000000 faceapp
AUC:0.992915 TPR_2:0.905946 TPR_3:0.324237 TPR_4:0.039885 stargan
AUC:0.983873 TPR_2:0.554849 TPR_3:0.070903 TPR_4:0.005017 pggan_v1
AUC:0.981481 TPR_2:0.486303 TPR_3:0.057572 TPR_4:0.008686 pggan_v2
AUC:0.996702 TPR_2:0.971366 TPR_3:0.881068 TPR_4:0.747607 Deepfakes
AUC:0.985577 TPR_2:0.861744 TPR_3:0.631840 TPR_4:0.479549 FaceSwap
AUC:0.994357 TPR_2:0.951315 TPR_3:0.865151 TPR_4:0.752903 Face2Face
AUC:0.975172 TPR_2:0.601996 TPR_3:0.327036 TPR_4:0.227689 Test
epoch:006 batch:069000 loss:0.04088 avgloss:0.11376
AUC:0.992045 TPR_2:0.925846 TPR_3:0.838750 TPR_4:0.702247 validset
AUC:0.990526 TPR_2:0.723667 TPR_3:0.315889 TPR_4:0.013667 stylegan_celeba
AUC:0.949769 TPR_2:0.039458 TPR_3:0.001667 TPR_4:0.000000 stylegan_ffhq
AUC:0.951167 TPR_2:0.083981 TPR_3:0.005110 TPR_4:0.000000 faceapp
AUC:0.996487 TPR_2:0.961895 TPR_3:0.816410 TPR_4:0.077534 stargan
AUC:0.989435 TPR_2:0.663991 TPR_3:0.263880 TPR_4:0.007246 pggan_v1
AUC:0.987132 TPR_2:0.593653 TPR_3:0.163029 TPR_4:0.003563 pggan_v2
AUC:0.994020 TPR_2:0.947527 TPR_3:0.890083 TPR_4:0.742283 Deepfakes
AUC:0.987751 TPR_2:0.923377 TPR_3:0.833456 TPR_4:0.597866 FaceSwap
AUC:0.994250 TPR_2:0.948688 TPR_3:0.886837 TPR_4:0.754151 Face2Face
AUC:0.982282 TPR_2:0.654026 TPR_3:0.464040 TPR_4:0.244034 Test
epoch:007 batch:072000 loss:0.08259 avgloss:0.11167
AUC:0.989207 TPR_2:0.926064 TPR_3:0.844653 TPR_4:0.698082 validset
AUC:0.988891 TPR_2:0.755111 TPR_3:0.463444 TPR_4:0.166667 stylegan_celeba
AUC:0.926455 TPR_2:0.067133 TPR_3:0.008114 TPR_4:0.001223 stylegan_ffhq
AUC:0.921919 TPR_2:0.063541 TPR_3:0.008443 TPR_4:0.000889 faceapp
AUC:0.997151 TPR_2:0.954365 TPR_3:0.460047 TPR_4:0.087574 stargan
AUC:0.987516 TPR_2:0.684058 TPR_3:0.416722 TPR_4:0.136901 pggan_v1
AUC:0.985161 TPR_2:0.620156 TPR_3:0.298552 TPR_4:0.083964 pggan_v2
AUC:0.994938 TPR_2:0.946806 TPR_3:0.868318 TPR_4:0.779461 Deepfakes
AUC:0.994365 TPR_2:0.952547 TPR_3:0.853305 TPR_4:0.666715 FaceSwap
AUC:0.995156 TPR_2:0.960808 TPR_3:0.911209 TPR_4:0.840954 Face2Face
AUC:0.976839 TPR_2:0.667170 TPR_3:0.476461 TPR_4:0.307150 Test
epoch:007 batch:075000 loss:0.04410 avgloss:0.10974
AUC:0.988954 TPR_2:0.918462 TPR_3:0.837298 TPR_4:0.677912 validset
AUC:0.991188 TPR_2:0.770889 TPR_3:0.414444 TPR_4:0.074000 stylegan_celeba
AUC:0.932981 TPR_2:0.048794 TPR_3:0.003001 TPR_4:0.000000 stylegan_ffhq
AUC:0.937805 TPR_2:0.081315 TPR_3:0.007554 TPR_4:0.000222 faceapp
AUC:0.995653 TPR_2:0.933784 TPR_3:0.608452 TPR_4:0.032355 stargan
AUC:0.988000 TPR_2:0.669008 TPR_3:0.309699 TPR_4:0.036789 pggan_v1
AUC:0.984833 TPR_2:0.585412 TPR_3:0.209243 TPR_4:0.023497 pggan_v2
AUC:0.994454 TPR_2:0.943792 TPR_3:0.859258 TPR_4:0.661323 Deepfakes
AUC:0.996043 TPR_2:0.962193 TPR_3:0.897015 TPR_4:0.760019 FaceSwap
AUC:0.994775 TPR_2:0.954988 TPR_3:0.895735 TPR_4:0.796841 Face2Face
AUC:0.979526 TPR_2:0.661130 TPR_3:0.467156 TPR_4:0.265005 Test
epoch:007 batch:078000 loss:0.15761 avgloss:0.10789
AUC:0.986207 TPR_2:0.898191 TPR_3:0.814741 TPR_4:0.705334 validset
AUC:0.986546 TPR_2:0.642222 TPR_3:0.351222 TPR_4:0.102556 stylegan_celeba
AUC:0.921603 TPR_2:0.023341 TPR_3:0.002668 TPR_4:0.000111 stylegan_ffhq
AUC:0.915097 TPR_2:0.023995 TPR_3:0.002444 TPR_4:0.000000 faceapp
AUC:0.999471 TPR_2:0.994433 TPR_3:0.952175 TPR_4:0.683978 stargan
AUC:0.986563 TPR_2:0.575808 TPR_3:0.297659 TPR_4:0.075697 pggan_v1
AUC:0.983187 TPR_2:0.498107 TPR_3:0.211247 TPR_4:0.048107 pggan_v2
AUC:0.991932 TPR_2:0.915187 TPR_3:0.838228 TPR_4:0.736062 Deepfakes
AUC:0.993210 TPR_2:0.924997 TPR_3:0.839701 TPR_4:0.723813 FaceSwap
AUC:0.994198 TPR_2:0.951359 TPR_3:0.907086 TPR_4:0.842986 Face2Face
AUC:0.974645 TPR_2:0.616605 TPR_3:0.489159 TPR_4:0.357034 Test
epoch:007 batch:081000 loss:0.04092 avgloss:0.10622
AUC:0.990711 TPR_2:0.918919 TPR_3:0.803406 TPR_4:0.612637 validset
AUC:0.985057 TPR_2:0.693111 TPR_3:0.297222 TPR_4:0.089111 stylegan_celeba
AUC:0.877542 TPR_2:0.033122 TPR_3:0.003001 TPR_4:0.000333 stylegan_ffhq
AUC:0.881139 TPR_2:0.035548 TPR_3:0.002000 TPR_4:0.000000 faceapp
AUC:0.994111 TPR_2:0.895541 TPR_3:0.015516 TPR_4:0.000593 stargan
AUC:0.980964 TPR_2:0.603344 TPR_3:0.247603 TPR_4:0.078038 pggan_v1
AUC:0.977621 TPR_2:0.533073 TPR_3:0.181069 TPR_4:0.045880 pggan_v2
AUC:0.994937 TPR_2:0.930615 TPR_3:0.733841 TPR_4:0.462638 Deepfakes
AUC:0.994351 TPR_2:0.949272 TPR_3:0.849238 TPR_4:0.677116 FaceSwap
AUC:0.996529 TPR_2:0.962448 TPR_3:0.898755 TPR_4:0.785156 Face2Face
AUC:0.964694 TPR_2:0.626231 TPR_3:0.358694 TPR_4:0.237652 Test
epoch:008 batch:084000 loss:0.04884 avgloss:0.10461
AUC:0.992047 TPR_2:0.928122 TPR_3:0.847478 TPR_4:0.703475 validset
AUC:0.989283 TPR_2:0.721778 TPR_3:0.352889 TPR_4:0.173111 stylegan_celeba
AUC:0.939968 TPR_2:0.043237 TPR_3:0.001890 TPR_4:0.000222 stylegan_ffhq
AUC:0.939557 TPR_2:0.069984 TPR_3:0.005554 TPR_4:0.000667 faceapp
AUC:0.997370 TPR_2:0.962716 TPR_3:0.620317 TPR_4:0.287637 stargan
AUC:0.987983 TPR_2:0.623523 TPR_3:0.250948 TPR_4:0.115831 pggan_v1
AUC:0.985529 TPR_2:0.573163 TPR_3:0.191537 TPR_4:0.081849 pggan_v2
AUC:0.997198 TPR_2:0.964543 TPR_3:0.897098 TPR_4:0.828007 Deepfakes
AUC:0.990393 TPR_2:0.927102 TPR_3:0.840006 TPR_4:0.746145 FaceSwap
AUC:0.995647 TPR_2:0.967021 TPR_3:0.923852 TPR_4:0.866501 Face2Face
AUC:0.980326 TPR_2:0.650341 TPR_3:0.453788 TPR_4:0.344441 Test
epoch:008 batch:087000 loss:0.03983 avgloss:0.10315
AUC:0.990964 TPR_2:0.911079 TPR_3:0.821993 TPR_4:0.670820 validset
AUC:0.992943 TPR_2:0.824000 TPR_3:0.520000 TPR_4:0.226222 stylegan_celeba
AUC:0.934778 TPR_2:0.095032 TPR_3:0.009781 TPR_4:0.000556 stylegan_ffhq
AUC:0.933196 TPR_2:0.087092 TPR_3:0.007554 TPR_4:0.000667 faceapp
AUC:0.998892 TPR_2:0.979510 TPR_3:0.884954 TPR_4:0.716607 stargan
AUC:0.991771 TPR_2:0.767001 TPR_3:0.416834 TPR_4:0.161204 pggan_v1
AUC:0.989059 TPR_2:0.707572 TPR_3:0.330401 TPR_4:0.117595 pggan_v2
AUC:0.992772 TPR_2:0.905687 TPR_3:0.744003 TPR_4:0.567437 Deepfakes
AUC:0.994192 TPR_2:0.956308 TPR_3:0.896511 TPR_4:0.811520 FaceSwap
AUC:0.993303 TPR_2:0.929847 TPR_3:0.826453 TPR_4:0.688571 Face2Face
AUC:0.980101 TPR_2:0.694672 TPR_3:0.515166 TPR_4:0.365597 Test
epoch:008 batch:090000 loss:0.03865 avgloss:0.10177
AUC:0.990752 TPR_2:0.930375 TPR_3:0.874070 TPR_4:0.783537 validset
AUC:0.991801 TPR_2:0.747222 TPR_3:0.503222 TPR_4:0.223222 stylegan_celeba
AUC:0.949514 TPR_2:0.077693 TPR_3:0.012226 TPR_4:0.000556 stylegan_ffhq
AUC:0.946017 TPR_2:0.073539 TPR_3:0.011331 TPR_4:0.000889 faceapp
AUC:0.998914 TPR_2:0.982522 TPR_3:0.877424 TPR_4:0.599005 stargan
AUC:0.991411 TPR_2:0.712709 TPR_3:0.443590 TPR_4:0.180379 pggan_v1
AUC:0.989866 TPR_2:0.664811 TPR_3:0.355345 TPR_4:0.108352 pggan_v2
AUC:0.996422 TPR_2:0.964425 TPR_3:0.917393 TPR_4:0.827698 Deepfakes
AUC:0.994984 TPR_2:0.956830 TPR_3:0.892642 TPR_4:0.756636 FaceSwap
AUC:0.993172 TPR_2:0.955496 TPR_3:0.913139 TPR_4:0.829966 Face2Face
AUC:0.983567 TPR_2:0.681694 TPR_3:0.547368 TPR_4:0.391856 Test
epoch:009 batch:093000 loss:0.04340 avgloss:0.10050
AUC:0.989233 TPR_2:0.909725 TPR_3:0.828891 TPR_4:0.724388 validset
AUC:0.989838 TPR_2:0.697889 TPR_3:0.381000 TPR_4:0.132556 stylegan_celeba
AUC:0.928234 TPR_2:0.030343 TPR_3:0.002668 TPR_4:0.000222 stylegan_ffhq
AUC:0.924047 TPR_2:0.028660 TPR_3:0.002666 TPR_4:0.000222 faceapp
AUC:0.998522 TPR_2:0.976909 TPR_3:0.858303 TPR_4:0.599598 stargan
AUC:0.986391 TPR_2:0.599777 TPR_3:0.290747 TPR_4:0.086622 pggan_v1
AUC:0.984590 TPR_2:0.520379 TPR_3:0.186637 TPR_4:0.038196 pggan_v2
AUC:0.994281 TPR_2:0.939336 TPR_3:0.868700 TPR_4:0.772696 Deepfakes
AUC:0.994618 TPR_2:0.951917 TPR_3:0.890356 TPR_4:0.820320 FaceSwap
AUC:0.991170 TPR_2:0.917523 TPR_3:0.825524 TPR_4:0.724366 Face2Face
AUC:0.976854 TPR_2:0.629193 TPR_3:0.478511 TPR_4:0.352755 Test
epoch:009 batch:096000 loss:0.05323 avgloss:0.09919
AUC:0.980665 TPR_2:0.879876 TPR_3:0.765105 TPR_4:0.556992 validset
AUC:0.962157 TPR_2:0.295556 TPR_3:0.013778 TPR_4:0.000667 stylegan_celeba
AUC:0.846580 TPR_2:0.001778 TPR_3:0.000000 TPR_4:0.000000 stylegan_ffhq
AUC:0.835999 TPR_2:0.002222 TPR_3:0.000000 TPR_4:0.000000 faceapp
AUC:0.986213 TPR_2:0.736595 TPR_3:0.141651 TPR_4:0.013645 stargan
AUC:0.952260 TPR_2:0.181271 TPR_3:0.001895 TPR_4:0.000000 pggan_v1
AUC:0.945541 TPR_2:0.123385 TPR_3:0.002227 TPR_4:0.000000 pggan_v2
AUC:0.983243 TPR_2:0.878803 TPR_3:0.730356 TPR_4:0.587408 Deepfakes
AUC:0.994093 TPR_2:0.957388 TPR_3:0.884220 TPR_4:0.727880 FaceSwap
AUC:0.990406 TPR_2:0.919918 TPR_3:0.800078 TPR_4:0.623773 Face2Face
AUC:0.944055 TPR_2:0.455213 TPR_3:0.286023 TPR_4:0.217041 Test
epoch:009 batch:099000 loss:0.03960 avgloss:0.09797
AUC:0.987289 TPR_2:0.916555 TPR_3:0.812401 TPR_4:0.618583 validset
AUC:0.995109 TPR_2:0.875333 TPR_3:0.504000 TPR_4:0.065333 stylegan_celeba
AUC:0.958763 TPR_2:0.159609 TPR_3:0.009003 TPR_4:0.000000 stylegan_ffhq
AUC:0.950724 TPR_2:0.114419 TPR_3:0.006887 TPR_4:0.000222 faceapp
AUC:0.995924 TPR_2:0.941359 TPR_3:0.591019 TPR_4:0.129603 stargan
AUC:0.994059 TPR_2:0.842475 TPR_3:0.424303 TPR_4:0.046934 pggan_v1
AUC:0.992694 TPR_2:0.800111 TPR_3:0.340869 TPR_4:0.021715 pggan_v2
AUC:0.995567 TPR_2:0.964690 TPR_3:0.893731 TPR_4:0.750592 Deepfakes
AUC:0.983907 TPR_2:0.841590 TPR_3:0.573609 TPR_4:0.299635 FaceSwap
AUC:0.994664 TPR_2:0.954770 TPR_3:0.863743 TPR_4:0.653051 Face2Face
AUC:0.984601 TPR_2:0.721595 TPR_3:0.467463 TPR_4:0.218565 Test
epoch:009 batch:102000 loss:0.04515 avgloss:0.09676
AUC:0.984977 TPR_2:0.914759 TPR_3:0.837565 TPR_4:0.754013 validset
AUC:0.994431 TPR_2:0.849333 TPR_3:0.447889 TPR_4:0.146778 stylegan_celeba
AUC:0.957247 TPR_2:0.109036 TPR_3:0.005224 TPR_4:0.000445 stylegan_ffhq
AUC:0.952059 TPR_2:0.112419 TPR_3:0.006665 TPR_4:0.000444 faceapp
AUC:0.996121 TPR_2:0.961028 TPR_3:0.724730 TPR_4:0.103546 stargan
AUC:0.993559 TPR_2:0.805128 TPR_3:0.369119 TPR_4:0.101561 pggan_v1
AUC:0.992059 TPR_2:0.758575 TPR_3:0.282628 TPR_4:0.065702 pggan_v2
AUC:0.990705 TPR_2:0.917335 TPR_3:0.812904 TPR_4:0.697957 Deepfakes
AUC:0.996450 TPR_2:0.968455 TPR_3:0.901315 TPR_4:0.787245 FaceSwap
AUC:0.995554 TPR_2:0.964045 TPR_3:0.911427 TPR_4:0.835670 Face2Face
AUC:0.985354 TPR_2:0.716150 TPR_3:0.495767 TPR_4:0.304372 Test
epoch:010 batch:105000 loss:0.04322 avgloss:0.09566
AUC:0.987973 TPR_2:0.925574 TPR_3:0.863109 TPR_4:0.758120 validset
AUC:0.996981 TPR_2:0.915333 TPR_3:0.698556 TPR_4:0.372000 stylegan_celeba
AUC:0.969984 TPR_2:0.246193 TPR_3:0.040458 TPR_4:0.003446 stylegan_ffhq
AUC:0.962917 TPR_2:0.195734 TPR_3:0.031326 TPR_4:0.003777 faceapp
AUC:0.996150 TPR_2:0.950669 TPR_3:0.650938 TPR_4:0.234518 stargan
AUC:0.996524 TPR_2:0.896656 TPR_3:0.625753 TPR_4:0.290301 pggan_v1
AUC:0.995819 TPR_2:0.874499 TPR_3:0.567149 TPR_4:0.234521 pggan_v2
AUC:0.991194 TPR_2:0.933159 TPR_3:0.864303 TPR_4:0.768769 Deepfakes
AUC:0.992383 TPR_2:0.946753 TPR_3:0.859495 TPR_4:0.713700 FaceSwap
AUC:0.992712 TPR_2:0.946917 TPR_3:0.901542 TPR_4:0.829458 Face2Face
AUC:0.988296 TPR_2:0.767324 TPR_3:0.582169 TPR_4:0.383388 Test
epoch:010 batch:108000 loss:0.06175 avgloss:0.09459

Model:xception BatchSize:16 lr:0.000200
epoch:000 batch:003000 loss:0.03849 avgloss:0.05994
AUC:0.990516 TPR_2:0.926292 TPR_3:0.845395 TPR_4:0.689670 validset
AUC:0.991368 TPR_2:0.735111 TPR_3:0.312556 TPR_4:0.062556 stylegan_celeba
AUC:0.937496 TPR_2:0.059575 TPR_3:0.001667 TPR_4:0.000111 stylegan_ffhq
AUC:0.932887 TPR_2:0.058209 TPR_3:0.003777 TPR_4:0.000000 faceapp
AUC:0.999656 TPR_2:0.995163 TPR_3:0.964359 TPR_4:0.855154 stargan
AUC:0.989334 TPR_2:0.661204 TPR_3:0.226087 TPR_4:0.035563 pggan_v1
AUC:0.987742 TPR_2:0.616592 TPR_3:0.165479 TPR_4:0.018486 pggan_v2
AUC:0.994263 TPR_2:0.945012 TPR_3:0.845626 TPR_4:0.710840 Deepfakes
AUC:0.993745 TPR_2:0.958827 TPR_3:0.898472 TPR_4:0.815479 FaceSwap
AUC:0.995086 TPR_2:0.959052 TPR_3:0.893935 TPR_4:0.808251 Face2Face
AUC:0.980175 TPR_2:0.665416 TPR_3:0.479106 TPR_4:0.367382 Test
epoch:000 batch:006000 loss:0.03437 avgloss:0.05915
AUC:0.986955 TPR_2:0.915924 TPR_3:0.836415 TPR_4:0.705373 validset
AUC:0.994097 TPR_2:0.832444 TPR_3:0.477222 TPR_4:0.034000 stylegan_celeba
AUC:0.940858 TPR_2:0.069912 TPR_3:0.005002 TPR_4:0.000000 stylegan_ffhq
AUC:0.934436 TPR_2:0.073095 TPR_3:0.005554 TPR_4:0.000000 faceapp
AUC:0.994252 TPR_2:0.917264 TPR_3:0.726007 TPR_4:0.258385 stargan
AUC:0.991889 TPR_2:0.743590 TPR_3:0.355741 TPR_4:0.023523 pggan_v1
AUC:0.990444 TPR_2:0.704677 TPR_3:0.273163 TPR_4:0.009131 pggan_v2
AUC:0.991314 TPR_2:0.931262 TPR_3:0.855288 TPR_4:0.681957 Deepfakes
AUC:0.996177 TPR_2:0.969966 TPR_3:0.936856 TPR_4:0.856418 FaceSwap
AUC:0.994838 TPR_2:0.959153 TPR_3:0.908306 TPR_4:0.781644 Face2Face
AUC:0.980923 TPR_2:0.689040 TPR_3:0.504793 TPR_4:0.293895 Test
epoch:000 batch:009000 loss:0.03990 avgloss:0.05860
AUC:0.986989 TPR_2:0.913885 TPR_3:0.815993 TPR_4:0.695602 validset
AUC:0.984218 TPR_2:0.597111 TPR_3:0.056444 TPR_4:0.000222 stylegan_celeba
AUC:0.910005 TPR_2:0.011226 TPR_3:0.000000 TPR_4:0.000000 stylegan_ffhq
AUC:0.900091 TPR_2:0.009331 TPR_3:0.000222 TPR_4:0.000000 faceapp
AUC:0.996164 TPR_2:0.940309 TPR_3:0.418519 TPR_4:0.009081 stargan
AUC:0.981073 TPR_2:0.501003 TPR_3:0.044147 TPR_4:0.000334 pggan_v1
AUC:0.978115 TPR_2:0.430846 TPR_3:0.024165 TPR_4:0.000111 pggan_v2
AUC:0.996028 TPR_2:0.952454 TPR_3:0.817948 TPR_4:0.615733 Deepfakes
AUC:0.992976 TPR_2:0.931205 TPR_3:0.774685 TPR_4:0.521279 FaceSwap
AUC:0.994875 TPR_2:0.963334 TPR_3:0.916043 TPR_4:0.811938 Face2Face
AUC:0.970394 TPR_2:0.592980 TPR_3:0.339130 TPR_4:0.217633 Test
epoch:001 batch:012000 loss:0.03700 avgloss:0.05896
AUC:0.991230 TPR_2:0.930647 TPR_3:0.875021 TPR_4:0.779013 validset
AUC:0.996170 TPR_2:0.882000 TPR_3:0.585556 TPR_4:0.221556 stylegan_celeba
AUC:0.961373 TPR_2:0.109814 TPR_3:0.007669 TPR_4:0.000333 stylegan_ffhq
AUC:0.955849 TPR_2:0.111309 TPR_3:0.010442 TPR_4:0.000222 faceapp
AUC:0.999066 TPR_2:0.987222 TPR_3:0.913841 TPR_4:0.591293 stargan
AUC:0.994712 TPR_2:0.830100 TPR_3:0.482943 TPR_4:0.169900 pggan_v1
AUC:0.993501 TPR_2:0.781737 TPR_3:0.391425 TPR_4:0.105122 pggan_v2
AUC:0.994173 TPR_2:0.946145 TPR_3:0.894981 TPR_4:0.804447 Deepfakes
AUC:0.993545 TPR_2:0.951575 TPR_3:0.905076 TPR_4:0.808515 FaceSwap
AUC:0.994158 TPR_2:0.954392 TPR_3:0.919657 TPR_4:0.856848 Face2Face
AUC:0.986950 TPR_2:0.728255 TPR_3:0.567954 TPR_4:0.395360 Test
epoch:001 batch:015000 loss:0.03848 avgloss:0.05880
AUC:0.987222 TPR_2:0.915331 TPR_3:0.844735 TPR_4:0.737727 validset
AUC:0.991700 TPR_2:0.800444 TPR_3:0.385667 TPR_4:0.163444 stylegan_celeba
AUC:0.935104 TPR_2:0.080360 TPR_3:0.005113 TPR_4:0.001223 stylegan_ffhq
AUC:0.923645 TPR_2:0.083315 TPR_3:0.007554 TPR_4:0.001111 faceapp
AUC:0.996356 TPR_2:0.925432 TPR_3:0.494136 TPR_4:0.135353 stargan
AUC:0.990554 TPR_2:0.735897 TPR_3:0.310591 TPR_4:0.115608 pggan_v1
AUC:0.987378 TPR_2:0.661136 TPR_3:0.230846 TPR_4:0.080735 pggan_v2
AUC:0.990677 TPR_2:0.913908 TPR_3:0.794462 TPR_4:0.669941 Deepfakes
AUC:0.995370 TPR_2:0.963974 TPR_3:0.886829 TPR_4:0.810963 FaceSwap
AUC:0.992849 TPR_2:0.944740 TPR_3:0.862190 TPR_4:0.787552 Face2Face
AUC:0.978181 TPR_2:0.678801 TPR_3:0.441932 TPR_4:0.307325 Test
epoch:001 batch:018000 loss:0.03714 avgloss:0.05845
AUC:0.987907 TPR_2:0.935030 TPR_3:0.882089 TPR_4:0.800246 validset
AUC:0.996271 TPR_2:0.908222 TPR_3:0.704111 TPR_4:0.458333 stylegan_celeba
AUC:0.951207 TPR_2:0.191619 TPR_3:0.038346 TPR_4:0.008003 stylegan_ffhq
AUC:0.945610 TPR_2:0.170629 TPR_3:0.028216 TPR_4:0.004221 faceapp
AUC:0.997311 TPR_2:0.972802 TPR_3:0.839182 TPR_4:0.187971 stargan
AUC:0.995601 TPR_2:0.887179 TPR_3:0.641583 TPR_4:0.406577 pggan_v1
AUC:0.994364 TPR_2:0.853898 TPR_3:0.575167 TPR_4:0.308686 pggan_v2
AUC:0.995541 TPR_2:0.964866 TPR_3:0.895157 TPR_4:0.792006 Deepfakes
AUC:0.995107 TPR_2:0.969822 TPR_3:0.916791 TPR_4:0.817279 FaceSwap
AUC:0.989113 TPR_2:0.932663 TPR_3:0.857981 TPR_4:0.759653 Face2Face
AUC:0.984458 TPR_2:0.761300 TPR_3:0.610726 TPR_4:0.415859 Test
epoch:002 batch:021000 loss:0.03878 avgloss:0.05798
AUC:0.987658 TPR_2:0.938938 TPR_3:0.858701 TPR_4:0.743368 validset
AUC:0.992091 TPR_2:0.742889 TPR_3:0.331333 TPR_4:0.085667 stylegan_celeba
AUC:0.942195 TPR_2:0.047238 TPR_3:0.001556 TPR_4:0.000111 stylegan_ffhq
AUC:0.931533 TPR_2:0.048656 TPR_3:0.003110 TPR_4:0.000000 faceapp
AUC:0.997826 TPR_2:0.971889 TPR_3:0.732898 TPR_4:0.043627 stargan
AUC:0.992978 TPR_2:0.743701 TPR_3:0.282609 TPR_4:0.068673 pggan_v1
AUC:0.990701 TPR_2:0.671604 TPR_3:0.200445 TPR_4:0.046882 pggan_v2
AUC:0.997527 TPR_2:0.976028 TPR_3:0.932541 TPR_4:0.833096 Deepfakes
AUC:0.995466 TPR_2:0.955678 TPR_3:0.864858 TPR_4:0.697738 FaceSwap
AUC:0.996084 TPR_2:0.973959 TPR_3:0.944144 TPR_4:0.876923 Face2Face
AUC:0.981822 TPR_2:0.681294 TPR_3:0.477055 TPR_4:0.294746 Test
epoch:002 batch:024000 loss:0.05889 avgloss:0.05784
AUC:0.988526 TPR_2:0.935846 TPR_3:0.869060 TPR_4:0.768659 validset
AUC:0.990430 TPR_2:0.752222 TPR_3:0.405778 TPR_4:0.103444 stylegan_celeba
AUC:0.946996 TPR_2:0.055129 TPR_3:0.003223 TPR_4:0.000111 stylegan_ffhq
AUC:0.932936 TPR_2:0.037547 TPR_3:0.001555 TPR_4:0.000000 faceapp
AUC:0.998716 TPR_2:0.979692 TPR_3:0.848081 TPR_4:0.343038 stargan
AUC:0.990581 TPR_2:0.710033 TPR_3:0.316276 TPR_4:0.071014 pggan_v1
AUC:0.988338 TPR_2:0.653007 TPR_3:0.253452 TPR_4:0.042539 pggan_v2
AUC:0.997491 TPR_2:0.969366 TPR_3:0.910099 TPR_4:0.806536 Deepfakes
AUC:0.996129 TPR_2:0.964550 TPR_3:0.903979 TPR_4:0.808281 FaceSwap
AUC:0.995206 TPR_2:0.966658 TPR_3:0.926871 TPR_4:0.846847 Face2Face
AUC:0.981869 TPR_2:0.676467 TPR_3:0.507702 TPR_4:0.335757 Test
epoch:002 batch:027000 loss:0.04088 avgloss:0.05757
AUC:0.981684 TPR_2:0.907001 TPR_3:0.810872 TPR_4:0.686053 validset
AUC:0.978433 TPR_2:0.609111 TPR_3:0.234778 TPR_4:0.065111 stylegan_celeba
AUC:0.849586 TPR_2:0.017006 TPR_3:0.000889 TPR_4:0.000000 stylegan_ffhq
AUC:0.850586 TPR_2:0.025550 TPR_3:0.001777 TPR_4:0.000444 faceapp
AUC:0.992986 TPR_2:0.855018 TPR_3:0.363620 TPR_4:0.068453 stargan
AUC:0.971268 TPR_2:0.526644 TPR_3:0.197993 TPR_4:0.053623 pggan_v1
AUC:0.967201 TPR_2:0.446993 TPR_3:0.136971 TPR_4:0.035523 pggan_v2
AUC:0.990618 TPR_2:0.913923 TPR_3:0.783961 TPR_4:0.632778 Deepfakes
AUC:0.994623 TPR_2:0.970182 TPR_3:0.923359 TPR_4:0.837667 FaceSwap

Model:xception BatchSize:16 lr:0.000200
epoch:000 batch:003000 loss:0.03687 avgloss:0.05172
AUC:0.983398 TPR_2:0.907598 TPR_3:0.810527 TPR_4:0.691869 validset
AUC:0.980288 TPR_2:0.478667 TPR_3:0.119667 TPR_4:0.026444 stylegan_celeba
AUC:0.923238 TPR_2:0.011337 TPR_3:0.000333 TPR_4:0.000000 stylegan_ffhq
AUC:0.907909 TPR_2:0.009553 TPR_3:0.000889 TPR_4:0.000000 faceapp
AUC:0.996722 TPR_2:0.954548 TPR_3:0.617852 TPR_4:0.041847 stargan
AUC:0.979786 TPR_2:0.380156 TPR_3:0.077258 TPR_4:0.008584 pggan_v1
AUC:0.974329 TPR_2:0.321047 TPR_3:0.055345 TPR_4:0.007795 pggan_v2
AUC:0.991765 TPR_2:0.917570 TPR_3:0.758475 TPR_4:0.488889 Deepfakes
AUC:0.996205 TPR_2:0.975545 TPR_3:0.928524 TPR_4:0.813536 FaceSwap
AUC:0.994254 TPR_2:0.957702 TPR_3:0.877039 TPR_4:0.702230 Face2Face
AUC:0.971611 TPR_2:0.556236 TPR_3:0.381709 TPR_4:0.232147 Test
epoch:000 batch:006000 loss:0.04111 avgloss:0.05203

Model:xception BatchSize:16 lr:0.000200
epoch:000 batch:003000 loss:0.03548 avgloss:0.04730
AUC:0.990404 TPR_2:0.932205 TPR_3:0.866764 TPR_4:0.747470 validset
AUC:0.994963 TPR_2:0.859556 TPR_3:0.546111 TPR_4:0.266556 stylegan_celeba
AUC:0.967779 TPR_2:0.174614 TPR_3:0.024897 TPR_4:0.002890 stylegan_ffhq
AUC:0.953697 TPR_2:0.095090 TPR_3:0.011331 TPR_4:0.001333 faceapp
AUC:0.998643 TPR_2:0.983024 TPR_3:0.873043 TPR_4:0.529640 stargan
AUC:0.995052 TPR_2:0.840691 TPR_3:0.475474 TPR_4:0.210256 pggan_v1
AUC:0.993517 TPR_2:0.789198 TPR_3:0.391982 TPR_4:0.147216 pggan_v2
AUC:0.994342 TPR_2:0.945365 TPR_3:0.852405 TPR_4:0.695678 Deepfakes
AUC:0.995513 TPR_2:0.965360 TPR_3:0.923323 TPR_4:0.806806 FaceSwap
AUC:0.995175 TPR_2:0.962100 TPR_3:0.918176 TPR_4:0.816205 Face2Face
AUC:0.987631 TPR_2:0.735000 TPR_3:0.557416 TPR_4:0.386287 Test
epoch:000 batch:006000 loss:0.03676 avgloss:0.04996
AUC:0.989917 TPR_2:0.938549 TPR_3:0.867516 TPR_4:0.728873 validset
AUC:0.993788 TPR_2:0.816889 TPR_3:0.371111 TPR_4:0.039444 stylegan_celeba
AUC:0.949581 TPR_2:0.075692 TPR_3:0.001778 TPR_4:0.000000 stylegan_ffhq
AUC:0.944304 TPR_2:0.084426 TPR_3:0.003999 TPR_4:0.000222 faceapp
AUC:0.998641 TPR_2:0.982020 TPR_3:0.893853 TPR_4:0.648519 stargan
AUC:0.993183 TPR_2:0.771906 TPR_3:0.303344 TPR_4:0.025084 pggan_v1
AUC:0.991215 TPR_2:0.712361 TPR_3:0.214588 TPR_4:0.016147 pggan_v2
AUC:0.995885 TPR_2:0.957586 TPR_3:0.896540 TPR_4:0.787579 Deepfakes
AUC:0.997022 TPR_2:0.966079 TPR_3:0.874593 TPR_4:0.663799 FaceSwap
AUC:0.996416 TPR_2:0.968734 TPR_3:0.915941 TPR_4:0.802662 Face2Face
AUC:0.984448 TPR_2:0.703966 TPR_3:0.497305 TPR_4:0.331495 Test
epoch:000 batch:009000 loss:0.03930 avgloss:0.05018
AUC:0.988256 TPR_2:0.942185 TPR_3:0.873055 TPR_4:0.718970 validset
AUC:0.996792 TPR_2:0.926222 TPR_3:0.531444 TPR_4:0.047000 stylegan_celeba
AUC:0.963768 TPR_2:0.191731 TPR_3:0.008670 TPR_4:0.000000 stylegan_ffhq
AUC:0.953751 TPR_2:0.131082 TPR_3:0.004221 TPR_4:0.000000 faceapp
AUC:0.995924 TPR_2:0.939442 TPR_3:0.718843 TPR_4:0.332086 stargan
AUC:0.995804 TPR_2:0.893088 TPR_3:0.399220 TPR_4:0.013266 pggan_v1
AUC:0.994349 TPR_2:0.839866 TPR_3:0.299109 TPR_4:0.012249 pggan_v2
AUC:0.997045 TPR_2:0.972425 TPR_3:0.911908 TPR_4:0.773681 Deepfakes
AUC:0.995757 TPR_2:0.962894 TPR_3:0.873855 TPR_4:0.690396 FaceSwap
AUC:0.996173 TPR_2:0.972464 TPR_3:0.939238 TPR_4:0.853118 Face2Face
AUC:0.987707 TPR_2:0.758802 TPR_3:0.520723 TPR_4:0.302422 Test
epoch:001 batch:012000 loss:0.03764 avgloss:0.05052
AUC:0.990473 TPR_2:0.937025 TPR_3:0.888288 TPR_4:0.788391 validset
AUC:0.994028 TPR_2:0.817778 TPR_3:0.440444 TPR_4:0.110111 stylegan_celeba
AUC:0.963024 TPR_2:0.104146 TPR_3:0.004779 TPR_4:0.000111 stylegan_ffhq
AUC:0.960968 TPR_2:0.143968 TPR_3:0.007110 TPR_4:0.000000 faceapp
AUC:0.998367 TPR_2:0.978369 TPR_3:0.816410 TPR_4:0.160133 stargan
AUC:0.994175 TPR_2:0.809142 TPR_3:0.375028 TPR_4:0.082832 pggan_v1
AUC:0.991680 TPR_2:0.746102 TPR_3:0.266927 TPR_4:0.038976 pggan_v2
AUC:0.994769 TPR_2:0.957101 TPR_3:0.899084 TPR_4:0.785167 Deepfakes
AUC:0.994960 TPR_2:0.959925 TPR_3:0.901963 TPR_4:0.775512 FaceSwap
AUC:0.995835 TPR_2:0.969358 TPR_3:0.939050 TPR_4:0.875210 Face2Face
AUC:0.987534 TPR_2:0.720654 TPR_3:0.516755 TPR_4:0.314228 Test
epoch:001 batch:015000 loss:0.03954 avgloss:0.05085
AUC:0.990518 TPR_2:0.937816 TPR_3:0.886070 TPR_4:0.799911 validset
AUC:0.996556 TPR_2:0.903111 TPR_3:0.668444 TPR_4:0.286778 stylegan_celeba
AUC:0.956586 TPR_2:0.138935 TPR_3:0.016450 TPR_4:0.000778 stylegan_ffhq
AUC:0.950022 TPR_2:0.134192 TPR_3:0.020440 TPR_4:0.001333 faceapp
AUC:0.999360 TPR_2:0.992972 TPR_3:0.928627 TPR_4:0.158445 stargan
AUC:0.994841 TPR_2:0.843701 TPR_3:0.546934 TPR_4:0.202007 pggan_v1
AUC:0.993503 TPR_2:0.813697 TPR_3:0.476058 TPR_4:0.131960 pggan_v2
AUC:0.996660 TPR_2:0.975558 TPR_3:0.923129 TPR_4:0.819021 Deepfakes
AUC:0.995742 TPR_2:0.971442 TPR_3:0.928452 TPR_4:0.841932 FaceSwap
AUC:0.994742 TPR_2:0.965816 TPR_3:0.932822 TPR_4:0.881554 Face2Face
AUC:0.986446 TPR_2:0.748825 TPR_3:0.604595 TPR_4:0.369312 Test
epoch:001 batch:018000 loss:0.03929 avgloss:0.05081
AUC:0.988889 TPR_2:0.932909 TPR_3:0.869589 TPR_4:0.733023 validset
AUC:0.998333 TPR_2:0.961333 TPR_3:0.808778 TPR_4:0.429333 stylegan_celeba
AUC:0.979128 TPR_2:0.453596 TPR_3:0.106369 TPR_4:0.007336 stylegan_ffhq

Model:xception BatchSize:16 lr:0.000200

Model:xception BatchSize:16 lr:0.000200

Model:xception BatchSize:16 lr:0.000200

Model:xception BatchSize:16 lr:0.000200

Model:xception BatchSize:16 lr:0.000200

Model:xception BatchSize:16 lr:0.000200

Model:xception BatchSize:16 lr:0.000200

Model:xception BatchSize:16 lr:0.000200
epoch:000 batch:003000 loss:0.03814 avgloss:0.04533
AUC:0.989400 TPR_2:0.933972 TPR_3:0.853303 TPR_4:0.781367 validset
AUC:0.994114 TPR_2:0.829667 TPR_3:0.476222 TPR_4:0.125333 stylegan_celeba
AUC:0.962481 TPR_2:0.144048 TPR_3:0.012671 TPR_4:0.000445 stylegan_ffhq
AUC:0.946423 TPR_2:0.092202 TPR_3:0.006887 TPR_4:0.000000 faceapp
AUC:0.998737 TPR_2:0.979419 TPR_3:0.907909 TPR_4:0.779720 stargan
AUC:0.993931 TPR_2:0.795764 TPR_3:0.393757 TPR_4:0.080936 pggan_v1
AUC:0.991715 TPR_2:0.729510 TPR_3:0.273051 TPR_4:0.039644 pggan_v2
AUC:0.994724 TPR_2:0.949248 TPR_3:0.878156 TPR_4:0.767122 Deepfakes
AUC:0.994945 TPR_2:0.960951 TPR_3:0.892462 TPR_4:0.708175 FaceSwap
AUC:0.994641 TPR_2:0.953652 TPR_3:0.893471 TPR_4:0.756445 Face2Face
AUC:0.985745 TPR_2:0.714940 TPR_3:0.526065 TPR_4:0.361980 Test
epoch:000 batch:006000 loss:0.03975 avgloss:0.04936
AUC:0.987637 TPR_2:0.923855 TPR_3:0.854556 TPR_4:0.756101 validset
AUC:0.990264 TPR_2:0.798222 TPR_3:0.528000 TPR_4:0.310222 stylegan_celeba
AUC:0.908737 TPR_2:0.064132 TPR_3:0.007669 TPR_4:0.001445 stylegan_ffhq
AUC:0.900692 TPR_2:0.064652 TPR_3:0.008665 TPR_4:0.001555 faceapp
AUC:0.996681 TPR_2:0.941085 TPR_3:0.775430 TPR_4:0.523981 stargan
AUC:0.985562 TPR_2:0.716165 TPR_3:0.462765 TPR_4:0.270680 pggan_v1
AUC:0.982182 TPR_2:0.634633 TPR_3:0.322383 TPR_4:0.135635 pggan_v2
AUC:0.992329 TPR_2:0.940130 TPR_3:0.864729 TPR_4:0.764872 Deepfakes
AUC:0.995809 TPR_2:0.977002 TPR_3:0.947797 TPR_4:0.887999 FaceSwap
AUC:0.993682 TPR_2:0.952694 TPR_3:0.906419 TPR_4:0.838269 Face2Face
AUC:0.971771 TPR_2:0.676524 TPR_3:0.535984 TPR_4:0.414962 Test

Model:xception BatchSize:16 lr:0.000200
epoch:000 batch:003000 loss:0.03809 avgloss:0.04484
AUC:0.989229 TPR_2:0.921953 TPR_3:0.865026 TPR_4:0.748737 validset
AUC:0.994726 TPR_2:0.857000 TPR_3:0.553889 TPR_4:0.168556 stylegan_celeba
AUC:0.940396 TPR_2:0.089030 TPR_3:0.008892 TPR_4:0.000222 stylegan_ffhq
AUC:0.921548 TPR_2:0.079094 TPR_3:0.009553 TPR_4:0.000667 faceapp
AUC:0.998866 TPR_2:0.983115 TPR_3:0.918268 TPR_4:0.679962 stargan
AUC:0.993215 TPR_2:0.803233 TPR_3:0.492085 TPR_4:0.158082 pggan_v1
AUC:0.990944 TPR_2:0.738419 TPR_3:0.355791 TPR_4:0.068151 pggan_v2
AUC:0.995911 TPR_2:0.945836 TPR_3:0.873303 TPR_4:0.712634 Deepfakes
AUC:0.994129 TPR_2:0.957010 TPR_3:0.903745 TPR_4:0.782620 FaceSwap
AUC:0.994211 TPR_2:0.959778 TPR_3:0.915738 TPR_4:0.842275 Face2Face
AUC:0.980438 TPR_2:0.712501 TPR_3:0.559029 TPR_4:0.379241 Test
epoch:000 batch:006000 loss:0.07035 avgloss:0.04695
AUC:0.990478 TPR_2:0.938292 TPR_3:0.874546 TPR_4:0.759018 validset
AUC:0.995960 TPR_2:0.902778 TPR_3:0.620111 TPR_4:0.255333 stylegan_celeba
AUC:0.948883 TPR_2:0.173280 TPR_3:0.018562 TPR_4:0.000445 stylegan_ffhq
AUC:0.936459 TPR_2:0.145523 TPR_3:0.013330 TPR_4:0.000889 faceapp
AUC:0.997569 TPR_2:0.965409 TPR_3:0.848629 TPR_4:0.667595 stargan
AUC:0.995345 TPR_2:0.879376 TPR_3:0.556633 TPR_4:0.218841 pggan_v1
AUC:0.993487 TPR_2:0.835189 TPR_3:0.453341 TPR_4:0.131960 pggan_v2
AUC:0.996238 TPR_2:0.962469 TPR_3:0.905187 TPR_4:0.828125 Deepfakes
AUC:0.993236 TPR_2:0.945511 TPR_3:0.872254 TPR_4:0.773767 FaceSwap
AUC:0.996141 TPR_2:0.962971 TPR_3:0.920615 TPR_4:0.853074 Face2Face
AUC:0.983702 TPR_2:0.752501 TPR_3:0.578740 TPR_4:0.414448 Test
epoch:000 batch:009000 loss:0.04132 avgloss:0.04870
AUC:0.987788 TPR_2:0.920496 TPR_3:0.813818 TPR_4:0.617671 validset
AUC:0.991845 TPR_2:0.795556 TPR_3:0.389333 TPR_4:0.047556 stylegan_celeba
AUC:0.949445 TPR_2:0.109481 TPR_3:0.008114 TPR_4:0.000222 stylegan_ffhq
AUC:0.926529 TPR_2:0.047767 TPR_3:0.002444 TPR_4:0.000000 faceapp
AUC:0.994270 TPR_2:0.890248 TPR_3:0.291836 TPR_4:0.017022 stargan
AUC:0.991849 TPR_2:0.769119 TPR_3:0.306355 TPR_4:0.024303 pggan_v1
AUC:0.986780 TPR_2:0.656793 TPR_3:0.201782 TPR_4:0.015924 pggan_v2
AUC:0.996305 TPR_2:0.958028 TPR_3:0.877877 TPR_4:0.718885 Deepfakes
AUC:0.992636 TPR_2:0.927192 TPR_3:0.734808 TPR_4:0.387144 FaceSwap
AUC:0.994475 TPR_2:0.959865 TPR_3:0.883092 TPR_4:0.679760 Face2Face
AUC:0.980459 TPR_2:0.679339 TPR_3:0.410627 TPR_4:0.210091 Test
epoch:001 batch:012000 loss:0.04516 avgloss:0.04961
AUC:0.991577 TPR_2:0.933996 TPR_3:0.873846 TPR_4:0.779620 validset
AUC:0.993589 TPR_2:0.813000 TPR_3:0.310000 TPR_4:0.042667 stylegan_celeba
AUC:0.964024 TPR_2:0.133267 TPR_3:0.002779 TPR_4:0.000000 stylegan_ffhq
AUC:0.948672 TPR_2:0.110420 TPR_3:0.003999 TPR_4:0.000000 faceapp
AUC:0.999720 TPR_2:0.995802 TPR_3:0.957970 TPR_4:0.802811 stargan
AUC:0.993515 TPR_2:0.797101 TPR_3:0.272241 TPR_4:0.040245 pggan_v1
AUC:0.989287 TPR_2:0.676726 TPR_3:0.168486 TPR_4:0.017372 pggan_v2
AUC:0.996680 TPR_2:0.961248 TPR_3:0.900201 TPR_4:0.813698 Deepfakes
AUC:0.993462 TPR_2:0.947455 TPR_3:0.895233 TPR_4:0.802271 FaceSwap
AUC:0.996014 TPR_2:0.962042 TPR_3:0.917451 TPR_4:0.837340 Face2Face
AUC:0.986107 TPR_2:0.710785 TPR_3:0.492040 TPR_4:0.372934 Test
epoch:001 batch:015000 loss:0.04027 avgloss:0.05013
AUC:0.990345 TPR_2:0.927919 TPR_3:0.849536 TPR_4:0.763469 validset
AUC:0.997110 TPR_2:0.922667 TPR_3:0.549222 TPR_4:0.193333 stylegan_celeba
AUC:0.974242 TPR_2:0.217628 TPR_3:0.009892 TPR_4:0.000556 stylegan_ffhq
AUC:0.968986 TPR_2:0.175961 TPR_3:0.007998 TPR_4:0.000444 faceapp
AUC:0.998496 TPR_2:0.979601 TPR_3:0.884635 TPR_4:0.450189 stargan
AUC:0.996744 TPR_2:0.909142 TPR_3:0.481717 TPR_4:0.160201 pggan_v1
AUC:0.995639 TPR_2:0.869933 TPR_3:0.350557 TPR_4:0.077728 pggan_v2
AUC:0.991447 TPR_2:0.925188 TPR_3:0.823492 TPR_4:0.708105 Deepfakes
AUC:0.995703 TPR_2:0.974051 TPR_3:0.938547 TPR_4:0.871894 FaceSwap

Model:xception BatchSize:16 lr:0.000200
epoch:000 batch:003000 loss:0.03823 avgloss:0.04452

Model:xception BatchSize:16 lr:0.000200

Model:xception BatchSize:16 lr:0.000200
