
Model:xception BatchSize:16 lr:0.000200

Model:xception BatchSize:16 lr:0.000200

Model:xception BatchSize:16 lr:0.000200

Model:xception BatchSize:16 lr:0.000200

Model:xception BatchSize:16 lr:0.000200

Model:xception BatchSize:16 lr:0.000200

Model:xception BatchSize:16 lr:0.000200

Model:xception BatchSize:16 lr:0.000200

Model:xception BatchSize:16 lr:0.000200
epoch:000 batch:003000 loss:0.64345 avgloss:0.61237
AUC:0.737932 TPR_2:0.100130 TPR_3:0.023966 TPR_4:0.005165 validset
AUC:0.308908 TPR_2:0.000111 TPR_3:0.000000 TPR_4:0.000000 stylegan_celeba
AUC:0.237093 TPR_2:0.000445 TPR_3:0.000000 TPR_4:0.000000 stylegan_ffhq
AUC:0.231054 TPR_2:0.000000 TPR_3:0.000000 TPR_4:0.000000 faceapp
AUC:0.522029 TPR_2:0.003240 TPR_3:0.000000 TPR_4:0.000000 stargan
AUC:0.314750 TPR_2:0.000000 TPR_3:0.000000 TPR_4:0.000000 pggan_v1
AUC:0.321279 TPR_2:0.000445 TPR_3:0.000000 TPR_4:0.000000 pggan_v2
AUC:0.840800 TPR_2:0.105519 TPR_3:0.006559 TPR_4:0.001221 Deepfakes
AUC:0.736568 TPR_2:0.035162 TPR_3:0.001997 TPR_4:0.000432 FaceSwap
AUC:0.684291 TPR_2:0.046987 TPR_3:0.010277 TPR_4:0.002511 Face2Face
AUC:0.466308 TPR_2:0.021323 TPR_3:0.002093 TPR_4:0.000463 Test
epoch:000 batch:006000 loss:0.22287 avgloss:0.54613
AUC:0.848925 TPR_2:0.232055 TPR_3:0.047689 TPR_4:0.022626 validset
AUC:0.517191 TPR_2:0.000111 TPR_3:0.000000 TPR_4:0.000000 stylegan_celeba
AUC:0.375284 TPR_2:0.000000 TPR_3:0.000000 TPR_4:0.000000 stylegan_ffhq
AUC:0.444031 TPR_2:0.001111 TPR_3:0.000000 TPR_4:0.000000 faceapp
AUC:0.744131 TPR_2:0.014238 TPR_3:0.001415 TPR_4:0.000685 stargan
AUC:0.540423 TPR_2:0.000111 TPR_3:0.000000 TPR_4:0.000000 pggan_v1
AUC:0.522089 TPR_2:0.000000 TPR_3:0.000000 TPR_4:0.000000 pggan_v2
AUC:0.906401 TPR_2:0.274527 TPR_3:0.059106 TPR_4:0.024428 Deepfakes
AUC:0.805422 TPR_2:0.069479 TPR_3:0.002573 TPR_4:0.000234 FaceSwap
AUC:0.875108 TPR_2:0.214539 TPR_3:0.069674 TPR_4:0.041717 Face2Face
AUC:0.636676 TPR_2:0.063791 TPR_3:0.014752 TPR_4:0.007451 Test
epoch:000 batch:009000 loss:0.36293 avgloss:0.47682
AUC:0.937913 TPR_2:0.566152 TPR_3:0.336010 TPR_4:0.171614 validset
AUC:0.730968 TPR_2:0.001333 TPR_3:0.000111 TPR_4:0.000000 stylegan_celeba
AUC:0.550394 TPR_2:0.000445 TPR_3:0.000111 TPR_4:0.000000 stylegan_ffhq
AUC:0.591674 TPR_2:0.001555 TPR_3:0.000222 TPR_4:0.000000 faceapp
AUC:0.858608 TPR_2:0.153060 TPR_3:0.029754 TPR_4:0.004609 stargan
AUC:0.752370 TPR_2:0.000780 TPR_3:0.000000 TPR_4:0.000000 pggan_v1
AUC:0.746929 TPR_2:0.001782 TPR_3:0.000223 TPR_4:0.000000 pggan_v2
AUC:0.955422 TPR_2:0.582187 TPR_3:0.322500 TPR_4:0.151742 Deepfakes
AUC:0.940802 TPR_2:0.477515 TPR_3:0.221788 TPR_4:0.073761 FaceSwap
AUC:0.960681 TPR_2:0.666609 TPR_3:0.431835 TPR_4:0.253614 Face2Face
AUC:0.787539 TPR_2:0.209474 TPR_3:0.111838 TPR_4:0.053747 Test
epoch:001 batch:012000 loss:0.35008 avgloss:0.42136
AUC:0.960603 TPR_2:0.709024 TPR_3:0.512628 TPR_4:0.346179 validset
AUC:0.878966 TPR_2:0.020778 TPR_3:0.000222 TPR_4:0.000000 stylegan_celeba
AUC:0.753481 TPR_2:0.000333 TPR_3:0.000000 TPR_4:0.000000 stylegan_ffhq
AUC:0.776451 TPR_2:0.003110 TPR_3:0.000000 TPR_4:0.000000 faceapp
AUC:0.861334 TPR_2:0.224250 TPR_3:0.065714 TPR_4:0.019851 stargan
AUC:0.894355 TPR_2:0.012486 TPR_3:0.000000 TPR_4:0.000000 pggan_v1
AUC:0.884202 TPR_2:0.015145 TPR_3:0.000111 TPR_4:0.000000 pggan_v2
AUC:0.979176 TPR_2:0.788535 TPR_3:0.594997 TPR_4:0.428740 Deepfakes
AUC:0.950886 TPR_2:0.601393 TPR_3:0.384733 TPR_4:0.228428 FaceSwap
AUC:0.983828 TPR_2:0.833624 TPR_3:0.650961 TPR_4:0.473538 Face2Face
AUC:0.884742 TPR_2:0.277739 TPR_3:0.188527 TPR_4:0.127840 Test
epoch:001 batch:015000 loss:0.07383 avgloss:0.37872
AUC:0.976036 TPR_2:0.800207 TPR_3:0.598176 TPR_4:0.410484 validset
AUC:0.923952 TPR_2:0.060889 TPR_3:0.000444 TPR_4:0.000000 stylegan_celeba
AUC:0.790815 TPR_2:0.000889 TPR_3:0.000000 TPR_4:0.000000 stylegan_ffhq
AUC:0.823373 TPR_2:0.006221 TPR_3:0.000444 TPR_4:0.000000 faceapp
AUC:0.933243 TPR_2:0.312645 TPR_3:0.065258 TPR_4:0.008397 stargan
AUC:0.933664 TPR_2:0.046600 TPR_3:0.000223 TPR_4:0.000000 pggan_v1
AUC:0.926466 TPR_2:0.034855 TPR_3:0.000111 TPR_4:0.000000 pggan_v2
AUC:0.986394 TPR_2:0.862259 TPR_3:0.701031 TPR_4:0.515817 Deepfakes
AUC:0.976730 TPR_2:0.763366 TPR_3:0.546904 TPR_4:0.349391 FaceSwap
AUC:0.986989 TPR_2:0.880334 TPR_3:0.744339 TPR_4:0.556697 Face2Face
AUC:0.920181 TPR_2:0.329784 TPR_3:0.228751 TPR_4:0.158922 Test
epoch:001 batch:018000 loss:0.22578 avgloss:0.34547
AUC:0.976647 TPR_2:0.817726 TPR_3:0.639646 TPR_4:0.444435 validset
AUC:0.965050 TPR_2:0.244333 TPR_3:0.002222 TPR_4:0.000000 stylegan_celeba
AUC:0.865079 TPR_2:0.006558 TPR_3:0.000000 TPR_4:0.000000 stylegan_ffhq
AUC:0.876556 TPR_2:0.019329 TPR_3:0.000444 TPR_4:0.000000 faceapp
AUC:0.928586 TPR_2:0.387350 TPR_3:0.087254 TPR_4:0.012550 stargan
AUC:0.963421 TPR_2:0.193868 TPR_3:0.000000 TPR_4:0.000000 pggan_v1
AUC:0.959883 TPR_2:0.155568 TPR_3:0.000445 TPR_4:0.000000 pggan_v2
AUC:0.984418 TPR_2:0.847920 TPR_3:0.670162 TPR_4:0.435078 Deepfakes
AUC:0.987587 TPR_2:0.861816 TPR_3:0.675298 TPR_4:0.454698 FaceSwap
AUC:0.980292 TPR_2:0.847254 TPR_3:0.666986 TPR_4:0.438919 Face2Face
AUC:0.945652 TPR_2:0.396000 TPR_3:0.233646 TPR_4:0.149027 Test
epoch:002 batch:021000 loss:0.24799 avgloss:0.31882
AUC:0.977591 TPR_2:0.814789 TPR_3:0.655947 TPR_4:0.500337 validset
AUC:0.952611 TPR_2:0.296444 TPR_3:0.052111 TPR_4:0.001333 stylegan_celeba
AUC:0.843526 TPR_2:0.014894 TPR_3:0.000445 TPR_4:0.000000 stylegan_ffhq
AUC:0.859209 TPR_2:0.025772 TPR_3:0.002222 TPR_4:0.000000 faceapp
AUC:0.927553 TPR_2:0.306622 TPR_3:0.061562 TPR_4:0.008808 stargan
AUC:0.958116 TPR_2:0.291527 TPR_3:0.047046 TPR_4:0.000223 pggan_v1
AUC:0.951190 TPR_2:0.244098 TPR_3:0.034967 TPR_4:0.000891 pggan_v2
AUC:0.983095 TPR_2:0.818198 TPR_3:0.618704 TPR_4:0.426328 Deepfakes
AUC:0.976918 TPR_2:0.752461 TPR_3:0.533822 TPR_4:0.330424 FaceSwap
AUC:0.990889 TPR_2:0.914257 TPR_3:0.807960 TPR_4:0.673765 Face2Face
AUC:0.938123 TPR_2:0.407141 TPR_3:0.239871 TPR_4:0.160197 Test
epoch:002 batch:024000 loss:0.75203 avgloss:0.29765
AUC:0.984037 TPR_2:0.856788 TPR_3:0.701796 TPR_4:0.568133 validset
AUC:0.952621 TPR_2:0.187889 TPR_3:0.001444 TPR_4:0.000000 stylegan_celeba
AUC:0.844947 TPR_2:0.003223 TPR_3:0.000000 TPR_4:0.000000 stylegan_ffhq
AUC:0.867488 TPR_2:0.011109 TPR_3:0.000222 TPR_4:0.000000 faceapp
AUC:0.972110 TPR_2:0.646922 TPR_3:0.266737 TPR_4:0.063798 stargan
AUC:0.958527 TPR_2:0.202341 TPR_3:0.000669 TPR_4:0.000000 pggan_v1
AUC:0.951417 TPR_2:0.147550 TPR_3:0.001002 TPR_4:0.000000 pggan_v2
AUC:0.992475 TPR_2:0.910040 TPR_3:0.772122 TPR_4:0.620792 Deepfakes
AUC:0.983498 TPR_2:0.816145 TPR_3:0.594699 TPR_4:0.396916 FaceSwap
AUC:0.990400 TPR_2:0.918017 TPR_3:0.810326 TPR_4:0.687409 Face2Face
AUC:0.945943 TPR_2:0.427026 TPR_3:0.271914 TPR_4:0.196546 Test
epoch:002 batch:027000 loss:0.01613 avgloss:0.27991
AUC:0.977847 TPR_2:0.850706 TPR_3:0.706092 TPR_4:0.547939 validset
AUC:0.959811 TPR_2:0.349222 TPR_3:0.060778 TPR_4:0.004222 stylegan_celeba
AUC:0.846381 TPR_2:0.014672 TPR_3:0.000222 TPR_4:0.000000 stylegan_ffhq
AUC:0.865907 TPR_2:0.026661 TPR_3:0.001111 TPR_4:0.000000 faceapp
AUC:0.967597 TPR_2:0.632866 TPR_3:0.307215 TPR_4:0.103272 stargan
AUC:0.956338 TPR_2:0.282386 TPR_3:0.019287 TPR_4:0.000223 pggan_v1
AUC:0.951341 TPR_2:0.234187 TPR_3:0.023608 TPR_4:0.001448 pggan_v2
AUC:0.984594 TPR_2:0.850376 TPR_3:0.688516 TPR_4:0.521420 Deepfakes
AUC:0.988204 TPR_2:0.898094 TPR_3:0.762268 TPR_4:0.589642 FaceSwap
AUC:0.990322 TPR_2:0.919120 TPR_3:0.798830 TPR_4:0.651803 Face2Face
AUC:0.945611 TPR_2:0.467509 TPR_3:0.295759 TPR_4:0.208003 Test
epoch:002 batch:030000 loss:0.15398 avgloss:0.26493
AUC:0.984208 TPR_2:0.839891 TPR_3:0.659408 TPR_4:0.425804 validset
AUC:0.961279 TPR_2:0.164889 TPR_3:0.000778 TPR_4:0.000000 stylegan_celeba
AUC:0.889337 TPR_2:0.003334 TPR_3:0.000000 TPR_4:0.000000 stylegan_ffhq
AUC:0.901492 TPR_2:0.007332 TPR_3:0.000000 TPR_4:0.000000 faceapp
AUC:0.973810 TPR_2:0.682380 TPR_3:0.324009 TPR_4:0.113266 stargan
AUC:0.965024 TPR_2:0.172575 TPR_3:0.000334 TPR_4:0.000000 pggan_v1
AUC:0.959941 TPR_2:0.132962 TPR_3:0.000223 TPR_4:0.000000 pggan_v2
AUC:0.988675 TPR_2:0.889598 TPR_3:0.700693 TPR_4:0.505566 Deepfakes
AUC:0.988989 TPR_2:0.868547 TPR_3:0.663673 TPR_4:0.468770 FaceSwap
AUC:0.983712 TPR_2:0.840910 TPR_3:0.615151 TPR_4:0.417059 Face2Face
AUC:0.956917 TPR_2:0.418059 TPR_3:0.256096 TPR_4:0.167185 Test
epoch:003 batch:033000 loss:0.26357 avgloss:0.25203
AUC:0.986192 TPR_2:0.870172 TPR_3:0.730756 TPR_4:0.476799 validset
AUC:0.971243 TPR_2:0.562889 TPR_3:0.216778 TPR_4:0.024333 stylegan_celeba
AUC:0.897203 TPR_2:0.054796 TPR_3:0.003112 TPR_4:0.000222 stylegan_ffhq
AUC:0.900169 TPR_2:0.072206 TPR_3:0.005554 TPR_4:0.000222 faceapp
AUC:0.977180 TPR_2:0.689454 TPR_3:0.356090 TPR_4:0.092091 stargan
AUC:0.978209 TPR_2:0.577703 TPR_3:0.216388 TPR_4:0.021405 pggan_v1
AUC:0.972374 TPR_2:0.515590 TPR_3:0.176058 TPR_4:0.019265 pggan_v2
AUC:0.995732 TPR_2:0.952836 TPR_3:0.845287 TPR_4:0.634528 Deepfakes
AUC:0.980141 TPR_2:0.773803 TPR_3:0.550629 TPR_4:0.319933 FaceSwap
AUC:0.990933 TPR_2:0.915970 TPR_3:0.800993 TPR_4:0.615514 Face2Face
AUC:0.962576 TPR_2:0.568361 TPR_3:0.352321 TPR_4:0.191946 Test
epoch:003 batch:036000 loss:0.03701 avgloss:0.24091
AUC:0.987324 TPR_2:0.900084 TPR_3:0.791765 TPR_4:0.671058 validset
AUC:0.979680 TPR_2:0.538444 TPR_3:0.093111 TPR_4:0.013556 stylegan_celeba
AUC:0.916935 TPR_2:0.032455 TPR_3:0.001445 TPR_4:0.000111 stylegan_ffhq
AUC:0.929383 TPR_2:0.064652 TPR_3:0.002666 TPR_4:0.000222 faceapp
AUC:0.992015 TPR_2:0.876740 TPR_3:0.615251 TPR_4:0.356181 stargan
AUC:0.980557 TPR_2:0.509699 TPR_3:0.079041 TPR_4:0.007469 pggan_v1
AUC:0.975686 TPR_2:0.435523 TPR_3:0.060690 TPR_4:0.006904 pggan_v2
AUC:0.991354 TPR_2:0.918438 TPR_3:0.811477 TPR_4:0.700457 Deepfakes
AUC:0.989487 TPR_2:0.902233 TPR_3:0.765921 TPR_4:0.619928 FaceSwap
AUC:0.993837 TPR_2:0.957731 TPR_3:0.886968 TPR_4:0.802401 Face2Face
AUC:0.972104 TPR_2:0.581768 TPR_3:0.368508 TPR_4:0.278581 Test
epoch:003 batch:039000 loss:0.18267 avgloss:0.23124
AUC:0.986640 TPR_2:0.885424 TPR_3:0.752654 TPR_4:0.593574 validset
AUC:0.959683 TPR_2:0.303556 TPR_3:0.032778 TPR_4:0.000333 stylegan_celeba
AUC:0.858870 TPR_2:0.006113 TPR_3:0.000111 TPR_4:0.000000 stylegan_ffhq
AUC:0.869433 TPR_2:0.010664 TPR_3:0.000444 TPR_4:0.000000 faceapp
AUC:0.981714 TPR_2:0.734039 TPR_3:0.350614 TPR_4:0.077990 stargan
AUC:0.957593 TPR_2:0.273579 TPR_3:0.018618 TPR_4:0.000000 pggan_v1
AUC:0.951066 TPR_2:0.209243 TPR_3:0.011024 TPR_4:0.000111 pggan_v2
AUC:0.991872 TPR_2:0.894348 TPR_3:0.713105 TPR_4:0.466726 Deepfakes
AUC:0.993940 TPR_2:0.935650 TPR_3:0.819276 TPR_4:0.642026 FaceSwap
AUC:0.993191 TPR_2:0.950546 TPR_3:0.840649 TPR_4:0.647376 Face2Face
AUC:0.950818 TPR_2:0.479749 TPR_3:0.309624 TPR_4:0.203840 Test
epoch:004 batch:042000 loss:0.33298 avgloss:0.22261
AUC:0.987638 TPR_2:0.914293 TPR_3:0.808182 TPR_4:0.624171 validset
AUC:0.987967 TPR_2:0.717333 TPR_3:0.184556 TPR_4:0.012667 stylegan_celeba
AUC:0.926572 TPR_2:0.055796 TPR_3:0.000889 TPR_4:0.000000 stylegan_ffhq
AUC:0.926402 TPR_2:0.070429 TPR_3:0.003110 TPR_4:0.000000 faceapp
AUC:0.982396 TPR_2:0.805549 TPR_3:0.569297 TPR_4:0.346552 stargan
AUC:0.985308 TPR_2:0.621628 TPR_3:0.117057 TPR_4:0.002118 pggan_v1
AUC:0.981971 TPR_2:0.542094 TPR_3:0.078285 TPR_4:0.003229 pggan_v2
AUC:0.994049 TPR_2:0.931306 TPR_3:0.813271 TPR_4:0.660750 Deepfakes
AUC:0.993399 TPR_2:0.931457 TPR_3:0.828706 TPR_4:0.695273 FaceSwap
AUC:0.992443 TPR_2:0.950023 TPR_3:0.872061 TPR_4:0.735876 Face2Face
AUC:0.974501 TPR_2:0.625068 TPR_3:0.385248 TPR_4:0.272941 Test
epoch:004 batch:045000 loss:0.08212 avgloss:0.21470
AUC:0.987671 TPR_2:0.892943 TPR_3:0.777707 TPR_4:0.635088 validset
AUC:0.974381 TPR_2:0.507444 TPR_3:0.144556 TPR_4:0.017222 stylegan_celeba
AUC:0.891937 TPR_2:0.017561 TPR_3:0.000667 TPR_4:0.000000 stylegan_ffhq
AUC:0.894266 TPR_2:0.026439 TPR_3:0.002000 TPR_4:0.000000 faceapp
AUC:0.968028 TPR_2:0.570620 TPR_3:0.178205 TPR_4:0.019258 stargan
AUC:0.975105 TPR_2:0.453623 TPR_3:0.122297 TPR_4:0.005909 pggan_v1
AUC:0.968283 TPR_2:0.370045 TPR_3:0.075167 TPR_4:0.005457 pggan_v2
AUC:0.992794 TPR_2:0.908952 TPR_3:0.755827 TPR_4:0.511964 Deepfakes
AUC:0.995667 TPR_2:0.957064 TPR_3:0.881395 TPR_4:0.714959 FaceSwap
AUC:0.993933 TPR_2:0.939674 TPR_3:0.856079 TPR_4:0.688962 Face2Face
AUC:0.961599 TPR_2:0.527936 TPR_3:0.335132 TPR_4:0.218192 Test
epoch:004 batch:048000 loss:0.30560 avgloss:0.20776
AUC:0.988229 TPR_2:0.909487 TPR_3:0.822910 TPR_4:0.696237 validset
AUC:0.949882 TPR_2:0.218222 TPR_3:0.040111 TPR_4:0.006222 stylegan_celeba
AUC:0.817464 TPR_2:0.002223 TPR_3:0.000000 TPR_4:0.000000 stylegan_ffhq
AUC:0.823851 TPR_2:0.006443 TPR_3:0.000000 TPR_4:0.000000 faceapp
AUC:0.994025 TPR_2:0.872085 TPR_3:0.618217 TPR_4:0.406015 stargan
AUC:0.936560 TPR_2:0.152285 TPR_3:0.014939 TPR_4:0.000780 pggan_v1
AUC:0.927255 TPR_2:0.097439 TPR_3:0.008686 TPR_4:0.000780 pggan_v2
AUC:0.995931 TPR_2:0.949601 TPR_3:0.844037 TPR_4:0.719591 Deepfakes
AUC:0.995126 TPR_2:0.941030 TPR_3:0.805222 TPR_4:0.638822 FaceSwap
AUC:0.993881 TPR_2:0.954958 TPR_3:0.878796 TPR_4:0.779728 Face2Face
AUC:0.937108 TPR_2:0.466032 TPR_3:0.356668 TPR_4:0.283549 Test
epoch:004 batch:051000 loss:0.04996 avgloss:0.20128
AUC:0.988347 TPR_2:0.899686 TPR_3:0.813493 TPR_4:0.574254 validset
AUC:0.977678 TPR_2:0.492778 TPR_3:0.075444 TPR_4:0.001222 stylegan_celeba
AUC:0.898162 TPR_2:0.012337 TPR_3:0.000222 TPR_4:0.000000 stylegan_ffhq
AUC:0.904920 TPR_2:0.023106 TPR_3:0.000667 TPR_4:0.000000 faceapp
AUC:0.997179 TPR_2:0.955186 TPR_3:0.823256 TPR_4:0.499521 stargan
AUC:0.973756 TPR_2:0.402787 TPR_3:0.044259 TPR_4:0.000000 pggan_v1
AUC:0.967997 TPR_2:0.314143 TPR_3:0.026058 TPR_4:0.000223 pggan_v2
AUC:0.992811 TPR_2:0.937188 TPR_3:0.867803 TPR_4:0.669206 Deepfakes
AUC:0.994594 TPR_2:0.939087 TPR_3:0.838423 TPR_4:0.580825 FaceSwap
AUC:0.992781 TPR_2:0.953667 TPR_3:0.886533 TPR_4:0.722827 Face2Face
AUC:0.966653 TPR_2:0.558920 TPR_3:0.395852 TPR_4:0.274869 Test
epoch:005 batch:054000 loss:0.03398 avgloss:0.19544
AUC:0.991202 TPR_2:0.924394 TPR_3:0.855478 TPR_4:0.714092 validset
AUC:0.990347 TPR_2:0.755778 TPR_3:0.275778 TPR_4:0.030222 stylegan_celeba
AUC:0.943909 TPR_2:0.077026 TPR_3:0.001445 TPR_4:0.000000 stylegan_ffhq
AUC:0.939436 TPR_2:0.074428 TPR_3:0.002222 TPR_4:0.000222 faceapp
AUC:0.997151 TPR_2:0.955688 TPR_3:0.823119 TPR_4:0.578378 stargan
AUC:0.990973 TPR_2:0.728205 TPR_3:0.231884 TPR_4:0.016611 pggan_v1
AUC:0.987564 TPR_2:0.654009 TPR_3:0.154566 TPR_4:0.009577 pggan_v2
AUC:0.994131 TPR_2:0.942512 TPR_3:0.866406 TPR_4:0.740327 Deepfakes
AUC:0.996302 TPR_2:0.966169 TPR_3:0.912922 TPR_4:0.802685 FaceSwap
AUC:0.990894 TPR_2:0.943056 TPR_3:0.868766 TPR_4:0.745732 Face2Face
AUC:0.981190 TPR_2:0.677430 TPR_3:0.459679 TPR_4:0.324862 Test
epoch:005 batch:057000 loss:0.10160 avgloss:0.19013
AUC:0.990600 TPR_2:0.913841 TPR_3:0.827527 TPR_4:0.681272 validset
AUC:0.986515 TPR_2:0.698889 TPR_3:0.276111 TPR_4:0.045333 stylegan_celeba
AUC:0.920097 TPR_2:0.042459 TPR_3:0.001556 TPR_4:0.000000 stylegan_ffhq
AUC:0.917284 TPR_2:0.046434 TPR_3:0.001111 TPR_4:0.000000 faceapp
AUC:0.997921 TPR_2:0.964861 TPR_3:0.874093 TPR_4:0.706841 stargan
AUC:0.984312 TPR_2:0.619064 TPR_3:0.223969 TPR_4:0.031773 pggan_v1
AUC:0.980048 TPR_2:0.547884 TPR_3:0.134076 TPR_4:0.012138 pggan_v2
AUC:0.995888 TPR_2:0.952204 TPR_3:0.871862 TPR_4:0.729429 Deepfakes
AUC:0.992882 TPR_2:0.925213 TPR_3:0.829587 TPR_4:0.676810 FaceSwap
AUC:0.992270 TPR_2:0.913996 TPR_3:0.821474 TPR_4:0.670165 Face2Face
AUC:0.974135 TPR_2:0.634556 TPR_3:0.448204 TPR_4:0.319165 Test
epoch:005 batch:060000 loss:0.02690 avgloss:0.18541
AUC:0.992674 TPR_2:0.926433 TPR_3:0.838789 TPR_4:0.709562 validset
AUC:0.980493 TPR_2:0.366667 TPR_3:0.025889 TPR_4:0.000333 stylegan_celeba
AUC:0.922249 TPR_2:0.004557 TPR_3:0.000000 TPR_4:0.000000 stylegan_ffhq
AUC:0.918465 TPR_2:0.008443 TPR_3:0.000000 TPR_4:0.000000 faceapp
AUC:0.998842 TPR_2:0.980742 TPR_3:0.851047 TPR_4:0.528773 stargan
AUC:0.978431 TPR_2:0.303567 TPR_3:0.008807 TPR_4:0.000000 pggan_v1
AUC:0.975505 TPR_2:0.231849 TPR_3:0.007016 TPR_4:0.000111 pggan_v2
AUC:0.997667 TPR_2:0.974558 TPR_3:0.919908 TPR_4:0.781064 Deepfakes
AUC:0.995129 TPR_2:0.953663 TPR_3:0.855500 TPR_4:0.663673 FaceSwap
AUC:0.995216 TPR_2:0.949994 TPR_3:0.875327 TPR_4:0.727385 Face2Face
AUC:0.973555 TPR_2:0.530449 TPR_3:0.393722 TPR_4:0.300149 Test
epoch:006 batch:063000 loss:0.11163 avgloss:0.18093
AUC:0.992947 TPR_2:0.929132 TPR_3:0.835915 TPR_4:0.725057 validset
AUC:0.989051 TPR_2:0.680778 TPR_3:0.202222 TPR_4:0.030778 stylegan_celeba
AUC:0.938428 TPR_2:0.035456 TPR_3:0.000111 TPR_4:0.000000 stylegan_ffhq
AUC:0.936672 TPR_2:0.046434 TPR_3:0.001111 TPR_4:0.000000 faceapp
AUC:0.996199 TPR_2:0.932597 TPR_3:0.637749 TPR_4:0.214758 stargan
AUC:0.988225 TPR_2:0.626310 TPR_3:0.158863 TPR_4:0.011483 pggan_v1
AUC:0.985437 TPR_2:0.553341 TPR_3:0.106570 TPR_4:0.009465 pggan_v2
AUC:0.996302 TPR_2:0.956233 TPR_3:0.875686 TPR_4:0.707899 Deepfakes
AUC:0.995374 TPR_2:0.937323 TPR_3:0.841716 TPR_4:0.677314 FaceSwap
AUC:0.995694 TPR_2:0.952491 TPR_3:0.881394 TPR_4:0.753614 Face2Face
AUC:0.980154 TPR_2:0.635663 TPR_3:0.411714 TPR_4:0.267257 Test
epoch:006 batch:066000 loss:0.15185 avgloss:0.17675
AUC:0.992659 TPR_2:0.942035 TPR_3:0.858856 TPR_4:0.734533 validset
AUC:0.989056 TPR_2:0.765000 TPR_3:0.331000 TPR_4:0.077667 stylegan_celeba
AUC:0.908959 TPR_2:0.051239 TPR_3:0.001334 TPR_4:0.000000 stylegan_ffhq
AUC:0.905712 TPR_2:0.053099 TPR_3:0.002666 TPR_4:0.000000 faceapp
AUC:0.995901 TPR_2:0.929266 TPR_3:0.670515 TPR_4:0.324237 stargan
AUC:0.986560 TPR_2:0.704125 TPR_3:0.289521 TPR_4:0.068562 pggan_v1
AUC:0.983008 TPR_2:0.627728 TPR_3:0.179844 TPR_4:0.032071 pggan_v2
AUC:0.994775 TPR_2:0.946101 TPR_3:0.858317 TPR_4:0.733768 Deepfakes
AUC:0.995414 TPR_2:0.956074 TPR_3:0.845513 TPR_4:0.701661 FaceSwap
AUC:0.994627 TPR_2:0.958007 TPR_3:0.886039 TPR_4:0.759072 Face2Face
AUC:0.972668 TPR_2:0.665627 TPR_3:0.451639 TPR_4:0.299671 Test
epoch:006 batch:069000 loss:0.11564 avgloss:0.17284
AUC:0.990613 TPR_2:0.920608 TPR_3:0.842784 TPR_4:0.671660 validset
AUC:0.991004 TPR_2:0.748333 TPR_3:0.255889 TPR_4:0.025667 stylegan_celeba
AUC:0.940167 TPR_2:0.052128 TPR_3:0.000667 TPR_4:0.000000 stylegan_ffhq
AUC:0.935455 TPR_2:0.062208 TPR_3:0.002444 TPR_4:0.000000 faceapp
AUC:0.995550 TPR_2:0.930863 TPR_3:0.720120 TPR_4:0.359604 stargan
AUC:0.989270 TPR_2:0.664660 TPR_3:0.192308 TPR_4:0.009810 pggan_v1
AUC:0.986279 TPR_2:0.575947 TPR_3:0.107461 TPR_4:0.003675 pggan_v2
AUC:0.995638 TPR_2:0.954983 TPR_3:0.866009 TPR_4:0.714105 Deepfakes
AUC:0.988888 TPR_2:0.894135 TPR_3:0.742995 TPR_4:0.510140 FaceSwap
AUC:0.995841 TPR_2:0.974700 TPR_3:0.931531 TPR_4:0.818310 Face2Face
AUC:0.979788 TPR_2:0.650884 TPR_3:0.424380 TPR_4:0.271257 Test
epoch:007 batch:072000 loss:0.12034 avgloss:0.16915
AUC:0.989333 TPR_2:0.931564 TPR_3:0.848526 TPR_4:0.701111 validset
AUC:0.983979 TPR_2:0.629444 TPR_3:0.192889 TPR_4:0.006889 stylegan_celeba
AUC:0.908863 TPR_2:0.023341 TPR_3:0.000667 TPR_4:0.000000 stylegan_ffhq
AUC:0.892530 TPR_2:0.018218 TPR_3:0.000222 TPR_4:0.000000 faceapp
AUC:0.996507 TPR_2:0.936430 TPR_3:0.817004 TPR_4:0.599096 stargan
AUC:0.983733 TPR_2:0.593868 TPR_3:0.156856 TPR_4:0.004348 pggan_v1
AUC:0.979325 TPR_2:0.493764 TPR_3:0.086526 TPR_4:0.001225 pggan_v2
AUC:0.995744 TPR_2:0.956630 TPR_3:0.885568 TPR_4:0.704678 Deepfakes
AUC:0.995623 TPR_2:0.961149 TPR_3:0.886883 TPR_4:0.725540 FaceSwap
AUC:0.993866 TPR_2:0.959879 TPR_3:0.877896 TPR_4:0.689050 Face2Face
AUC:0.970019 TPR_2:0.619192 TPR_3:0.433835 TPR_4:0.303425 Test
epoch:007 batch:075000 loss:0.03357 avgloss:0.16576
AUC:0.991702 TPR_2:0.915788 TPR_3:0.838968 TPR_4:0.732684 validset
AUC:0.994092 TPR_2:0.832444 TPR_3:0.439667 TPR_4:0.127444 stylegan_celeba
AUC:0.950043 TPR_2:0.127153 TPR_3:0.008447 TPR_4:0.000222 stylegan_ffhq
AUC:0.948730 TPR_2:0.125528 TPR_3:0.009553 TPR_4:0.000222 faceapp
AUC:0.993319 TPR_2:0.883403 TPR_3:0.620271 TPR_4:0.231735 stargan
AUC:0.991547 TPR_2:0.728763 TPR_3:0.318841 TPR_4:0.071572 pggan_v1
AUC:0.990505 TPR_2:0.706682 TPR_3:0.234967 TPR_4:0.034633 pggan_v2
AUC:0.994967 TPR_2:0.933909 TPR_3:0.811756 TPR_4:0.616160 Deepfakes
AUC:0.994865 TPR_2:0.947707 TPR_3:0.865253 TPR_4:0.692142 FaceSwap
AUC:0.994513 TPR_2:0.951925 TPR_3:0.872714 TPR_4:0.712594 Face2Face
AUC:0.983620 TPR_2:0.693057 TPR_3:0.464608 TPR_4:0.276303 Test
epoch:007 batch:078000 loss:0.16681 avgloss:0.16249
AUC:0.992717 TPR_2:0.922506 TPR_3:0.848798 TPR_4:0.709024 validset
AUC:0.986992 TPR_2:0.635333 TPR_3:0.201444 TPR_4:0.017778 stylegan_celeba
AUC:0.931364 TPR_2:0.025342 TPR_3:0.001334 TPR_4:0.000000 stylegan_ffhq
AUC:0.920039 TPR_2:0.022884 TPR_3:0.001555 TPR_4:0.000000 faceapp
AUC:0.998211 TPR_2:0.969561 TPR_3:0.763154 TPR_4:0.196961 stargan
AUC:0.985794 TPR_2:0.555741 TPR_3:0.162430 TPR_4:0.010033 pggan_v1
AUC:0.982473 TPR_2:0.470379 TPR_3:0.098441 TPR_4:0.004120 pggan_v2
AUC:0.996755 TPR_2:0.960425 TPR_3:0.878112 TPR_4:0.691810 Deepfakes
AUC:0.993114 TPR_2:0.927228 TPR_3:0.818323 TPR_4:0.599467 FaceSwap
AUC:0.995432 TPR_2:0.962173 TPR_3:0.908204 TPR_4:0.748345 Face2Face
AUC:0.976686 TPR_2:0.614341 TPR_3:0.425889 TPR_4:0.252057 Test
epoch:007 batch:081000 loss:0.08536 avgloss:0.15945
AUC:0.993054 TPR_2:0.928414 TPR_3:0.819901 TPR_4:0.681344 validset
AUC:0.992283 TPR_2:0.802889 TPR_3:0.391222 TPR_4:0.138444 stylegan_celeba
AUC:0.932169 TPR_2:0.061131 TPR_3:0.002445 TPR_4:0.000111 stylegan_ffhq
AUC:0.916275 TPR_2:0.038214 TPR_3:0.001333 TPR_4:0.000222 faceapp
AUC:0.997542 TPR_2:0.956282 TPR_3:0.780039 TPR_4:0.432620 stargan
AUC:0.992209 TPR_2:0.777369 TPR_3:0.357748 TPR_4:0.131884 pggan_v1
AUC:0.990708 TPR_2:0.735635 TPR_3:0.273051 TPR_4:0.070713 pggan_v2
AUC:0.996584 TPR_2:0.954910 TPR_3:0.867318 TPR_4:0.702016 Deepfakes
AUC:0.994609 TPR_2:0.938673 TPR_3:0.831333 TPR_4:0.690594 FaceSwap
AUC:0.993971 TPR_2:0.947831 TPR_3:0.871669 TPR_4:0.749013 Face2Face
AUC:0.978483 TPR_2:0.690326 TPR_3:0.486240 TPR_4:0.323958 Test
epoch:008 batch:084000 loss:0.08798 avgloss:0.15652
AUC:0.988887 TPR_2:0.905574 TPR_3:0.767266 TPR_4:0.531342 validset
AUC:0.987570 TPR_2:0.742000 TPR_3:0.293111 TPR_4:0.073111 stylegan_celeba
AUC:0.910891 TPR_2:0.058686 TPR_3:0.000778 TPR_4:0.000000 stylegan_ffhq
AUC:0.894709 TPR_2:0.046878 TPR_3:0.001111 TPR_4:0.000000 faceapp
AUC:0.997485 TPR_2:0.951855 TPR_3:0.759960 TPR_4:0.407840 stargan
AUC:0.988465 TPR_2:0.724303 TPR_3:0.258082 TPR_4:0.049052 pggan_v1
AUC:0.984971 TPR_2:0.650223 TPR_3:0.172717 TPR_4:0.022160 pggan_v2
AUC:0.997982 TPR_2:0.976690 TPR_3:0.900157 TPR_4:0.717635 Deepfakes
AUC:0.988470 TPR_2:0.862014 TPR_3:0.636177 TPR_4:0.370139 FaceSwap
AUC:0.995453 TPR_2:0.953783 TPR_3:0.820008 TPR_4:0.554027 Face2Face
AUC:0.971778 TPR_2:0.662937 TPR_3:0.426900 TPR_4:0.243774 Test
epoch:008 batch:087000 loss:0.13611 avgloss:0.15385
AUC:0.990454 TPR_2:0.925394 TPR_3:0.873046 TPR_4:0.795988 validset
AUC:0.998031 TPR_2:0.947889 TPR_3:0.712333 TPR_4:0.337889 stylegan_celeba
AUC:0.971334 TPR_2:0.241303 TPR_3:0.022452 TPR_4:0.002112 stylegan_ffhq
AUC:0.967199 TPR_2:0.234837 TPR_3:0.024661 TPR_4:0.001333 faceapp
AUC:0.998741 TPR_2:0.979738 TPR_3:0.928216 TPR_4:0.828093 stargan
AUC:0.997931 TPR_2:0.944593 TPR_3:0.674136 TPR_4:0.332107 pggan_v1
AUC:0.997655 TPR_2:0.935301 TPR_3:0.623831 TPR_4:0.233964 pggan_v2
AUC:0.990665 TPR_2:0.927320 TPR_3:0.849479 TPR_4:0.722679 Deepfakes
AUC:0.995020 TPR_2:0.964478 TPR_3:0.914146 TPR_4:0.818970 FaceSwap
AUC:0.993592 TPR_2:0.955917 TPR_3:0.900554 TPR_4:0.793880 Face2Face
AUC:0.990019 TPR_2:0.792375 TPR_3:0.627756 TPR_4:0.452336 Test
epoch:008 batch:090000 loss:0.03872 avgloss:0.15122
AUC:0.992435 TPR_2:0.940734 TPR_3:0.878545 TPR_4:0.758188 validset
AUC:0.997513 TPR_2:0.938778 TPR_3:0.717889 TPR_4:0.383333 stylegan_celeba
AUC:0.971062 TPR_2:0.329665 TPR_3:0.047127 TPR_4:0.002779 stylegan_ffhq
AUC:0.959685 TPR_2:0.226394 TPR_3:0.027549 TPR_4:0.002000 faceapp
AUC:0.997563 TPR_2:0.959613 TPR_3:0.870533 TPR_4:0.749692 stargan
AUC:0.997823 TPR_2:0.945373 TPR_3:0.720401 TPR_4:0.383835 pggan_v1
AUC:0.997146 TPR_2:0.928285 TPR_3:0.647661 TPR_4:0.265590 pggan_v2
AUC:0.995533 TPR_2:0.956572 TPR_3:0.877818 TPR_4:0.755386 Deepfakes
AUC:0.996675 TPR_2:0.971154 TPR_3:0.928614 TPR_4:0.849184 FaceSwap
AUC:0.993683 TPR_2:0.961244 TPR_3:0.914402 TPR_4:0.816786 Face2Face
AUC:0.989631 TPR_2:0.801898 TPR_3:0.639111 TPR_4:0.467621 Test
epoch:009 batch:093000 loss:0.05148 avgloss:0.14888
AUC:0.988535 TPR_2:0.917943 TPR_3:0.810095 TPR_4:0.643199 validset
AUC:0.984719 TPR_2:0.688667 TPR_3:0.335111 TPR_4:0.105000 stylegan_celeba
AUC:0.903523 TPR_2:0.043348 TPR_3:0.001556 TPR_4:0.000000 stylegan_ffhq
AUC:0.892096 TPR_2:0.044657 TPR_3:0.004221 TPR_4:0.000222 faceapp
AUC:0.999489 TPR_2:0.987770 TPR_3:0.934742 TPR_4:0.851732 stargan
AUC:0.983764 TPR_2:0.652843 TPR_3:0.334337 TPR_4:0.111483 pggan_v1
AUC:0.978781 TPR_2:0.572272 TPR_3:0.248107 TPR_4:0.055568 pggan_v2
AUC:0.993937 TPR_2:0.933865 TPR_3:0.821316 TPR_4:0.659029 Deepfakes
AUC:0.996406 TPR_2:0.961113 TPR_3:0.896925 TPR_4:0.799680 FaceSwap
AUC:0.994628 TPR_2:0.959226 TPR_3:0.853989 TPR_4:0.637970 Face2Face
AUC:0.969705 TPR_2:0.649307 TPR_3:0.492256 TPR_4:0.357854 Test
epoch:009 batch:096000 loss:0.03702 avgloss:0.14652
AUC:0.989995 TPR_2:0.938812 TPR_3:0.866065 TPR_4:0.715994 validset
AUC:0.993299 TPR_2:0.808778 TPR_3:0.388444 TPR_4:0.103667 stylegan_celeba
AUC:0.951381 TPR_2:0.086807 TPR_3:0.003112 TPR_4:0.000222 stylegan_ffhq
AUC:0.932883 TPR_2:0.058654 TPR_3:0.002666 TPR_4:0.000000 faceapp
AUC:0.999046 TPR_2:0.980651 TPR_3:0.911742 TPR_4:0.814037 stargan
AUC:0.993435 TPR_2:0.794537 TPR_3:0.372018 TPR_4:0.098662 pggan_v1
AUC:0.991854 TPR_2:0.749332 TPR_3:0.281403 TPR_4:0.043207 pggan_v2
AUC:0.995473 TPR_2:0.952321 TPR_3:0.882995 TPR_4:0.773343 Deepfakes
AUC:0.997510 TPR_2:0.975635 TPR_3:0.932267 TPR_4:0.859423 FaceSwap
AUC:0.996070 TPR_2:0.964350 TPR_3:0.900729 TPR_4:0.762367 Face2Face
AUC:0.983439 TPR_2:0.707896 TPR_3:0.519486 TPR_4:0.383881 Test
epoch:009 batch:099000 loss:0.03498 avgloss:0.14424
AUC:0.990185 TPR_2:0.929676 TPR_3:0.843294 TPR_4:0.749343 validset
AUC:0.998648 TPR_2:0.972444 TPR_3:0.796667 TPR_4:0.508222 stylegan_celeba
AUC:0.980503 TPR_2:0.467267 TPR_3:0.093476 TPR_4:0.012671 stylegan_ffhq
AUC:0.971172 TPR_2:0.389469 TPR_3:0.067318 TPR_4:0.009109 faceapp
AUC:0.999006 TPR_2:0.976681 TPR_3:0.913795 TPR_4:0.844385 stargan
AUC:0.999094 TPR_2:0.986399 TPR_3:0.820624 TPR_4:0.493200 pggan_v1
AUC:0.998860 TPR_2:0.978619 TPR_3:0.792316 TPR_4:0.443318 pggan_v2
AUC:0.994961 TPR_2:0.943042 TPR_3:0.849464 TPR_4:0.760813 Deepfakes
AUC:0.994362 TPR_2:0.942830 TPR_3:0.879110 TPR_4:0.811448 FaceSwap
AUC:0.994546 TPR_2:0.950168 TPR_3:0.883412 TPR_4:0.800920 Face2Face
AUC:0.992350 TPR_2:0.845213 TPR_3:0.677354 TPR_4:0.520454 Test
epoch:009 batch:102000 loss:0.03249 avgloss:0.14211
AUC:0.990085 TPR_2:0.933215 TPR_3:0.875725 TPR_4:0.740009 validset
AUC:0.994141 TPR_2:0.821556 TPR_3:0.292889 TPR_4:0.056556 stylegan_celeba
AUC:0.964515 TPR_2:0.080471 TPR_3:0.000333 TPR_4:0.000000 stylegan_ffhq
AUC:0.954292 TPR_2:0.066208 TPR_3:0.000444 TPR_4:0.000000 faceapp
AUC:0.999021 TPR_2:0.983252 TPR_3:0.934696 TPR_4:0.867111 stargan
AUC:0.994874 TPR_2:0.855853 TPR_3:0.321628 TPR_4:0.057079 pggan_v1
AUC:0.993040 TPR_2:0.781737 TPR_3:0.209243 TPR_4:0.022606 pggan_v2
AUC:0.995323 TPR_2:0.949454 TPR_3:0.869700 TPR_4:0.748386 Deepfakes
AUC:0.995536 TPR_2:0.958198 TPR_3:0.904716 TPR_4:0.832161 FaceSwap
AUC:0.996021 TPR_2:0.973466 TPR_3:0.942751 TPR_4:0.885865 Face2Face
AUC:0.987418 TPR_2:0.718910 TPR_3:0.497378 TPR_4:0.385529 Test
epoch:010 batch:105000 loss:0.03808 avgloss:0.14006
AUC:0.991537 TPR_2:0.931773 TPR_3:0.848721 TPR_4:0.730620 validset
AUC:0.995529 TPR_2:0.884333 TPR_3:0.560444 TPR_4:0.314333 stylegan_celeba
AUC:0.965138 TPR_2:0.180505 TPR_3:0.017228 TPR_4:0.001890 stylegan_ffhq
AUC:0.954735 TPR_2:0.186847 TPR_3:0.019996 TPR_4:0.003777 faceapp
AUC:0.998042 TPR_2:0.963538 TPR_3:0.860676 TPR_4:0.729339 stargan
AUC:0.997450 TPR_2:0.932107 TPR_3:0.643924 TPR_4:0.360535 pggan_v1
AUC:0.996275 TPR_2:0.902004 TPR_3:0.532739 TPR_4:0.246214 pggan_v2
AUC:0.996360 TPR_2:0.965322 TPR_3:0.903643 TPR_4:0.782579 Deepfakes
AUC:0.989249 TPR_2:0.894693 TPR_3:0.765615 TPR_4:0.612892 FaceSwap
AUC:0.995838 TPR_2:0.958486 TPR_3:0.917378 TPR_4:0.833783 Face2Face
AUC:0.987624 TPR_2:0.763093 TPR_3:0.580183 TPR_4:0.431705 Test
epoch:010 batch:108000 loss:0.09174 avgloss:0.13812

Model:xception BatchSize:16 lr:0.000200
