
Model:xception BatchSize:16 lr:0.000200

Model:xception BatchSize:16 lr:0.000200

Model:xception BatchSize:16 lr:0.000200

Model:xception BatchSize:16 lr:0.000200

Model:xception BatchSize:16 lr:0.000200
epoch:000 batch:003000 loss:0.24293 avgloss:0.54694
AUC:0.866276 TPR_2:0.286771 TPR_3:0.094277 TPR_4:0.039524 validset
AUC:0.892394 TPR_2:0.318293 TPR_3:0.124050 TPR_4:0.035222 Deepfakes
AUC:0.876135 TPR_2:0.208346 TPR_3:0.050944 TPR_4:0.006622 FaceSwap
AUC:0.896599 TPR_2:0.368766 TPR_3:0.145982 TPR_4:0.033386 Face2Face
AUC:0.888376 TPR_2:0.298468 TPR_3:0.106992 TPR_4:0.025077 Test
epoch:000 batch:006000 loss:0.28787 avgloss:0.42585
AUC:0.950141 TPR_2:0.627101 TPR_3:0.347945 TPR_4:0.212284 validset
AUC:0.967127 TPR_2:0.631248 TPR_3:0.393694 TPR_4:0.263497 Deepfakes
AUC:0.954745 TPR_2:0.562866 TPR_3:0.294758 TPR_4:0.144014 FaceSwap
AUC:0.975627 TPR_2:0.755051 TPR_3:0.537029 TPR_4:0.371538 Face2Face
AUC:0.965833 TPR_2:0.649722 TPR_3:0.408494 TPR_4:0.259683 Test
epoch:000 batch:009000 loss:0.07370 avgloss:0.35450
AUC:0.963023 TPR_2:0.691559 TPR_3:0.398633 TPR_4:0.231993 validset
AUC:0.976879 TPR_2:0.704163 TPR_3:0.439358 TPR_4:0.218892 Deepfakes
AUC:0.971538 TPR_2:0.683342 TPR_3:0.403502 TPR_4:0.157708 FaceSwap
AUC:0.972522 TPR_2:0.775721 TPR_3:0.565610 TPR_4:0.333928 Face2Face
AUC:0.973646 TPR_2:0.721076 TPR_3:0.469490 TPR_4:0.236843 Test
epoch:001 batch:012000 loss:0.03827 avgloss:0.30821
AUC:0.972684 TPR_2:0.823505 TPR_3:0.676835 TPR_4:0.530539 validset
AUC:0.982143 TPR_2:0.846993 TPR_3:0.689736 TPR_4:0.543686 Deepfakes
AUC:0.985500 TPR_2:0.821544 TPR_3:0.640352 TPR_4:0.469058 FaceSwap
AUC:0.983393 TPR_2:0.858198 TPR_3:0.710344 TPR_4:0.554085 Face2Face
AUC:0.983679 TPR_2:0.842245 TPR_3:0.680144 TPR_4:0.522276 Test
epoch:001 batch:015000 loss:0.19106 avgloss:0.27605
AUC:0.971668 TPR_2:0.803051 TPR_3:0.631581 TPR_4:0.477256 validset
AUC:0.983794 TPR_2:0.811050 TPR_3:0.618910 TPR_4:0.396106 Deepfakes
AUC:0.981649 TPR_2:0.778320 TPR_3:0.570747 TPR_4:0.361843 FaceSwap
AUC:0.986343 TPR_2:0.897869 TPR_3:0.764806 TPR_4:0.571765 Face2Face
AUC:0.983928 TPR_2:0.829080 TPR_3:0.651488 TPR_4:0.443238 Test
epoch:001 batch:018000 loss:0.08470 avgloss:0.25243
AUC:0.983127 TPR_2:0.880754 TPR_3:0.727213 TPR_4:0.529579 validset
AUC:0.990367 TPR_2:0.867288 TPR_3:0.702957 TPR_4:0.459388 Deepfakes
AUC:0.991584 TPR_2:0.895629 TPR_3:0.755376 TPR_4:0.561966 FaceSwap
AUC:0.991116 TPR_2:0.903400 TPR_3:0.790658 TPR_4:0.629667 Face2Face
AUC:0.991022 TPR_2:0.888772 TPR_3:0.749664 TPR_4:0.550340 Test
epoch:002 batch:021000 loss:0.47513 avgloss:0.23386
AUC:0.979273 TPR_2:0.836930 TPR_3:0.657445 TPR_4:0.510225 validset
AUC:0.987348 TPR_2:0.865582 TPR_3:0.722650 TPR_4:0.563201 Deepfakes
AUC:0.979255 TPR_2:0.747350 TPR_3:0.486099 TPR_4:0.267586 FaceSwap
AUC:0.990017 TPR_2:0.906346 TPR_3:0.802764 TPR_4:0.680660 Face2Face
AUC:0.985540 TPR_2:0.839760 TPR_3:0.670504 TPR_4:0.503816 Test
epoch:002 batch:024000 loss:0.06416 avgloss:0.21858
AUC:0.982331 TPR_2:0.875584 TPR_3:0.708224 TPR_4:0.526864 validset
AUC:0.987768 TPR_2:0.864935 TPR_3:0.706443 TPR_4:0.561701 Deepfakes
AUC:0.991473 TPR_2:0.883069 TPR_3:0.694445 TPR_4:0.500729 FaceSwap
AUC:0.988267 TPR_2:0.895997 TPR_3:0.756750 TPR_4:0.600374 Face2Face
AUC:0.989169 TPR_2:0.881333 TPR_3:0.719213 TPR_4:0.554268 Test
epoch:002 batch:027000 loss:0.13219 avgloss:0.20599
AUC:0.985296 TPR_2:0.895833 TPR_3:0.767202 TPR_4:0.635691 validset
AUC:0.995722 TPR_2:0.946101 TPR_3:0.841317 TPR_4:0.728444 Deepfakes
AUC:0.984457 TPR_2:0.816271 TPR_3:0.615573 TPR_4:0.455795 FaceSwap
AUC:0.993506 TPR_2:0.921776 TPR_3:0.804680 TPR_4:0.673213 Face2Face
AUC:0.991228 TPR_2:0.894716 TPR_3:0.753856 TPR_4:0.619151 Test
epoch:002 batch:030000 loss:0.31967 avgloss:0.19570
AUC:0.986673 TPR_2:0.908078 TPR_3:0.798541 TPR_4:0.603532 validset
AUC:0.994234 TPR_2:0.923879 TPR_3:0.814507 TPR_4:0.605836 Deepfakes
AUC:0.994523 TPR_2:0.918789 TPR_3:0.813680 TPR_4:0.631444 FaceSwap
AUC:0.993606 TPR_2:0.937627 TPR_3:0.871770 TPR_4:0.728270 Face2Face
AUC:0.994121 TPR_2:0.926765 TPR_3:0.833319 TPR_4:0.655183 Test
epoch:003 batch:033000 loss:0.10861 avgloss:0.18659
AUC:0.988317 TPR_2:0.904553 TPR_3:0.788726 TPR_4:0.698679 validset
AUC:0.995774 TPR_2:0.945174 TPR_3:0.863141 TPR_4:0.780152 Deepfakes
AUC:0.993100 TPR_2:0.909719 TPR_3:0.765021 TPR_4:0.620504 FaceSwap
AUC:0.991733 TPR_2:0.919076 TPR_3:0.805159 TPR_4:0.698906 Face2Face
AUC:0.993536 TPR_2:0.924656 TPR_3:0.811107 TPR_4:0.699854 Test
