
Model:xception BatchSize:16 lr:0.000200
epoch:000 batch:003000 loss:0.22095 avgloss:0.23784
AUC:0.995797 TPR_2:0.848091 TPR_3:0.479573 TPR_4:0.163248 validset
AUC:0.991238 TPR_2:0.759222 TPR_3:0.389333 TPR_4:0.092778 stylegan_celeba
AUC:0.964903 TPR_2:0.161943 TPR_3:0.017673 TPR_4:0.000778 stylegan_ffhq
AUC:0.968106 TPR_2:0.229282 TPR_3:0.036214 TPR_4:0.002444 faceapp
AUC:0.988713 TPR_2:0.754392 TPR_3:0.459179 TPR_4:0.186967 stargan
AUC:0.991153 TPR_2:0.722742 TPR_3:0.305128 TPR_4:0.052062 pggan_v1
AUC:0.989004 TPR_2:0.667149 TPR_3:0.214811 TPR_4:0.019488 pggan_v2
AUC:0.982186 TPR_2:0.549122 TPR_3:0.237056 TPR_4:0.059086 Test
epoch:000 batch:006000 loss:0.20652 avgloss:0.20663
AUC:0.997636 TPR_2:0.941471 TPR_3:0.600133 TPR_4:0.364182 validset
AUC:0.991954 TPR_2:0.782222 TPR_3:0.413111 TPR_4:0.158444 stylegan_celeba
AUC:0.968093 TPR_2:0.193398 TPR_3:0.019896 TPR_4:0.002001 stylegan_ffhq
AUC:0.971254 TPR_2:0.259276 TPR_3:0.037547 TPR_4:0.008220 faceapp
AUC:0.995132 TPR_2:0.883813 TPR_3:0.658741 TPR_4:0.408844 stargan
AUC:0.994068 TPR_2:0.820736 TPR_3:0.450056 TPR_4:0.185173 pggan_v1
AUC:0.991712 TPR_2:0.746659 TPR_3:0.334187 TPR_4:0.101559 pggan_v2
AUC:0.985369 TPR_2:0.614351 TPR_3:0.318923 TPR_4:0.144040 Test
epoch:001 batch:009000 loss:0.01095 avgloss:0.18302
AUC:0.998892 TPR_2:0.985493 TPR_3:0.793230 TPR_4:0.598299 validset
AUC:0.997685 TPR_2:0.950556 TPR_3:0.786556 TPR_4:0.493667 stylegan_celeba
AUC:0.990809 TPR_2:0.683117 TPR_3:0.220963 TPR_4:0.050461 stylegan_ffhq
AUC:0.987794 TPR_2:0.650078 TPR_3:0.201955 TPR_4:0.043324 faceapp
AUC:0.998987 TPR_2:0.976361 TPR_3:0.908958 TPR_4:0.755807 stargan
AUC:0.998758 TPR_2:0.970234 TPR_3:0.801895 TPR_4:0.516945 pggan_v1
AUC:0.998099 TPR_2:0.952673 TPR_3:0.754566 TPR_4:0.444098 pggan_v2
AUC:0.995356 TPR_2:0.863836 TPR_3:0.612482 TPR_4:0.384050 Test
epoch:001 batch:012000 loss:0.05788 avgloss:0.16229
AUC:0.998596 TPR_2:0.968317 TPR_3:0.752710 TPR_4:0.551609 validset
AUC:0.998167 TPR_2:0.947778 TPR_3:0.772778 TPR_4:0.499222 stylegan_celeba
AUC:0.991571 TPR_2:0.716794 TPR_3:0.257864 TPR_4:0.062243 stylegan_ffhq
AUC:0.988703 TPR_2:0.679405 TPR_3:0.234615 TPR_4:0.059320 faceapp
AUC:0.999720 TPR_2:0.994250 TPR_3:0.972528 TPR_4:0.901748 stargan
AUC:0.997967 TPR_2:0.937793 TPR_3:0.743367 TPR_4:0.482720 pggan_v1
AUC:0.997898 TPR_2:0.939866 TPR_3:0.708352 TPR_4:0.408241 pggan_v2
AUC:0.995671 TPR_2:0.869314 TPR_3:0.614917 TPR_4:0.402249 Test
epoch:002 batch:015000 loss:0.13565 avgloss:0.14743
AUC:0.999619 TPR_2:0.998332 TPR_3:0.906953 TPR_4:0.656662 validset
AUC:0.999075 TPR_2:0.982667 TPR_3:0.833111 TPR_4:0.490111 stylegan_celeba
AUC:0.995692 TPR_2:0.879627 TPR_3:0.371457 TPR_4:0.074025 stylegan_ffhq
AUC:0.992451 TPR_2:0.771828 TPR_3:0.281937 TPR_4:0.043546 faceapp
AUC:0.999624 TPR_2:0.993702 TPR_3:0.949071 TPR_4:0.672341 stargan
AUC:0.999537 TPR_2:0.995429 TPR_3:0.897436 TPR_4:0.530546 pggan_v1
AUC:0.998998 TPR_2:0.985746 TPR_3:0.798664 TPR_4:0.403563 pggan_v2
AUC:0.997563 TPR_2:0.934833 TPR_3:0.688613 TPR_4:0.369022 Test
epoch:002 batch:018000 loss:0.04102 avgloss:0.13617
AUC:0.999431 TPR_2:0.990662 TPR_3:0.883775 TPR_4:0.693180 validset
AUC:0.999394 TPR_2:0.988222 TPR_3:0.899778 TPR_4:0.630222 stylegan_celeba
AUC:0.995914 TPR_2:0.875959 TPR_3:0.451039 TPR_4:0.115816 stylegan_ffhq
AUC:0.992457 TPR_2:0.779160 TPR_3:0.309931 TPR_4:0.051544 faceapp
AUC:0.999797 TPR_2:0.996258 TPR_3:0.968192 TPR_4:0.830375 stargan
AUC:0.999199 TPR_2:0.982720 TPR_3:0.866778 TPR_4:0.562876 pggan_v1
AUC:0.998922 TPR_2:0.976615 TPR_3:0.820156 TPR_4:0.487751 pggan_v2
AUC:0.997614 TPR_2:0.933156 TPR_3:0.719312 TPR_4:0.446431 Test
epoch:002 batch:021000 loss:0.12360 avgloss:0.12704
AUC:0.999501 TPR_2:0.998833 TPR_3:0.819576 TPR_4:0.625813 validset
AUC:0.999520 TPR_2:0.991444 TPR_3:0.918889 TPR_4:0.699556 stylegan_celeba
AUC:0.997268 TPR_2:0.932422 TPR_3:0.520729 TPR_4:0.160943 stylegan_ffhq
AUC:0.994850 TPR_2:0.848922 TPR_3:0.443901 TPR_4:0.114197 faceapp
AUC:0.999951 TPR_2:0.999681 TPR_3:0.994204 TPR_4:0.932186 stargan
AUC:0.999202 TPR_2:0.981940 TPR_3:0.874470 TPR_4:0.640691 pggan_v1
AUC:0.999345 TPR_2:0.989310 TPR_3:0.870379 TPR_4:0.565590 pggan_v2
AUC:0.998356 TPR_2:0.957286 TPR_3:0.770429 TPR_4:0.518860 Test
epoch:003 batch:024000 loss:0.08944 avgloss:0.11986
AUC:0.999756 TPR_2:0.998833 TPR_3:0.937802 TPR_4:0.736368 validset
AUC:0.999737 TPR_2:0.997222 TPR_3:0.952667 TPR_4:0.775222 stylegan_celeba
AUC:0.997707 TPR_2:0.954318 TPR_3:0.579304 TPR_4:0.153051 stylegan_ffhq
AUC:0.996047 TPR_2:0.899134 TPR_3:0.475672 TPR_4:0.121084 faceapp
AUC:0.999754 TPR_2:0.996304 TPR_3:0.991877 TPR_4:0.943504 stargan
AUC:0.999759 TPR_2:0.998105 TPR_3:0.951839 TPR_4:0.754961 pggan_v1
AUC:0.999674 TPR_2:0.996771 TPR_3:0.938085 TPR_4:0.687416 pggan_v2
AUC:0.998780 TPR_2:0.973642 TPR_3:0.814907 TPR_4:0.572540 Test
epoch:003 batch:027000 loss:0.08732 avgloss:0.11402

Model:xception BatchSize:16 lr:0.000200
epoch:000 batch:003000 loss:0.04578 avgloss:0.06836
AUC:0.999687 TPR_2:0.999666 TPR_3:0.892279 TPR_4:0.737202 validset
AUC:0.999832 TPR_2:0.997222 TPR_3:0.964000 TPR_4:0.860556 stylegan_celeba
AUC:0.996681 TPR_2:0.928421 TPR_3:0.373458 TPR_4:0.077359 stylegan_ffhq
AUC:0.995757 TPR_2:0.890913 TPR_3:0.458565 TPR_4:0.161742 faceapp
AUC:0.999984 TPR_2:0.999954 TPR_3:0.998129 TPR_4:0.981518 stargan
AUC:0.999768 TPR_2:0.996098 TPR_3:0.952397 TPR_4:0.885061 pggan_v1
AUC:0.999878 TPR_2:0.998330 TPR_3:0.975390 TPR_4:0.883853 pggan_v2
AUC:0.998650 TPR_2:0.968490 TPR_3:0.786990 TPR_4:0.641681 Test
epoch:000 batch:006000 loss:0.02957 avgloss:0.06686
AUC:0.999751 TPR_2:0.999833 TPR_3:0.920293 TPR_4:0.742371 validset
AUC:0.999742 TPR_2:0.995778 TPR_3:0.950889 TPR_4:0.803889 stylegan_celeba
AUC:0.997497 TPR_2:0.955763 TPR_3:0.488607 TPR_4:0.070913 stylegan_ffhq
AUC:0.996645 TPR_2:0.916685 TPR_3:0.551433 TPR_4:0.172628 faceapp
AUC:0.999987 TPR_2:1.000000 TPR_3:0.997125 TPR_4:0.977182 stargan
AUC:0.999766 TPR_2:0.997547 TPR_3:0.948495 TPR_4:0.797659 pggan_v1
AUC:0.999784 TPR_2:0.998218 TPR_3:0.953786 TPR_4:0.772717 pggan_v2
AUC:0.998903 TPR_2:0.977332 TPR_3:0.815056 TPR_4:0.599165 Test
epoch:001 batch:009000 loss:0.03441 avgloss:0.06541
AUC:0.999809 TPR_2:0.999833 TPR_3:0.957979 TPR_4:0.738369 validset
AUC:0.999773 TPR_2:0.995222 TPR_3:0.960222 TPR_4:0.849889 stylegan_celeba
AUC:0.997770 TPR_2:0.956208 TPR_3:0.544181 TPR_4:0.139824 stylegan_ffhq
AUC:0.996039 TPR_2:0.892913 TPR_3:0.494557 TPR_4:0.153744 faceapp
AUC:0.999993 TPR_2:0.999909 TPR_3:0.999863 TPR_4:0.999224 stargan
AUC:0.999819 TPR_2:0.997101 TPR_3:0.959532 TPR_4:0.878149 pggan_v1
AUC:0.999837 TPR_2:0.997773 TPR_3:0.968040 TPR_4:0.852339 pggan_v2
AUC:0.998872 TPR_2:0.973188 TPR_3:0.821066 TPR_4:0.645528 Test
epoch:001 batch:012000 loss:0.04402 avgloss:0.06427
AUC:0.999564 TPR_2:0.993497 TPR_3:0.912456 TPR_4:0.747540 validset
AUC:0.999656 TPR_2:0.993000 TPR_3:0.942111 TPR_4:0.806889 stylegan_celeba
AUC:0.997850 TPR_2:0.949872 TPR_3:0.624097 TPR_4:0.166500 stylegan_ffhq
AUC:0.995638 TPR_2:0.880471 TPR_3:0.527661 TPR_4:0.181293 faceapp
AUC:0.999958 TPR_2:0.999315 TPR_3:0.993520 TPR_4:0.976498 stargan
AUC:0.999877 TPR_2:0.999443 TPR_3:0.973802 TPR_4:0.869900 pggan_v1
AUC:0.999793 TPR_2:0.996659 TPR_3:0.960802 TPR_4:0.814254 pggan_v2
AUC:0.998796 TPR_2:0.969793 TPR_3:0.836999 TPR_4:0.635889 Test
epoch:002 batch:015000 loss:0.11749 avgloss:0.06338
AUC:0.999614 TPR_2:0.994997 TPR_3:0.904452 TPR_4:0.677172 validset
AUC:0.999590 TPR_2:0.993778 TPR_3:0.917889 TPR_4:0.747444 stylegan_celeba
AUC:0.997857 TPR_2:0.956541 TPR_3:0.600867 TPR_4:0.247638 stylegan_ffhq
AUC:0.996925 TPR_2:0.932015 TPR_3:0.587425 TPR_4:0.232615 faceapp
AUC:0.999947 TPR_2:0.999361 TPR_3:0.995071 TPR_4:0.945055 stargan
AUC:0.999809 TPR_2:0.999220 TPR_3:0.953177 TPR_4:0.810702 pggan_v1
AUC:0.999612 TPR_2:0.994432 TPR_3:0.919376 TPR_4:0.733519 pggan_v2
AUC:0.998957 TPR_2:0.979224 TPR_3:0.828968 TPR_4:0.619496 Test
epoch:002 batch:018000 loss:0.03500 avgloss:0.06255
AUC:0.999863 TPR_2:0.999833 TPR_3:0.965983 TPR_4:0.872436 validset
AUC:0.999663 TPR_2:0.993556 TPR_3:0.935333 TPR_4:0.811111 stylegan_celeba
AUC:0.999005 TPR_2:0.982550 TPR_3:0.796488 TPR_4:0.425586 stylegan_ffhq
AUC:0.996475 TPR_2:0.906910 TPR_3:0.551211 TPR_4:0.211509 faceapp
AUC:0.999973 TPR_2:0.999772 TPR_3:0.996669 TPR_4:0.964131 stargan
AUC:0.999766 TPR_2:0.996210 TPR_3:0.950056 TPR_4:0.875585 pggan_v1
AUC:0.999805 TPR_2:0.997439 TPR_3:0.963029 TPR_4:0.827728 pggan_v2
AUC:0.999115 TPR_2:0.979406 TPR_3:0.865464 TPR_4:0.685942 Test
epoch:002 batch:021000 loss:0.07921 avgloss:0.06153
AUC:0.999745 TPR_2:0.998332 TPR_3:0.937135 TPR_4:0.757712 validset
AUC:0.999711 TPR_2:0.995222 TPR_3:0.941778 TPR_4:0.841556 stylegan_celeba
AUC:0.998203 TPR_2:0.966767 TPR_3:0.646771 TPR_4:0.301100 stylegan_ffhq
AUC:0.994200 TPR_2:0.818040 TPR_3:0.405021 TPR_4:0.159742 faceapp
AUC:0.999998 TPR_2:1.000000 TPR_3:0.999954 TPR_4:0.997581 stargan
AUC:0.999467 TPR_2:0.988740 TPR_3:0.909699 TPR_4:0.761650 pggan_v1
AUC:0.999593 TPR_2:0.992205 TPR_3:0.927283 TPR_4:0.776169 pggan_v2
AUC:0.998529 TPR_2:0.960162 TPR_3:0.805084 TPR_4:0.639633 Test
epoch:003 batch:024000 loss:0.04173 avgloss:0.06083
AUC:0.999877 TPR_2:0.999666 TPR_3:0.971486 TPR_4:0.884442 validset
AUC:0.999891 TPR_2:0.999111 TPR_3:0.977667 TPR_4:0.888778 stylegan_celeba
AUC:0.999115 TPR_2:0.992442 TPR_3:0.776926 TPR_4:0.362010 stylegan_ffhq
AUC:0.997757 TPR_2:0.949345 TPR_3:0.671184 TPR_4:0.314152 faceapp
AUC:0.999997 TPR_2:1.000000 TPR_3:0.999681 TPR_4:0.995665 stargan
AUC:0.999951 TPR_2:1.000000 TPR_3:0.990078 TPR_4:0.921962 pggan_v1
AUC:0.999907 TPR_2:0.999666 TPR_3:0.977840 TPR_4:0.889866 pggan_v2
AUC:0.999436 TPR_2:0.990094 TPR_3:0.898896 TPR_4:0.728739 Test
epoch:003 batch:027000 loss:0.04438 avgloss:0.06012
AUC:0.999800 TPR_2:0.997165 TPR_3:0.963482 TPR_4:0.816408 validset
AUC:0.999818 TPR_2:0.997111 TPR_3:0.968444 TPR_4:0.869667 stylegan_celeba
AUC:0.998683 TPR_2:0.977993 TPR_3:0.734245 TPR_4:0.268312 stylegan_ffhq
AUC:0.997767 TPR_2:0.949789 TPR_3:0.702066 TPR_4:0.316152 faceapp
AUC:0.999985 TPR_2:0.999863 TPR_3:0.997992 TPR_4:0.994478 stargan
AUC:0.999934 TPR_2:0.999666 TPR_3:0.987402 TPR_4:0.901449 pggan_v1
AUC:0.999841 TPR_2:0.997550 TPR_3:0.973942 TPR_4:0.862806 pggan_v2
AUC:0.999338 TPR_2:0.986995 TPR_3:0.894015 TPR_4:0.702144 Test
epoch:004 batch:030000 loss:0.04813 avgloss:0.05965
AUC:0.999874 TPR_2:1.000000 TPR_3:0.966483 TPR_4:0.862098 validset
AUC:0.999833 TPR_2:0.997000 TPR_3:0.968444 TPR_4:0.887556 stylegan_celeba
