
Model:xception BatchSize:16 lr:0.000200
epoch:000 batch:003000 loss:0.17418 avgloss:0.20903
AUC:0.996329 TPR_2:0.882441 TPR_3:0.496415 TPR_4:0.175254 validset
AUC:0.992089 TPR_2:0.780000 TPR_3:0.417444 TPR_4:0.125778 stylegan_celeba
AUC:0.964673 TPR_2:0.155163 TPR_3:0.016895 TPR_4:0.000667 stylegan_ffhq
AUC:0.969604 TPR_2:0.252611 TPR_3:0.052433 TPR_4:0.009553 faceapp
AUC:0.989150 TPR_2:0.761055 TPR_3:0.491809 TPR_4:0.238489 stargan
AUC:0.991576 TPR_2:0.742475 TPR_3:0.365440 TPR_4:0.091750 pggan_v1
AUC:0.989819 TPR_2:0.701893 TPR_3:0.271715 TPR_4:0.039532 pggan_v2
AUC:0.982819 TPR_2:0.565533 TPR_3:0.269289 TPR_4:0.084295 Test
epoch:000 batch:006000 loss:0.15874 avgloss:0.18400
AUC:0.995644 TPR_2:0.792396 TPR_3:0.564949 TPR_4:0.389695 validset
AUC:0.995715 TPR_2:0.881222 TPR_3:0.593667 TPR_4:0.230222 stylegan_celeba
AUC:0.966728 TPR_2:0.179727 TPR_3:0.024008 TPR_4:0.002445 stylegan_ffhq
AUC:0.972375 TPR_2:0.281493 TPR_3:0.057098 TPR_4:0.012220 faceapp
AUC:0.995059 TPR_2:0.900607 TPR_3:0.784785 TPR_4:0.636472 stargan
AUC:0.995613 TPR_2:0.859755 TPR_3:0.561538 TPR_4:0.266109 pggan_v1
AUC:0.994501 TPR_2:0.833630 TPR_3:0.490757 TPR_4:0.162806 pggan_v2
AUC:0.986665 TPR_2:0.656072 TPR_3:0.418642 TPR_4:0.218379 Test
epoch:001 batch:009000 loss:0.10159 avgloss:0.16409
AUC:0.998850 TPR_2:0.987160 TPR_3:0.768718 TPR_4:0.513423 validset
AUC:0.997503 TPR_2:0.931000 TPR_3:0.695000 TPR_4:0.414778 stylegan_celeba
AUC:0.983801 TPR_2:0.481827 TPR_3:0.129932 TPR_4:0.033789 stylegan_ffhq
AUC:0.988876 TPR_2:0.679849 TPR_3:0.255277 TPR_4:0.081982 faceapp
AUC:0.999126 TPR_2:0.984393 TPR_3:0.903528 TPR_4:0.753936 stargan
AUC:0.996406 TPR_2:0.891416 TPR_3:0.655295 TPR_4:0.448384 pggan_v1
AUC:0.997061 TPR_2:0.926392 TPR_3:0.631069 TPR_4:0.366592 pggan_v2
AUC:0.993795 TPR_2:0.815813 TPR_3:0.545017 TPR_4:0.349910 Test
epoch:001 batch:012000 loss:0.06655 avgloss:0.14516
AUC:0.999449 TPR_2:0.994997 TPR_3:0.870102 TPR_4:0.574954 validset
AUC:0.998455 TPR_2:0.963778 TPR_3:0.783778 TPR_4:0.492111 stylegan_celeba
AUC:0.993506 TPR_2:0.794376 TPR_3:0.265978 TPR_4:0.050461 stylegan_ffhq
AUC:0.987499 TPR_2:0.628083 TPR_3:0.172628 TPR_4:0.036881 faceapp
AUC:0.999356 TPR_2:0.988044 TPR_3:0.918450 TPR_4:0.715420 stargan
AUC:0.999008 TPR_2:0.982386 TPR_3:0.801449 TPR_4:0.466444 pggan_v1
AUC:0.998036 TPR_2:0.954788 TPR_3:0.706125 TPR_4:0.369488 pggan_v2
AUC:0.995977 TPR_2:0.885242 TPR_3:0.608068 TPR_4:0.355134 Test
epoch:002 batch:015000 loss:0.10938 avgloss:0.13128
AUC:0.999323 TPR_2:0.991329 TPR_3:0.846256 TPR_4:0.596131 validset
AUC:0.999325 TPR_2:0.989000 TPR_3:0.858556 TPR_4:0.606556 stylegan_celeba
AUC:0.996282 TPR_2:0.901078 TPR_3:0.399466 TPR_4:0.127709 stylegan_ffhq
AUC:0.994548 TPR_2:0.853366 TPR_3:0.426350 TPR_4:0.155743 faceapp
AUC:0.999877 TPR_2:0.998038 TPR_3:0.985808 TPR_4:0.903436 stargan
AUC:0.999460 TPR_2:0.992754 TPR_3:0.879822 TPR_4:0.647157 pggan_v1
AUC:0.999212 TPR_2:0.988307 TPR_3:0.821604 TPR_4:0.520935 pggan_v2
AUC:0.998118 TPR_2:0.953757 TPR_3:0.728601 TPR_4:0.493589 Test
epoch:002 batch:018000 loss:0.01827 avgloss:0.12124
AUC:0.999286 TPR_2:0.981657 TPR_3:0.862931 TPR_4:0.683842 validset
AUC:0.999115 TPR_2:0.979000 TPR_3:0.870333 TPR_4:0.639111 stylegan_celeba
AUC:0.994753 TPR_2:0.841947 TPR_3:0.431477 TPR_4:0.154274 stylegan_ffhq
AUC:0.991487 TPR_2:0.734503 TPR_3:0.278383 TPR_4:0.068429 faceapp
AUC:0.999332 TPR_2:0.987222 TPR_3:0.923926 TPR_4:0.755214 stargan
AUC:0.998973 TPR_2:0.976700 TPR_3:0.835229 TPR_4:0.563545 pggan_v1
AUC:0.998744 TPR_2:0.972272 TPR_3:0.804788 TPR_4:0.516258 pggan_v2
AUC:0.997067 TPR_2:0.915274 TPR_3:0.690689 TPR_4:0.449472 Test
epoch:002 batch:021000 loss:0.16809 avgloss:0.11363
AUC:0.999716 TPR_2:0.998499 TPR_3:0.926296 TPR_4:0.732700 validset
AUC:0.999682 TPR_2:0.995667 TPR_3:0.943556 TPR_4:0.789222 stylegan_celeba
AUC:0.997762 TPR_2:0.955318 TPR_3:0.555741 TPR_4:0.178504 stylegan_ffhq
AUC:0.994687 TPR_2:0.856476 TPR_3:0.441013 TPR_4:0.146856 faceapp
AUC:0.999874 TPR_2:0.998403 TPR_3:0.991284 TPR_4:0.940857 stargan
AUC:0.999549 TPR_2:0.989186 TPR_3:0.923746 TPR_4:0.788852 pggan_v1
AUC:0.999753 TPR_2:0.997773 TPR_3:0.952561 TPR_4:0.776392 pggan_v2
AUC:0.998551 TPR_2:0.965471 TPR_3:0.801317 TPR_4:0.603447 Test
epoch:003 batch:024000 loss:0.04292 avgloss:0.10742
AUC:0.999684 TPR_2:0.999333 TPR_3:0.906453 TPR_4:0.733200 validset
AUC:0.999697 TPR_2:0.995444 TPR_3:0.937000 TPR_4:0.818333 stylegan_celeba
AUC:0.997129 TPR_2:0.917750 TPR_3:0.571302 TPR_4:0.261420 stylegan_ffhq
AUC:0.995503 TPR_2:0.864697 TPR_3:0.479671 TPR_4:0.190402 faceapp
AUC:0.999959 TPR_2:0.999681 TPR_3:0.993520 TPR_4:0.963081 stargan
AUC:0.999669 TPR_2:0.994537 TPR_3:0.931773 TPR_4:0.786957 pggan_v1
AUC:0.999598 TPR_2:0.994878 TPR_3:0.912918 TPR_4:0.738419 pggan_v2
AUC:0.998592 TPR_2:0.961164 TPR_3:0.804364 TPR_4:0.626435 Test
epoch:003 batch:027000 loss:0.07308 avgloss:0.10219
AUC:0.999654 TPR_2:0.996998 TPR_3:0.912456 TPR_4:0.713023 validset
AUC:0.999711 TPR_2:0.995444 TPR_3:0.941667 TPR_4:0.809333 stylegan_celeba
AUC:0.996698 TPR_2:0.928976 TPR_3:0.418917 TPR_4:0.103368 stylegan_ffhq
AUC:0.995313 TPR_2:0.881360 TPR_3:0.485003 TPR_4:0.190624 faceapp
AUC:0.999963 TPR_2:0.999407 TPR_3:0.993246 TPR_4:0.967052 stargan
AUC:0.999618 TPR_2:0.992531 TPR_3:0.932776 TPR_4:0.816276 pggan_v1
AUC:0.999725 TPR_2:0.996771 TPR_3:0.948218 TPR_4:0.778842 pggan_v2
AUC:0.998505 TPR_2:0.965748 TPR_3:0.786638 TPR_4:0.610916 Test
epoch:004 batch:030000 loss:0.22482 avgloss:0.09785
AUC:0.999455 TPR_2:0.995831 TPR_3:0.849925 TPR_4:0.730032 validset
AUC:0.999606 TPR_2:0.993000 TPR_3:0.928889 TPR_4:0.791111 stylegan_celeba
AUC:0.997738 TPR_2:0.956430 TPR_3:0.572191 TPR_4:0.201623 stylegan_ffhq
AUC:0.996027 TPR_2:0.894468 TPR_3:0.529216 TPR_4:0.213730 faceapp
AUC:0.999950 TPR_2:0.999407 TPR_3:0.992698 TPR_4:0.977548 stargan
AUC:0.999768 TPR_2:0.996656 TPR_3:0.949275 TPR_4:0.845819 pggan_v1
AUC:0.999756 TPR_2:0.997105 TPR_3:0.948998 TPR_4:0.810468 pggan_v2
AUC:0.998808 TPR_2:0.972844 TPR_3:0.820211 TPR_4:0.640050 Test
epoch:004 batch:033000 loss:0.04295 avgloss:0.09423
AUC:0.999694 TPR_2:0.992996 TPR_3:0.954977 TPR_4:0.760047 validset
AUC:0.999680 TPR_2:0.996222 TPR_3:0.934111 TPR_4:0.712778 stylegan_celeba
AUC:0.998686 TPR_2:0.977215 TPR_3:0.740580 TPR_4:0.357675 stylegan_ffhq
AUC:0.995415 TPR_2:0.884914 TPR_3:0.482337 TPR_4:0.140858 faceapp
AUC:0.999822 TPR_2:0.996304 TPR_3:0.976772 TPR_4:0.874367 stargan
AUC:0.999719 TPR_2:0.997324 TPR_3:0.943255 TPR_4:0.724526 pggan_v1
AUC:0.999685 TPR_2:0.996993 TPR_3:0.932517 TPR_4:0.662361 pggan_v2
AUC:0.998834 TPR_2:0.974829 TPR_3:0.834929 TPR_4:0.578761 Test
epoch:005 batch:036000 loss:0.04047 avgloss:0.09101
AUC:0.999291 TPR_2:0.983325 TPR_3:0.882941 TPR_4:0.688844 validset
AUC:0.999645 TPR_2:0.994667 TPR_3:0.945556 TPR_4:0.660556 stylegan_celeba
AUC:0.998082 TPR_2:0.962654 TPR_3:0.661887 TPR_4:0.155941 stylegan_ffhq
AUC:0.994648 TPR_2:0.864252 TPR_3:0.517885 TPR_4:0.158187 faceapp
AUC:0.999990 TPR_2:0.999681 TPR_3:0.998768 TPR_4:0.991968 stargan
AUC:0.999497 TPR_2:0.992419 TPR_3:0.908807 TPR_4:0.577035 pggan_v1
AUC:0.999486 TPR_2:0.991871 TPR_3:0.910356 TPR_4:0.554232 pggan_v2
AUC:0.998558 TPR_2:0.967591 TPR_3:0.823877 TPR_4:0.516320 Test
epoch:005 batch:039000 loss:0.06160 avgloss:0.08816
AUC:0.999333 TPR_2:0.992996 TPR_3:0.852760 TPR_4:0.685343 validset
AUC:0.999536 TPR_2:0.989889 TPR_3:0.924667 TPR_4:0.818556 stylegan_celeba
AUC:0.997279 TPR_2:0.929421 TPR_3:0.569523 TPR_4:0.271868 stylegan_ffhq
AUC:0.995343 TPR_2:0.858698 TPR_3:0.456787 TPR_4:0.187736 faceapp
AUC:0.999923 TPR_2:0.998677 TPR_3:0.988272 TPR_4:0.962625 stargan
AUC:0.999628 TPR_2:0.992977 TPR_3:0.932553 TPR_4:0.812709 pggan_v1
AUC:0.999699 TPR_2:0.996771 TPR_3:0.929733 TPR_4:0.800223 pggan_v2
AUC:0.998568 TPR_2:0.961072 TPR_3:0.800256 TPR_4:0.642286 Test
epoch:005 batch:042000 loss:0.05593 avgloss:0.08577
AUC:0.999453 TPR_2:0.988327 TPR_3:0.910288 TPR_4:0.626146 validset
AUC:0.999764 TPR_2:0.997556 TPR_3:0.954889 TPR_4:0.699333 stylegan_celeba
AUC:0.997545 TPR_2:0.948538 TPR_3:0.529732 TPR_4:0.074692 stylegan_ffhq
AUC:0.996135 TPR_2:0.895579 TPR_3:0.550766 TPR_4:0.150633 faceapp
AUC:0.999704 TPR_2:0.992105 TPR_3:0.983389 TPR_4:0.967919 stargan
AUC:0.999765 TPR_2:0.997993 TPR_3:0.948718 TPR_4:0.682051 pggan_v1
AUC:0.999809 TPR_2:0.998775 TPR_3:0.962361 TPR_4:0.688196 pggan_v2
AUC:0.998787 TPR_2:0.971758 TPR_3:0.821643 TPR_4:0.543804 Test
epoch:006 batch:045000 loss:0.03931 avgloss:0.08364
AUC:0.999873 TPR_2:0.999666 TPR_3:0.972986 TPR_4:0.846923 validset
AUC:0.999798 TPR_2:0.997333 TPR_3:0.962778 TPR_4:0.872111 stylegan_celeba
AUC:0.998820 TPR_2:0.980438 TPR_3:0.777037 TPR_4:0.453040 stylegan_ffhq
AUC:0.997560 TPR_2:0.946234 TPR_3:0.665852 TPR_4:0.329705 faceapp
AUC:0.999984 TPR_2:0.999954 TPR_3:0.997718 TPR_4:0.986127 stargan
AUC:0.999846 TPR_2:0.998997 TPR_3:0.968004 TPR_4:0.874693 pggan_v1
AUC:0.999844 TPR_2:0.998775 TPR_3:0.966927 TPR_4:0.867261 pggan_v2
AUC:0.999309 TPR_2:0.986955 TPR_3:0.889719 TPR_4:0.730489 Test
epoch:006 batch:048000 loss:0.04272 avgloss:0.08159
AUC:0.999862 TPR_2:0.999333 TPR_3:0.973653 TPR_4:0.804402 validset
AUC:0.999861 TPR_2:0.999222 TPR_3:0.969667 TPR_4:0.863778 stylegan_celeba
AUC:0.998948 TPR_2:0.987663 TPR_3:0.739358 TPR_4:0.378015 stylegan_ffhq
AUC:0.997710 TPR_2:0.943124 TPR_3:0.656521 TPR_4:0.326816 faceapp
AUC:0.999938 TPR_2:0.999042 TPR_3:0.993565 TPR_4:0.953224 stargan
AUC:0.999678 TPR_2:0.995541 TPR_3:0.931327 TPR_4:0.800669 pggan_v1
AUC:0.999799 TPR_2:0.998218 TPR_3:0.957127 TPR_4:0.797884 pggan_v2
AUC:0.999322 TPR_2:0.987135 TPR_3:0.874594 TPR_4:0.686731 Test
epoch:007 batch:051000 loss:0.04058 avgloss:0.07986
AUC:0.999878 TPR_2:1.000000 TPR_3:0.970819 TPR_4:0.846757 validset
AUC:0.999883 TPR_2:0.998778 TPR_3:0.978778 TPR_4:0.880111 stylegan_celeba
AUC:0.998786 TPR_2:0.977437 TPR_3:0.761031 TPR_4:0.362788 stylegan_ffhq
AUC:0.997992 TPR_2:0.954899 TPR_3:0.684959 TPR_4:0.262608 faceapp
AUC:0.999970 TPR_2:0.999954 TPR_3:0.996304 TPR_4:0.954548 stargan
AUC:0.999856 TPR_2:0.998328 TPR_3:0.974136 TPR_4:0.854404 pggan_v1
AUC:0.999864 TPR_2:0.998218 TPR_3:0.977840 TPR_4:0.845768 pggan_v2
AUC:0.999392 TPR_2:0.987936 TPR_3:0.895508 TPR_4:0.693371 Test
epoch:007 batch:054000 loss:0.19741 avgloss:0.07830
AUC:0.999581 TPR_2:0.993497 TPR_3:0.916291 TPR_4:0.661331 validset
AUC:0.999260 TPR_2:0.985778 TPR_3:0.862889 TPR_4:0.617889 stylegan_celeba
AUC:0.998245 TPR_2:0.954985 TPR_3:0.741581 TPR_4:0.436923 stylegan_ffhq
AUC:0.994030 TPR_2:0.821817 TPR_3:0.383248 TPR_4:0.114863 faceapp
AUC:0.999533 TPR_2:0.994159 TPR_3:0.937708 TPR_4:0.559303 stargan
AUC:0.999301 TPR_2:0.988406 TPR_3:0.859978 TPR_4:0.535006 pggan_v1
AUC:0.999299 TPR_2:0.987305 TPR_3:0.870490 TPR_4:0.592205 pggan_v2
AUC:0.998278 TPR_2:0.955408 TPR_3:0.775982 TPR_4:0.476031 Test
epoch:008 batch:057000 loss:0.04152 avgloss:0.07691

Model:xception BatchSize:16 lr:0.000200
