
Model:xception BatchSize:16 lr:0.000200
epoch:000 batch:003000 loss:0.19212 avgloss:0.24330
AUC:0.993803 TPR_2:0.812073 TPR_3:0.241621 TPR_4:0.123395 validset
AUC:0.989953 TPR_2:0.732778 TPR_3:0.379556 TPR_4:0.111667 stylegan_celeba
AUC:0.962892 TPR_2:0.155607 TPR_3:0.020340 TPR_4:0.001334 stylegan_ffhq
AUC:0.965098 TPR_2:0.203066 TPR_3:0.035548 TPR_4:0.005332 faceapp
AUC:0.978006 TPR_2:0.497650 TPR_3:0.180669 TPR_4:0.043673 stargan
AUC:0.989494 TPR_2:0.681048 TPR_3:0.288852 TPR_4:0.058974 pggan_v1
AUC:0.987115 TPR_2:0.620935 TPR_3:0.209800 TPR_4:0.035635 pggan_v2
AUC:0.978760 TPR_2:0.481847 TPR_3:0.185794 TPR_4:0.042769 Test
epoch:000 batch:006000 loss:0.19946 avgloss:0.21126
AUC:0.997039 TPR_2:0.898783 TPR_3:0.553610 TPR_4:0.344172 validset
AUC:0.992001 TPR_2:0.767889 TPR_3:0.420889 TPR_4:0.136444 stylegan_celeba
AUC:0.964550 TPR_2:0.174169 TPR_3:0.022785 TPR_4:0.001890 stylegan_ffhq
AUC:0.968932 TPR_2:0.256610 TPR_3:0.050655 TPR_4:0.006887 faceapp
AUC:0.997463 TPR_2:0.930452 TPR_3:0.829873 TPR_4:0.690275 stargan
AUC:0.993373 TPR_2:0.790524 TPR_3:0.436789 TPR_4:0.147603 pggan_v1
AUC:0.991980 TPR_2:0.757572 TPR_3:0.380846 TPR_4:0.103007 pggan_v2
AUC:0.984717 TPR_2:0.612869 TPR_3:0.356973 TPR_4:0.181018 Test
epoch:001 batch:009000 loss:0.11051 avgloss:0.18790
AUC:0.997752 TPR_2:0.940303 TPR_3:0.667334 TPR_4:0.468901 validset
AUC:0.997802 TPR_2:0.946333 TPR_3:0.681000 TPR_4:0.336444 stylegan_celeba
AUC:0.984341 TPR_2:0.511504 TPR_3:0.085362 TPR_4:0.011782 stylegan_ffhq
AUC:0.989108 TPR_2:0.698956 TPR_3:0.246168 TPR_4:0.062875 faceapp
AUC:0.999514 TPR_2:0.992105 TPR_3:0.943549 TPR_4:0.804500 stargan
AUC:0.998241 TPR_2:0.954515 TPR_3:0.746934 TPR_4:0.434114 pggan_v1
AUC:0.998257 TPR_2:0.968263 TPR_3:0.675056 TPR_4:0.285857 pggan_v2
AUC:0.994544 TPR_2:0.845279 TPR_3:0.563011 TPR_4:0.322595 Test
epoch:001 batch:012000 loss:0.12868 avgloss:0.16513
AUC:0.999461 TPR_2:0.989495 TPR_3:0.896448 TPR_4:0.662164 validset
AUC:0.998718 TPR_2:0.969000 TPR_3:0.811444 TPR_4:0.491111 stylegan_celeba
AUC:0.994793 TPR_2:0.836946 TPR_3:0.335445 TPR_4:0.064466 stylegan_ffhq
AUC:0.993859 TPR_2:0.826483 TPR_3:0.365919 TPR_4:0.063986 faceapp
AUC:0.999762 TPR_2:0.995573 TPR_3:0.967599 TPR_4:0.830831 stargan
AUC:0.999154 TPR_2:0.981940 TPR_3:0.843813 TPR_4:0.525530 pggan_v1
AUC:0.998691 TPR_2:0.971047 TPR_3:0.771826 TPR_4:0.434521 pggan_v2
AUC:0.997496 TPR_2:0.930165 TPR_3:0.682674 TPR_4:0.401741 Test
epoch:002 batch:015000 loss:0.05468 avgloss:0.14824
AUC:0.998544 TPR_2:0.964982 TPR_3:0.766717 TPR_4:0.620310 validset
AUC:0.999358 TPR_2:0.983889 TPR_3:0.895778 TPR_4:0.674556 stylegan_celeba
AUC:0.994877 TPR_2:0.837279 TPR_3:0.351339 TPR_4:0.080471 stylegan_ffhq
AUC:0.993299 TPR_2:0.797378 TPR_3:0.397245 TPR_4:0.101755 faceapp
AUC:0.999953 TPR_2:0.999544 TPR_3:0.993246 TPR_4:0.931776 stargan
AUC:0.999528 TPR_2:0.990635 TPR_3:0.909588 TPR_4:0.714493 pggan_v1
AUC:0.999412 TPR_2:0.988419 TPR_3:0.886860 TPR_4:0.648886 pggan_v2
AUC:0.997738 TPR_2:0.932857 TPR_3:0.739009 TPR_4:0.525323 Test
epoch:002 batch:018000 loss:0.01425 avgloss:0.13561
AUC:0.999721 TPR_2:0.997999 TPR_3:0.937135 TPR_4:0.755211 validset
AUC:0.999585 TPR_2:0.992444 TPR_3:0.927111 TPR_4:0.756000 stylegan_celeba
AUC:0.997779 TPR_2:0.957208 TPR_3:0.572969 TPR_4:0.145826 stylegan_ffhq
AUC:0.994673 TPR_2:0.853810 TPR_3:0.381026 TPR_4:0.083537 faceapp
AUC:0.999716 TPR_2:0.997810 TPR_3:0.941176 TPR_4:0.721170 stargan
AUC:0.999665 TPR_2:0.995095 TPR_3:0.927202 TPR_4:0.759866 pggan_v1
AUC:0.999498 TPR_2:0.991759 TPR_3:0.909800 TPR_4:0.697327 pggan_v2
AUC:0.998486 TPR_2:0.964688 TPR_3:0.776547 TPR_4:0.527288 Test
epoch:002 batch:021000 loss:0.12620 avgloss:0.12573
AUC:0.999688 TPR_2:0.995331 TPR_3:0.929965 TPR_4:0.783392 validset
AUC:0.999669 TPR_2:0.992778 TPR_3:0.941333 TPR_4:0.815667 stylegan_celeba
AUC:0.998370 TPR_2:0.971435 TPR_3:0.663443 TPR_4:0.235412 stylegan_ffhq
AUC:0.995829 TPR_2:0.888025 TPR_3:0.515219 TPR_4:0.189736 faceapp
AUC:0.999932 TPR_2:0.999087 TPR_3:0.990006 TPR_4:0.925889 stargan
AUC:0.999795 TPR_2:0.997770 TPR_3:0.954069 TPR_4:0.842921 pggan_v1
AUC:0.999758 TPR_2:0.996882 TPR_3:0.950780 TPR_4:0.802116 pggan_v2
AUC:0.998892 TPR_2:0.974330 TPR_3:0.835808 TPR_4:0.635290 Test
epoch:003 batch:024000 loss:0.05179 avgloss:0.11810
AUC:0.999792 TPR_2:0.996665 TPR_3:0.960980 TPR_4:0.820243 validset
AUC:0.999175 TPR_2:0.985667 TPR_3:0.910333 TPR_4:0.759222 stylegan_celeba
AUC:0.997610 TPR_2:0.956096 TPR_3:0.525509 TPR_4:0.070357 stylegan_ffhq
AUC:0.996011 TPR_2:0.900022 TPR_3:0.524550 TPR_4:0.162186 faceapp
AUC:0.999916 TPR_2:0.998266 TPR_3:0.988454 TPR_4:0.969561 stargan
AUC:0.999884 TPR_2:0.999666 TPR_3:0.976143 TPR_4:0.851839 pggan_v1
AUC:0.999748 TPR_2:0.996771 TPR_3:0.957684 TPR_4:0.793875 pggan_v2
AUC:0.998724 TPR_2:0.972748 TPR_3:0.813779 TPR_4:0.601174 Test
epoch:003 batch:027000 loss:0.09530 avgloss:0.11180
AUC:0.999282 TPR_2:0.988494 TPR_3:0.843422 TPR_4:0.651993 validset
AUC:0.999621 TPR_2:0.992556 TPR_3:0.927556 TPR_4:0.800111 stylegan_celeba
AUC:0.996986 TPR_2:0.933311 TPR_3:0.460153 TPR_4:0.152384 stylegan_ffhq
AUC:0.995565 TPR_2:0.880027 TPR_3:0.465896 TPR_4:0.194846 faceapp
AUC:0.999995 TPR_2:0.999909 TPR_3:0.999544 TPR_4:0.998813 stargan
AUC:0.999634 TPR_2:0.993868 TPR_3:0.928205 TPR_4:0.808919 pggan_v1
AUC:0.999481 TPR_2:0.987194 TPR_3:0.914477 TPR_4:0.785635 pggan_v2
AUC:0.998547 TPR_2:0.964477 TPR_3:0.782638 TPR_4:0.623451 Test
epoch:004 batch:030000 loss:0.19736 avgloss:0.10669
AUC:0.999806 TPR_2:0.998999 TPR_3:0.958813 TPR_4:0.799566 validset
AUC:0.999851 TPR_2:0.997778 TPR_3:0.974444 TPR_4:0.929333 stylegan_celeba
AUC:0.997727 TPR_2:0.948761 TPR_3:0.596532 TPR_4:0.226853 stylegan_ffhq
AUC:0.996647 TPR_2:0.913130 TPR_3:0.578982 TPR_4:0.249056 faceapp
AUC:0.999923 TPR_2:0.998448 TPR_3:0.990782 TPR_4:0.979099 stargan
AUC:0.999860 TPR_2:0.998216 TPR_3:0.967224 TPR_4:0.918952 pggan_v1
AUC:0.999848 TPR_2:0.996882 TPR_3:0.972160 TPR_4:0.900891 pggan_v2
AUC:0.998976 TPR_2:0.975536 TPR_3:0.846688 TPR_4:0.700697 Test
epoch:004 batch:033000 loss:0.03192 avgloss:0.10239
AUC:0.999602 TPR_2:0.990829 TPR_3:0.925296 TPR_4:0.723362 validset
AUC:0.999813 TPR_2:0.997667 TPR_3:0.960000 TPR_4:0.864222 stylegan_celeba
AUC:0.998400 TPR_2:0.975214 TPR_3:0.659331 TPR_4:0.225853 stylegan_ffhq
AUC:0.995561 TPR_2:0.891357 TPR_3:0.450789 TPR_4:0.142857 faceapp
AUC:0.999999 TPR_2:1.000000 TPR_3:0.999909 TPR_4:0.998677 stargan
AUC:0.999823 TPR_2:0.998885 TPR_3:0.956745 TPR_4:0.840468 pggan_v1
AUC:0.999739 TPR_2:0.996771 TPR_3:0.943875 TPR_4:0.825501 pggan_v2
AUC:0.998889 TPR_2:0.976649 TPR_3:0.828441 TPR_4:0.649596 Test
epoch:005 batch:036000 loss:0.03789 avgloss:0.09886
AUC:0.999595 TPR_2:0.993663 TPR_3:0.929298 TPR_4:0.628814 validset
AUC:0.999574 TPR_2:0.992667 TPR_3:0.926000 TPR_4:0.663222 stylegan_celeba
AUC:0.998050 TPR_2:0.971435 TPR_3:0.564077 TPR_4:0.084806 stylegan_ffhq
AUC:0.996169 TPR_2:0.920906 TPR_3:0.491446 TPR_4:0.129749 faceapp
AUC:0.999993 TPR_2:0.999909 TPR_3:0.999087 TPR_4:0.996942 stargan
AUC:0.999734 TPR_2:0.998328 TPR_3:0.938016 TPR_4:0.697101 pggan_v1
AUC:0.999691 TPR_2:0.995323 TPR_3:0.938307 TPR_4:0.692205 pggan_v2
AUC:0.998869 TPR_2:0.979761 TPR_3:0.809489 TPR_4:0.544004 Test
epoch:005 batch:039000 loss:0.03967 avgloss:0.09550
AUC:0.999527 TPR_2:0.996331 TPR_3:0.876772 TPR_4:0.608304 validset
AUC:0.999834 TPR_2:0.997556 TPR_3:0.967556 TPR_4:0.886333 stylegan_celeba
AUC:0.998827 TPR_2:0.982994 TPR_3:0.755029 TPR_4:0.246749 stylegan_ffhq
AUC:0.996591 TPR_2:0.918240 TPR_3:0.536547 TPR_4:0.133970 faceapp
AUC:0.999999 TPR_2:1.000000 TPR_3:0.999681 TPR_4:0.998357 stargan
AUC:0.999829 TPR_2:0.998328 TPR_3:0.961093 TPR_4:0.875362 pggan_v1
AUC:0.999788 TPR_2:0.997105 TPR_3:0.955902 TPR_4:0.825390 pggan_v2
AUC:0.999145 TPR_2:0.982370 TPR_3:0.862635 TPR_4:0.661027 Test
epoch:005 batch:042000 loss:0.04584 avgloss:0.09266
AUC:0.999918 TPR_2:0.999833 TPR_3:0.981657 TPR_4:0.893113 validset
AUC:0.999922 TPR_2:0.999667 TPR_3:0.981444 TPR_4:0.915222 stylegan_celeba
AUC:0.999018 TPR_2:0.988329 TPR_3:0.772369 TPR_4:0.340225 stylegan_ffhq
AUC:0.998149 TPR_2:0.958676 TPR_3:0.717174 TPR_4:0.353477 faceapp
AUC:0.999972 TPR_2:0.999726 TPR_3:0.997125 TPR_4:0.980970 stargan
AUC:0.999971 TPR_2:1.000000 TPR_3:0.994091 TPR_4:0.959086 pggan_v1
AUC:0.999924 TPR_2:0.999332 TPR_3:0.983296 TPR_4:0.934410 pggan_v2
AUC:0.999493 TPR_2:0.990955 TPR_3:0.907583 TPR_4:0.747232 Test
epoch:006 batch:045000 loss:0.07022 avgloss:0.09011
AUC:0.999279 TPR_2:0.992496 TPR_3:0.835251 TPR_4:0.622978 validset
AUC:0.999866 TPR_2:0.998111 TPR_3:0.974556 TPR_4:0.895667 stylegan_celeba
AUC:0.996438 TPR_2:0.916417 TPR_3:0.326220 TPR_4:0.017339 stylegan_ffhq
AUC:0.997266 TPR_2:0.942457 TPR_3:0.577427 TPR_4:0.122639 faceapp
AUC:0.999996 TPR_2:1.000000 TPR_3:0.999270 TPR_4:0.995300 stargan
AUC:0.999931 TPR_2:0.999331 TPR_3:0.984615 TPR_4:0.918729 pggan_v1
AUC:0.999873 TPR_2:0.998330 TPR_3:0.972160 TPR_4:0.887194 pggan_v2
AUC:0.998895 TPR_2:0.975774 TPR_3:0.805708 TPR_4:0.639478 Test
epoch:006 batch:048000 loss:0.04343 avgloss:0.08770
AUC:0.999918 TPR_2:0.999833 TPR_3:0.981157 TPR_4:0.897782 validset
AUC:0.999901 TPR_2:0.999111 TPR_3:0.978444 TPR_4:0.900333 stylegan_celeba
AUC:0.999380 TPR_2:0.995332 TPR_3:0.852506 TPR_4:0.402356 stylegan_ffhq
AUC:0.997957 TPR_2:0.962453 TPR_3:0.652299 TPR_4:0.233726 faceapp
AUC:0.999994 TPR_2:1.000000 TPR_3:0.998996 TPR_4:0.990964 stargan
AUC:0.999927 TPR_2:0.999777 TPR_3:0.984727 TPR_4:0.891750 pggan_v1
AUC:0.999829 TPR_2:0.999109 TPR_3:0.962138 TPR_4:0.814922 pggan_v2
AUC:0.999498 TPR_2:0.992630 TPR_3:0.904852 TPR_4:0.705675 Test
epoch:007 batch:051000 loss:0.04252 avgloss:0.08564
AUC:0.999319 TPR_2:0.982991 TPR_3:0.883775 TPR_4:0.728364 validset
AUC:0.999706 TPR_2:0.993444 TPR_3:0.954000 TPR_4:0.880889 stylegan_celeba
AUC:0.997926 TPR_2:0.962988 TPR_3:0.602423 TPR_4:0.260642 stylegan_ffhq
AUC:0.995047 TPR_2:0.870473 TPR_3:0.428571 TPR_4:0.173739 faceapp
AUC:0.999986 TPR_2:0.999772 TPR_3:0.997034 TPR_4:0.985214 stargan
AUC:0.999797 TPR_2:0.997547 TPR_3:0.956745 TPR_4:0.861650 pggan_v1
AUC:0.999648 TPR_2:0.993875 TPR_3:0.942539 TPR_4:0.846325 pggan_v2
AUC:0.998685 TPR_2:0.969683 TPR_3:0.813552 TPR_4:0.668077 Test
epoch:007 batch:054000 loss:0.09806 avgloss:0.08376
AUC:0.999859 TPR_2:0.999500 TPR_3:0.964649 TPR_4:0.855094 validset
AUC:0.999828 TPR_2:0.997778 TPR_3:0.965000 TPR_4:0.828333 stylegan_celeba
AUC:0.999182 TPR_2:0.986773 TPR_3:0.823274 TPR_4:0.453151 stylegan_ffhq
AUC:0.996580 TPR_2:0.908465 TPR_3:0.510331 TPR_4:0.142635 faceapp
AUC:0.999858 TPR_2:0.999133 TPR_3:0.976498 TPR_4:0.771095 stargan
AUC:0.999774 TPR_2:0.997547 TPR_3:0.952620 TPR_4:0.744593 pggan_v1
AUC:0.999660 TPR_2:0.994209 TPR_3:0.937082 TPR_4:0.723608 pggan_v2
AUC:0.999147 TPR_2:0.980651 TPR_3:0.860801 TPR_4:0.610569 Test
epoch:008 batch:057000 loss:0.03863 avgloss:0.08214
AUC:0.999708 TPR_2:0.996165 TPR_3:0.954477 TPR_4:0.674337 validset
AUC:0.999898 TPR_2:0.998889 TPR_3:0.978667 TPR_4:0.894111 stylegan_celeba
AUC:0.999071 TPR_2:0.990441 TPR_3:0.759475 TPR_4:0.264644 stylegan_ffhq
AUC:0.998398 TPR_2:0.970451 TPR_3:0.724950 TPR_4:0.325039 faceapp
AUC:0.999999 TPR_2:1.000000 TPR_3:0.999589 TPR_4:0.996806 stargan
AUC:0.999964 TPR_2:1.000000 TPR_3:0.992531 TPR_4:0.924749 pggan_v1
AUC:0.999930 TPR_2:0.999777 TPR_3:0.982739 TPR_4:0.892316 pggan_v2
AUC:0.999543 TPR_2:0.993260 TPR_3:0.906325 TPR_4:0.716277 Test
epoch:008 batch:060000 loss:0.02879 avgloss:0.08054
AUC:0.999903 TPR_2:1.000000 TPR_3:0.975988 TPR_4:0.823245 validset
AUC:0.999909 TPR_2:0.999000 TPR_3:0.983000 TPR_4:0.922444 stylegan_celeba
AUC:0.998641 TPR_2:0.978326 TPR_3:0.723352 TPR_4:0.268201 stylegan_ffhq
AUC:0.997955 TPR_2:0.952455 TPR_3:0.681848 TPR_4:0.292379 faceapp
AUC:0.999964 TPR_2:0.999498 TPR_3:0.995117 TPR_4:0.973714 stargan
AUC:0.999908 TPR_2:0.998551 TPR_3:0.983612 TPR_4:0.910925 pggan_v1
AUC:0.999821 TPR_2:0.995546 TPR_3:0.970490 TPR_4:0.898107 pggan_v2
AUC:0.999366 TPR_2:0.987229 TPR_3:0.889570 TPR_4:0.710962 Test
epoch:008 batch:063000 loss:0.03923 avgloss:0.07909
AUC:0.999897 TPR_2:0.999333 TPR_3:0.976488 TPR_4:0.891779 validset
AUC:0.999899 TPR_2:0.998778 TPR_3:0.980556 TPR_4:0.914889 stylegan_celeba
AUC:0.999387 TPR_2:0.991442 TPR_3:0.858508 TPR_4:0.512838 stylegan_ffhq
AUC:0.997805 TPR_2:0.951344 TPR_3:0.683182 TPR_4:0.309709 faceapp
AUC:0.999988 TPR_2:0.999681 TPR_3:0.998266 TPR_4:0.990782 stargan
AUC:0.999967 TPR_2:0.999666 TPR_3:0.996321 TPR_4:0.951728 pggan_v1
AUC:0.999945 TPR_2:0.999666 TPR_3:0.990312 TPR_4:0.926837 pggan_v2
AUC:0.999499 TPR_2:0.990096 TPR_3:0.917857 TPR_4:0.767797 Test
epoch:009 batch:066000 loss:0.04203 avgloss:0.07772
AUC:0.999830 TPR_2:0.998499 TPR_3:0.959646 TPR_4:0.861597 validset
AUC:0.999835 TPR_2:0.997778 TPR_3:0.968556 TPR_4:0.874444 stylegan_celeba
AUC:0.999165 TPR_2:0.987107 TPR_3:0.845615 TPR_4:0.432033 stylegan_ffhq
AUC:0.997087 TPR_2:0.926239 TPR_3:0.645634 TPR_4:0.293713 faceapp
AUC:0.999999 TPR_2:1.000000 TPR_3:0.999863 TPR_4:0.998083 stargan
AUC:0.999916 TPR_2:0.998662 TPR_3:0.982720 TPR_4:0.921293 pggan_v1
AUC:0.999840 TPR_2:0.996771 TPR_3:0.976949 TPR_4:0.914699 pggan_v2
AUC:0.999307 TPR_2:0.984426 TPR_3:0.903223 TPR_4:0.739044 Test
epoch:009 batch:069000 loss:0.03969 avgloss:0.07654
AUC:0.999916 TPR_2:0.999166 TPR_3:0.982491 TPR_4:0.902785 validset
AUC:0.999885 TPR_2:0.998556 TPR_3:0.975222 TPR_4:0.897111 stylegan_celeba
AUC:0.999524 TPR_2:0.993553 TPR_3:0.899633 TPR_4:0.515839 stylegan_ffhq
AUC:0.998420 TPR_2:0.966230 TPR_3:0.751389 TPR_4:0.349922 faceapp
AUC:0.999994 TPR_2:0.999954 TPR_3:0.999681 TPR_4:0.996714 stargan
AUC:0.999892 TPR_2:0.998774 TPR_3:0.974916 TPR_4:0.898105 pggan_v1
AUC:0.999856 TPR_2:0.997105 TPR_3:0.976615 TPR_4:0.894209 pggan_v2
AUC:0.999595 TPR_2:0.992362 TPR_3:0.929576 TPR_4:0.758650 Test
epoch:010 batch:072000 loss:0.03890 avgloss:0.07539
AUC:0.999920 TPR_2:0.999833 TPR_3:0.979490 TPR_4:0.898616 validset
AUC:0.999912 TPR_2:0.999111 TPR_3:0.984333 TPR_4:0.920889 stylegan_celeba
AUC:0.999198 TPR_2:0.991108 TPR_3:0.819940 TPR_4:0.376903 stylegan_ffhq
AUC:0.998699 TPR_2:0.975783 TPR_3:0.791824 TPR_4:0.374806 faceapp
AUC:0.999990 TPR_2:1.000000 TPR_3:0.999087 TPR_4:0.980286 stargan
AUC:0.999991 TPR_2:1.000000 TPR_3:0.999108 TPR_4:0.981271 pggan_v1
AUC:0.999973 TPR_2:1.000000 TPR_3:0.995657 TPR_4:0.955902 pggan_v2
AUC:0.999627 TPR_2:0.994334 TPR_3:0.931658 TPR_4:0.765009 Test
epoch:010 batch:075000 loss:0.04108 avgloss:0.07442
AUC:0.999807 TPR_2:0.998666 TPR_3:0.958979 TPR_4:0.850092 validset
AUC:0.999933 TPR_2:0.999000 TPR_3:0.988111 TPR_4:0.939444 stylegan_celeba
AUC:0.998500 TPR_2:0.968879 TPR_3:0.732689 TPR_4:0.293653 stylegan_ffhq
AUC:0.997942 TPR_2:0.951788 TPR_3:0.677405 TPR_4:0.249500 faceapp
AUC:0.999990 TPR_2:0.999681 TPR_3:0.999087 TPR_4:0.992060 stargan
AUC:0.999958 TPR_2:0.999443 TPR_3:0.992531 TPR_4:0.954069 pggan_v1
AUC:0.999910 TPR_2:0.998552 TPR_3:0.982851 TPR_4:0.925501 pggan_v2
AUC:0.999372 TPR_2:0.986224 TPR_3:0.895446 TPR_4:0.725705 Test
epoch:011 batch:078000 loss:0.23038 avgloss:0.07348
AUC:0.999912 TPR_2:0.999166 TPR_3:0.984325 TPR_4:0.895948 validset
AUC:0.999945 TPR_2:0.999222 TPR_3:0.990000 TPR_4:0.953778 stylegan_celeba
AUC:0.999372 TPR_2:0.992775 TPR_3:0.871290 TPR_4:0.481272 stylegan_ffhq
AUC:0.998006 TPR_2:0.952011 TPR_3:0.722062 TPR_4:0.305488 faceapp
AUC:0.999977 TPR_2:0.999452 TPR_3:0.997444 TPR_4:0.990599 stargan
AUC:0.999946 TPR_2:0.998997 TPR_3:0.991527 TPR_4:0.955184 pggan_v1
AUC:0.999911 TPR_2:0.998218 TPR_3:0.986748 TPR_4:0.943430 pggan_v2
AUC:0.999526 TPR_2:0.990113 TPR_3:0.926512 TPR_4:0.771625 Test
epoch:011 batch:081000 loss:0.04024 avgloss:0.07257
AUC:0.999348 TPR_2:0.993997 TPR_3:0.818076 TPR_4:0.588961 validset
AUC:0.999768 TPR_2:0.997556 TPR_3:0.948333 TPR_4:0.795111 stylegan_celeba
AUC:0.998597 TPR_2:0.990108 TPR_3:0.588196 TPR_4:0.124597 stylegan_ffhq
AUC:0.996404 TPR_2:0.914241 TPR_3:0.411242 TPR_4:0.082648 faceapp
AUC:0.999997 TPR_2:1.000000 TPR_3:0.999681 TPR_4:0.996714 stargan
AUC:0.999819 TPR_2:0.999554 TPR_3:0.956856 TPR_4:0.786176 pggan_v1
AUC:0.999766 TPR_2:0.996659 TPR_3:0.951336 TPR_4:0.801893 pggan_v2
AUC:0.999059 TPR_2:0.983020 TPR_3:0.809274 TPR_4:0.597857 Test
epoch:011 batch:084000 loss:0.05863 avgloss:0.07168
AUC:0.999898 TPR_2:0.998999 TPR_3:0.982324 TPR_4:0.856428 validset
AUC:0.999924 TPR_2:0.999444 TPR_3:0.983111 TPR_4:0.932556 stylegan_celeba
AUC:0.999161 TPR_2:0.987774 TPR_3:0.807936 TPR_4:0.387129 stylegan_ffhq
AUC:0.998390 TPR_2:0.968896 TPR_3:0.707621 TPR_4:0.287047 faceapp
AUC:0.999967 TPR_2:0.999361 TPR_3:0.996532 TPR_4:0.973258 stargan
AUC:0.999901 TPR_2:0.999331 TPR_3:0.976031 TPR_4:0.913935 pggan_v1
AUC:0.999856 TPR_2:0.997884 TPR_3:0.968374 TPR_4:0.892650 pggan_v2
AUC:0.999533 TPR_2:0.992115 TPR_3:0.906601 TPR_4:0.731096 Test
epoch:012 batch:087000 loss:0.11773 avgloss:0.07092
AUC:0.999828 TPR_2:0.999500 TPR_3:0.963648 TPR_4:0.700017 validset
AUC:0.999862 TPR_2:0.997889 TPR_3:0.976000 TPR_4:0.886222 stylegan_celeba
AUC:0.999095 TPR_2:0.991108 TPR_3:0.789597 TPR_4:0.251306 stylegan_ffhq
AUC:0.998481 TPR_2:0.969118 TPR_3:0.750500 TPR_4:0.265052 faceapp
AUC:0.999999 TPR_2:1.000000 TPR_3:0.999954 TPR_4:0.998175 stargan
AUC:0.999955 TPR_2:1.000000 TPR_3:0.990301 TPR_4:0.925753 pggan_v1
AUC:0.999961 TPR_2:0.999889 TPR_3:0.991537 TPR_4:0.933964 pggan_v2
AUC:0.999559 TPR_2:0.993001 TPR_3:0.916315 TPR_4:0.710079 Test
epoch:012 batch:090000 loss:0.03951 avgloss:0.07017
AUC:0.999921 TPR_2:0.999333 TPR_3:0.982658 TPR_4:0.909121 validset
AUC:0.999934 TPR_2:0.999667 TPR_3:0.984556 TPR_4:0.944000 stylegan_celeba
AUC:0.999498 TPR_2:0.994554 TPR_3:0.890741 TPR_4:0.568301 stylegan_ffhq
AUC:0.998089 TPR_2:0.957343 TPR_3:0.695623 TPR_4:0.321706 faceapp
AUC:0.999997 TPR_2:1.000000 TPR_3:0.999179 TPR_4:0.996167 stargan
AUC:0.999940 TPR_2:0.999554 TPR_3:0.986622 TPR_4:0.942252 pggan_v1
AUC:0.999910 TPR_2:0.998664 TPR_3:0.980512 TPR_4:0.935301 pggan_v2
AUC:0.999561 TPR_2:0.991630 TPR_3:0.922872 TPR_4:0.784621 Test
epoch:013 batch:093000 loss:0.03943 avgloss:0.06945

Model:xception BatchSize:16 lr:0.000200

Model:xception BatchSize:16 lr:0.000200
epoch:000 batch:003000 loss:0.03984 avgloss:0.04801
AUC:0.999947 TPR_2:1.000000 TPR_3:0.990829 TPR_4:0.911622 validset
AUC:0.999831 TPR_2:0.997667 TPR_3:0.965778 TPR_4:0.896444 stylegan_celeba
AUC:0.999302 TPR_2:0.993553 TPR_3:0.835945 TPR_4:0.493164 stylegan_ffhq
AUC:0.998852 TPR_2:0.980004 TPR_3:0.792713 TPR_4:0.373695 faceapp
AUC:0.999981 TPR_2:0.999954 TPR_3:0.996851 TPR_4:0.980377 stargan
AUC:0.999976 TPR_2:1.000000 TPR_3:0.996098 TPR_4:0.966109 pggan_v1
AUC:0.999944 TPR_2:0.999889 TPR_3:0.989198 TPR_4:0.936192 pggan_v2
AUC:0.999648 TPR_2:0.995178 TPR_3:0.929431 TPR_4:0.774330 Test
epoch:000 batch:006000 loss:0.05092 avgloss:0.04828
AUC:0.999936 TPR_2:0.999666 TPR_3:0.983492 TPR_4:0.914791 validset
AUC:0.999973 TPR_2:0.999778 TPR_3:0.993778 TPR_4:0.973778 stylegan_celeba
AUC:0.999459 TPR_2:0.995443 TPR_3:0.861732 TPR_4:0.560631 stylegan_ffhq
AUC:0.998602 TPR_2:0.968451 TPR_3:0.765830 TPR_4:0.453010 faceapp
AUC:0.999999 TPR_2:1.000000 TPR_3:0.999635 TPR_4:0.999179 stargan
AUC:0.999973 TPR_2:0.999889 TPR_3:0.993534 TPR_4:0.969788 pggan_v1
AUC:0.999968 TPR_2:0.999889 TPR_3:0.992205 TPR_4:0.966927 pggan_v2
AUC:0.999662 TPR_2:0.993908 TPR_3:0.934452 TPR_4:0.820552 Test
epoch:001 batch:009000 loss:0.03905 avgloss:0.04800
AUC:0.999919 TPR_2:0.999833 TPR_3:0.978156 TPR_4:0.877605 validset
AUC:0.999963 TPR_2:0.999778 TPR_3:0.992667 TPR_4:0.946444 stylegan_celeba
AUC:0.999337 TPR_2:0.993109 TPR_3:0.839391 TPR_4:0.437479 stylegan_ffhq
AUC:0.998865 TPR_2:0.979560 TPR_3:0.795379 TPR_4:0.420795 faceapp
AUC:0.999986 TPR_2:0.999954 TPR_3:0.997992 TPR_4:0.983161 stargan
AUC:0.999978 TPR_2:1.000000 TPR_3:0.995206 TPR_4:0.969231 pggan_v1
AUC:0.999974 TPR_2:0.999777 TPR_3:0.994432 TPR_4:0.966258 pggan_v2
AUC:0.999684 TPR_2:0.995363 TPR_3:0.935844 TPR_4:0.787228 Test
epoch:001 batch:012000 loss:0.04324 avgloss:0.04800
AUC:0.999920 TPR_2:0.999500 TPR_3:0.988161 TPR_4:0.864766 validset
AUC:0.999931 TPR_2:0.999111 TPR_3:0.987778 TPR_4:0.939222 stylegan_celeba
AUC:0.999501 TPR_2:0.997666 TPR_3:0.875069 TPR_4:0.481272 stylegan_ffhq
AUC:0.998872 TPR_2:0.980227 TPR_3:0.798489 TPR_4:0.357920 faceapp
AUC:1.000000 TPR_2:1.000000 TPR_3:1.000000 TPR_4:0.999544 stargan
AUC:0.999982 TPR_2:1.000000 TPR_3:0.996210 TPR_4:0.972018 pggan_v1
AUC:0.999971 TPR_2:0.999889 TPR_3:0.995212 TPR_4:0.957795 pggan_v2
AUC:0.999710 TPR_2:0.996149 TPR_3:0.942126 TPR_4:0.784628 Test
epoch:002 batch:015000 loss:0.04662 avgloss:0.04796
AUC:0.999925 TPR_2:0.999833 TPR_3:0.981157 TPR_4:0.876438 validset
AUC:0.999950 TPR_2:0.999222 TPR_3:0.991444 TPR_4:0.964333 stylegan_celeba
AUC:0.999757 TPR_2:0.998444 TPR_3:0.947093 TPR_4:0.760031 stylegan_ffhq
AUC:0.997614 TPR_2:0.944679 TPR_3:0.606532 TPR_4:0.192402 faceapp
AUC:0.999819 TPR_2:0.996669 TPR_3:0.967964 TPR_4:0.864418 stargan
AUC:0.999979 TPR_2:1.000000 TPR_3:0.995875 TPR_4:0.973467 pggan_v1
AUC:0.999954 TPR_2:0.999443 TPR_3:0.992762 TPR_4:0.956459 pggan_v2
AUC:0.999512 TPR_2:0.989743 TPR_3:0.916945 TPR_4:0.785185 Test
epoch:002 batch:018000 loss:0.03849 avgloss:0.04779
AUC:0.999940 TPR_2:0.999833 TPR_3:0.987827 TPR_4:0.934801 validset
AUC:0.999942 TPR_2:0.999889 TPR_3:0.989444 TPR_4:0.920667 stylegan_celeba
AUC:0.999783 TPR_2:0.999222 TPR_3:0.953651 TPR_4:0.730688 stylegan_ffhq
AUC:0.998785 TPR_2:0.977116 TPR_3:0.799156 TPR_4:0.401022 faceapp
AUC:0.999997 TPR_2:1.000000 TPR_3:0.999726 TPR_4:0.997171 stargan
AUC:0.999980 TPR_2:1.000000 TPR_3:0.998774 TPR_4:0.963657 pggan_v1
AUC:0.999938 TPR_2:0.999889 TPR_3:0.990535 TPR_4:0.920045 pggan_v2
AUC:0.999738 TPR_2:0.996019 TPR_3:0.955214 TPR_4:0.822208 Test
epoch:002 batch:021000 loss:0.04001 avgloss:0.04766
AUC:0.999928 TPR_2:1.000000 TPR_3:0.989328 TPR_4:0.770218 validset
AUC:0.999928 TPR_2:0.999556 TPR_3:0.985667 TPR_4:0.923556 stylegan_celeba
AUC:0.999757 TPR_2:0.997666 TPR_3:0.950094 TPR_4:0.734912 stylegan_ffhq
AUC:0.998961 TPR_2:0.982226 TPR_3:0.806932 TPR_4:0.377916 faceapp
AUC:0.999991 TPR_2:0.999726 TPR_3:0.999315 TPR_4:0.997581 stargan
AUC:0.999966 TPR_2:0.999889 TPR_3:0.992754 TPR_4:0.945931 pggan_v1
AUC:0.999945 TPR_2:0.999555 TPR_3:0.988641 TPR_4:0.934967 pggan_v2
AUC:0.999758 TPR_2:0.996436 TPR_3:0.953901 TPR_4:0.819144 Test
