
Model:xception BatchSize:16 lr:0.000200
epoch:000 batch:003000 loss:0.38441 avgloss:0.55977
AUC:0.837479 TPR_2:0.200808 TPR_3:0.061072 TPR_4:0.018509 validset
AUC:0.287462 TPR_2:0.000333 TPR_3:0.000000 TPR_4:0.000000 stylegan_celeba
AUC:0.246573 TPR_2:0.000000 TPR_3:0.000000 TPR_4:0.000000 stylegan_ffhq
AUC:0.252826 TPR_2:0.000000 TPR_3:0.000000 TPR_4:0.000000 faceapp
AUC:0.584956 TPR_2:0.000730 TPR_3:0.000000 TPR_4:0.000000 stargan
AUC:0.329913 TPR_2:0.000000 TPR_3:0.000000 TPR_4:0.000000 pggan_v1
AUC:0.329221 TPR_2:0.000000 TPR_3:0.000000 TPR_4:0.000000 pggan_v2
AUC:0.892634 TPR_2:0.182787 TPR_3:0.053105 TPR_4:0.017927 Deepfakes
AUC:0.795287 TPR_2:0.074229 TPR_3:0.013676 TPR_4:0.002735 FaceSwap
AUC:0.862835 TPR_2:0.214902 TPR_3:0.060892 TPR_4:0.011496 Face2Face
AUC:0.509079 TPR_2:0.052554 TPR_3:0.014186 TPR_4:0.003573 Test
epoch:000 batch:006000 loss:0.14664 avgloss:0.44042
AUC:0.928843 TPR_2:0.524842 TPR_3:0.302792 TPR_4:0.131906 validset
AUC:0.831580 TPR_2:0.003111 TPR_3:0.000000 TPR_4:0.000000 stylegan_celeba
AUC:0.687574 TPR_2:0.000889 TPR_3:0.000111 TPR_4:0.000000 stylegan_ffhq
AUC:0.722572 TPR_2:0.002000 TPR_3:0.000000 TPR_4:0.000000 faceapp
AUC:0.739105 TPR_2:0.023000 TPR_3:0.001004 TPR_4:0.000046 stargan
AUC:0.826833 TPR_2:0.000669 TPR_3:0.000000 TPR_4:0.000000 pggan_v1
AUC:0.823491 TPR_2:0.001559 TPR_3:0.000000 TPR_4:0.000000 pggan_v2
AUC:0.932699 TPR_2:0.503199 TPR_3:0.254673 TPR_4:0.145477 Deepfakes
AUC:0.945873 TPR_2:0.492253 TPR_3:0.224308 TPR_4:0.106224 FaceSwap
AUC:0.959279 TPR_2:0.641889 TPR_3:0.334262 TPR_4:0.160033 Face2Face
AUC:0.829890 TPR_2:0.185396 TPR_3:0.090484 TPR_4:0.045753 Test
epoch:000 batch:009000 loss:0.12989 avgloss:0.36552
AUC:0.959093 TPR_2:0.669922 TPR_3:0.444178 TPR_4:0.287030 validset
AUC:0.871159 TPR_2:0.002111 TPR_3:0.000000 TPR_4:0.000000 stylegan_celeba
AUC:0.738622 TPR_2:0.000222 TPR_3:0.000000 TPR_4:0.000000 stylegan_ffhq
AUC:0.765073 TPR_2:0.000889 TPR_3:0.000000 TPR_4:0.000000 faceapp
AUC:0.914162 TPR_2:0.295578 TPR_3:0.069365 TPR_4:0.017843 stargan
AUC:0.881946 TPR_2:0.001784 TPR_3:0.000000 TPR_4:0.000000 pggan_v1
AUC:0.866014 TPR_2:0.001559 TPR_3:0.000000 TPR_4:0.000000 pggan_v2
AUC:0.981621 TPR_2:0.795770 TPR_3:0.558157 TPR_4:0.380870 Deepfakes
AUC:0.936426 TPR_2:0.447662 TPR_3:0.217272 TPR_4:0.119739 FaceSwap
AUC:0.974495 TPR_2:0.716818 TPR_3:0.490057 TPR_4:0.342173 Face2Face
AUC:0.881057 TPR_2:0.251377 TPR_3:0.148317 TPR_4:0.095625 Test
epoch:001 batch:012000 loss:0.19183 avgloss:0.31823
AUC:0.975591 TPR_2:0.759018 TPR_3:0.579642 TPR_4:0.437465 validset
AUC:0.954608 TPR_2:0.078222 TPR_3:0.000333 TPR_4:0.000000 stylegan_celeba
AUC:0.900067 TPR_2:0.001556 TPR_3:0.000000 TPR_4:0.000000 stylegan_ffhq
AUC:0.905528 TPR_2:0.005999 TPR_3:0.000000 TPR_4:0.000000 faceapp
AUC:0.926881 TPR_2:0.359878 TPR_3:0.090357 TPR_4:0.012960 stargan
AUC:0.958464 TPR_2:0.053735 TPR_3:0.000000 TPR_4:0.000000 pggan_v1
AUC:0.952483 TPR_2:0.047550 TPR_3:0.000334 TPR_4:0.000000 pggan_v2
AUC:0.986066 TPR_2:0.865965 TPR_3:0.680486 TPR_4:0.475992 Deepfakes
AUC:0.968881 TPR_2:0.722967 TPR_3:0.525094 TPR_4:0.343381 FaceSwap
AUC:0.981084 TPR_2:0.834291 TPR_3:0.653008 TPR_4:0.452375 Face2Face
AUC:0.948229 TPR_2:0.330018 TPR_3:0.216624 TPR_4:0.142745 Test
epoch:001 batch:015000 loss:0.10553 avgloss:0.28465
AUC:0.980022 TPR_2:0.826770 TPR_3:0.663908 TPR_4:0.446149 validset
AUC:0.950644 TPR_2:0.093111 TPR_3:0.000444 TPR_4:0.000000 stylegan_celeba
AUC:0.894335 TPR_2:0.002556 TPR_3:0.000000 TPR_4:0.000000 stylegan_ffhq
AUC:0.893599 TPR_2:0.003555 TPR_3:0.000222 TPR_4:0.000000 faceapp
AUC:0.947342 TPR_2:0.507233 TPR_3:0.088258 TPR_4:0.008534 stargan
AUC:0.957205 TPR_2:0.080936 TPR_3:0.000000 TPR_4:0.000000 pggan_v1
AUC:0.946199 TPR_2:0.060134 TPR_3:0.000111 TPR_4:0.000000 pggan_v2
AUC:0.984827 TPR_2:0.884113 TPR_3:0.685442 TPR_4:0.502934 Deepfakes
AUC:0.984303 TPR_2:0.852279 TPR_3:0.673985 TPR_4:0.524194 FaceSwap
AUC:0.986906 TPR_2:0.911775 TPR_3:0.772078 TPR_4:0.615485 Face2Face
AUC:0.949484 TPR_2:0.377299 TPR_3:0.246727 TPR_4:0.183461 Test
epoch:001 batch:018000 loss:0.05487 avgloss:0.25935
AUC:0.973168 TPR_2:0.809056 TPR_3:0.651325 TPR_4:0.476818 validset
AUC:0.969158 TPR_2:0.388556 TPR_3:0.056556 TPR_4:0.000333 stylegan_celeba
AUC:0.865547 TPR_2:0.018228 TPR_3:0.000333 TPR_4:0.000000 stylegan_ffhq
AUC:0.876511 TPR_2:0.034437 TPR_3:0.001777 TPR_4:0.000000 faceapp
AUC:0.964825 TPR_2:0.665952 TPR_3:0.237439 TPR_4:0.016885 stargan
AUC:0.966823 TPR_2:0.345485 TPR_3:0.022297 TPR_4:0.000000 pggan_v1
AUC:0.959301 TPR_2:0.258909 TPR_3:0.018820 TPR_4:0.000223 pggan_v2
AUC:0.971123 TPR_2:0.764534 TPR_3:0.530847 TPR_4:0.308896 Deepfakes
AUC:0.987833 TPR_2:0.892246 TPR_3:0.757068 TPR_4:0.579025 FaceSwap
AUC:0.978065 TPR_2:0.857923 TPR_3:0.706163 TPR_4:0.525809 Face2Face
AUC:0.948798 TPR_2:0.469585 TPR_3:0.259033 TPR_4:0.159019 Test
epoch:002 batch:021000 loss:0.15735 avgloss:0.23916
AUC:0.980847 TPR_2:0.869118 TPR_3:0.726892 TPR_4:0.572977 validset
AUC:0.969618 TPR_2:0.482444 TPR_3:0.077889 TPR_4:0.001778 stylegan_celeba
AUC:0.878303 TPR_2:0.030788 TPR_3:0.000222 TPR_4:0.000000 stylegan_ffhq
AUC:0.890568 TPR_2:0.040213 TPR_3:0.000667 TPR_4:0.000000 faceapp
AUC:0.968949 TPR_2:0.721216 TPR_3:0.475243 TPR_4:0.231233 stargan
AUC:0.975107 TPR_2:0.472575 TPR_3:0.073579 TPR_4:0.001672 pggan_v1
AUC:0.967095 TPR_2:0.392539 TPR_3:0.046214 TPR_4:0.001336 pggan_v2
AUC:0.989974 TPR_2:0.899687 TPR_3:0.783549 TPR_4:0.627351 Deepfakes
AUC:0.985071 TPR_2:0.841590 TPR_3:0.629519 TPR_4:0.415666 FaceSwap
AUC:0.989648 TPR_2:0.927742 TPR_3:0.828688 TPR_4:0.714698 Face2Face
AUC:0.957148 TPR_2:0.534310 TPR_3:0.323952 TPR_4:0.221526 Test
epoch:002 batch:024000 loss:0.34572 avgloss:0.22357
AUC:0.986130 TPR_2:0.862614 TPR_3:0.732878 TPR_4:0.550142 validset
AUC:0.975398 TPR_2:0.278111 TPR_3:0.001111 TPR_4:0.000000 stylegan_celeba
AUC:0.925225 TPR_2:0.004112 TPR_3:0.000000 TPR_4:0.000000 stylegan_ffhq
AUC:0.929465 TPR_2:0.013775 TPR_3:0.000000 TPR_4:0.000000 faceapp
AUC:0.976168 TPR_2:0.746680 TPR_3:0.433898 TPR_4:0.183316 stargan
AUC:0.977304 TPR_2:0.250279 TPR_3:0.000557 TPR_4:0.000000 pggan_v1
AUC:0.971980 TPR_2:0.169599 TPR_3:0.000557 TPR_4:0.000000 pggan_v2
AUC:0.991371 TPR_2:0.921305 TPR_3:0.788844 TPR_4:0.627969 Deepfakes
AUC:0.982231 TPR_2:0.829443 TPR_3:0.638912 TPR_4:0.480107 FaceSwap
AUC:0.988268 TPR_2:0.919338 TPR_3:0.798917 TPR_4:0.666609 Face2Face
AUC:0.968601 TPR_2:0.459182 TPR_3:0.295866 TPR_4:0.217556 Test
epoch:002 batch:027000 loss:0.02143 avgloss:0.21047
AUC:0.986974 TPR_2:0.887715 TPR_3:0.741135 TPR_4:0.582254 validset
AUC:0.978726 TPR_2:0.463222 TPR_3:0.093556 TPR_4:0.008444 stylegan_celeba
AUC:0.914446 TPR_2:0.014338 TPR_3:0.000111 TPR_4:0.000000 stylegan_ffhq
AUC:0.929534 TPR_2:0.045323 TPR_3:0.002000 TPR_4:0.000000 faceapp
AUC:0.987630 TPR_2:0.829188 TPR_3:0.504404 TPR_4:0.220235 stargan
AUC:0.978829 TPR_2:0.409253 TPR_3:0.072129 TPR_4:0.003233 pggan_v1
AUC:0.972739 TPR_2:0.301336 TPR_3:0.035635 TPR_4:0.002116 pggan_v2
AUC:0.990972 TPR_2:0.918629 TPR_3:0.771887 TPR_4:0.587952 Deepfakes
AUC:0.990440 TPR_2:0.916863 TPR_3:0.788127 TPR_4:0.634594 FaceSwap
AUC:0.991420 TPR_2:0.930123 TPR_3:0.819544 TPR_4:0.655867 Face2Face
AUC:0.970526 TPR_2:0.536475 TPR_3:0.343044 TPR_4:0.234716 Test
epoch:002 batch:030000 loss:0.02801 avgloss:0.19947
AUC:0.985866 TPR_2:0.877507 TPR_3:0.740392 TPR_4:0.588453 validset
AUC:0.948417 TPR_2:0.105000 TPR_3:0.002000 TPR_4:0.000000 stylegan_celeba
AUC:0.862803 TPR_2:0.001000 TPR_3:0.000000 TPR_4:0.000000 stylegan_ffhq
AUC:0.878842 TPR_2:0.003999 TPR_3:0.000000 TPR_4:0.000000 faceapp
AUC:0.993870 TPR_2:0.878930 TPR_3:0.659472 TPR_4:0.404281 stargan
AUC:0.948721 TPR_2:0.097770 TPR_3:0.000892 TPR_4:0.000000 pggan_v1
AUC:0.939032 TPR_2:0.057572 TPR_3:0.000668 TPR_4:0.000000 pggan_v2
AUC:0.994351 TPR_2:0.934806 TPR_3:0.811683 TPR_4:0.642411 Deepfakes
AUC:0.990904 TPR_2:0.897824 TPR_3:0.776232 TPR_4:0.597722 FaceSwap
AUC:0.987853 TPR_2:0.900148 TPR_3:0.770409 TPR_4:0.589110 Face2Face
AUC:0.949421 TPR_2:0.430783 TPR_3:0.335706 TPR_4:0.248169 Test
epoch:003 batch:033000 loss:0.16517 avgloss:0.19002
AUC:0.984397 TPR_2:0.900938 TPR_3:0.800260 TPR_4:0.660330 validset
AUC:0.978458 TPR_2:0.566667 TPR_3:0.230222 TPR_4:0.072889 stylegan_celeba
AUC:0.898252 TPR_2:0.022785 TPR_3:0.001445 TPR_4:0.000111 stylegan_ffhq
AUC:0.899923 TPR_2:0.042657 TPR_3:0.006665 TPR_4:0.000889 faceapp
AUC:0.993377 TPR_2:0.904258 TPR_3:0.732579 TPR_4:0.515721 stargan
AUC:0.977419 TPR_2:0.500780 TPR_3:0.200111 TPR_4:0.057414 pggan_v1
AUC:0.969665 TPR_2:0.411804 TPR_3:0.134298 TPR_4:0.033964 pggan_v2
AUC:0.996593 TPR_2:0.964543 TPR_3:0.859994 TPR_4:0.724694 Deepfakes
AUC:0.987013 TPR_2:0.872164 TPR_3:0.728132 TPR_4:0.561570 FaceSwap
AUC:0.992626 TPR_2:0.941967 TPR_3:0.866777 TPR_4:0.763935 Face2Face
AUC:0.965925 TPR_2:0.580847 TPR_3:0.417803 TPR_4:0.303465 Test
epoch:003 batch:036000 loss:0.06744 avgloss:0.18191
AUC:0.986234 TPR_2:0.900220 TPR_3:0.791741 TPR_4:0.653272 validset
AUC:0.982712 TPR_2:0.560778 TPR_3:0.033556 TPR_4:0.000000 stylegan_celeba
AUC:0.918377 TPR_2:0.017450 TPR_3:0.000000 TPR_4:0.000000 stylegan_ffhq
AUC:0.922471 TPR_2:0.032882 TPR_3:0.000222 TPR_4:0.000000 faceapp
AUC:0.992114 TPR_2:0.880026 TPR_3:0.587505 TPR_4:0.235568 stargan
AUC:0.980898 TPR_2:0.489186 TPR_3:0.026979 TPR_4:0.000000 pggan_v1
AUC:0.976000 TPR_2:0.398441 TPR_3:0.010802 TPR_4:0.000111 pggan_v2
AUC:0.992079 TPR_2:0.922967 TPR_3:0.794064 TPR_4:0.613659 Deepfakes
AUC:0.996174 TPR_2:0.951467 TPR_3:0.847186 TPR_4:0.680553 FaceSwap
AUC:0.992701 TPR_2:0.954131 TPR_3:0.876618 TPR_4:0.751727 Face2Face
AUC:0.972614 TPR_2:0.578592 TPR_3:0.352993 TPR_4:0.253513 Test
epoch:003 batch:039000 loss:0.12493 avgloss:0.17482
AUC:0.990449 TPR_2:0.909827 TPR_3:0.812338 TPR_4:0.674442 validset
AUC:0.979093 TPR_2:0.465556 TPR_3:0.077333 TPR_4:0.001778 stylegan_celeba
AUC:0.913695 TPR_2:0.007002 TPR_3:0.000333 TPR_4:0.000000 stylegan_ffhq
AUC:0.916027 TPR_2:0.022217 TPR_3:0.000444 TPR_4:0.000000 faceapp
AUC:0.995018 TPR_2:0.892484 TPR_3:0.588874 TPR_4:0.151782 stargan
AUC:0.976592 TPR_2:0.383389 TPR_3:0.033110 TPR_4:0.000111 pggan_v1
AUC:0.971190 TPR_2:0.295212 TPR_3:0.023163 TPR_4:0.000445 pggan_v2
AUC:0.996766 TPR_2:0.962734 TPR_3:0.897010 TPR_4:0.766387 Deepfakes
AUC:0.990460 TPR_2:0.894477 TPR_3:0.755574 TPR_4:0.495636 FaceSwap
AUC:0.994373 TPR_2:0.958166 TPR_3:0.912588 TPR_4:0.795317 Face2Face
AUC:0.970357 TPR_2:0.542360 TPR_3:0.365381 TPR_4:0.245717 Test
epoch:004 batch:042000 loss:0.30536 avgloss:0.16846
AUC:0.987465 TPR_2:0.906856 TPR_3:0.787435 TPR_4:0.611894 validset
AUC:0.979121 TPR_2:0.442444 TPR_3:0.043222 TPR_4:0.001000 stylegan_celeba
AUC:0.904787 TPR_2:0.012337 TPR_3:0.000222 TPR_4:0.000111 stylegan_ffhq
AUC:0.910067 TPR_2:0.022217 TPR_3:0.000444 TPR_4:0.000000 faceapp
AUC:0.994646 TPR_2:0.896317 TPR_3:0.663716 TPR_4:0.404828 stargan
AUC:0.974109 TPR_2:0.349721 TPR_3:0.031104 TPR_4:0.000446 pggan_v1
AUC:0.968234 TPR_2:0.243096 TPR_3:0.012584 TPR_4:0.000334 pggan_v2
AUC:0.992980 TPR_2:0.918702 TPR_3:0.787226 TPR_4:0.611998 Deepfakes
AUC:0.992342 TPR_2:0.908064 TPR_3:0.718522 TPR_4:0.489734 FaceSwap
AUC:0.992126 TPR_2:0.967311 TPR_3:0.919091 TPR_4:0.833754 Face2Face
AUC:0.967601 TPR_2:0.528912 TPR_3:0.352903 TPR_4:0.260245 Test
epoch:004 batch:045000 loss:0.03345 avgloss:0.16276
AUC:0.986544 TPR_2:0.915928 TPR_3:0.825459 TPR_4:0.716509 validset
AUC:0.979994 TPR_2:0.566556 TPR_3:0.192222 TPR_4:0.030667 stylegan_celeba
AUC:0.930942 TPR_2:0.027454 TPR_3:0.001000 TPR_4:0.000111 stylegan_ffhq
AUC:0.932951 TPR_2:0.048434 TPR_3:0.002666 TPR_4:0.000222 faceapp
AUC:0.994091 TPR_2:0.912700 TPR_3:0.698353 TPR_4:0.399763 stargan
AUC:0.984852 TPR_2:0.537458 TPR_3:0.175697 TPR_4:0.027425 pggan_v1
AUC:0.977604 TPR_2:0.455791 TPR_3:0.104120 TPR_4:0.010913 pggan_v2
AUC:0.993123 TPR_2:0.935835 TPR_3:0.834243 TPR_4:0.714473 Deepfakes
AUC:0.993159 TPR_2:0.935452 TPR_3:0.847492 TPR_4:0.707599 FaceSwap
AUC:0.991951 TPR_2:0.933693 TPR_3:0.849315 TPR_4:0.741175 Face2Face
AUC:0.975407 TPR_2:0.594819 TPR_3:0.411679 TPR_4:0.292483 Test
epoch:004 batch:048000 loss:0.27178 avgloss:0.15780
AUC:0.984815 TPR_2:0.890642 TPR_3:0.788241 TPR_4:0.614719 validset
AUC:0.927654 TPR_2:0.108000 TPR_3:0.005222 TPR_4:0.000000 stylegan_celeba
AUC:0.817466 TPR_2:0.000222 TPR_3:0.000000 TPR_4:0.000000 stylegan_ffhq
AUC:0.825773 TPR_2:0.000889 TPR_3:0.000000 TPR_4:0.000000 faceapp
AUC:0.995246 TPR_2:0.898416 TPR_3:0.647789 TPR_4:0.304751 stargan
AUC:0.918345 TPR_2:0.076477 TPR_3:0.003233 TPR_4:0.000223 pggan_v1
AUC:0.906829 TPR_2:0.031626 TPR_3:0.000557 TPR_4:0.000000 pggan_v2
AUC:0.996096 TPR_2:0.946792 TPR_3:0.836449 TPR_4:0.647720 Deepfakes
AUC:0.990743 TPR_2:0.887837 TPR_3:0.703802 TPR_4:0.453168 FaceSwap
AUC:0.993443 TPR_2:0.961636 TPR_3:0.903559 TPR_4:0.780265 Face2Face
AUC:0.930177 TPR_2:0.434655 TPR_3:0.344512 TPR_4:0.242903 Test
epoch:004 batch:051000 loss:0.09381 avgloss:0.15328
AUC:0.987572 TPR_2:0.912928 TPR_3:0.805852 TPR_4:0.573948 validset
AUC:0.988935 TPR_2:0.752778 TPR_3:0.388000 TPR_4:0.090889 stylegan_celeba
AUC:0.923854 TPR_2:0.057130 TPR_3:0.003779 TPR_4:0.000111 stylegan_ffhq
AUC:0.929682 TPR_2:0.085092 TPR_3:0.006221 TPR_4:0.000667 faceapp
AUC:0.995743 TPR_2:0.929905 TPR_3:0.801533 TPR_4:0.562725 stargan
AUC:0.987099 TPR_2:0.678149 TPR_3:0.300892 TPR_4:0.057748 pggan_v1
AUC:0.982713 TPR_2:0.593096 TPR_3:0.203452 TPR_4:0.031180 pggan_v2
AUC:0.992119 TPR_2:0.908643 TPR_3:0.774725 TPR_4:0.543112 Deepfakes
AUC:0.994212 TPR_2:0.934660 TPR_3:0.824747 TPR_4:0.565979 FaceSwap
AUC:0.993187 TPR_2:0.941140 TPR_3:0.867430 TPR_4:0.693578 Face2Face
AUC:0.976394 TPR_2:0.653399 TPR_3:0.463420 TPR_4:0.282888 Test
epoch:005 batch:054000 loss:0.04126 avgloss:0.14919
AUC:0.989266 TPR_2:0.920045 TPR_3:0.819609 TPR_4:0.714363 validset
AUC:0.988629 TPR_2:0.683333 TPR_3:0.112000 TPR_4:0.006556 stylegan_celeba
AUC:0.954094 TPR_2:0.043792 TPR_3:0.000333 TPR_4:0.000000 stylegan_ffhq
AUC:0.950501 TPR_2:0.038214 TPR_3:0.000444 TPR_4:0.000000 faceapp
AUC:0.995787 TPR_2:0.941770 TPR_3:0.649432 TPR_4:0.225802 stargan
AUC:0.988017 TPR_2:0.595095 TPR_3:0.064437 TPR_4:0.001784 pggan_v1
AUC:0.984589 TPR_2:0.520713 TPR_3:0.039644 TPR_4:0.001002 pggan_v2
AUC:0.990747 TPR_2:0.917893 TPR_3:0.783020 TPR_4:0.605262 Deepfakes
AUC:0.995288 TPR_2:0.967105 TPR_3:0.906480 TPR_4:0.788793 FaceSwap
AUC:0.991857 TPR_2:0.953173 TPR_3:0.888652 TPR_4:0.786506 Face2Face
AUC:0.982168 TPR_2:0.629010 TPR_3:0.382716 TPR_4:0.268412 Test
epoch:005 batch:057000 loss:0.04118 avgloss:0.14538
AUC:0.987275 TPR_2:0.910327 TPR_3:0.792406 TPR_4:0.604778 validset
AUC:0.972955 TPR_2:0.520333 TPR_3:0.041778 TPR_4:0.000556 stylegan_celeba
AUC:0.871230 TPR_2:0.011337 TPR_3:0.000111 TPR_4:0.000000 stylegan_ffhq
AUC:0.869503 TPR_2:0.013330 TPR_3:0.000000 TPR_4:0.000000 faceapp
AUC:0.995919 TPR_2:0.912655 TPR_3:0.584402 TPR_4:0.189568 stargan
AUC:0.968283 TPR_2:0.410814 TPR_3:0.020736 TPR_4:0.000000 pggan_v1
AUC:0.960562 TPR_2:0.309354 TPR_3:0.006459 TPR_4:0.000223 pggan_v2
AUC:0.996411 TPR_2:0.940659 TPR_3:0.834552 TPR_4:0.642896 Deepfakes
AUC:0.991629 TPR_2:0.917187 TPR_3:0.681633 TPR_4:0.339584 FaceSwap
AUC:0.993946 TPR_2:0.957658 TPR_3:0.877591 TPR_4:0.715119 Face2Face
AUC:0.957827 TPR_2:0.554814 TPR_3:0.338585 TPR_4:0.209772 Test
epoch:005 batch:060000 loss:0.03657 avgloss:0.14201
AUC:0.987361 TPR_2:0.908307 TPR_3:0.828658 TPR_4:0.684194 validset
AUC:0.966356 TPR_2:0.487000 TPR_3:0.137444 TPR_4:0.015556 stylegan_celeba
AUC:0.837770 TPR_2:0.008003 TPR_3:0.000000 TPR_4:0.000000 stylegan_ffhq
AUC:0.845403 TPR_2:0.012886 TPR_3:0.000889 TPR_4:0.000000 faceapp
AUC:0.999490 TPR_2:0.991923 TPR_3:0.906631 TPR_4:0.684251 stargan
AUC:0.954144 TPR_2:0.363545 TPR_3:0.089744 TPR_4:0.005909 pggan_v1
AUC:0.945107 TPR_2:0.274165 TPR_3:0.044321 TPR_4:0.002895 pggan_v2
AUC:0.996968 TPR_2:0.957542 TPR_3:0.852846 TPR_4:0.553819 Deepfakes
AUC:0.994754 TPR_2:0.945745 TPR_3:0.827050 TPR_4:0.622339 FaceSwap
AUC:0.994719 TPR_2:0.969677 TPR_3:0.924999 TPR_4:0.809020 Face2Face
AUC:0.948301 TPR_2:0.556721 TPR_3:0.420436 TPR_4:0.299310 Test
epoch:006 batch:063000 loss:0.03529 avgloss:0.13883
AUC:0.986296 TPR_2:0.919419 TPR_3:0.824886 TPR_4:0.678878 validset
AUC:0.980999 TPR_2:0.520111 TPR_3:0.018556 TPR_4:0.000000 stylegan_celeba
AUC:0.905270 TPR_2:0.017006 TPR_3:0.000111 TPR_4:0.000000 stylegan_ffhq
AUC:0.905938 TPR_2:0.029993 TPR_3:0.000222 TPR_4:0.000000 faceapp
AUC:0.995787 TPR_2:0.929494 TPR_3:0.628348 TPR_4:0.011774 stargan
AUC:0.979577 TPR_2:0.482163 TPR_3:0.012486 TPR_4:0.000000 pggan_v1
AUC:0.974941 TPR_2:0.395546 TPR_3:0.005345 TPR_4:0.000000 pggan_v2
AUC:0.995598 TPR_2:0.954483 TPR_3:0.853611 TPR_4:0.586055 Deepfakes
AUC:0.994836 TPR_2:0.942218 TPR_3:0.817549 TPR_4:0.590470 FaceSwap
AUC:0.993665 TPR_2:0.953231 TPR_3:0.861798 TPR_4:0.643892 Face2Face
AUC:0.969623 TPR_2:0.580472 TPR_3:0.355336 TPR_4:0.203577 Test
epoch:006 batch:066000 loss:0.29408 avgloss:0.13592
AUC:0.990265 TPR_2:0.920234 TPR_3:0.818066 TPR_4:0.654845 validset
AUC:0.992020 TPR_2:0.805222 TPR_3:0.298111 TPR_4:0.024778 stylegan_celeba
AUC:0.931007 TPR_2:0.057575 TPR_3:0.001556 TPR_4:0.000000 stylegan_ffhq
AUC:0.931835 TPR_2:0.072206 TPR_3:0.002222 TPR_4:0.000000 faceapp
AUC:0.995420 TPR_2:0.924246 TPR_3:0.642997 TPR_4:0.229635 stargan
AUC:0.989935 TPR_2:0.738573 TPR_3:0.252508 TPR_4:0.011483 pggan_v1
AUC:0.987580 TPR_2:0.672940 TPR_3:0.152561 TPR_4:0.005679 pggan_v2
AUC:0.995403 TPR_2:0.948615 TPR_3:0.854685 TPR_4:0.699825 Deepfakes
AUC:0.994922 TPR_2:0.946069 TPR_3:0.792374 TPR_4:0.554066 FaceSwap
AUC:0.993882 TPR_2:0.955423 TPR_3:0.879493 TPR_4:0.713798 Face2Face
AUC:0.979112 TPR_2:0.680097 TPR_3:0.430723 TPR_4:0.248807 Test
epoch:006 batch:069000 loss:0.06838 avgloss:0.13310
AUC:0.992424 TPR_2:0.926215 TPR_3:0.848721 TPR_4:0.724829 validset
AUC:0.988949 TPR_2:0.676444 TPR_3:0.228778 TPR_4:0.029222 stylegan_celeba
AUC:0.936127 TPR_2:0.020007 TPR_3:0.000222 TPR_4:0.000000 stylegan_ffhq
AUC:0.940350 TPR_2:0.070429 TPR_3:0.002444 TPR_4:0.000222 faceapp
AUC:0.997965 TPR_2:0.964952 TPR_3:0.825583 TPR_4:0.487701 stargan
AUC:0.986838 TPR_2:0.588629 TPR_3:0.182720 TPR_4:0.015496 pggan_v1
AUC:0.983501 TPR_2:0.489310 TPR_3:0.086192 TPR_4:0.003675 pggan_v2
AUC:0.997132 TPR_2:0.969366 TPR_3:0.910334 TPR_4:0.751989 Deepfakes
AUC:0.992690 TPR_2:0.945025 TPR_3:0.863778 TPR_4:0.758759 FaceSwap
AUC:0.994766 TPR_2:0.967195 TPR_3:0.932895 TPR_4:0.842652 Face2Face
AUC:0.979813 TPR_2:0.632373 TPR_3:0.448105 TPR_4:0.321080 Test
epoch:007 batch:072000 loss:0.04159 avgloss:0.13051
AUC:0.992459 TPR_2:0.933996 TPR_3:0.871424 TPR_4:0.749722 validset
AUC:0.995215 TPR_2:0.868667 TPR_3:0.584222 TPR_4:0.289556 stylegan_celeba
AUC:0.950056 TPR_2:0.127376 TPR_3:0.016339 TPR_4:0.001334 stylegan_ffhq
AUC:0.948788 TPR_2:0.126194 TPR_3:0.015774 TPR_4:0.001777 faceapp
AUC:0.996956 TPR_2:0.944690 TPR_3:0.798476 TPR_4:0.423128 stargan
AUC:0.993029 TPR_2:0.795318 TPR_3:0.492085 TPR_4:0.203567 pggan_v1
AUC:0.991922 TPR_2:0.757906 TPR_3:0.418486 TPR_4:0.141537 pggan_v2
AUC:0.994975 TPR_2:0.950718 TPR_3:0.898643 TPR_4:0.813256 Deepfakes
AUC:0.995162 TPR_2:0.942398 TPR_3:0.859099 TPR_4:0.694211 FaceSwap
AUC:0.995269 TPR_2:0.962927 TPR_3:0.916580 TPR_4:0.839401 Face2Face
AUC:0.984597 TPR_2:0.719577 TPR_3:0.555523 TPR_4:0.378641 Test
epoch:007 batch:075000 loss:0.03757 avgloss:0.12813
AUC:0.980132 TPR_2:0.890065 TPR_3:0.721349 TPR_4:0.359723 validset
AUC:0.946164 TPR_2:0.248444 TPR_3:0.013111 TPR_4:0.000667 stylegan_celeba
AUC:0.791609 TPR_2:0.002001 TPR_3:0.000000 TPR_4:0.000000 stylegan_ffhq
AUC:0.803726 TPR_2:0.003777 TPR_3:0.000000 TPR_4:0.000000 faceapp
AUC:0.987006 TPR_2:0.781865 TPR_3:0.522703 TPR_4:0.395564 stargan
AUC:0.927999 TPR_2:0.155407 TPR_3:0.002453 TPR_4:0.000111 pggan_v1
AUC:0.913787 TPR_2:0.102227 TPR_3:0.001002 TPR_4:0.000000 pggan_v2
AUC:0.990070 TPR_2:0.894848 TPR_3:0.603953 TPR_4:0.229481 Deepfakes
AUC:0.994533 TPR_2:0.933437 TPR_3:0.783754 TPR_4:0.623815 FaceSwap
AUC:0.991254 TPR_2:0.941459 TPR_3:0.705989 TPR_4:0.387026 Face2Face
AUC:0.927350 TPR_2:0.451496 TPR_3:0.292552 TPR_4:0.181852 Test
epoch:007 batch:078000 loss:0.21983 avgloss:0.12581
AUC:0.984717 TPR_2:0.919749 TPR_3:0.832197 TPR_4:0.724688 validset
AUC:0.985609 TPR_2:0.585111 TPR_3:0.159778 TPR_4:0.001222 stylegan_celeba
AUC:0.927441 TPR_2:0.008670 TPR_3:0.000222 TPR_4:0.000000 stylegan_ffhq
AUC:0.920777 TPR_2:0.007776 TPR_3:0.000000 TPR_4:0.000000 faceapp
AUC:0.998303 TPR_2:0.970839 TPR_3:0.787432 TPR_4:0.486971 stargan
AUC:0.982596 TPR_2:0.498662 TPR_3:0.104794 TPR_4:0.000111 pggan_v1
AUC:0.980331 TPR_2:0.434633 TPR_3:0.059131 TPR_4:0.000000 pggan_v2
AUC:0.994486 TPR_2:0.939997 TPR_3:0.823978 TPR_4:0.609321 Deepfakes
AUC:0.996298 TPR_2:0.967933 TPR_3:0.915064 TPR_4:0.747926 FaceSwap
AUC:0.993286 TPR_2:0.955510 TPR_3:0.895300 TPR_4:0.728822 Face2Face
AUC:0.975459 TPR_2:0.596570 TPR_3:0.416189 TPR_4:0.286042 Test
epoch:007 batch:081000 loss:0.13065 avgloss:0.12369
AUC:0.986206 TPR_2:0.923540 TPR_3:0.860890 TPR_4:0.766664 validset
AUC:0.985415 TPR_2:0.635222 TPR_3:0.315111 TPR_4:0.097556 stylegan_celeba
AUC:0.894250 TPR_2:0.010337 TPR_3:0.000445 TPR_4:0.000000 stylegan_ffhq
AUC:0.893345 TPR_2:0.012886 TPR_3:0.000889 TPR_4:0.000000 faceapp
AUC:0.999227 TPR_2:0.986218 TPR_3:0.922055 TPR_4:0.806873 stargan
AUC:0.981928 TPR_2:0.584504 TPR_3:0.270680 TPR_4:0.068116 pggan_v1
AUC:0.978218 TPR_2:0.483742 TPR_3:0.176615 TPR_4:0.039310 pggan_v2
AUC:0.997018 TPR_2:0.959954 TPR_3:0.870803 TPR_4:0.728135 Deepfakes
AUC:0.994737 TPR_2:0.944971 TPR_3:0.883158 TPR_4:0.781613 FaceSwap
AUC:0.994317 TPR_2:0.956163 TPR_3:0.908553 TPR_4:0.821155 Face2Face
AUC:0.968717 TPR_2:0.619333 TPR_3:0.483145 TPR_4:0.371417 Test
epoch:008 batch:084000 loss:0.03858 avgloss:0.12170
AUC:0.991784 TPR_2:0.944943 TPR_3:0.886191 TPR_4:0.795168 validset
AUC:0.995424 TPR_2:0.881667 TPR_3:0.564444 TPR_4:0.210889 stylegan_celeba
AUC:0.966003 TPR_2:0.217628 TPR_3:0.018451 TPR_4:0.000222 stylegan_ffhq
AUC:0.958286 TPR_2:0.169740 TPR_3:0.013330 TPR_4:0.000889 faceapp
AUC:0.998047 TPR_2:0.969059 TPR_3:0.832337 TPR_4:0.595537 stargan
AUC:0.996541 TPR_2:0.909588 TPR_3:0.547826 TPR_4:0.157971 pggan_v1
AUC:0.995267 TPR_2:0.876726 TPR_3:0.444098 TPR_4:0.094321 pggan_v2
AUC:0.996529 TPR_2:0.959645 TPR_3:0.890333 TPR_4:0.768666 Deepfakes
AUC:0.995013 TPR_2:0.951252 TPR_3:0.884166 TPR_4:0.785032 FaceSwap
AUC:0.994416 TPR_2:0.955626 TPR_3:0.896955 TPR_4:0.799991 Face2Face
AUC:0.988392 TPR_2:0.765659 TPR_3:0.565771 TPR_4:0.379280 Test
epoch:008 batch:087000 loss:0.03811 avgloss:0.11982
AUC:0.989363 TPR_2:0.930516 TPR_3:0.863152 TPR_4:0.737581 validset
AUC:0.997062 TPR_2:0.935000 TPR_3:0.534778 TPR_4:0.073000 stylegan_celeba
AUC:0.964816 TPR_2:0.184839 TPR_3:0.008892 TPR_4:0.000111 stylegan_ffhq
AUC:0.956244 TPR_2:0.171740 TPR_3:0.009553 TPR_4:0.000222 faceapp
AUC:0.998870 TPR_2:0.984667 TPR_3:0.915575 TPR_4:0.738603 stargan
AUC:0.996697 TPR_2:0.926644 TPR_3:0.496433 TPR_4:0.061204 pggan_v1
AUC:0.996393 TPR_2:0.910690 TPR_3:0.398775 TPR_4:0.026281 pggan_v2
AUC:0.995520 TPR_2:0.952071 TPR_3:0.876509 TPR_4:0.725106 Deepfakes
AUC:0.994729 TPR_2:0.954689 TPR_3:0.881287 TPR_4:0.754998 FaceSwap
AUC:0.995451 TPR_2:0.965627 TPR_3:0.922937 TPR_4:0.828558 Face2Face
AUC:0.988420 TPR_2:0.776219 TPR_3:0.560527 TPR_4:0.356454 Test
epoch:008 batch:090000 loss:0.03810 avgloss:0.11805
AUC:0.984492 TPR_2:0.934826 TPR_3:0.860580 TPR_4:0.757751 validset
AUC:0.996248 TPR_2:0.904111 TPR_3:0.507000 TPR_4:0.041333 stylegan_celeba
AUC:0.965138 TPR_2:0.188841 TPR_3:0.008892 TPR_4:0.000000 stylegan_ffhq
AUC:0.957601 TPR_2:0.161742 TPR_3:0.009331 TPR_4:0.000000 faceapp
AUC:0.998525 TPR_2:0.977593 TPR_3:0.899877 TPR_4:0.796742 stargan
AUC:0.995740 TPR_2:0.886399 TPR_3:0.447157 TPR_4:0.010256 pggan_v1
AUC:0.995361 TPR_2:0.872049 TPR_3:0.371047 TPR_4:0.010579 pggan_v2
AUC:0.994879 TPR_2:0.957439 TPR_3:0.884230 TPR_4:0.754357 Deepfakes
AUC:0.994257 TPR_2:0.954923 TPR_3:0.876968 TPR_4:0.727466 FaceSwap
AUC:0.993904 TPR_2:0.966571 TPR_3:0.921979 TPR_4:0.851129 Face2Face
AUC:0.987962 TPR_2:0.763296 TPR_3:0.547387 TPR_4:0.354651 Test
epoch:009 batch:093000 loss:0.04036 avgloss:0.11636
AUC:0.987504 TPR_2:0.918962 TPR_3:0.851468 TPR_4:0.737994 validset
AUC:0.995273 TPR_2:0.895111 TPR_3:0.643222 TPR_4:0.290556 stylegan_celeba
AUC:0.951951 TPR_2:0.200400 TPR_3:0.026342 TPR_4:0.001556 stylegan_ffhq
AUC:0.942287 TPR_2:0.158187 TPR_3:0.018218 TPR_4:0.001111 faceapp
AUC:0.999535 TPR_2:0.991740 TPR_3:0.944462 TPR_4:0.855885 stargan
AUC:0.994187 TPR_2:0.860981 TPR_3:0.562765 TPR_4:0.197324 pggan_v1
AUC:0.992606 TPR_2:0.817706 TPR_3:0.473831 TPR_4:0.129510 pggan_v2
AUC:0.993696 TPR_2:0.918717 TPR_3:0.824257 TPR_4:0.707884 Deepfakes
AUC:0.996789 TPR_2:0.964496 TPR_3:0.896205 TPR_4:0.757553 FaceSwap
AUC:0.994236 TPR_2:0.952592 TPR_3:0.896301 TPR_4:0.812388 Face2Face
AUC:0.984507 TPR_2:0.751103 TPR_3:0.587289 TPR_4:0.417085 Test
epoch:009 batch:096000 loss:0.03703 avgloss:0.11475
AUC:0.991865 TPR_2:0.933909 TPR_3:0.860017 TPR_4:0.775848 validset
AUC:0.994624 TPR_2:0.845000 TPR_3:0.548111 TPR_4:0.238667 stylegan_celeba
AUC:0.965943 TPR_2:0.117150 TPR_3:0.009336 TPR_4:0.000556 stylegan_ffhq
AUC:0.953571 TPR_2:0.092424 TPR_3:0.006887 TPR_4:0.000222 faceapp
AUC:0.999884 TPR_2:0.998403 TPR_3:0.984758 TPR_4:0.932734 stargan
AUC:0.994700 TPR_2:0.828094 TPR_3:0.507246 TPR_4:0.191304 pggan_v1
AUC:0.993322 TPR_2:0.781737 TPR_3:0.400000 TPR_4:0.093096 pggan_v2
AUC:0.996561 TPR_2:0.958969 TPR_3:0.903555 TPR_4:0.807992 Deepfakes
AUC:0.996233 TPR_2:0.964028 TPR_3:0.900290 TPR_4:0.791204 FaceSwap
AUC:0.995999 TPR_2:0.959792 TPR_3:0.913023 TPR_4:0.828079 Face2Face
AUC:0.987871 TPR_2:0.727289 TPR_3:0.574801 TPR_4:0.431539 Test
epoch:009 batch:099000 loss:0.04097 avgloss:0.11317
AUC:0.991006 TPR_2:0.939758 TPR_3:0.888434 TPR_4:0.793459 validset
AUC:0.997679 TPR_2:0.948111 TPR_3:0.772333 TPR_4:0.515778 stylegan_celeba
AUC:0.965477 TPR_2:0.360676 TPR_3:0.087696 TPR_4:0.013004 stylegan_ffhq
AUC:0.948742 TPR_2:0.248167 TPR_3:0.043990 TPR_4:0.005776 faceapp
AUC:0.997844 TPR_2:0.959430 TPR_3:0.795966 TPR_4:0.615388 stargan
AUC:0.997957 TPR_2:0.953846 TPR_3:0.770011 TPR_4:0.481605 pggan_v1
AUC:0.997199 TPR_2:0.930401 TPR_3:0.701114 TPR_4:0.381180 pggan_v2
AUC:0.995003 TPR_2:0.954424 TPR_3:0.887510 TPR_4:0.759181 Deepfakes
AUC:0.994802 TPR_2:0.962103 TPR_3:0.904627 TPR_4:0.800148 FaceSwap
AUC:0.993169 TPR_2:0.944478 TPR_3:0.887897 TPR_4:0.786550 Face2Face
AUC:0.987541 TPR_2:0.806849 TPR_3:0.650127 TPR_4:0.484290 Test
epoch:009 batch:102000 loss:0.03936 avgloss:0.11167
AUC:0.987811 TPR_2:0.928724 TPR_3:0.855769 TPR_4:0.774945 validset
AUC:0.980867 TPR_2:0.372778 TPR_3:0.041778 TPR_4:0.001333 stylegan_celeba
AUC:0.936225 TPR_2:0.003890 TPR_3:0.000000 TPR_4:0.000000 stylegan_ffhq
AUC:0.922868 TPR_2:0.005776 TPR_3:0.000000 TPR_4:0.000000 faceapp
AUC:0.993153 TPR_2:0.883403 TPR_3:0.531876 TPR_4:0.186373 stargan
AUC:0.978742 TPR_2:0.325641 TPR_3:0.018172 TPR_4:0.000223 pggan_v1
AUC:0.973785 TPR_2:0.194432 TPR_3:0.004788 TPR_4:0.000223 pggan_v2
AUC:0.996115 TPR_2:0.947262 TPR_3:0.857641 TPR_4:0.696281 Deepfakes
AUC:0.995503 TPR_2:0.960699 TPR_3:0.906408 TPR_4:0.822677 FaceSwap
AUC:0.997285 TPR_2:0.969721 TPR_3:0.923576 TPR_4:0.826714 Face2Face
AUC:0.974949 TPR_2:0.518178 TPR_3:0.364915 TPR_4:0.281536 Test
epoch:010 batch:105000 loss:0.04053 avgloss:0.11023
AUC:0.988266 TPR_2:0.927729 TPR_3:0.859123 TPR_4:0.727596 validset
AUC:0.998656 TPR_2:0.970333 TPR_3:0.791889 TPR_4:0.519667 stylegan_celeba
AUC:0.982846 TPR_2:0.487607 TPR_3:0.106813 TPR_4:0.015338 stylegan_ffhq
AUC:0.972410 TPR_2:0.351700 TPR_3:0.068874 TPR_4:0.010220 faceapp
AUC:0.998161 TPR_2:0.960936 TPR_3:0.843883 TPR_4:0.734222 stargan
AUC:0.998553 TPR_2:0.964103 TPR_3:0.769231 TPR_4:0.469788 pggan_v1
AUC:0.998233 TPR_2:0.953229 TPR_3:0.722940 TPR_4:0.387194 pggan_v2
AUC:0.992189 TPR_2:0.900010 TPR_3:0.795962 TPR_4:0.643058 Deepfakes
AUC:0.995683 TPR_2:0.951485 TPR_3:0.889583 TPR_4:0.817333 FaceSwap
AUC:0.993660 TPR_2:0.935725 TPR_3:0.882105 TPR_4:0.811647 Face2Face
AUC:0.992266 TPR_2:0.830570 TPR_3:0.652364 TPR_4:0.489830 Test
epoch:010 batch:108000 loss:0.20711 avgloss:0.10889

Model:xception BatchSize:16 lr:0.000200
