
Model:efficientnet_v2_s BatchSize:16 lr:0.000200

Model:efficientnet_v2_s BatchSize:16 lr:0.000200
epoch:000 batch:003000 loss:0.65443 avgloss:0.77226
AUC:0.604981 TPR_2:0.017408 TPR_3:0.001636 TPR_4:0.000000 validset
AUC:0.267537 TPR_2:0.000222 TPR_3:0.000000 TPR_4:0.000000 stylegan_celeba
AUC:0.337102 TPR_2:0.003001 TPR_3:0.000556 TPR_4:0.000111 stylegan_ffhq
AUC:0.298250 TPR_2:0.001555 TPR_3:0.000667 TPR_4:0.000000 faceapp
AUC:0.564404 TPR_2:0.010770 TPR_3:0.000958 TPR_4:0.000000 stargan
AUC:0.284150 TPR_2:0.000780 TPR_3:0.000334 TPR_4:0.000000 pggan_v1
AUC:0.290351 TPR_2:0.001002 TPR_3:0.000223 TPR_4:0.000000 pggan_v2
AUC:0.667034 TPR_2:0.032119 TPR_3:0.004309 TPR_4:0.000000 Deepfakes
AUC:0.564193 TPR_2:0.006892 TPR_3:0.001368 TPR_4:0.000000 FaceSwap
AUC:0.563108 TPR_2:0.018899 TPR_3:0.000697 TPR_4:0.000000 Face2Face
AUC:0.426236 TPR_2:0.008360 TPR_3:0.001012 TPR_4:0.000012 Test
epoch:000 batch:006000 loss:0.71853 avgloss:0.71569
AUC:0.635984 TPR_2:0.017752 TPR_3:0.001985 TPR_4:0.000083 validset
AUC:0.206278 TPR_2:0.000667 TPR_3:0.000111 TPR_4:0.000000 stylegan_celeba
AUC:0.298685 TPR_2:0.000222 TPR_3:0.000000 TPR_4:0.000000 stylegan_ffhq
AUC:0.286314 TPR_2:0.001555 TPR_3:0.000667 TPR_4:0.000000 faceapp
AUC:0.552530 TPR_2:0.002784 TPR_3:0.000000 TPR_4:0.000000 stargan
AUC:0.233671 TPR_2:0.000111 TPR_3:0.000000 TPR_4:0.000000 pggan_v1
AUC:0.251808 TPR_2:0.000557 TPR_3:0.000000 TPR_4:0.000000 pggan_v2
AUC:0.730086 TPR_2:0.039266 TPR_3:0.001941 TPR_4:0.000000 Deepfakes
AUC:0.588990 TPR_2:0.008350 TPR_3:0.000054 TPR_4:0.000018 FaceSwap
AUC:0.610124 TPR_2:0.012730 TPR_3:0.001321 TPR_4:0.000058 Face2Face
AUC:0.417610 TPR_2:0.007360 TPR_3:0.000455 TPR_4:0.000008 Test
epoch:000 batch:009000 loss:0.70869 avgloss:0.68776
AUC:0.682795 TPR_2:0.029757 TPR_3:0.001165 TPR_4:0.000107 validset
AUC:0.340017 TPR_2:0.000778 TPR_3:0.000111 TPR_4:0.000000 stylegan_celeba
AUC:0.365849 TPR_2:0.001778 TPR_3:0.000111 TPR_4:0.000000 stylegan_ffhq
AUC:0.375336 TPR_2:0.003333 TPR_3:0.000222 TPR_4:0.000000 faceapp
AUC:0.676879 TPR_2:0.007804 TPR_3:0.000228 TPR_4:0.000000 stargan
AUC:0.355959 TPR_2:0.000669 TPR_3:0.000223 TPR_4:0.000000 pggan_v1
AUC:0.390829 TPR_2:0.000668 TPR_3:0.000111 TPR_4:0.000000 pggan_v2
AUC:0.756261 TPR_2:0.047076 TPR_3:0.000471 TPR_4:0.000191 Deepfakes
AUC:0.623169 TPR_2:0.008962 TPR_3:0.000342 TPR_4:0.000144 FaceSwap
AUC:0.640381 TPR_2:0.010509 TPR_3:0.000348 TPR_4:0.000145 Face2Face
AUC:0.502742 TPR_2:0.009064 TPR_3:0.000241 TPR_4:0.000053 Test
epoch:001 batch:012000 loss:0.51628 avgloss:0.66830
AUC:0.697560 TPR_2:0.064014 TPR_3:0.022733 TPR_4:0.011233 validset

Model:efficientnet_v2_s BatchSize:16 lr:0.000200

Model:efficientnet_v2_s BatchSize:16 lr:0.000200

Model:efficientnet_v2_s BatchSize:8 lr:0.000200

Model:efficientnet_v2_s BatchSize:8 lr:0.000200
epoch:000 batch:003000 loss:0.68389 avgloss:0.78079
AUC:0.521809 TPR_2:0.008922 TPR_3:0.001146 TPR_4:0.000005 validset
AUC:0.399542 TPR_2:0.003111 TPR_3:0.000444 TPR_4:0.000111 stylegan_celeba
AUC:0.449679 TPR_2:0.004112 TPR_3:0.000556 TPR_4:0.000000 stylegan_ffhq
AUC:0.436864 TPR_2:0.002666 TPR_3:0.000222 TPR_4:0.000000 faceapp
AUC:0.412364 TPR_2:0.005065 TPR_3:0.000365 TPR_4:0.000091 stargan
AUC:0.427959 TPR_2:0.001895 TPR_3:0.000111 TPR_4:0.000000 pggan_v1
AUC:0.421603 TPR_2:0.003786 TPR_3:0.000557 TPR_4:0.000111 pggan_v2
AUC:0.534030 TPR_2:0.002735 TPR_3:0.000029 TPR_4:0.000000 Deepfakes
AUC:0.533257 TPR_2:0.009303 TPR_3:0.000918 TPR_4:0.000108 FaceSwap
AUC:0.528278 TPR_2:0.017738 TPR_3:0.002656 TPR_4:0.000000 Face2Face
AUC:0.460397 TPR_2:0.005601 TPR_3:0.000651 TPR_4:0.000047 Test
epoch:000 batch:006000 loss:0.69496 avgloss:0.73803
AUC:0.518114 TPR_2:0.015772 TPR_3:0.002044 TPR_4:0.000000 validset
AUC:0.370328 TPR_2:0.001667 TPR_3:0.000222 TPR_4:0.000000 stylegan_celeba
AUC:0.436335 TPR_2:0.004112 TPR_3:0.000000 TPR_4:0.000000 stylegan_ffhq
AUC:0.391882 TPR_2:0.001555 TPR_3:0.000000 TPR_4:0.000000 faceapp
AUC:0.377876 TPR_2:0.002784 TPR_3:0.000000 TPR_4:0.000000 stargan
AUC:0.374533 TPR_2:0.002118 TPR_3:0.000223 TPR_4:0.000000 pggan_v1
AUC:0.379945 TPR_2:0.002561 TPR_3:0.000223 TPR_4:0.000000 pggan_v2
AUC:0.522513 TPR_2:0.013839 TPR_3:0.000294 TPR_4:0.000059 Deepfakes
AUC:0.536059 TPR_2:0.013820 TPR_3:0.000378 TPR_4:0.000090 FaceSwap
AUC:0.497984 TPR_2:0.016011 TPR_3:0.001423 TPR_4:0.000029 Face2Face
AUC:0.431939 TPR_2:0.006496 TPR_3:0.000307 TPR_4:0.000020 Test
epoch:000 batch:009000 loss:0.71324 avgloss:0.72374

Model:efficientnet_v2_s BatchSize:8 lr:0.000200
epoch:000 batch:003000 loss:0.62188 avgloss:0.61940
AUC:0.678046 TPR_2:0.064106 TPR_3:0.014063 TPR_4:0.003539 validset
AUC:0.314785 TPR_2:0.003333 TPR_3:0.001444 TPR_4:0.000667 stylegan_celeba
AUC:0.353047 TPR_2:0.004779 TPR_3:0.000556 TPR_4:0.000111 stylegan_ffhq
AUC:0.373240 TPR_2:0.009998 TPR_3:0.003110 TPR_4:0.002000 faceapp
AUC:0.610165 TPR_2:0.017569 TPR_3:0.004746 TPR_4:0.001232 stargan
AUC:0.355970 TPR_2:0.001561 TPR_3:0.000000 TPR_4:0.000000 pggan_v1
AUC:0.364682 TPR_2:0.005122 TPR_3:0.001336 TPR_4:0.000557 pggan_v2
AUC:0.777040 TPR_2:0.135638 TPR_3:0.065915 TPR_4:0.028751 Deepfakes
AUC:0.632223 TPR_2:0.049756 TPR_3:0.020424 TPR_4:0.008278 FaceSwap
AUC:0.634144 TPR_2:0.033516 TPR_3:0.007142 TPR_4:0.001306 Face2Face
AUC:0.490589 TPR_2:0.029030 TPR_3:0.011630 TPR_4:0.004767 Test
epoch:000 batch:006000 loss:0.63595 avgloss:0.60471
AUC:0.700964 TPR_2:0.060286 TPR_3:0.008830 TPR_4:0.002582 validset
AUC:0.301439 TPR_2:0.000222 TPR_3:0.000000 TPR_4:0.000000 stylegan_celeba
AUC:0.284337 TPR_2:0.000556 TPR_3:0.000000 TPR_4:0.000000 stylegan_ffhq
AUC:0.316420 TPR_2:0.001111 TPR_3:0.000222 TPR_4:0.000000 faceapp
AUC:0.677186 TPR_2:0.011637 TPR_3:0.001232 TPR_4:0.000046 stargan
AUC:0.324103 TPR_2:0.000000 TPR_3:0.000000 TPR_4:0.000000 pggan_v1
AUC:0.345466 TPR_2:0.000557 TPR_3:0.000111 TPR_4:0.000000 pggan_v2
AUC:0.791375 TPR_2:0.093504 TPR_3:0.019177 TPR_4:0.002368 Deepfakes
AUC:0.664264 TPR_2:0.019183 TPR_3:0.003995 TPR_4:0.000954 FaceSwap
AUC:0.644705 TPR_2:0.034518 TPR_3:0.010509 TPR_4:0.003092 Face2Face
AUC:0.483255 TPR_2:0.017921 TPR_3:0.003916 TPR_4:0.000718 Test
epoch:000 batch:009000 loss:0.48938 avgloss:0.59270
AUC:0.722006 TPR_2:0.092644 TPR_3:0.009131 TPR_4:0.002073 validset
AUC:0.412686 TPR_2:0.003111 TPR_3:0.000444 TPR_4:0.000000 stylegan_celeba
AUC:0.327830 TPR_2:0.002001 TPR_3:0.000111 TPR_4:0.000000 stylegan_ffhq
AUC:0.355461 TPR_2:0.008443 TPR_3:0.000889 TPR_4:0.000000 faceapp
AUC:0.708041 TPR_2:0.032081 TPR_3:0.001278 TPR_4:0.000091 stargan
AUC:0.424399 TPR_2:0.001226 TPR_3:0.000000 TPR_4:0.000000 pggan_v1
AUC:0.466003 TPR_2:0.003452 TPR_3:0.000334 TPR_4:0.000111 pggan_v2
AUC:0.804405 TPR_2:0.212568 TPR_3:0.043723 TPR_4:0.002853 Deepfakes
AUC:0.707354 TPR_2:0.072286 TPR_3:0.007288 TPR_4:0.000072 FaceSwap
AUC:0.669733 TPR_2:0.049628 TPR_3:0.005676 TPR_4:0.000261 Face2Face
AUC:0.541768 TPR_2:0.042755 TPR_3:0.006638 TPR_4:0.000377 Test
epoch:000 batch:012000 loss:0.61455 avgloss:0.58151

Model:efficientnet_v2_s BatchSize:8 lr:0.000200
epoch:000 batch:003000 loss:0.62188 avgloss:0.61940
AUC:0.678046 TPR_2:0.064106 TPR_3:0.014063 TPR_4:0.003539 validset
AUC:0.314785 TPR_2:0.003333 TPR_3:0.001444 TPR_4:0.000667 stylegan_celeba
AUC:0.353047 TPR_2:0.004779 TPR_3:0.000556 TPR_4:0.000111 stylegan_ffhq
AUC:0.373240 TPR_2:0.009998 TPR_3:0.003110 TPR_4:0.002000 faceapp
AUC:0.610165 TPR_2:0.017569 TPR_3:0.004746 TPR_4:0.001232 stargan
AUC:0.355970 TPR_2:0.001561 TPR_3:0.000000 TPR_4:0.000000 pggan_v1
AUC:0.364682 TPR_2:0.005122 TPR_3:0.001336 TPR_4:0.000557 pggan_v2
AUC:0.777040 TPR_2:0.135638 TPR_3:0.065915 TPR_4:0.028751 Deepfakes
AUC:0.632223 TPR_2:0.049756 TPR_3:0.020424 TPR_4:0.008278 FaceSwap
AUC:0.634144 TPR_2:0.033516 TPR_3:0.007142 TPR_4:0.001306 Face2Face
AUC:0.490589 TPR_2:0.029030 TPR_3:0.011630 TPR_4:0.004767 Test
epoch:000 batch:006000 loss:0.63595 avgloss:0.60471
AUC:0.700964 TPR_2:0.060286 TPR_3:0.008830 TPR_4:0.002582 validset
AUC:0.301439 TPR_2:0.000222 TPR_3:0.000000 TPR_4:0.000000 stylegan_celeba
AUC:0.284337 TPR_2:0.000556 TPR_3:0.000000 TPR_4:0.000000 stylegan_ffhq
AUC:0.316420 TPR_2:0.001111 TPR_3:0.000222 TPR_4:0.000000 faceapp
AUC:0.677186 TPR_2:0.011637 TPR_3:0.001232 TPR_4:0.000046 stargan
AUC:0.324103 TPR_2:0.000000 TPR_3:0.000000 TPR_4:0.000000 pggan_v1
AUC:0.345466 TPR_2:0.000557 TPR_3:0.000111 TPR_4:0.000000 pggan_v2
AUC:0.791375 TPR_2:0.093504 TPR_3:0.019177 TPR_4:0.002368 Deepfakes
AUC:0.664264 TPR_2:0.019183 TPR_3:0.003995 TPR_4:0.000954 FaceSwap
AUC:0.644705 TPR_2:0.034518 TPR_3:0.010509 TPR_4:0.003092 Face2Face
AUC:0.483255 TPR_2:0.017921 TPR_3:0.003916 TPR_4:0.000718 Test
epoch:000 batch:009000 loss:0.48938 avgloss:0.59270
AUC:0.722006 TPR_2:0.092644 TPR_3:0.009131 TPR_4:0.002073 validset
AUC:0.412686 TPR_2:0.003111 TPR_3:0.000444 TPR_4:0.000000 stylegan_celeba
AUC:0.327830 TPR_2:0.002001 TPR_3:0.000111 TPR_4:0.000000 stylegan_ffhq
AUC:0.355461 TPR_2:0.008443 TPR_3:0.000889 TPR_4:0.000000 faceapp
AUC:0.708041 TPR_2:0.032081 TPR_3:0.001278 TPR_4:0.000091 stargan
AUC:0.424399 TPR_2:0.001226 TPR_3:0.000000 TPR_4:0.000000 pggan_v1
AUC:0.466003 TPR_2:0.003452 TPR_3:0.000334 TPR_4:0.000111 pggan_v2
AUC:0.804405 TPR_2:0.212568 TPR_3:0.043723 TPR_4:0.002853 Deepfakes
AUC:0.707354 TPR_2:0.072286 TPR_3:0.007288 TPR_4:0.000072 FaceSwap
AUC:0.669733 TPR_2:0.049628 TPR_3:0.005676 TPR_4:0.000261 Face2Face
AUC:0.541768 TPR_2:0.042755 TPR_3:0.006638 TPR_4:0.000377 Test
epoch:000 batch:012000 loss:0.61455 avgloss:0.58151
AUC:0.733457 TPR_2:0.136765 TPR_3:0.055101 TPR_4:0.020917 validset
AUC:0.405727 TPR_2:0.008556 TPR_3:0.002000 TPR_4:0.000778 stylegan_celeba
AUC:0.282278 TPR_2:0.002445 TPR_3:0.000222 TPR_4:0.000000 stylegan_ffhq
AUC:0.339879 TPR_2:0.013330 TPR_3:0.002000 TPR_4:0.000222 faceapp
AUC:0.693616 TPR_2:0.025556 TPR_3:0.002966 TPR_4:0.000639 stargan
AUC:0.431094 TPR_2:0.003344 TPR_3:0.000557 TPR_4:0.000000 pggan_v1
AUC:0.488649 TPR_2:0.011359 TPR_3:0.001559 TPR_4:0.000891 pggan_v2
AUC:0.820535 TPR_2:0.233054 TPR_3:0.103755 TPR_4:0.043149 Deepfakes
AUC:0.694931 TPR_2:0.118605 TPR_3:0.049216 TPR_4:0.022584 FaceSwap
AUC:0.703928 TPR_2:0.069239 TPR_3:0.032094 TPR_4:0.021526 Face2Face
AUC:0.540071 TPR_2:0.053943 TPR_3:0.021597 TPR_4:0.009977 Test
epoch:000 batch:015000 loss:0.20407 avgloss:0.56866
AUC:0.757290 TPR_2:0.157716 TPR_3:0.061305 TPR_4:0.032839 validset
AUC:0.409080 TPR_2:0.003778 TPR_3:0.000333 TPR_4:0.000000 stylegan_celeba
AUC:0.285199 TPR_2:0.000778 TPR_3:0.000000 TPR_4:0.000000 stylegan_ffhq
AUC:0.303488 TPR_2:0.002222 TPR_3:0.000444 TPR_4:0.000222 faceapp
AUC:0.745577 TPR_2:0.052572 TPR_3:0.010724 TPR_4:0.003149 stargan
AUC:0.437735 TPR_2:0.003567 TPR_3:0.000334 TPR_4:0.000000 pggan_v1
AUC:0.501080 TPR_2:0.004677 TPR_3:0.000445 TPR_4:0.000000 pggan_v2
AUC:0.833529 TPR_2:0.208039 TPR_3:0.075812 TPR_4:0.036560 Deepfakes
AUC:0.728814 TPR_2:0.075165 TPR_3:0.019579 TPR_4:0.005183 FaceSwap
AUC:0.737433 TPR_2:0.096383 TPR_3:0.042226 TPR_4:0.028900 Face2Face
AUC:0.553548 TPR_2:0.049687 TPR_3:0.016655 TPR_4:0.008224 Test
epoch:000 batch:018000 loss:0.57792 avgloss:0.55663
AUC:0.760358 TPR_2:0.131391 TPR_3:0.027771 TPR_4:0.006306 validset
AUC:0.603293 TPR_2:0.011667 TPR_3:0.001333 TPR_4:0.000333 stylegan_celeba
AUC:0.322456 TPR_2:0.001111 TPR_3:0.000222 TPR_4:0.000000 stylegan_ffhq
AUC:0.378232 TPR_2:0.003555 TPR_3:0.000000 TPR_4:0.000000 faceapp
AUC:0.796482 TPR_2:0.073564 TPR_3:0.018254 TPR_4:0.003103 stargan
AUC:0.598008 TPR_2:0.010479 TPR_3:0.001226 TPR_4:0.000111 pggan_v1
AUC:0.641238 TPR_2:0.018597 TPR_3:0.001448 TPR_4:0.000111 pggan_v2
AUC:0.843720 TPR_2:0.152021 TPR_3:0.040958 TPR_4:0.002985 Deepfakes
AUC:0.755323 TPR_2:0.050908 TPR_3:0.004823 TPR_4:0.000126 FaceSwap
AUC:0.744203 TPR_2:0.107081 TPR_3:0.052372 TPR_4:0.028116 Face2Face
AUC:0.631440 TPR_2:0.047665 TPR_3:0.013404 TPR_4:0.003876 Test
epoch:001 batch:021000 loss:0.55271 avgloss:0.54595
AUC:0.788541 TPR_2:0.194866 TPR_3:0.066417 TPR_4:0.014257 validset
AUC:0.538000 TPR_2:0.003667 TPR_3:0.000000 TPR_4:0.000000 stylegan_celeba
AUC:0.317026 TPR_2:0.000556 TPR_3:0.000000 TPR_4:0.000000 stylegan_ffhq
AUC:0.347399 TPR_2:0.002222 TPR_3:0.000000 TPR_4:0.000000 faceapp
AUC:0.811651 TPR_2:0.042669 TPR_3:0.002099 TPR_4:0.000502 stargan
AUC:0.537832 TPR_2:0.001784 TPR_3:0.000000 TPR_4:0.000000 pggan_v1
AUC:0.596166 TPR_2:0.002784 TPR_3:0.000223 TPR_4:0.000000 pggan_v2
AUC:0.867883 TPR_2:0.234775 TPR_3:0.054958 TPR_4:0.020471 Deepfakes
AUC:0.782796 TPR_2:0.079016 TPR_3:0.010851 TPR_4:0.003761 FaceSwap
AUC:0.762494 TPR_2:0.067758 TPR_3:0.015836 TPR_4:0.008303 Face2Face
AUC:0.617916 TPR_2:0.048359 TPR_3:0.009330 TPR_4:0.003671 Test
epoch:001 batch:024000 loss:0.63421 avgloss:0.53478
AUC:0.811587 TPR_2:0.224851 TPR_3:0.098232 TPR_4:0.043048 validset
AUC:0.575652 TPR_2:0.015111 TPR_3:0.003222 TPR_4:0.000333 stylegan_celeba
AUC:0.297923 TPR_2:0.002112 TPR_3:0.000445 TPR_4:0.000111 stylegan_ffhq
AUC:0.322266 TPR_2:0.003999 TPR_3:0.000444 TPR_4:0.000222 faceapp
AUC:0.739903 TPR_2:0.029571 TPR_3:0.004929 TPR_4:0.000548 stargan
AUC:0.549567 TPR_2:0.010145 TPR_3:0.001003 TPR_4:0.000111 pggan_v1
AUC:0.621498 TPR_2:0.019042 TPR_3:0.003118 TPR_4:0.000557 pggan_v2
AUC:0.875164 TPR_2:0.281704 TPR_3:0.132874 TPR_4:0.058106 Deepfakes
AUC:0.779940 TPR_2:0.120153 TPR_3:0.049036 TPR_4:0.018625 FaceSwap
AUC:0.811974 TPR_2:0.160730 TPR_3:0.080329 TPR_4:0.046232 Face2Face
AUC:0.619321 TPR_2:0.071396 TPR_3:0.030600 TPR_4:0.013872 Test
epoch:001 batch:027000 loss:0.39767 avgloss:0.52464
AUC:0.812274 TPR_2:0.185284 TPR_3:0.081640 TPR_4:0.038922 validset
AUC:0.760392 TPR_2:0.086444 TPR_3:0.005889 TPR_4:0.000111 stylegan_celeba
AUC:0.476464 TPR_2:0.004446 TPR_3:0.000778 TPR_4:0.000222 stylegan_ffhq
AUC:0.464475 TPR_2:0.009109 TPR_3:0.001333 TPR_4:0.000222 faceapp
AUC:0.744900 TPR_2:0.033405 TPR_3:0.002966 TPR_4:0.000502 stargan
AUC:0.735782 TPR_2:0.060647 TPR_3:0.003122 TPR_4:0.000111 pggan_v1
AUC:0.757820 TPR_2:0.077394 TPR_3:0.006236 TPR_4:0.000668 pggan_v2
AUC:0.844380 TPR_2:0.245820 TPR_3:0.104402 TPR_4:0.051811 Deepfakes
AUC:0.821158 TPR_2:0.145454 TPR_3:0.045437 TPR_4:0.017149 FaceSwap
AUC:0.805815 TPR_2:0.182895 TPR_3:0.085206 TPR_4:0.046362 Face2Face
AUC:0.712354 TPR_2:0.093957 TPR_3:0.028374 TPR_4:0.013018 Test
epoch:001 batch:030000 loss:0.87642 avgloss:0.51424
AUC:0.803156 TPR_2:0.198254 TPR_3:0.057329 TPR_4:0.018238 validset
AUC:0.644471 TPR_2:0.014444 TPR_3:0.000889 TPR_4:0.000000 stylegan_celeba
AUC:0.364173 TPR_2:0.001000 TPR_3:0.000000 TPR_4:0.000000 stylegan_ffhq
AUC:0.377481 TPR_2:0.001111 TPR_3:0.000444 TPR_4:0.000000 faceapp
AUC:0.789059 TPR_2:0.073290 TPR_3:0.009218 TPR_4:0.001734 stargan
AUC:0.631661 TPR_2:0.010479 TPR_3:0.000557 TPR_4:0.000111 pggan_v1
AUC:0.650788 TPR_2:0.009911 TPR_3:0.000668 TPR_4:0.000000 pggan_v2
AUC:0.888382 TPR_2:0.288645 TPR_3:0.101887 TPR_4:0.037340 Deepfakes
AUC:0.806102 TPR_2:0.102464 TPR_3:0.021954 TPR_4:0.004607 FaceSwap
AUC:0.760594 TPR_2:0.111929 TPR_3:0.047495 TPR_4:0.029307 Face2Face
AUC:0.656968 TPR_2:0.068141 TPR_3:0.020346 TPR_4:0.008122 Test
epoch:001 batch:033000 loss:0.20833 avgloss:0.50468
AUC:0.832788 TPR_2:0.250132 TPR_3:0.102591 TPR_4:0.034199 validset
AUC:0.693511 TPR_2:0.064000 TPR_3:0.006889 TPR_4:0.000222 stylegan_celeba
AUC:0.360338 TPR_2:0.001556 TPR_3:0.000222 TPR_4:0.000111 stylegan_ffhq
AUC:0.371678 TPR_2:0.001333 TPR_3:0.000222 TPR_4:0.000000 faceapp
AUC:0.794988 TPR_2:0.099667 TPR_3:0.019806 TPR_4:0.003331 stargan
AUC:0.666892 TPR_2:0.061650 TPR_3:0.010145 TPR_4:0.000557 pggan_v1
AUC:0.689007 TPR_2:0.048886 TPR_3:0.006793 TPR_4:0.000223 pggan_v2
AUC:0.888378 TPR_2:0.400018 TPR_3:0.180361 TPR_4:0.075562 Deepfakes
AUC:0.839858 TPR_2:0.174354 TPR_3:0.050908 TPR_4:0.011427 FaceSwap
AUC:0.819683 TPR_2:0.155853 TPR_3:0.051167 TPR_4:0.024676 Face2Face
AUC:0.680481 TPR_2:0.111924 TPR_3:0.036279 TPR_4:0.012901 Test
epoch:001 batch:036000 loss:0.21610 avgloss:0.49572
AUC:0.838431 TPR_2:0.292010 TPR_3:0.132270 TPR_4:0.057135 validset
AUC:0.599985 TPR_2:0.016556 TPR_3:0.000556 TPR_4:0.000000 stylegan_celeba
AUC:0.364589 TPR_2:0.000333 TPR_3:0.000000 TPR_4:0.000000 stylegan_ffhq
AUC:0.374936 TPR_2:0.000889 TPR_3:0.000000 TPR_4:0.000000 faceapp
AUC:0.768957 TPR_2:0.027472 TPR_3:0.004107 TPR_4:0.000274 stargan
AUC:0.592587 TPR_2:0.012598 TPR_3:0.000446 TPR_4:0.000000 pggan_v1
AUC:0.615375 TPR_2:0.009465 TPR_3:0.000223 TPR_4:0.000000 pggan_v2
AUC:0.913739 TPR_2:0.397812 TPR_3:0.179449 TPR_4:0.084504 Deepfakes
AUC:0.824545 TPR_2:0.144896 TPR_3:0.038995 TPR_4:0.007738 FaceSwap
AUC:0.834798 TPR_2:0.181995 TPR_3:0.069369 TPR_4:0.024125 Face2Face
AUC:0.654390 TPR_2:0.088002 TPR_3:0.032572 TPR_4:0.012960 Test
epoch:001 batch:039000 loss:0.30601 avgloss:0.48649

Model:efficientnet_v2_s BatchSize:8 lr:0.000200

Model:efficientnet_v2_s BatchSize:64 lr:0.000200

Model:efficientnet_v2_s BatchSize:32 lr:0.000200

Model:efficientnet_v2_s BatchSize:16 lr:0.000200

Model:efficientnet_v2_s BatchSize:32 lr:0.000200
epoch:000 batch:003000 loss:0.59491 avgloss:0.72227
AUC:0.667786 TPR_2:0.050684 TPR_3:0.008058 TPR_4:0.000078 validset
AUC:0.368368 TPR_2:0.002000 TPR_3:0.000556 TPR_4:0.000000 stylegan_celeba
AUC:0.386850 TPR_2:0.001223 TPR_3:0.000000 TPR_4:0.000000 stylegan_ffhq
AUC:0.425289 TPR_2:0.005332 TPR_3:0.000889 TPR_4:0.000000 faceapp
AUC:0.547070 TPR_2:0.001187 TPR_3:0.000000 TPR_4:0.000000 stargan
AUC:0.405610 TPR_2:0.000334 TPR_3:0.000000 TPR_4:0.000000 pggan_v1
AUC:0.428269 TPR_2:0.001225 TPR_3:0.000223 TPR_4:0.000000 pggan_v2
AUC:0.750140 TPR_2:0.095975 TPR_3:0.016898 TPR_4:0.000015 Deepfakes
AUC:0.626487 TPR_2:0.027190 TPR_3:0.000684 TPR_4:0.000000 FaceSwap
AUC:0.642297 TPR_2:0.020568 TPR_3:0.003629 TPR_4:0.000029 Face2Face
AUC:0.508931 TPR_2:0.017226 TPR_3:0.002542 TPR_4:0.000005 Test
epoch:001 batch:006000 loss:0.47824 avgloss:0.63553
AUC:0.757260 TPR_2:0.100634 TPR_3:0.029189 TPR_4:0.008209 validset
AUC:0.439214 TPR_2:0.000444 TPR_3:0.000000 TPR_4:0.000000 stylegan_celeba
AUC:0.322018 TPR_2:0.000445 TPR_3:0.000111 TPR_4:0.000000 stylegan_ffhq
AUC:0.341982 TPR_2:0.000667 TPR_3:0.000000 TPR_4:0.000000 faceapp
AUC:0.710406 TPR_2:0.012504 TPR_3:0.001141 TPR_4:0.000137 stargan
AUC:0.468623 TPR_2:0.000446 TPR_3:0.000111 TPR_4:0.000000 pggan_v1
AUC:0.484606 TPR_2:0.001225 TPR_3:0.000000 TPR_4:0.000000 pggan_v2
AUC:0.842899 TPR_2:0.130844 TPR_3:0.037899 TPR_4:0.009103 Deepfakes
AUC:0.745881 TPR_2:0.044808 TPR_3:0.008062 TPR_4:0.001548 FaceSwap
AUC:0.724613 TPR_2:0.079675 TPR_3:0.033952 TPR_4:0.014603 Face2Face
AUC:0.564471 TPR_2:0.030117 TPR_3:0.009031 TPR_4:0.002821 Test
epoch:001 batch:009000 loss:0.45647 avgloss:0.57678
AUC:0.823341 TPR_2:0.245113 TPR_3:0.096256 TPR_4:0.030194 validset
AUC:0.666827 TPR_2:0.006444 TPR_3:0.000111 TPR_4:0.000000 stylegan_celeba
AUC:0.337276 TPR_2:0.000333 TPR_3:0.000000 TPR_4:0.000000 stylegan_ffhq
AUC:0.378785 TPR_2:0.002666 TPR_3:0.000222 TPR_4:0.000000 faceapp
AUC:0.785042 TPR_2:0.117921 TPR_3:0.020079 TPR_4:0.001597 stargan
AUC:0.658563 TPR_2:0.006800 TPR_3:0.000000 TPR_4:0.000000 pggan_v1
AUC:0.658099 TPR_2:0.011804 TPR_3:0.000000 TPR_4:0.000000 pggan_v2
AUC:0.875621 TPR_2:0.329706 TPR_3:0.122255 TPR_4:0.027692 Deepfakes
AUC:0.826434 TPR_2:0.168667 TPR_3:0.041299 TPR_4:0.003383 FaceSwap
AUC:0.803493 TPR_2:0.142121 TPR_3:0.040571 TPR_4:0.011496 Face2Face
AUC:0.665571 TPR_2:0.087385 TPR_3:0.024949 TPR_4:0.004908 Test
epoch:002 batch:012000 loss:0.50836 avgloss:0.52587
AUC:0.878293 TPR_2:0.390722 TPR_3:0.172944 TPR_4:0.065557 validset
AUC:0.755648 TPR_2:0.049333 TPR_3:0.002000 TPR_4:0.000000 stylegan_celeba
AUC:0.485170 TPR_2:0.001778 TPR_3:0.000000 TPR_4:0.000000 stylegan_ffhq
AUC:0.509361 TPR_2:0.003110 TPR_3:0.000444 TPR_4:0.000000 faceapp
AUC:0.827490 TPR_2:0.211244 TPR_3:0.043718 TPR_4:0.008488 stargan
AUC:0.764921 TPR_2:0.054181 TPR_3:0.003456 TPR_4:0.000223 pggan_v1
AUC:0.752789 TPR_2:0.039087 TPR_3:0.001114 TPR_4:0.000111 pggan_v2
AUC:0.894835 TPR_2:0.472344 TPR_3:0.240893 TPR_4:0.127962 Deepfakes
AUC:0.904774 TPR_2:0.364579 TPR_3:0.115960 TPR_4:0.034838 FaceSwap
AUC:0.889123 TPR_2:0.299120 TPR_3:0.091317 TPR_4:0.026781 Face2Face
AUC:0.753790 TPR_2:0.166086 TPR_3:0.055434 TPR_4:0.022045 Test
epoch:002 batch:015000 loss:0.11690 avgloss:0.48073
AUC:0.917177 TPR_2:0.531997 TPR_3:0.307335 TPR_4:0.130246 validset
AUC:0.748914 TPR_2:0.024111 TPR_3:0.000222 TPR_4:0.000000 stylegan_celeba
AUC:0.462130 TPR_2:0.000778 TPR_3:0.000000 TPR_4:0.000000 stylegan_ffhq
AUC:0.488644 TPR_2:0.001777 TPR_3:0.000000 TPR_4:0.000000 faceapp
AUC:0.813659 TPR_2:0.212659 TPR_3:0.064117 TPR_4:0.011226 stargan
AUC:0.721336 TPR_2:0.020401 TPR_3:0.000111 TPR_4:0.000000 pggan_v1
AUC:0.695093 TPR_2:0.010579 TPR_3:0.000000 TPR_4:0.000000 pggan_v2
AUC:0.941670 TPR_2:0.643411 TPR_3:0.435225 TPR_4:0.231084 Deepfakes
AUC:0.933470 TPR_2:0.466178 TPR_3:0.180940 TPR_4:0.040759 FaceSwap
AUC:0.900843 TPR_2:0.463334 TPR_3:0.207920 TPR_4:0.056291 Face2Face
AUC:0.745084 TPR_2:0.204803 TPR_3:0.098726 TPR_4:0.037707 Test
epoch:003 batch:018000 loss:0.26159 avgloss:0.44031
AUC:0.944728 TPR_2:0.630200 TPR_3:0.411353 TPR_4:0.222807 validset
AUC:0.944189 TPR_2:0.345333 TPR_3:0.036667 TPR_4:0.000333 stylegan_celeba
AUC:0.780225 TPR_2:0.003112 TPR_3:0.000000 TPR_4:0.000000 stylegan_ffhq
AUC:0.796811 TPR_2:0.012886 TPR_3:0.000222 TPR_4:0.000000 faceapp
AUC:0.911681 TPR_2:0.349564 TPR_3:0.100260 TPR_4:0.023365 stargan
AUC:0.956967 TPR_2:0.376700 TPR_3:0.036566 TPR_4:0.000223 pggan_v1
AUC:0.943165 TPR_2:0.279399 TPR_3:0.017149 TPR_4:0.000111 pggan_v2
AUC:0.945887 TPR_2:0.660661 TPR_3:0.421592 TPR_4:0.248026 Deepfakes
AUC:0.951527 TPR_2:0.584442 TPR_3:0.277249 TPR_4:0.090911 FaceSwap
AUC:0.964563 TPR_2:0.655243 TPR_3:0.378360 TPR_4:0.215061 Face2Face
AUC:0.910557 TPR_2:0.363038 TPR_3:0.140896 TPR_4:0.064226 Test
epoch:004 batch:021000 loss:0.27359 avgloss:0.40569
AUC:0.961978 TPR_2:0.718679 TPR_3:0.516764 TPR_4:0.269414 validset
AUC:0.969595 TPR_2:0.483778 TPR_3:0.036000 TPR_4:0.000000 stylegan_celeba
AUC:0.840762 TPR_2:0.007336 TPR_3:0.000111 TPR_4:0.000000 stylegan_ffhq
AUC:0.837520 TPR_2:0.009998 TPR_3:0.000000 TPR_4:0.000000 faceapp
AUC:0.944345 TPR_2:0.489709 TPR_3:0.159586 TPR_4:0.041437 stargan
AUC:0.974721 TPR_2:0.513601 TPR_3:0.057302 TPR_4:0.000111 pggan_v1
AUC:0.968979 TPR_2:0.417372 TPR_3:0.019822 TPR_4:0.000000 pggan_v2
AUC:0.957591 TPR_2:0.699443 TPR_3:0.493581 TPR_4:0.337015 Deepfakes
AUC:0.971585 TPR_2:0.739774 TPR_3:0.492991 TPR_4:0.262925 FaceSwap
AUC:0.977559 TPR_2:0.771526 TPR_3:0.516344 TPR_4:0.300615 Face2Face
AUC:0.938073 TPR_2:0.459171 TPR_3:0.197304 TPR_4:0.104678 Test
epoch:004 batch:024000 loss:0.12260 avgloss:0.37551
AUC:0.965831 TPR_2:0.730310 TPR_3:0.477027 TPR_4:0.267938 validset
AUC:0.940319 TPR_2:0.263222 TPR_3:0.006778 TPR_4:0.000000 stylegan_celeba
AUC:0.721106 TPR_2:0.000778 TPR_3:0.000000 TPR_4:0.000000 stylegan_ffhq
AUC:0.718623 TPR_2:0.002000 TPR_3:0.000000 TPR_4:0.000000 faceapp
AUC:0.934977 TPR_2:0.364441 TPR_3:0.079131 TPR_4:0.006891 stargan
AUC:0.944131 TPR_2:0.254738 TPR_3:0.007692 TPR_4:0.000000 pggan_v1
AUC:0.933508 TPR_2:0.196993 TPR_3:0.002895 TPR_4:0.000000 pggan_v2
AUC:0.967163 TPR_2:0.727929 TPR_3:0.483212 TPR_4:0.230731 Deepfakes
AUC:0.978159 TPR_2:0.735941 TPR_3:0.436991 TPR_4:0.143690 FaceSwap
AUC:0.976578 TPR_2:0.802401 TPR_3:0.534924 TPR_4:0.222464 Face2Face
AUC:0.901618 TPR_2:0.372049 TPR_3:0.172403 TPR_4:0.067086 Test
epoch:005 batch:027000 loss:0.17962 avgloss:0.34987
AUC:0.963503 TPR_2:0.749615 TPR_3:0.533322 TPR_4:0.244671 validset
AUC:0.862084 TPR_2:0.000889 TPR_3:0.000000 TPR_4:0.000000 stylegan_celeba
AUC:0.638322 TPR_2:0.000000 TPR_3:0.000000 TPR_4:0.000000 stylegan_ffhq
AUC:0.643870 TPR_2:0.000000 TPR_3:0.000000 TPR_4:0.000000 faceapp
AUC:0.965026 TPR_2:0.538539 TPR_3:0.245379 TPR_4:0.093689 stargan
AUC:0.866358 TPR_2:0.002007 TPR_3:0.000000 TPR_4:0.000000 pggan_v1
AUC:0.840190 TPR_2:0.000557 TPR_3:0.000000 TPR_4:0.000000 pggan_v2
AUC:0.976454 TPR_2:0.787549 TPR_3:0.569849 TPR_4:0.299807 Deepfakes
AUC:0.968039 TPR_2:0.674578 TPR_3:0.429001 TPR_4:0.233161 FaceSwap
AUC:0.974448 TPR_2:0.813941 TPR_3:0.607531 TPR_4:0.238228 Face2Face
AUC:0.859421 TPR_2:0.313118 TPR_3:0.205751 TPR_4:0.096098 Test
epoch:005 batch:030000 loss:0.23572 avgloss:0.32775
AUC:0.973108 TPR_2:0.799610 TPR_3:0.624161 TPR_4:0.365917 validset
AUC:0.960817 TPR_2:0.312556 TPR_3:0.003889 TPR_4:0.000000 stylegan_celeba
AUC:0.808063 TPR_2:0.001223 TPR_3:0.000000 TPR_4:0.000000 stylegan_ffhq
AUC:0.810297 TPR_2:0.003333 TPR_3:0.000000 TPR_4:0.000000 faceapp
AUC:0.983390 TPR_2:0.810341 TPR_3:0.550632 TPR_4:0.327614 stargan
AUC:0.970110 TPR_2:0.388852 TPR_3:0.007469 TPR_4:0.000000 pggan_v1
AUC:0.959216 TPR_2:0.238864 TPR_3:0.001448 TPR_4:0.000000 pggan_v2
AUC:0.974412 TPR_2:0.797726 TPR_3:0.572261 TPR_4:0.343015 Deepfakes
AUC:0.984772 TPR_2:0.838585 TPR_3:0.612262 TPR_4:0.359882 FaceSwap
AUC:0.984537 TPR_2:0.877272 TPR_3:0.681560 TPR_4:0.451286 Face2Face
AUC:0.937290 TPR_2:0.474306 TPR_3:0.269947 TPR_4:0.164644 Test
epoch:006 batch:033000 loss:0.02477 avgloss:0.30871
AUC:0.968242 TPR_2:0.793153 TPR_3:0.631277 TPR_4:0.391567 validset
AUC:0.962207 TPR_2:0.420667 TPR_3:0.098778 TPR_4:0.005444 stylegan_celeba
AUC:0.816714 TPR_2:0.002779 TPR_3:0.000000 TPR_4:0.000000 stylegan_ffhq
AUC:0.804879 TPR_2:0.003999 TPR_3:0.000222 TPR_4:0.000000 faceapp
AUC:0.956661 TPR_2:0.541916 TPR_3:0.210514 TPR_4:0.051020 stargan
AUC:0.967597 TPR_2:0.442363 TPR_3:0.108361 TPR_4:0.006132 pggan_v1
AUC:0.957918 TPR_2:0.324276 TPR_3:0.045546 TPR_4:0.001448 pggan_v2
AUC:0.968570 TPR_2:0.777034 TPR_3:0.558054 TPR_4:0.328765 Deepfakes
AUC:0.989248 TPR_2:0.878534 TPR_3:0.694121 TPR_4:0.437926 FaceSwap
AUC:0.986236 TPR_2:0.881917 TPR_3:0.693419 TPR_4:0.486094 Face2Face
AUC:0.934448 TPR_2:0.474832 TPR_3:0.267668 TPR_4:0.146314 Test
epoch:007 batch:036000 loss:0.04891 avgloss:0.29206
AUC:0.981136 TPR_2:0.850017 TPR_3:0.671917 TPR_4:0.478993 validset
AUC:0.982045 TPR_2:0.648222 TPR_3:0.269222 TPR_4:0.020333 stylegan_celeba
AUC:0.862180 TPR_2:0.009336 TPR_3:0.000556 TPR_4:0.000000 stylegan_ffhq
AUC:0.856086 TPR_2:0.010220 TPR_3:0.000444 TPR_4:0.000000 faceapp
AUC:0.986782 TPR_2:0.825629 TPR_3:0.564414 TPR_4:0.346142 stargan
AUC:0.985192 TPR_2:0.680379 TPR_3:0.285507 TPR_4:0.021293 pggan_v1
AUC:0.977663 TPR_2:0.547996 TPR_3:0.146659 TPR_4:0.002895 pggan_v2
AUC:0.984047 TPR_2:0.867024 TPR_3:0.661250 TPR_4:0.449020 Deepfakes
AUC:0.982723 TPR_2:0.830667 TPR_3:0.599467 TPR_4:0.363931 FaceSwap
AUC:0.986932 TPR_2:0.886097 TPR_3:0.681008 TPR_4:0.462565 Face2Face
AUC:0.955961 TPR_2:0.589508 TPR_3:0.356503 TPR_4:0.185131 Test
epoch:007 batch:039000 loss:0.14443 avgloss:0.27730
AUC:0.979813 TPR_2:0.865575 TPR_3:0.722276 TPR_4:0.542730 validset
AUC:0.964463 TPR_2:0.422444 TPR_3:0.031222 TPR_4:0.000000 stylegan_celeba
AUC:0.813483 TPR_2:0.000778 TPR_3:0.000000 TPR_4:0.000000 stylegan_ffhq
AUC:0.803671 TPR_2:0.004666 TPR_3:0.000000 TPR_4:0.000000 faceapp
AUC:0.987859 TPR_2:0.861270 TPR_3:0.624013 TPR_4:0.362525 stargan
AUC:0.965975 TPR_2:0.414158 TPR_3:0.036901 TPR_4:0.000000 pggan_v1
AUC:0.959593 TPR_2:0.327840 TPR_3:0.013029 TPR_4:0.000000 pggan_v2
AUC:0.984542 TPR_2:0.875921 TPR_3:0.725576 TPR_4:0.553613 Deepfakes
AUC:0.987481 TPR_2:0.875906 TPR_3:0.681129 TPR_4:0.391391 FaceSwap
AUC:0.991023 TPR_2:0.934884 TPR_3:0.829414 TPR_4:0.666609 Face2Face
AUC:0.939788 TPR_2:0.524207 TPR_3:0.326809 TPR_4:0.219349 Test
epoch:008 batch:042000 loss:0.33602 avgloss:0.26432
AUC:0.979472 TPR_2:0.840730 TPR_3:0.675068 TPR_4:0.453644 validset
AUC:0.981402 TPR_2:0.611444 TPR_3:0.172222 TPR_4:0.008667 stylegan_celeba
AUC:0.860845 TPR_2:0.008558 TPR_3:0.000222 TPR_4:0.000000 stylegan_ffhq
AUC:0.842997 TPR_2:0.008220 TPR_3:0.000222 TPR_4:0.000000 faceapp
AUC:0.989408 TPR_2:0.815041 TPR_3:0.502807 TPR_4:0.249258 stargan
AUC:0.985167 TPR_2:0.646488 TPR_3:0.174582 TPR_4:0.004682 pggan_v1
AUC:0.980066 TPR_2:0.555122 TPR_3:0.117149 TPR_4:0.003452 pggan_v2
AUC:0.974875 TPR_2:0.775078 TPR_3:0.559936 TPR_4:0.346530 Deepfakes
AUC:0.991117 TPR_2:0.909539 TPR_3:0.756870 TPR_4:0.566932 FaceSwap
AUC:0.989401 TPR_2:0.911557 TPR_3:0.755617 TPR_4:0.547190 Face2Face
AUC:0.955031 TPR_2:0.582339 TPR_3:0.337736 TPR_4:0.191857 Test
epoch:008 batch:045000 loss:0.07024 avgloss:0.25295
AUC:0.982342 TPR_2:0.895094 TPR_3:0.775474 TPR_4:0.579322 validset
AUC:0.965903 TPR_2:0.373333 TPR_3:0.069000 TPR_4:0.005778 stylegan_celeba
AUC:0.856901 TPR_2:0.001445 TPR_3:0.000000 TPR_4:0.000000 stylegan_ffhq
AUC:0.842467 TPR_2:0.002222 TPR_3:0.000000 TPR_4:0.000000 faceapp
AUC:0.984221 TPR_2:0.774609 TPR_3:0.440150 TPR_4:0.215534 stargan
AUC:0.968385 TPR_2:0.404125 TPR_3:0.099666 TPR_4:0.012932 pggan_v1
AUC:0.959204 TPR_2:0.276169 TPR_3:0.032962 TPR_4:0.001893 pggan_v2
AUC:0.991719 TPR_2:0.928791 TPR_3:0.814168 TPR_4:0.670191 Deepfakes
AUC:0.988495 TPR_2:0.884166 TPR_3:0.691818 TPR_4:0.435713 FaceSwap
AUC:0.990637 TPR_2:0.941314 TPR_3:0.854149 TPR_4:0.721201 Face2Face
AUC:0.949770 TPR_2:0.509575 TPR_3:0.333546 TPR_4:0.229249 Test
epoch:009 batch:048000 loss:0.05487 avgloss:0.24279
AUC:0.979257 TPR_2:0.890555 TPR_3:0.784824 TPR_4:0.553545 validset
AUC:0.991268 TPR_2:0.772667 TPR_3:0.355556 TPR_4:0.010556 stylegan_celeba
AUC:0.910625 TPR_2:0.019562 TPR_3:0.000222 TPR_4:0.000000 stylegan_ffhq
AUC:0.898622 TPR_2:0.019329 TPR_3:0.000222 TPR_4:0.000000 faceapp
AUC:0.997069 TPR_2:0.950303 TPR_3:0.833158 TPR_4:0.658696 stargan
AUC:0.992238 TPR_2:0.785507 TPR_3:0.392531 TPR_4:0.014270 pggan_v1
AUC:0.989495 TPR_2:0.723719 TPR_3:0.275278 TPR_4:0.003452 pggan_v2
AUC:0.985288 TPR_2:0.904422 TPR_3:0.789447 TPR_4:0.606100 Deepfakes
AUC:0.986213 TPR_2:0.861636 TPR_3:0.667542 TPR_4:0.384445 FaceSwap
AUC:0.990153 TPR_2:0.933577 TPR_3:0.841593 TPR_4:0.648537 Face2Face
AUC:0.971219 TPR_2:0.663414 TPR_3:0.461728 TPR_4:0.258451 Test
epoch:009 batch:051000 loss:0.08134 avgloss:0.23354
AUC:0.982717 TPR_2:0.883652 TPR_3:0.756105 TPR_4:0.557890 validset
AUC:0.991586 TPR_2:0.808778 TPR_3:0.512222 TPR_4:0.227889 stylegan_celeba
AUC:0.916990 TPR_2:0.054685 TPR_3:0.003557 TPR_4:0.000222 stylegan_ffhq
AUC:0.903408 TPR_2:0.043990 TPR_3:0.003999 TPR_4:0.000222 faceapp
AUC:0.997312 TPR_2:0.958198 TPR_3:0.887875 TPR_4:0.773468 stargan
AUC:0.992347 TPR_2:0.806466 TPR_3:0.509922 TPR_4:0.238462 pggan_v1
AUC:0.988794 TPR_2:0.727394 TPR_3:0.368040 TPR_4:0.126503 pggan_v2
AUC:0.986625 TPR_2:0.888789 TPR_3:0.742077 TPR_4:0.576981 Deepfakes
AUC:0.990390 TPR_2:0.897878 TPR_3:0.759209 TPR_4:0.583344 FaceSwap
AUC:0.991782 TPR_2:0.933359 TPR_3:0.827890 TPR_4:0.682968 Face2Face
AUC:0.973248 TPR_2:0.679949 TPR_3:0.512755 TPR_4:0.356673 Test
epoch:010 batch:054000 loss:0.04238 avgloss:0.22513
AUC:0.974926 TPR_2:0.844696 TPR_3:0.698160 TPR_4:0.483852 validset
AUC:0.981151 TPR_2:0.573778 TPR_3:0.207111 TPR_4:0.048111 stylegan_celeba
AUC:0.870002 TPR_2:0.002001 TPR_3:0.000000 TPR_4:0.000000 stylegan_ffhq
AUC:0.857943 TPR_2:0.003110 TPR_3:0.000222 TPR_4:0.000000 faceapp
AUC:0.989959 TPR_2:0.875234 TPR_3:0.724182 TPR_4:0.611692 stargan
AUC:0.980964 TPR_2:0.551505 TPR_3:0.187179 TPR_4:0.043032 pggan_v1
AUC:0.977158 TPR_2:0.490535 TPR_3:0.120267 TPR_4:0.018597 pggan_v2
AUC:0.968688 TPR_2:0.773284 TPR_3:0.538627 TPR_4:0.376046 Deepfakes
AUC:0.992917 TPR_2:0.939069 TPR_3:0.831297 TPR_4:0.706754 FaceSwap
AUC:0.989458 TPR_2:0.917770 TPR_3:0.766199 TPR_4:0.567715 Face2Face
AUC:0.956471 TPR_2:0.569587 TPR_3:0.375009 TPR_4:0.263550 Test
epoch:011 batch:057000 loss:0.04039 avgloss:0.21756
AUC:0.981627 TPR_2:0.894720 TPR_3:0.785246 TPR_4:0.584797 validset
AUC:0.971979 TPR_2:0.502111 TPR_3:0.136667 TPR_4:0.004889 stylegan_celeba
AUC:0.835160 TPR_2:0.001556 TPR_3:0.000111 TPR_4:0.000000 stylegan_ffhq
AUC:0.823582 TPR_2:0.003555 TPR_3:0.000222 TPR_4:0.000000 faceapp
AUC:0.995762 TPR_2:0.920595 TPR_3:0.773422 TPR_4:0.636973 stargan
AUC:0.972415 TPR_2:0.506132 TPR_3:0.157079 TPR_4:0.007358 pggan_v1
AUC:0.964509 TPR_2:0.398998 TPR_3:0.077283 TPR_4:0.001670 pggan_v2
AUC:0.991068 TPR_2:0.899466 TPR_3:0.763872 TPR_4:0.581408 Deepfakes
AUC:0.990960 TPR_2:0.888665 TPR_3:0.747098 TPR_4:0.584783 FaceSwap
AUC:0.991399 TPR_2:0.940182 TPR_3:0.859795 TPR_4:0.739041 Face2Face
AUC:0.948537 TPR_2:0.562362 TPR_3:0.390617 TPR_4:0.284014 Test
epoch:011 batch:060000 loss:0.03200 avgloss:0.21056
AUC:0.985106 TPR_2:0.905181 TPR_3:0.811605 TPR_4:0.664388 validset
AUC:0.989416 TPR_2:0.716667 TPR_3:0.248444 TPR_4:0.003222 stylegan_celeba
AUC:0.919179 TPR_2:0.020118 TPR_3:0.000000 TPR_4:0.000000 stylegan_ffhq
AUC:0.908256 TPR_2:0.019551 TPR_3:0.000000 TPR_4:0.000000 faceapp
AUC:0.996641 TPR_2:0.959659 TPR_3:0.879022 TPR_4:0.780998 stargan
AUC:0.992103 TPR_2:0.777369 TPR_3:0.289409 TPR_4:0.002899 pggan_v1
AUC:0.988188 TPR_2:0.667038 TPR_3:0.167595 TPR_4:0.001114 pggan_v2
AUC:0.987236 TPR_2:0.918893 TPR_3:0.822389 TPR_4:0.637940 Deepfakes
AUC:0.993600 TPR_2:0.939591 TPR_3:0.830055 TPR_4:0.639434 FaceSwap
AUC:0.992414 TPR_2:0.945552 TPR_3:0.877620 TPR_4:0.708994 Face2Face
AUC:0.974115 TPR_2:0.662715 TPR_3:0.457170 TPR_4:0.308289 Test
epoch:012 batch:063000 loss:0.05014 avgloss:0.20418
AUC:0.985936 TPR_2:0.911933 TPR_3:0.816425 TPR_4:0.707655 validset
AUC:0.994760 TPR_2:0.858000 TPR_3:0.617444 TPR_4:0.290667 stylegan_celeba
AUC:0.938497 TPR_2:0.045682 TPR_3:0.003557 TPR_4:0.000222 stylegan_ffhq
AUC:0.925381 TPR_2:0.037325 TPR_3:0.003555 TPR_4:0.000000 faceapp
AUC:0.991384 TPR_2:0.893397 TPR_3:0.743577 TPR_4:0.501620 stargan
AUC:0.995159 TPR_2:0.864660 TPR_3:0.624972 TPR_4:0.327090 pggan_v1
AUC:0.993189 TPR_2:0.810022 TPR_3:0.523942 TPR_4:0.197439 pggan_v2
AUC:0.987321 TPR_2:0.889525 TPR_3:0.781667 TPR_4:0.605350 Deepfakes
AUC:0.993028 TPR_2:0.931079 TPR_3:0.839017 TPR_4:0.659841 FaceSwap
AUC:0.992974 TPR_2:0.951707 TPR_3:0.890568 TPR_4:0.752714 Face2Face
AUC:0.979077 TPR_2:0.697933 TPR_3:0.558700 TPR_4:0.370549 Test
epoch:012 batch:066000 loss:0.14103 avgloss:0.19828
AUC:0.983872 TPR_2:0.877177 TPR_3:0.749475 TPR_4:0.561205 validset
AUC:0.993579 TPR_2:0.846778 TPR_3:0.426444 TPR_4:0.054333 stylegan_celeba
AUC:0.928556 TPR_2:0.071913 TPR_3:0.001556 TPR_4:0.000000 stylegan_ffhq
AUC:0.906056 TPR_2:0.041768 TPR_3:0.000667 TPR_4:0.000000 faceapp
AUC:0.996468 TPR_2:0.938028 TPR_3:0.803313 TPR_4:0.656368 stargan
AUC:0.994560 TPR_2:0.863545 TPR_3:0.438127 TPR_4:0.060424 pggan_v1
AUC:0.992349 TPR_2:0.802339 TPR_3:0.346102 TPR_4:0.027394 pggan_v2
AUC:0.981473 TPR_2:0.863200 TPR_3:0.713796 TPR_4:0.534553 Deepfakes
AUC:0.992739 TPR_2:0.932735 TPR_3:0.813626 TPR_4:0.640550 FaceSwap
AUC:0.991022 TPR_2:0.933461 TPR_3:0.836933 TPR_4:0.694769 Face2Face
AUC:0.975200 TPR_2:0.699307 TPR_3:0.486729 TPR_4:0.296488 Test
epoch:013 batch:069000 loss:0.04278 avgloss:0.19281

Model:efficientnet_v2_s BatchSize:32 lr:0.000200

Model:efficientnet_v2_s BatchSize:32 lr:0.000200
