
Model:xception BatchSize:16 lr:0.000200

Model:xception BatchSize:16 lr:0.000200

Model:xception BatchSize:16 lr:0.000200

Model:xception BatchSize:16 lr:0.000200

Model:xception BatchSize:16 lr:0.000200

Model:xception BatchSize:16 lr:0.000200

Model:xception BatchSize:16 lr:0.000200

Model:xception BatchSize:16 lr:0.000200

Model:xception BatchSize:16 lr:0.000200
epoch:000 batch:003000 loss:0.64215 avgloss:0.58651

Model:xception BatchSize:16 lr:0.000200
epoch:000 batch:003000 loss:0.64215 avgloss:0.58651
AUC:0.742222 TPR_2:0.071824 TPR_3:0.015893 TPR_4:0.004248 validset
AUC:0.309963 TPR_2:0.000333 TPR_3:0.000111 TPR_4:0.000111 stylegan_celeba
AUC:0.225423 TPR_2:0.000111 TPR_3:0.000000 TPR_4:0.000000 stylegan_ffhq
AUC:0.238273 TPR_2:0.000444 TPR_3:0.000000 TPR_4:0.000000 faceapp
AUC:0.440491 TPR_2:0.000274 TPR_3:0.000000 TPR_4:0.000000 stargan
AUC:0.304480 TPR_2:0.000000 TPR_3:0.000000 TPR_4:0.000000 pggan_v1
AUC:0.304175 TPR_2:0.000223 TPR_3:0.000111 TPR_4:0.000000 pggan_v2
AUC:0.817619 TPR_2:0.094548 TPR_3:0.025413 TPR_4:0.004471 Deepfakes
AUC:0.751383 TPR_2:0.058196 TPR_3:0.009591 TPR_4:0.000378 FaceSwap
AUC:0.730941 TPR_2:0.030541 TPR_3:0.006517 TPR_4:0.000232 Face2Face
AUC:0.458083 TPR_2:0.020519 TPR_3:0.004638 TPR_4:0.000577 Test
epoch:000 batch:006000 loss:0.62787 avgloss:0.49381
AUC:0.904636 TPR_2:0.351009 TPR_3:0.157522 TPR_4:0.064455 validset
AUC:0.729425 TPR_2:0.000778 TPR_3:0.000000 TPR_4:0.000000 stylegan_celeba
AUC:0.572910 TPR_2:0.000333 TPR_3:0.000000 TPR_4:0.000000 stylegan_ffhq
AUC:0.598021 TPR_2:0.000667 TPR_3:0.000000 TPR_4:0.000000 faceapp
AUC:0.818673 TPR_2:0.037193 TPR_3:0.002373 TPR_4:0.000685 stargan
AUC:0.754479 TPR_2:0.000669 TPR_3:0.000000 TPR_4:0.000000 pggan_v1
AUC:0.753120 TPR_2:0.001670 TPR_3:0.000000 TPR_4:0.000000 pggan_v2
AUC:0.945902 TPR_2:0.520008 TPR_3:0.266703 TPR_4:0.161198 Deepfakes
AUC:0.858710 TPR_2:0.198503 TPR_3:0.062947 TPR_4:0.026615 FaceSwap
AUC:0.934022 TPR_2:0.376212 TPR_3:0.156549 TPR_4:0.081475 Face2Face
AUC:0.773918 TPR_2:0.126226 TPR_3:0.054286 TPR_4:0.029997 Test
epoch:000 batch:009000 loss:0.13894 avgloss:0.41707
AUC:0.949858 TPR_2:0.620413 TPR_3:0.379630 TPR_4:0.224050 validset
AUC:0.807557 TPR_2:0.007000 TPR_3:0.000111 TPR_4:0.000000 stylegan_celeba
AUC:0.605648 TPR_2:0.000778 TPR_3:0.000111 TPR_4:0.000000 stylegan_ffhq
AUC:0.647543 TPR_2:0.002222 TPR_3:0.000000 TPR_4:0.000000 faceapp
AUC:0.849905 TPR_2:0.187514 TPR_3:0.040570 TPR_4:0.007347 stargan
AUC:0.817076 TPR_2:0.007358 TPR_3:0.000000 TPR_4:0.000000 pggan_v1
AUC:0.812933 TPR_2:0.006347 TPR_3:0.000111 TPR_4:0.000000 pggan_v2
AUC:0.969379 TPR_2:0.700046 TPR_3:0.408209 TPR_4:0.224951 Deepfakes
AUC:0.934989 TPR_2:0.449137 TPR_3:0.176549 TPR_4:0.059743 FaceSwap
AUC:0.969145 TPR_2:0.733568 TPR_3:0.464582 TPR_4:0.286942 Face2Face
AUC:0.823797 TPR_2:0.232663 TPR_3:0.121138 TPR_4:0.064332 Test
epoch:001 batch:012000 loss:0.26420 avgloss:0.36444

Model:xception BatchSize:16 lr:0.000200
epoch:000 batch:003000 loss:0.12947 avgloss:0.20508
AUC:0.962801 TPR_2:0.733067 TPR_3:0.521196 TPR_4:0.320122 validset
AUC:0.878621 TPR_2:0.044222 TPR_3:0.002556 TPR_4:0.000111 stylegan_celeba
AUC:0.695078 TPR_2:0.003557 TPR_3:0.000222 TPR_4:0.000000 stylegan_ffhq
AUC:0.721678 TPR_2:0.011109 TPR_3:0.000444 TPR_4:0.000000 faceapp
AUC:0.915173 TPR_2:0.340118 TPR_3:0.074887 TPR_4:0.006800 stargan
AUC:0.859324 TPR_2:0.015831 TPR_3:0.000223 TPR_4:0.000000 pggan_v1
AUC:0.848894 TPR_2:0.016592 TPR_3:0.000111 TPR_4:0.000000 pggan_v2
AUC:0.965388 TPR_2:0.691619 TPR_3:0.449137 TPR_4:0.257467 Deepfakes
AUC:0.978828 TPR_2:0.790394 TPR_3:0.587591 TPR_4:0.386209 FaceSwap
AUC:0.973404 TPR_2:0.765169 TPR_3:0.550296 TPR_4:0.335975 Face2Face
AUC:0.870710 TPR_2:0.297623 TPR_3:0.185052 TPR_4:0.109618 Test
epoch:000 batch:006000 loss:0.17289 avgloss:0.18455
AUC:0.970038 TPR_2:0.774430 TPR_3:0.590249 TPR_4:0.417877 validset
AUC:0.894027 TPR_2:0.039222 TPR_3:0.000778 TPR_4:0.000000 stylegan_celeba
AUC:0.720613 TPR_2:0.001334 TPR_3:0.000000 TPR_4:0.000000 stylegan_ffhq
AUC:0.751202 TPR_2:0.004666 TPR_3:0.000222 TPR_4:0.000000 faceapp
AUC:0.945456 TPR_2:0.487793 TPR_3:0.153471 TPR_4:0.030712 stargan
AUC:0.881373 TPR_2:0.009699 TPR_3:0.000000 TPR_4:0.000000 pggan_v1
AUC:0.874772 TPR_2:0.018597 TPR_3:0.000223 TPR_4:0.000000 pggan_v2
AUC:0.984967 TPR_2:0.826213 TPR_3:0.641234 TPR_4:0.474874 Deepfakes
AUC:0.980201 TPR_2:0.783034 TPR_3:0.593565 TPR_4:0.430656 FaceSwap
AUC:0.985284 TPR_2:0.836991 TPR_3:0.631278 TPR_4:0.448238 Face2Face
AUC:0.890877 TPR_2:0.334172 TPR_3:0.224530 TPR_4:0.153831 Test
epoch:000 batch:009000 loss:0.13105 avgloss:0.16969
AUC:0.967354 TPR_2:0.740363 TPR_3:0.519143 TPR_4:0.382747 validset
AUC:0.864902 TPR_2:0.008667 TPR_3:0.000000 TPR_4:0.000000 stylegan_celeba
AUC:0.687202 TPR_2:0.000556 TPR_3:0.000111 TPR_4:0.000000 stylegan_ffhq
AUC:0.711909 TPR_2:0.000667 TPR_3:0.000000 TPR_4:0.000000 faceapp
AUC:0.941294 TPR_2:0.333455 TPR_3:0.063022 TPR_4:0.010724 stargan
AUC:0.857200 TPR_2:0.002118 TPR_3:0.000000 TPR_4:0.000000 pggan_v1
AUC:0.845342 TPR_2:0.005568 TPR_3:0.000111 TPR_4:0.000000 pggan_v2
AUC:0.988411 TPR_2:0.829448 TPR_3:0.649485 TPR_4:0.484080 Deepfakes
AUC:0.961615 TPR_2:0.611380 TPR_3:0.348671 TPR_4:0.174246 FaceSwap
AUC:0.983832 TPR_2:0.845584 TPR_3:0.686495 TPR_4:0.532834 Face2Face
AUC:0.871301 TPR_2:0.293049 TPR_3:0.194211 TPR_4:0.133543 Test
epoch:001 batch:012000 loss:0.13935 avgloss:0.16239
AUC:0.977997 TPR_2:0.811085 TPR_3:0.628748 TPR_4:0.490401 validset
AUC:0.961827 TPR_2:0.107889 TPR_3:0.000222 TPR_4:0.000000 stylegan_celeba
AUC:0.872837 TPR_2:0.001223 TPR_3:0.000000 TPR_4:0.000000 stylegan_ffhq
AUC:0.888387 TPR_2:0.004221 TPR_3:0.000000 TPR_4:0.000000 faceapp
AUC:0.975302 TPR_2:0.694839 TPR_3:0.378360 TPR_4:0.147949 stargan
AUC:0.962243 TPR_2:0.119175 TPR_3:0.000111 TPR_4:0.000000 pggan_v1
AUC:0.954485 TPR_2:0.075167 TPR_3:0.000111 TPR_4:0.000000 pggan_v2
AUC:0.984493 TPR_2:0.852876 TPR_3:0.679383 TPR_4:0.489992 Deepfakes
AUC:0.982118 TPR_2:0.781577 TPR_3:0.566195 TPR_4:0.350219 FaceSwap
AUC:0.989523 TPR_2:0.913735 TPR_3:0.755980 TPR_4:0.546130 Face2Face
AUC:0.952357 TPR_2:0.394522 TPR_3:0.264485 TPR_4:0.170477 Test
epoch:001 batch:015000 loss:0.02985 avgloss:0.15586
AUC:0.981020 TPR_2:0.851818 TPR_3:0.688767 TPR_4:0.500672 validset
AUC:0.928947 TPR_2:0.050000 TPR_3:0.001000 TPR_4:0.000000 stylegan_celeba
AUC:0.831113 TPR_2:0.001890 TPR_3:0.000000 TPR_4:0.000000 stylegan_ffhq
AUC:0.851210 TPR_2:0.006443 TPR_3:0.000000 TPR_4:0.000000 faceapp
AUC:0.981575 TPR_2:0.745996 TPR_3:0.456943 TPR_4:0.229772 stargan
AUC:0.935501 TPR_2:0.045931 TPR_3:0.000000 TPR_4:0.000000 pggan_v1
AUC:0.925977 TPR_2:0.027506 TPR_3:0.000111 TPR_4:0.000000 pggan_v2
AUC:0.990321 TPR_2:0.873480 TPR_3:0.714914 TPR_4:0.545848 Deepfakes
AUC:0.984637 TPR_2:0.819438 TPR_3:0.638283 TPR_4:0.466520 FaceSwap
AUC:0.990887 TPR_2:0.912036 TPR_3:0.780526 TPR_4:0.600186 Face2Face
AUC:0.935574 TPR_2:0.386969 TPR_3:0.287975 TPR_4:0.204703 Test
epoch:001 batch:018000 loss:0.23974 avgloss:0.14938
AUC:0.976803 TPR_2:0.822430 TPR_3:0.676412 TPR_4:0.532997 validset
AUC:0.961637 TPR_2:0.221778 TPR_3:0.005333 TPR_4:0.000111 stylegan_celeba
AUC:0.853656 TPR_2:0.004224 TPR_3:0.000000 TPR_4:0.000000 stylegan_ffhq
AUC:0.864574 TPR_2:0.012886 TPR_3:0.000222 TPR_4:0.000000 faceapp
AUC:0.985328 TPR_2:0.824716 TPR_3:0.579975 TPR_4:0.391046 stargan
AUC:0.955124 TPR_2:0.163880 TPR_3:0.000334 TPR_4:0.000000 pggan_v1
AUC:0.946810 TPR_2:0.115367 TPR_3:0.002673 TPR_4:0.000334 pggan_v2
AUC:0.982851 TPR_2:0.831860 TPR_3:0.652749 TPR_4:0.518508 Deepfakes
AUC:0.990759 TPR_2:0.903727 TPR_3:0.771985 TPR_4:0.657627 FaceSwap
AUC:0.983589 TPR_2:0.858924 TPR_3:0.682169 TPR_4:0.543851 Face2Face
AUC:0.947148 TPR_2:0.437485 TPR_3:0.299494 TPR_4:0.234609 Test
epoch:002 batch:021000 loss:0.05952 avgloss:0.14394
AUC:0.983624 TPR_2:0.860696 TPR_3:0.723111 TPR_4:0.563482 validset
AUC:0.942434 TPR_2:0.130889 TPR_3:0.004111 TPR_4:0.000000 stylegan_celeba
AUC:0.811909 TPR_2:0.000556 TPR_3:0.000000 TPR_4:0.000000 stylegan_ffhq
AUC:0.829497 TPR_2:0.001777 TPR_3:0.000000 TPR_4:0.000000 faceapp
AUC:0.979131 TPR_2:0.640122 TPR_3:0.260439 TPR_4:0.072058 stargan
AUC:0.940836 TPR_2:0.105797 TPR_3:0.001115 TPR_4:0.000000 pggan_v1
AUC:0.930726 TPR_2:0.070267 TPR_3:0.001893 TPR_4:0.000111 pggan_v2
AUC:0.995158 TPR_2:0.930173 TPR_3:0.797079 TPR_4:0.609615 Deepfakes
AUC:0.984547 TPR_2:0.799194 TPR_3:0.579943 TPR_4:0.382394 FaceSwap
AUC:0.990414 TPR_2:0.902732 TPR_3:0.761758 TPR_4:0.591868 Face2Face
AUC:0.933850 TPR_2:0.397945 TPR_3:0.267371 TPR_4:0.184005 Test
epoch:002 batch:024000 loss:0.62113 avgloss:0.13948
AUC:0.986529 TPR_2:0.878070 TPR_3:0.751800 TPR_4:0.642995 validset
AUC:0.984285 TPR_2:0.643444 TPR_3:0.220222 TPR_4:0.041556 stylegan_celeba
AUC:0.929798 TPR_2:0.048349 TPR_3:0.002001 TPR_4:0.000000 stylegan_ffhq
AUC:0.933652 TPR_2:0.085981 TPR_3:0.004443 TPR_4:0.000000 faceapp
AUC:0.989127 TPR_2:0.871948 TPR_3:0.685118 TPR_4:0.485830 stargan
AUC:0.986484 TPR_2:0.634448 TPR_3:0.213266 TPR_4:0.027536 pggan_v1
AUC:0.981960 TPR_2:0.556013 TPR_3:0.146882 TPR_4:0.023608 pggan_v2
AUC:0.994312 TPR_2:0.931409 TPR_3:0.833728 TPR_4:0.723179 Deepfakes
AUC:0.982999 TPR_2:0.842886 TPR_3:0.694247 TPR_4:0.549675 FaceSwap
AUC:0.990820 TPR_2:0.913081 TPR_3:0.811459 TPR_4:0.704770 Face2Face
AUC:0.974826 TPR_2:0.614173 TPR_3:0.401263 TPR_4:0.284017 Test
epoch:002 batch:027000 loss:0.02636 avgloss:0.13534
AUC:0.984680 TPR_2:0.851531 TPR_3:0.694330 TPR_4:0.522643 validset
AUC:0.962804 TPR_2:0.110778 TPR_3:0.000333 TPR_4:0.000000 stylegan_celeba
AUC:0.874426 TPR_2:0.001445 TPR_3:0.000000 TPR_4:0.000000 stylegan_ffhq
AUC:0.892735 TPR_2:0.003999 TPR_3:0.000000 TPR_4:0.000000 faceapp
AUC:0.996050 TPR_2:0.921964 TPR_3:0.740839 TPR_4:0.543102 stargan
AUC:0.960567 TPR_2:0.072352 TPR_3:0.000111 TPR_4:0.000000 pggan_v1
AUC:0.953575 TPR_2:0.051670 TPR_3:0.000111 TPR_4:0.000000 pggan_v2
AUC:0.992358 TPR_2:0.906275 TPR_3:0.763460 TPR_4:0.605483 Deepfakes
AUC:0.987467 TPR_2:0.854960 TPR_3:0.643771 TPR_4:0.446366 FaceSwap
AUC:0.990437 TPR_2:0.899959 TPR_3:0.737401 TPR_4:0.549556 Face2Face
AUC:0.956713 TPR_2:0.424823 TPR_3:0.320670 TPR_4:0.238279 Test
epoch:002 batch:030000 loss:0.05830 avgloss:0.13177
AUC:0.985444 TPR_2:0.873497 TPR_3:0.720111 TPR_4:0.529968 validset
AUC:0.969912 TPR_2:0.433889 TPR_3:0.073444 TPR_4:0.009556 stylegan_celeba
AUC:0.876542 TPR_2:0.010114 TPR_3:0.000333 TPR_4:0.000111 stylegan_ffhq
AUC:0.881714 TPR_2:0.020884 TPR_3:0.000444 TPR_4:0.000222 faceapp
AUC:0.990562 TPR_2:0.880573 TPR_3:0.688724 TPR_4:0.518231 stargan
AUC:0.969166 TPR_2:0.375808 TPR_3:0.047046 TPR_4:0.003122 pggan_v1
AUC:0.960443 TPR_2:0.297773 TPR_3:0.035746 TPR_4:0.004454 pggan_v2
AUC:0.992672 TPR_2:0.903716 TPR_3:0.754048 TPR_4:0.609086 Deepfakes
AUC:0.988750 TPR_2:0.880855 TPR_3:0.696172 TPR_4:0.538590 FaceSwap
AUC:0.990357 TPR_2:0.914591 TPR_3:0.737096 TPR_4:0.541688 Face2Face
AUC:0.957791 TPR_2:0.524245 TPR_3:0.337006 TPR_4:0.247229 Test
epoch:003 batch:033000 loss:0.26704 avgloss:0.12832
AUC:0.983576 TPR_2:0.876453 TPR_3:0.744465 TPR_4:0.590025 validset
AUC:0.976514 TPR_2:0.582111 TPR_3:0.227111 TPR_4:0.048667 stylegan_celeba
AUC:0.889318 TPR_2:0.026231 TPR_3:0.001778 TPR_4:0.000000 stylegan_ffhq
AUC:0.889078 TPR_2:0.046656 TPR_3:0.006221 TPR_4:0.000667 faceapp
AUC:0.986799 TPR_2:0.840688 TPR_3:0.646466 TPR_4:0.407521 stargan
AUC:0.975032 TPR_2:0.524415 TPR_3:0.197324 TPR_4:0.035340 pggan_v1
AUC:0.968868 TPR_2:0.429287 TPR_3:0.124610 TPR_4:0.021158 pggan_v2
AUC:0.994308 TPR_2:0.925453 TPR_3:0.817007 TPR_4:0.663985 Deepfakes
AUC:0.986527 TPR_2:0.861223 TPR_3:0.663476 TPR_4:0.432438 FaceSwap
AUC:0.992165 TPR_2:0.942461 TPR_3:0.845599 TPR_4:0.685900 Face2Face
AUC:0.962068 TPR_2:0.575392 TPR_3:0.392177 TPR_4:0.255075 Test
epoch:003 batch:036000 loss:0.03938 avgloss:0.12524
AUC:0.987734 TPR_2:0.896419 TPR_3:0.788299 TPR_4:0.597365 validset
AUC:0.967907 TPR_2:0.449222 TPR_3:0.112111 TPR_4:0.013889 stylegan_celeba
AUC:0.872374 TPR_2:0.016672 TPR_3:0.001334 TPR_4:0.000111 stylegan_ffhq
AUC:0.880260 TPR_2:0.031549 TPR_3:0.002888 TPR_4:0.000222 faceapp
AUC:0.984787 TPR_2:0.779948 TPR_3:0.527723 TPR_4:0.263679 stargan
AUC:0.968088 TPR_2:0.413266 TPR_3:0.111148 TPR_4:0.012598 pggan_v1
AUC:0.959647 TPR_2:0.335301 TPR_3:0.075056 TPR_4:0.009688 pggan_v2
AUC:0.991192 TPR_2:0.899804 TPR_3:0.775549 TPR_4:0.601850 Deepfakes
AUC:0.992511 TPR_2:0.910619 TPR_3:0.779381 TPR_4:0.578233 FaceSwap
AUC:0.993460 TPR_2:0.949094 TPR_3:0.875719 TPR_4:0.734396 Face2Face
AUC:0.956692 TPR_2:0.531720 TPR_3:0.362323 TPR_4:0.246074 Test
epoch:003 batch:039000 loss:0.08977 avgloss:0.12254
AUC:0.986424 TPR_2:0.873550 TPR_3:0.748717 TPR_4:0.598360 validset
AUC:0.968324 TPR_2:0.332222 TPR_3:0.024000 TPR_4:0.001111 stylegan_celeba
AUC:0.913960 TPR_2:0.007225 TPR_3:0.000222 TPR_4:0.000000 stylegan_ffhq
AUC:0.905963 TPR_2:0.010220 TPR_3:0.000222 TPR_4:0.000000 faceapp
AUC:0.985026 TPR_2:0.793273 TPR_3:0.502898 TPR_4:0.181354 stargan
AUC:0.972567 TPR_2:0.317837 TPR_3:0.026087 TPR_4:0.000334 pggan_v1
AUC:0.963597 TPR_2:0.221715 TPR_3:0.015702 TPR_4:0.001002 pggan_v2
AUC:0.996295 TPR_2:0.953277 TPR_3:0.876245 TPR_4:0.713590 Deepfakes
AUC:0.981957 TPR_2:0.802937 TPR_3:0.576632 TPR_4:0.322632 FaceSwap
AUC:0.992595 TPR_2:0.936001 TPR_3:0.822026 TPR_4:0.614077 Face2Face
AUC:0.964476 TPR_2:0.486079 TPR_3:0.316004 TPR_4:0.203789 Test
epoch:004 batch:042000 loss:0.21221 avgloss:0.12008
AUC:0.985533 TPR_2:0.869104 TPR_3:0.736188 TPR_4:0.560036 validset
AUC:0.964164 TPR_2:0.367000 TPR_3:0.058333 TPR_4:0.005667 stylegan_celeba
AUC:0.852820 TPR_2:0.012004 TPR_3:0.000556 TPR_4:0.000000 stylegan_ffhq
AUC:0.852275 TPR_2:0.012220 TPR_3:0.000222 TPR_4:0.000000 faceapp
AUC:0.994483 TPR_2:0.897595 TPR_3:0.629809 TPR_4:0.311961 stargan
AUC:0.956562 TPR_2:0.290858 TPR_3:0.035006 TPR_4:0.001338 pggan_v1
AUC:0.948616 TPR_2:0.209131 TPR_3:0.024944 TPR_4:0.001782 pggan_v2
AUC:0.991418 TPR_2:0.894510 TPR_3:0.730370 TPR_4:0.529023 Deepfakes
AUC:0.992293 TPR_2:0.900146 TPR_3:0.716435 TPR_4:0.503806 FaceSwap
AUC:0.991681 TPR_2:0.935972 TPR_3:0.811429 TPR_4:0.613017 Face2Face
AUC:0.949368 TPR_2:0.502160 TPR_3:0.334123 TPR_4:0.218510 Test
epoch:004 batch:045000 loss:0.04325 avgloss:0.11766
AUC:0.988450 TPR_2:0.914613 TPR_3:0.838954 TPR_4:0.732169 validset
AUC:0.982636 TPR_2:0.673333 TPR_3:0.431111 TPR_4:0.202444 stylegan_celeba
AUC:0.921817 TPR_2:0.065022 TPR_3:0.010337 TPR_4:0.001556 stylegan_ffhq
AUC:0.922638 TPR_2:0.092202 TPR_3:0.021551 TPR_4:0.002666 faceapp
AUC:0.993656 TPR_2:0.890476 TPR_3:0.638571 TPR_4:0.166431 stargan
AUC:0.986040 TPR_2:0.652954 TPR_3:0.409253 TPR_4:0.193534 pggan_v1
AUC:0.979637 TPR_2:0.562249 TPR_3:0.297550 TPR_4:0.115590 pggan_v2
AUC:0.992359 TPR_2:0.921055 TPR_3:0.815462 TPR_4:0.621424 Deepfakes
AUC:0.993950 TPR_2:0.942380 TPR_3:0.832952 TPR_4:0.565421 FaceSwap
AUC:0.995048 TPR_2:0.955307 TPR_3:0.891439 TPR_4:0.737401 Face2Face
AUC:0.974198 TPR_2:0.639442 TPR_3:0.483136 TPR_4:0.289608 Test
epoch:004 batch:048000 loss:0.14923 avgloss:0.11551
AUC:0.988175 TPR_2:0.915006 TPR_3:0.812027 TPR_4:0.682626 validset
AUC:0.982172 TPR_2:0.598889 TPR_3:0.230556 TPR_4:0.090556 stylegan_celeba
AUC:0.905857 TPR_2:0.026120 TPR_3:0.002556 TPR_4:0.000445 stylegan_ffhq
AUC:0.902839 TPR_2:0.037103 TPR_3:0.002000 TPR_4:0.000444 faceapp
AUC:0.997558 TPR_2:0.959522 TPR_3:0.826998 TPR_4:0.528819 stargan
AUC:0.978527 TPR_2:0.511483 TPR_3:0.174805 TPR_4:0.059420 pggan_v1
AUC:0.974389 TPR_2:0.438530 TPR_3:0.115813 TPR_4:0.033185 pggan_v2
AUC:0.994332 TPR_2:0.942689 TPR_3:0.851317 TPR_4:0.709531 Deepfakes
AUC:0.994614 TPR_2:0.947509 TPR_3:0.830631 TPR_4:0.627737 FaceSwap
AUC:0.992471 TPR_2:0.958181 TPR_3:0.897971 TPR_4:0.770046 Face2Face
AUC:0.969195 TPR_2:0.602225 TPR_3:0.436961 TPR_4:0.313354 Test
epoch:004 batch:051000 loss:0.03603 avgloss:0.11343
AUC:0.990271 TPR_2:0.909346 TPR_3:0.806003 TPR_4:0.660908 validset
AUC:0.989833 TPR_2:0.736333 TPR_3:0.251556 TPR_4:0.039222 stylegan_celeba
AUC:0.937660 TPR_2:0.055129 TPR_3:0.001778 TPR_4:0.000000 stylegan_ffhq
AUC:0.938355 TPR_2:0.067096 TPR_3:0.003333 TPR_4:0.000000 faceapp
AUC:0.997211 TPR_2:0.955460 TPR_3:0.833706 TPR_4:0.576096 stargan
AUC:0.987574 TPR_2:0.652954 TPR_3:0.204459 TPR_4:0.024192 pggan_v1
AUC:0.983638 TPR_2:0.552561 TPR_3:0.115813 TPR_4:0.011581 pggan_v2
AUC:0.993181 TPR_2:0.941306 TPR_3:0.827772 TPR_4:0.688501 Deepfakes
AUC:0.992682 TPR_2:0.938151 TPR_3:0.814202 TPR_4:0.624480 FaceSwap
AUC:0.994714 TPR_2:0.960895 TPR_3:0.884312 TPR_4:0.764312 Face2Face
AUC:0.979428 TPR_2:0.651099 TPR_3:0.437437 TPR_4:0.303154 Test
epoch:005 batch:054000 loss:0.07647 avgloss:0.11170
AUC:0.989930 TPR_2:0.898434 TPR_3:0.801697 TPR_4:0.616996 validset
AUC:0.991631 TPR_2:0.797889 TPR_3:0.249778 TPR_4:0.000444 stylegan_celeba
AUC:0.960860 TPR_2:0.126153 TPR_3:0.002112 TPR_4:0.000000 stylegan_ffhq
AUC:0.951999 TPR_2:0.096201 TPR_3:0.000667 TPR_4:0.000000 faceapp
AUC:0.996621 TPR_2:0.955232 TPR_3:0.876968 TPR_4:0.564277 stargan
AUC:0.992684 TPR_2:0.784838 TPR_3:0.211371 TPR_4:0.000111 pggan_v1
AUC:0.988866 TPR_2:0.683742 TPR_3:0.117261 TPR_4:0.000334 pggan_v2
AUC:0.996031 TPR_2:0.962822 TPR_3:0.901569 TPR_4:0.702428 Deepfakes
AUC:0.977095 TPR_2:0.815605 TPR_3:0.662468 TPR_4:0.351802 FaceSwap
AUC:0.992521 TPR_2:0.937772 TPR_3:0.862074 TPR_4:0.625414 Face2Face
AUC:0.983145 TPR_2:0.684473 TPR_3:0.431585 TPR_4:0.249423 Test
epoch:005 batch:057000 loss:0.03249 avgloss:0.10995
AUC:0.987245 TPR_2:0.910778 TPR_3:0.827430 TPR_4:0.653447 validset
AUC:0.985183 TPR_2:0.676000 TPR_3:0.320889 TPR_4:0.081889 stylegan_celeba
AUC:0.921289 TPR_2:0.056686 TPR_3:0.005335 TPR_4:0.000222 stylegan_ffhq
AUC:0.911922 TPR_2:0.055321 TPR_3:0.003999 TPR_4:0.000222 faceapp
AUC:0.997531 TPR_2:0.956464 TPR_3:0.819103 TPR_4:0.565783 stargan
AUC:0.985159 TPR_2:0.618952 TPR_3:0.257748 TPR_4:0.046265 pggan_v1
AUC:0.979509 TPR_2:0.518151 TPR_3:0.163920 TPR_4:0.026949 pggan_v2
AUC:0.992866 TPR_2:0.921526 TPR_3:0.829081 TPR_4:0.698869 Deepfakes
AUC:0.994695 TPR_2:0.948480 TPR_3:0.860359 TPR_4:0.687931 FaceSwap
AUC:0.992166 TPR_2:0.938890 TPR_3:0.863627 TPR_4:0.747547 Face2Face
AUC:0.973369 TPR_2:0.632274 TPR_3:0.458229 TPR_4:0.317297 Test
epoch:005 batch:060000 loss:0.03314 avgloss:0.10833
AUC:0.987668 TPR_2:0.906623 TPR_3:0.798930 TPR_4:0.697135 validset
AUC:0.989567 TPR_2:0.765222 TPR_3:0.274556 TPR_4:0.077444 stylegan_celeba
AUC:0.924419 TPR_2:0.063243 TPR_3:0.001667 TPR_4:0.000445 stylegan_ffhq
AUC:0.909861 TPR_2:0.058431 TPR_3:0.003777 TPR_4:0.000000 faceapp
AUC:0.997158 TPR_2:0.952175 TPR_3:0.812258 TPR_4:0.614247 stargan
AUC:0.987967 TPR_2:0.705797 TPR_3:0.233891 TPR_4:0.063434 pggan_v1
AUC:0.982636 TPR_2:0.597661 TPR_3:0.140089 TPR_4:0.031292 pggan_v2
AUC:0.993034 TPR_2:0.928203 TPR_3:0.812286 TPR_4:0.695428 Deepfakes
AUC:0.995767 TPR_2:0.957586 TPR_3:0.869392 TPR_4:0.748844 FaceSwap
AUC:0.992048 TPR_2:0.952055 TPR_3:0.877635 TPR_4:0.788147 Face2Face
AUC:0.974717 TPR_2:0.664486 TPR_3:0.447283 TPR_4:0.335476 Test
epoch:006 batch:063000 loss:0.04870 avgloss:0.10686
AUC:0.991845 TPR_2:0.918108 TPR_3:0.826085 TPR_4:0.717358 validset
AUC:0.989876 TPR_2:0.715333 TPR_3:0.087667 TPR_4:0.003111 stylegan_celeba
AUC:0.947012 TPR_2:0.052573 TPR_3:0.000222 TPR_4:0.000000 stylegan_ffhq
AUC:0.936850 TPR_2:0.051322 TPR_3:0.000000 TPR_4:0.000000 faceapp
AUC:0.998627 TPR_2:0.976087 TPR_3:0.827317 TPR_4:0.460457 stargan
AUC:0.989874 TPR_2:0.685730 TPR_3:0.087514 TPR_4:0.003122 pggan_v1
AUC:0.985818 TPR_2:0.566481 TPR_3:0.024722 TPR_4:0.000223 pggan_v2
AUC:0.996482 TPR_2:0.962954 TPR_3:0.874303 TPR_4:0.728650 Deepfakes
AUC:0.991931 TPR_2:0.904842 TPR_3:0.747476 TPR_4:0.544835 FaceSwap
AUC:0.995199 TPR_2:0.964597 TPR_3:0.892179 TPR_4:0.764095 Face2Face
AUC:0.981297 TPR_2:0.653324 TPR_3:0.393489 TPR_4:0.278277 Test
epoch:006 batch:066000 loss:0.11472 avgloss:0.10554
AUC:0.987368 TPR_2:0.900924 TPR_3:0.788600 TPR_4:0.641360 validset
AUC:0.990450 TPR_2:0.771222 TPR_3:0.326444 TPR_4:0.110111 stylegan_celeba
AUC:0.932565 TPR_2:0.065800 TPR_3:0.002668 TPR_4:0.000333 stylegan_ffhq
AUC:0.919140 TPR_2:0.060209 TPR_3:0.004221 TPR_4:0.000889 faceapp
AUC:0.996353 TPR_2:0.931411 TPR_3:0.720303 TPR_4:0.240268 stargan
AUC:0.987450 TPR_2:0.688517 TPR_3:0.258863 TPR_4:0.080936 pggan_v1
AUC:0.983191 TPR_2:0.593875 TPR_3:0.148775 TPR_4:0.037639 pggan_v2
AUC:0.987618 TPR_2:0.881230 TPR_3:0.742547 TPR_4:0.577481 Deepfakes
AUC:0.994792 TPR_2:0.944773 TPR_3:0.835976 TPR_4:0.688453 FaceSwap
AUC:0.993931 TPR_2:0.951605 TPR_3:0.874586 TPR_4:0.716121 Face2Face
AUC:0.976165 TPR_2:0.654294 TPR_3:0.434932 TPR_4:0.272470 Test
epoch:006 batch:069000 loss:0.04913 avgloss:0.10412
AUC:0.989606 TPR_2:0.900764 TPR_3:0.793323 TPR_4:0.610312 validset
AUC:0.976473 TPR_2:0.238111 TPR_3:0.001000 TPR_4:0.000000 stylegan_celeba
AUC:0.923409 TPR_2:0.002668 TPR_3:0.000000 TPR_4:0.000000 stylegan_ffhq
AUC:0.912139 TPR_2:0.004666 TPR_3:0.000222 TPR_4:0.000000 faceapp
AUC:0.999105 TPR_2:0.993383 TPR_3:0.908776 TPR_4:0.083421 stargan
AUC:0.975188 TPR_2:0.173244 TPR_3:0.000111 TPR_4:0.000000 pggan_v1
AUC:0.968274 TPR_2:0.086080 TPR_3:0.000111 TPR_4:0.000000 pggan_v2
AUC:0.990431 TPR_2:0.909158 TPR_3:0.782152 TPR_4:0.517611 Deepfakes
AUC:0.995676 TPR_2:0.952691 TPR_3:0.853233 TPR_4:0.659643 FaceSwap
AUC:0.994579 TPR_2:0.938396 TPR_3:0.815494 TPR_4:0.523704 Face2Face
AUC:0.970586 TPR_2:0.477600 TPR_3:0.373455 TPR_4:0.198264 Test
epoch:007 batch:072000 loss:0.24009 avgloss:0.10274
AUC:0.989775 TPR_2:0.916584 TPR_3:0.816673 TPR_4:0.368451 validset
AUC:0.979638 TPR_2:0.489222 TPR_3:0.100444 TPR_4:0.040556 stylegan_celeba
AUC:0.902154 TPR_2:0.009336 TPR_3:0.000222 TPR_4:0.000000 stylegan_ffhq
AUC:0.877135 TPR_2:0.008887 TPR_3:0.000222 TPR_4:0.000000 faceapp
AUC:0.994712 TPR_2:0.876010 TPR_3:0.386574 TPR_4:0.007256 stargan
AUC:0.976436 TPR_2:0.412263 TPR_3:0.091973 TPR_4:0.038016 pggan_v1
AUC:0.969811 TPR_2:0.293207 TPR_3:0.038530 TPR_4:0.013363 pggan_v2
AUC:0.993724 TPR_2:0.903363 TPR_3:0.776549 TPR_4:0.343000 Deepfakes
AUC:0.996371 TPR_2:0.959223 TPR_3:0.871552 TPR_4:0.204369 FaceSwap
AUC:0.995847 TPR_2:0.955597 TPR_3:0.867953 TPR_4:0.514733 Face2Face
AUC:0.965092 TPR_2:0.545234 TPR_3:0.348224 TPR_4:0.129033 Test
epoch:007 batch:075000 loss:0.08552 avgloss:0.10152
AUC:0.987659 TPR_2:0.911263 TPR_3:0.811284 TPR_4:0.533206 validset
AUC:0.983973 TPR_2:0.619333 TPR_3:0.190556 TPR_4:0.052667 stylegan_celeba
AUC:0.909107 TPR_2:0.024564 TPR_3:0.001000 TPR_4:0.000222 stylegan_ffhq
AUC:0.891106 TPR_2:0.029993 TPR_3:0.001333 TPR_4:0.000000 faceapp
AUC:0.993814 TPR_2:0.858623 TPR_3:0.286542 TPR_4:0.006161 stargan
AUC:0.980867 TPR_2:0.554961 TPR_3:0.162542 TPR_4:0.052620 pggan_v1
AUC:0.971144 TPR_2:0.393541 TPR_3:0.069265 TPR_4:0.012472 pggan_v2
AUC:0.992852 TPR_2:0.917114 TPR_3:0.777167 TPR_4:0.529170 Deepfakes
AUC:0.995078 TPR_2:0.956560 TPR_3:0.873189 TPR_4:0.573681 FaceSwap
AUC:0.995091 TPR_2:0.960750 TPR_3:0.887374 TPR_4:0.714060 Face2Face
AUC:0.968115 TPR_2:0.590604 TPR_3:0.360996 TPR_4:0.215672 Test
epoch:007 batch:078000 loss:0.05268 avgloss:0.10026
AUC:0.987747 TPR_2:0.909089 TPR_3:0.798838 TPR_4:0.651160 validset
AUC:0.978831 TPR_2:0.605556 TPR_3:0.181889 TPR_4:0.073444 stylegan_celeba
AUC:0.872988 TPR_2:0.020896 TPR_3:0.001000 TPR_4:0.000000 stylegan_ffhq
AUC:0.837327 TPR_2:0.014441 TPR_3:0.000889 TPR_4:0.000000 faceapp
AUC:0.998066 TPR_2:0.973760 TPR_3:0.581892 TPR_4:0.021905 stargan
AUC:0.978236 TPR_2:0.551839 TPR_3:0.125530 TPR_4:0.049721 pggan_v1
AUC:0.969432 TPR_2:0.447884 TPR_3:0.076949 TPR_4:0.023274 pggan_v2
AUC:0.994919 TPR_2:0.923011 TPR_3:0.780505 TPR_4:0.623925 Deepfakes
AUC:0.991973 TPR_2:0.937269 TPR_3:0.837235 TPR_4:0.611722 FaceSwap
AUC:0.995399 TPR_2:0.944536 TPR_3:0.857240 TPR_4:0.746661 Face2Face
AUC:0.957463 TPR_2:0.602133 TPR_3:0.382570 TPR_4:0.238961 Test
epoch:007 batch:081000 loss:0.04372 avgloss:0.09914
AUC:0.987071 TPR_2:0.919739 TPR_3:0.824381 TPR_4:0.676995 validset
AUC:0.985518 TPR_2:0.633333 TPR_3:0.106778 TPR_4:0.023667 stylegan_celeba
AUC:0.915553 TPR_2:0.018339 TPR_3:0.000000 TPR_4:0.000000 stylegan_ffhq
AUC:0.890064 TPR_2:0.011553 TPR_3:0.000444 TPR_4:0.000000 faceapp
AUC:0.996709 TPR_2:0.936020 TPR_3:0.687583 TPR_4:0.183361 stargan
AUC:0.983771 TPR_2:0.556633 TPR_3:0.071237 TPR_4:0.014604 pggan_v1
AUC:0.977142 TPR_2:0.407461 TPR_3:0.026392 TPR_4:0.005457 pggan_v2
AUC:0.994039 TPR_2:0.933276 TPR_3:0.820286 TPR_4:0.673486 Deepfakes
AUC:0.996175 TPR_2:0.959241 TPR_3:0.866243 TPR_4:0.631121 FaceSwap
AUC:0.995091 TPR_2:0.963363 TPR_3:0.890742 TPR_4:0.765401 Face2Face
AUC:0.970451 TPR_2:0.602136 TPR_3:0.385523 TPR_4:0.255233 Test
epoch:008 batch:084000 loss:0.04008 avgloss:0.09807
AUC:0.989769 TPR_2:0.916705 TPR_3:0.819124 TPR_4:0.698140 validset
AUC:0.991981 TPR_2:0.777333 TPR_3:0.194556 TPR_4:0.023333 stylegan_celeba
AUC:0.956446 TPR_2:0.115038 TPR_3:0.000445 TPR_4:0.000000 stylegan_ffhq
AUC:0.939422 TPR_2:0.084426 TPR_3:0.001111 TPR_4:0.000000 faceapp
AUC:0.998100 TPR_2:0.967280 TPR_3:0.840871 TPR_4:0.602793 stargan
AUC:0.992442 TPR_2:0.763880 TPR_3:0.174916 TPR_4:0.022854 pggan_v1
AUC:0.988235 TPR_2:0.641314 TPR_3:0.072940 TPR_4:0.003341 pggan_v2
AUC:0.993095 TPR_2:0.940453 TPR_3:0.847979 TPR_4:0.726209 Deepfakes
AUC:0.994267 TPR_2:0.949002 TPR_3:0.853557 TPR_4:0.714311 FaceSwap
AUC:0.992011 TPR_2:0.951707 TPR_3:0.883905 TPR_4:0.760030 Face2Face
AUC:0.982889 TPR_2:0.687826 TPR_3:0.430031 TPR_4:0.316986 Test
epoch:008 batch:087000 loss:0.22176 avgloss:0.09703
AUC:0.988424 TPR_2:0.910666 TPR_3:0.824847 TPR_4:0.701985 validset
AUC:0.997863 TPR_2:0.958556 TPR_3:0.615556 TPR_4:0.230333 stylegan_celeba
AUC:0.977503 TPR_2:0.329777 TPR_3:0.022785 TPR_4:0.001111 stylegan_ffhq
AUC:0.966947 TPR_2:0.258165 TPR_3:0.014663 TPR_4:0.000444 faceapp
AUC:0.998584 TPR_2:0.976544 TPR_3:0.915803 TPR_4:0.820289 stargan
AUC:0.997916 TPR_2:0.964883 TPR_3:0.566221 TPR_4:0.173913 pggan_v1
AUC:0.996836 TPR_2:0.932739 TPR_3:0.436860 TPR_4:0.096882 pggan_v2
AUC:0.985992 TPR_2:0.883171 TPR_3:0.778740 TPR_4:0.647043 Deepfakes
AUC:0.993559 TPR_2:0.954383 TPR_3:0.891922 TPR_4:0.791204 FaceSwap
AUC:0.992855 TPR_2:0.948978 TPR_3:0.890263 TPR_4:0.789598 Face2Face
AUC:0.989784 TPR_2:0.800799 TPR_3:0.570313 TPR_4:0.394535 Test
epoch:008 batch:090000 loss:0.04070 avgloss:0.09607
AUC:0.992595 TPR_2:0.933637 TPR_3:0.849308 TPR_4:0.714689 validset
AUC:0.996465 TPR_2:0.921000 TPR_3:0.618556 TPR_4:0.314778 stylegan_celeba
AUC:0.971425 TPR_2:0.286318 TPR_3:0.033678 TPR_4:0.004112 stylegan_ffhq
AUC:0.953877 TPR_2:0.187070 TPR_3:0.012886 TPR_4:0.001111 faceapp
AUC:0.998011 TPR_2:0.961393 TPR_3:0.844658 TPR_4:0.668599 stargan
AUC:0.996482 TPR_2:0.912486 TPR_3:0.562765 TPR_4:0.252731 pggan_v1
AUC:0.994883 TPR_2:0.860579 TPR_3:0.445768 TPR_4:0.157572 pggan_v2
AUC:0.994947 TPR_2:0.942071 TPR_3:0.847596 TPR_4:0.725870 Deepfakes
AUC:0.994922 TPR_2:0.963452 TPR_3:0.912796 TPR_4:0.816919 FaceSwap
AUC:0.994251 TPR_2:0.959023 TPR_3:0.889378 TPR_4:0.770960 Face2Face
AUC:0.988363 TPR_2:0.777043 TPR_3:0.574231 TPR_4:0.412517 Test
epoch:009 batch:093000 loss:0.05826 avgloss:0.09510
AUC:0.990987 TPR_2:0.923147 TPR_3:0.844604 TPR_4:0.730737 validset
AUC:0.996305 TPR_2:0.910111 TPR_3:0.497889 TPR_4:0.162556 stylegan_celeba
AUC:0.975691 TPR_2:0.294987 TPR_3:0.012226 TPR_4:0.000556 stylegan_ffhq
AUC:0.959348 TPR_2:0.172628 TPR_3:0.006887 TPR_4:0.000000 faceapp
AUC:0.997939 TPR_2:0.968831 TPR_3:0.861087 TPR_4:0.725414 stargan
AUC:0.996492 TPR_2:0.907135 TPR_3:0.490747 TPR_4:0.177592 pggan_v1
AUC:0.994843 TPR_2:0.854900 TPR_3:0.355791 TPR_4:0.078508 pggan_v2
AUC:0.994097 TPR_2:0.947586 TPR_3:0.869818 TPR_4:0.771358 Deepfakes
AUC:0.992588 TPR_2:0.933437 TPR_3:0.833816 TPR_4:0.704720 FaceSwap
AUC:0.993902 TPR_2:0.947149 TPR_3:0.865616 TPR_4:0.762512 Face2Face
AUC:0.989023 TPR_2:0.770752 TPR_3:0.532653 TPR_4:0.375913 Test
epoch:009 batch:096000 loss:0.04916 avgloss:0.09419
AUC:0.987542 TPR_2:0.905603 TPR_3:0.815711 TPR_4:0.652554 validset
AUC:0.966346 TPR_2:0.384889 TPR_3:0.053444 TPR_4:0.009222 stylegan_celeba
AUC:0.852007 TPR_2:0.004001 TPR_3:0.000000 TPR_4:0.000000 stylegan_ffhq
AUC:0.812030 TPR_2:0.003110 TPR_3:0.000000 TPR_4:0.000000 faceapp
AUC:0.997138 TPR_2:0.937936 TPR_3:0.745630 TPR_4:0.414868 stargan
AUC:0.967310 TPR_2:0.379822 TPR_3:0.068562 TPR_4:0.013824 pggan_v1
AUC:0.951908 TPR_2:0.196214 TPR_3:0.014254 TPR_4:0.001336 pggan_v2
AUC:0.993050 TPR_2:0.927570 TPR_3:0.836625 TPR_4:0.729973 Deepfakes
AUC:0.996259 TPR_2:0.954599 TPR_3:0.871750 TPR_4:0.741070 FaceSwap
AUC:0.993935 TPR_2:0.933388 TPR_3:0.834930 TPR_4:0.695233 Face2Face
AUC:0.947776 TPR_2:0.524614 TPR_3:0.380577 TPR_4:0.289503 Test
epoch:009 batch:099000 loss:0.04288 avgloss:0.09332
AUC:0.990707 TPR_2:0.940035 TPR_3:0.890002 TPR_4:0.789275 validset
AUC:0.991991 TPR_2:0.813333 TPR_3:0.577556 TPR_4:0.387111 stylegan_celeba
AUC:0.929810 TPR_2:0.097588 TPR_3:0.017561 TPR_4:0.004001 stylegan_ffhq
AUC:0.910599 TPR_2:0.085981 TPR_3:0.017107 TPR_4:0.004888 faceapp
AUC:0.998168 TPR_2:0.964679 TPR_3:0.861635 TPR_4:0.571168 stargan
AUC:0.992347 TPR_2:0.796433 TPR_3:0.548606 TPR_4:0.360981 pggan_v1
AUC:0.986978 TPR_2:0.692316 TPR_3:0.391314 TPR_4:0.213029 pggan_v2
AUC:0.996867 TPR_2:0.961939 TPR_3:0.893510 TPR_4:0.787608 Deepfakes
AUC:0.996770 TPR_2:0.963236 TPR_3:0.887945 TPR_4:0.751471 FaceSwap
AUC:0.995129 TPR_2:0.972363 TPR_3:0.932764 TPR_4:0.839415 Face2Face
AUC:0.977629 TPR_2:0.705319 TPR_3:0.569778 TPR_4:0.435519 Test
epoch:009 batch:102000 loss:0.04080 avgloss:0.09244
AUC:0.991342 TPR_2:0.922181 TPR_3:0.842876 TPR_4:0.712494 validset
AUC:0.989296 TPR_2:0.630000 TPR_3:0.144333 TPR_4:0.023667 stylegan_celeba
AUC:0.949730 TPR_2:0.014560 TPR_3:0.000222 TPR_4:0.000000 stylegan_ffhq
AUC:0.937190 TPR_2:0.028660 TPR_3:0.000222 TPR_4:0.000000 faceapp
AUC:0.999047 TPR_2:0.984621 TPR_3:0.862137 TPR_4:0.407566 stargan
AUC:0.989617 TPR_2:0.624861 TPR_3:0.139465 TPR_4:0.022074 pggan_v1
AUC:0.985287 TPR_2:0.468931 TPR_3:0.055568 TPR_4:0.004788 pggan_v2
AUC:0.994920 TPR_2:0.938453 TPR_3:0.849949 TPR_4:0.701354 Deepfakes
AUC:0.995301 TPR_2:0.954455 TPR_3:0.882853 TPR_4:0.703155 FaceSwap
AUC:0.995671 TPR_2:0.962478 TPR_3:0.918031 TPR_4:0.813026 Face2Face
AUC:0.981784 TPR_2:0.623002 TPR_3:0.428087 TPR_4:0.297292 Test
epoch:010 batch:105000 loss:0.04046 avgloss:0.09160
AUC:0.992500 TPR_2:0.943350 TPR_3:0.887686 TPR_4:0.794760 validset
AUC:0.998639 TPR_2:0.965556 TPR_3:0.847778 TPR_4:0.680222 stylegan_celeba
AUC:0.979495 TPR_2:0.388574 TPR_3:0.100700 TPR_4:0.028009 stylegan_ffhq
AUC:0.969757 TPR_2:0.360587 TPR_3:0.105088 TPR_4:0.035325 faceapp
AUC:0.997688 TPR_2:0.961712 TPR_3:0.839365 TPR_4:0.649843 stargan
AUC:0.998814 TPR_2:0.969231 TPR_3:0.835786 TPR_4:0.672018 pggan_v1
AUC:0.997766 TPR_2:0.936526 TPR_3:0.733742 TPR_4:0.507350 pggan_v2
AUC:0.995304 TPR_2:0.950542 TPR_3:0.871627 TPR_4:0.769107 Deepfakes
AUC:0.995388 TPR_2:0.959781 TPR_3:0.895917 TPR_4:0.794947 FaceSwap
AUC:0.996082 TPR_2:0.972014 TPR_3:0.934042 TPR_4:0.862538 Face2Face
AUC:0.992104 TPR_2:0.829391 TPR_3:0.684894 TPR_4:0.555484 Test
epoch:010 batch:108000 loss:0.03980 avgloss:0.09082
AUC:0.990628 TPR_2:0.931132 TPR_3:0.863589 TPR_4:0.772178 validset
AUC:0.993035 TPR_2:0.836556 TPR_3:0.347333 TPR_4:0.059111 stylegan_celeba
AUC:0.970871 TPR_2:0.263866 TPR_3:0.006002 TPR_4:0.000111 stylegan_ffhq
AUC:0.944743 TPR_2:0.130193 TPR_3:0.002888 TPR_4:0.000000 faceapp
AUC:0.998059 TPR_2:0.968557 TPR_3:0.895085 TPR_4:0.823393 stargan
AUC:0.995712 TPR_2:0.892308 TPR_3:0.340468 TPR_4:0.045708 pggan_v1
AUC:0.992429 TPR_2:0.793764 TPR_3:0.213697 TPR_4:0.021047 pggan_v2
AUC:0.996322 TPR_2:0.966028 TPR_3:0.911349 TPR_4:0.823272 Deepfakes
AUC:0.995765 TPR_2:0.961041 TPR_3:0.880783 TPR_4:0.778590 FaceSwap
AUC:0.992991 TPR_2:0.963639 TPR_3:0.908146 TPR_4:0.826830 Face2Face
AUC:0.986659 TPR_2:0.752883 TPR_3:0.500639 TPR_4:0.375340 Test
epoch:010 batch:111000 loss:0.03540 avgloss:0.09006
AUC:0.980947 TPR_2:0.881774 TPR_3:0.785624 TPR_4:0.642588 validset
AUC:0.943386 TPR_2:0.230778 TPR_3:0.006667 TPR_4:0.000000 stylegan_celeba
AUC:0.816603 TPR_2:0.001556 TPR_3:0.000000 TPR_4:0.000000 stylegan_ffhq
AUC:0.789401 TPR_2:0.001777 TPR_3:0.000000 TPR_4:0.000000 faceapp
AUC:0.990158 TPR_2:0.806508 TPR_3:0.538904 TPR_4:0.300552 stargan
AUC:0.939786 TPR_2:0.179264 TPR_3:0.004794 TPR_4:0.000000 pggan_v1
AUC:0.922249 TPR_2:0.089310 TPR_3:0.001114 TPR_4:0.000111 pggan_v2
AUC:0.989737 TPR_2:0.881259 TPR_3:0.742871 TPR_4:0.521861 Deepfakes
AUC:0.996507 TPR_2:0.976463 TPR_3:0.936910 TPR_4:0.840852 FaceSwap
AUC:0.992910 TPR_2:0.943419 TPR_3:0.860289 TPR_4:0.684782 Face2Face
AUC:0.931193 TPR_2:0.456704 TPR_3:0.343505 TPR_4:0.260907 Test
epoch:011 batch:114000 loss:0.03543 avgloss:0.08927
AUC:0.991931 TPR_2:0.930598 TPR_3:0.871696 TPR_4:0.780799 validset
AUC:0.994415 TPR_2:0.856333 TPR_3:0.434333 TPR_4:0.100778 stylegan_celeba
AUC:0.961492 TPR_2:0.196955 TPR_3:0.007113 TPR_4:0.000222 stylegan_ffhq
AUC:0.952315 TPR_2:0.170629 TPR_3:0.009331 TPR_4:0.000667 faceapp
AUC:0.999237 TPR_2:0.987998 TPR_3:0.929540 TPR_4:0.781591 stargan
AUC:0.994631 TPR_2:0.836789 TPR_3:0.412932 TPR_4:0.083389 pggan_v1
AUC:0.991820 TPR_2:0.764477 TPR_3:0.277171 TPR_4:0.033408 pggan_v2
AUC:0.996237 TPR_2:0.955439 TPR_3:0.889760 TPR_4:0.809962 Deepfakes
AUC:0.996959 TPR_2:0.972774 TPR_3:0.918519 TPR_4:0.831729 FaceSwap
AUC:0.995675 TPR_2:0.968168 TPR_3:0.928134 TPR_4:0.865413 Face2Face
AUC:0.986976 TPR_2:0.745507 TPR_3:0.534093 TPR_4:0.389684 Test
epoch:011 batch:117000 loss:0.04761 avgloss:0.08859
AUC:0.987183 TPR_2:0.939093 TPR_3:0.892900 TPR_4:0.795013 validset
AUC:0.995496 TPR_2:0.879222 TPR_3:0.613778 TPR_4:0.268333 stylegan_celeba
AUC:0.950362 TPR_2:0.139157 TPR_3:0.015450 TPR_4:0.001556 stylegan_ffhq
AUC:0.935413 TPR_2:0.148856 TPR_3:0.019329 TPR_4:0.002000 faceapp
AUC:0.999722 TPR_2:0.996349 TPR_3:0.956829 TPR_4:0.705472 stargan
AUC:0.995415 TPR_2:0.863657 TPR_3:0.590301 TPR_4:0.264883 pggan_v1
AUC:0.992928 TPR_2:0.796102 TPR_3:0.460134 TPR_4:0.137973 pggan_v2
AUC:0.996021 TPR_2:0.963454 TPR_3:0.920379 TPR_4:0.852155 Deepfakes
AUC:0.995724 TPR_2:0.963164 TPR_3:0.888917 TPR_4:0.735887 FaceSwap
AUC:0.996059 TPR_2:0.973321 TPR_3:0.943041 TPR_4:0.880784 Face2Face
AUC:0.984127 TPR_2:0.747031 TPR_3:0.600906 TPR_4:0.427672 Test
epoch:011 batch:120000 loss:0.17450 avgloss:0.08789
AUC:0.990613 TPR_2:0.932103 TPR_3:0.862279 TPR_4:0.769270 validset
AUC:0.993094 TPR_2:0.780444 TPR_3:0.356444 TPR_4:0.077889 stylegan_celeba
AUC:0.959439 TPR_2:0.052128 TPR_3:0.000667 TPR_4:0.000000 stylegan_ffhq
AUC:0.944181 TPR_2:0.082870 TPR_3:0.002888 TPR_4:0.000000 faceapp
AUC:0.998086 TPR_2:0.958837 TPR_3:0.845891 TPR_4:0.607037 stargan
AUC:0.993715 TPR_2:0.806689 TPR_3:0.367113 TPR_4:0.086511 pggan_v1
AUC:0.991543 TPR_2:0.719042 TPR_3:0.222940 TPR_4:0.025501 pggan_v2
AUC:0.996266 TPR_2:0.954498 TPR_3:0.875450 TPR_4:0.766769 Deepfakes
AUC:0.996027 TPR_2:0.955462 TPR_3:0.895575 TPR_4:0.806752 FaceSwap
AUC:0.996357 TPR_2:0.969097 TPR_3:0.920731 TPR_4:0.820124 Face2Face
AUC:0.985412 TPR_2:0.697674 TPR_3:0.498633 TPR_4:0.354509 Test
epoch:011 batch:123000 loss:0.03919 avgloss:0.08722
