
Model:xception BatchSize:16 lr:0.000200

Model:xception BatchSize:16 lr:0.000200
epoch:000 batch:003000 loss:0.46678 avgloss:0.58084

Model:xception BatchSize:16 lr:0.000200
epoch:000 batch:003000 loss:0.46678 avgloss:0.58084

Model:xception BatchSize:16 lr:0.000200
epoch:000 batch:003000 loss:0.06370 avgloss:0.38196
AUC:0.975137 TPR_2:0.717960 TPR_3:0.463725 TPR_4:0.146220 validset
AUC:0.976414 TPR_2:0.654598 TPR_3:0.338766 TPR_4:0.150306 FaceShifter

Model:xception BatchSize:16 lr:0.000200
epoch:000 batch:003000 loss:0.46678 avgloss:0.58084

Model:xception BatchSize:16 lr:0.000200
epoch:000 batch:003000 loss:0.46678 avgloss:0.58084

Model:xception BatchSize:16 lr:0.000200
epoch:000 batch:003000 loss:0.54301 avgloss:0.57975
AUC:0.773605 TPR_2:0.058078 TPR_3:0.006810 TPR_4:0.000648 validset
AUC:0.846934 TPR_2:0.073472 TPR_3:0.011510 TPR_4:0.004060 FaceShifter
AUC:0.695242 TPR_2:0.030830 TPR_3:0.003168 TPR_4:0.000504 NeuralTextures
AUC:0.771088 TPR_2:0.052151 TPR_3:0.007339 TPR_4:0.002282 Test
epoch:000 batch:006000 loss:0.28884 avgloss:0.51993
AUC:0.874674 TPR_2:0.344938 TPR_3:0.192578 TPR_4:0.079546 validset
AUC:0.941476 TPR_2:0.529977 TPR_3:0.309444 TPR_4:0.140731 FaceShifter
AUC:0.789597 TPR_2:0.101130 TPR_3:0.021130 TPR_4:0.004751 NeuralTextures
AUC:0.865536 TPR_2:0.315553 TPR_3:0.165287 TPR_4:0.072741 Test
epoch:000 batch:009000 loss:0.32688 avgloss:0.46417
AUC:0.926600 TPR_2:0.460571 TPR_3:0.257942 TPR_4:0.163113 validset
AUC:0.968202 TPR_2:0.648036 TPR_3:0.418815 TPR_4:0.302328 FaceShifter
AUC:0.884983 TPR_2:0.182139 TPR_3:0.040387 TPR_4:0.013264 NeuralTextures
AUC:0.926592 TPR_2:0.415087 TPR_3:0.229601 TPR_4:0.157796 Test
epoch:001 batch:012000 loss:0.20888 avgloss:0.41365
AUC:0.920598 TPR_2:0.417370 TPR_3:0.173484 TPR_4:0.081490 validset
AUC:0.954816 TPR_2:0.543015 TPR_3:0.266560 TPR_4:0.134895 FaceShifter
AUC:0.916805 TPR_2:0.357493 TPR_3:0.113729 TPR_4:0.033458 NeuralTextures
AUC:0.935811 TPR_2:0.450254 TPR_3:0.190144 TPR_4:0.084177 Test
epoch:001 batch:015000 loss:0.16722 avgloss:0.37525
AUC:0.953393 TPR_2:0.644449 TPR_3:0.470301 TPR_4:0.290140 validset
AUC:0.982310 TPR_2:0.816356 TPR_3:0.659895 TPR_4:0.507058 FaceShifter
AUC:0.934286 TPR_2:0.465534 TPR_3:0.191750 TPR_4:0.058439 NeuralTextures
AUC:0.958298 TPR_2:0.640945 TPR_3:0.425822 TPR_4:0.282748 Test
epoch:001 batch:018000 loss:0.15496 avgloss:0.34608
AUC:0.961006 TPR_2:0.667393 TPR_3:0.496228 TPR_4:0.327984 validset
AUC:0.989176 TPR_2:0.878798 TPR_3:0.772934 TPR_4:0.567375 FaceShifter
AUC:0.926587 TPR_2:0.447284 TPR_3:0.209118 TPR_4:0.032990 NeuralTextures
AUC:0.957882 TPR_2:0.663041 TPR_3:0.491026 TPR_4:0.300183 Test
epoch:002 batch:021000 loss:0.03672 avgloss:0.32225
AUC:0.962012 TPR_2:0.688564 TPR_3:0.499695 TPR_4:0.336863 validset
AUC:0.989856 TPR_2:0.880763 TPR_3:0.735055 TPR_4:0.519732 FaceShifter
AUC:0.939758 TPR_2:0.512779 TPR_3:0.248191 TPR_4:0.070336 NeuralTextures
AUC:0.964807 TPR_2:0.696771 TPR_3:0.491623 TPR_4:0.295034 Test
epoch:002 batch:024000 loss:0.19058 avgloss:0.30333
AUC:0.970559 TPR_2:0.728969 TPR_3:0.544935 TPR_4:0.410817 validset
AUC:0.991265 TPR_2:0.905049 TPR_3:0.801601 TPR_4:0.615148 FaceShifter
AUC:0.948785 TPR_2:0.587794 TPR_3:0.309456 TPR_4:0.089720 NeuralTextures
AUC:0.970025 TPR_2:0.746422 TPR_3:0.555528 TPR_4:0.352434 Test
epoch:002 batch:027000 loss:0.56299 avgloss:0.28694
AUC:0.964312 TPR_2:0.716248 TPR_3:0.554048 TPR_4:0.420439 validset
AUC:0.992478 TPR_2:0.920838 TPR_3:0.810754 TPR_4:0.651484 FaceShifter
AUC:0.941534 TPR_2:0.497876 TPR_3:0.197293 TPR_4:0.067060 NeuralTextures
AUC:0.967006 TPR_2:0.709357 TPR_3:0.504023 TPR_4:0.359272 Test
epoch:002 batch:030000 loss:0.15479 avgloss:0.27310
AUC:0.971611 TPR_2:0.749328 TPR_3:0.556625 TPR_4:0.389357 validset
AUC:0.988812 TPR_2:0.860608 TPR_3:0.708193 TPR_4:0.581592 FaceShifter
AUC:0.960125 TPR_2:0.651074 TPR_3:0.384669 TPR_4:0.222994 NeuralTextures
AUC:0.974469 TPR_2:0.755841 TPR_3:0.546431 TPR_4:0.402293 Test
epoch:003 batch:033000 loss:0.10401 avgloss:0.26089
AUC:0.967772 TPR_2:0.716670 TPR_3:0.539351 TPR_4:0.421485 validset
AUC:0.994393 TPR_2:0.933003 TPR_3:0.831112 TPR_4:0.671086 FaceShifter
AUC:0.947029 TPR_2:0.525809 TPR_3:0.238184 TPR_4:0.102840 NeuralTextures
AUC:0.970711 TPR_2:0.729406 TPR_3:0.534648 TPR_4:0.386963 Test
epoch:003 batch:036000 loss:0.07497 avgloss:0.25056
AUC:0.974377 TPR_2:0.757817 TPR_3:0.558250 TPR_4:0.403227 validset
AUC:0.992546 TPR_2:0.892404 TPR_3:0.730180 TPR_4:0.545023 FaceShifter
AUC:0.958292 TPR_2:0.680645 TPR_3:0.469386 TPR_4:0.304111 NeuralTextures
AUC:0.975419 TPR_2:0.786525 TPR_3:0.599783 TPR_4:0.424567 Test
epoch:003 batch:039000 loss:0.03408 avgloss:0.24090
AUC:0.974320 TPR_2:0.792420 TPR_3:0.637686 TPR_4:0.489286 validset
AUC:0.990399 TPR_2:0.904060 TPR_3:0.759604 TPR_4:0.544718 FaceShifter
AUC:0.963367 TPR_2:0.703970 TPR_3:0.462924 TPR_4:0.240686 NeuralTextures
AUC:0.976883 TPR_2:0.804015 TPR_3:0.611264 TPR_4:0.392702 Test
epoch:004 batch:042000 loss:0.22613 avgloss:0.23230
AUC:0.975598 TPR_2:0.809632 TPR_3:0.650603 TPR_4:0.391560 validset
AUC:0.994816 TPR_2:0.948428 TPR_3:0.876091 TPR_4:0.798792 FaceShifter
AUC:0.957205 TPR_2:0.649437 TPR_3:0.386199 TPR_4:0.233739 NeuralTextures
AUC:0.976011 TPR_2:0.798933 TPR_3:0.631145 TPR_4:0.516266 Test
epoch:004 batch:045000 loss:0.19813 avgloss:0.22472
AUC:0.974989 TPR_2:0.791038 TPR_3:0.606754 TPR_4:0.413691 validset
AUC:0.990892 TPR_2:0.875480 TPR_3:0.696988 TPR_4:0.476353 FaceShifter
AUC:0.963383 TPR_2:0.751413 TPR_3:0.543393 TPR_4:0.343508 NeuralTextures
AUC:0.977138 TPR_2:0.813447 TPR_3:0.620190 TPR_4:0.409931 Test
epoch:004 batch:048000 loss:0.16584 avgloss:0.21785
AUC:0.978763 TPR_2:0.809039 TPR_3:0.629315 TPR_4:0.466849 validset
AUC:0.995616 TPR_2:0.947832 TPR_3:0.867142 TPR_4:0.760143 FaceShifter
AUC:0.961078 TPR_2:0.678647 TPR_3:0.435208 TPR_4:0.257874 NeuralTextures
AUC:0.978347 TPR_2:0.813240 TPR_3:0.651175 TPR_4:0.509008 Test
epoch:004 batch:051000 loss:0.04364 avgloss:0.21166
AUC:0.978399 TPR_2:0.800152 TPR_3:0.636538 TPR_4:0.472113 validset
AUC:0.993089 TPR_2:0.901804 TPR_3:0.780748 TPR_4:0.638169 FaceShifter
AUC:0.967522 TPR_2:0.750567 TPR_3:0.560203 TPR_4:0.392984 NeuralTextures
AUC:0.980306 TPR_2:0.826186 TPR_3:0.670475 TPR_4:0.515577 Test
epoch:005 batch:054000 loss:0.05732 avgloss:0.20583
AUC:0.974625 TPR_2:0.772436 TPR_3:0.608097 TPR_4:0.464850 validset
AUC:0.987665 TPR_2:0.828842 TPR_3:0.674098 TPR_4:0.511540 FaceShifter
AUC:0.967762 TPR_2:0.746913 TPR_3:0.560545 TPR_4:0.365862 NeuralTextures
AUC:0.977714 TPR_2:0.787878 TPR_3:0.617321 TPR_4:0.438701 Test
epoch:005 batch:057000 loss:0.03728 avgloss:0.20046
AUC:0.979538 TPR_2:0.817504 TPR_3:0.684152 TPR_4:0.529035 validset
AUC:0.996104 TPR_2:0.963751 TPR_3:0.903871 TPR_4:0.787616 FaceShifter
AUC:0.956059 TPR_2:0.670746 TPR_3:0.445898 TPR_4:0.208092 NeuralTextures
AUC:0.976081 TPR_2:0.817249 TPR_3:0.674885 TPR_4:0.497854 Test
epoch:005 batch:060000 loss:0.10411 avgloss:0.19571
AUC:0.977906 TPR_2:0.821276 TPR_3:0.683222 TPR_4:0.531370 validset
AUC:0.994544 TPR_2:0.935899 TPR_3:0.840905 TPR_4:0.690192 FaceShifter
AUC:0.970031 TPR_2:0.790954 TPR_3:0.605090 TPR_4:0.411990 NeuralTextures
AUC:0.982287 TPR_2:0.863427 TPR_3:0.722997 TPR_4:0.551091 Test
epoch:006 batch:063000 loss:0.07159 avgloss:0.19104
AUC:0.980291 TPR_2:0.839487 TPR_3:0.674367 TPR_4:0.496369 validset
AUC:0.994650 TPR_2:0.940934 TPR_3:0.830064 TPR_4:0.625582 FaceShifter
AUC:0.972088 TPR_2:0.775116 TPR_3:0.516882 TPR_4:0.248443 NeuralTextures
AUC:0.983369 TPR_2:0.858025 TPR_3:0.673473 TPR_4:0.437013 Test
epoch:006 batch:066000 loss:0.14298 avgloss:0.18672
AUC:0.979179 TPR_2:0.842049 TPR_3:0.694741 TPR_4:0.503085 validset
AUC:0.994225 TPR_2:0.935812 TPR_3:0.858251 TPR_4:0.763926 FaceShifter
AUC:0.973103 TPR_2:0.762014 TPR_3:0.571470 TPR_4:0.426425 NeuralTextures
AUC:0.983664 TPR_2:0.848913 TPR_3:0.714860 TPR_4:0.595175 Test
epoch:006 batch:069000 loss:0.02138 avgloss:0.18299
AUC:0.978476 TPR_2:0.810038 TPR_3:0.623411 TPR_4:0.478954 validset
AUC:0.992814 TPR_2:0.895445 TPR_3:0.775218 TPR_4:0.652939 FaceShifter
AUC:0.969296 TPR_2:0.773010 TPR_3:0.570336 TPR_4:0.402289 NeuralTextures
AUC:0.981055 TPR_2:0.834228 TPR_3:0.672777 TPR_4:0.527614 Test
epoch:007 batch:072000 loss:0.08512 avgloss:0.17950
AUC:0.979984 TPR_2:0.840627 TPR_3:0.694843 TPR_4:0.574157 validset
AUC:0.993762 TPR_2:0.936118 TPR_3:0.843466 TPR_4:0.719572 FaceShifter
AUC:0.970312 TPR_2:0.758378 TPR_3:0.557467 TPR_4:0.374231 NeuralTextures
AUC:0.982037 TPR_2:0.847248 TPR_3:0.700467 TPR_4:0.546901 Test
epoch:007 batch:075000 loss:0.10024 avgloss:0.17600
AUC:0.974106 TPR_2:0.804337 TPR_3:0.657303 TPR_4:0.504756 validset
AUC:0.996691 TPR_2:0.966866 TPR_3:0.925509 TPR_4:0.849738 FaceShifter
AUC:0.962620 TPR_2:0.667939 TPR_3:0.402307 TPR_4:0.173428 NeuralTextures
AUC:0.979656 TPR_2:0.817402 TPR_3:0.663908 TPR_4:0.511583 Test
epoch:007 batch:078000 loss:0.12394 avgloss:0.17281
AUC:0.981131 TPR_2:0.866624 TPR_3:0.742261 TPR_4:0.619639 validset
AUC:0.994631 TPR_2:0.942258 TPR_3:0.886889 TPR_4:0.819805 FaceShifter
AUC:0.970576 TPR_2:0.796282 TPR_3:0.620766 TPR_4:0.483892 NeuralTextures
AUC:0.982603 TPR_2:0.869270 TPR_3:0.753827 TPR_4:0.651848 Test
epoch:007 batch:081000 loss:0.08987 avgloss:0.16966
AUC:0.974966 TPR_2:0.805790 TPR_3:0.629955 TPR_4:0.415199 validset
AUC:0.992163 TPR_2:0.909764 TPR_3:0.789581 TPR_4:0.600873 FaceShifter
AUC:0.971069 TPR_2:0.768079 TPR_3:0.558169 TPR_4:0.375724 NeuralTextures
AUC:0.981616 TPR_2:0.838922 TPR_3:0.673875 TPR_4:0.488299 Test
epoch:008 batch:084000 loss:0.04748 avgloss:0.16680
AUC:0.980024 TPR_2:0.852638 TPR_3:0.738411 TPR_4:0.613251 validset
AUC:0.996487 TPR_2:0.964916 TPR_3:0.925960 TPR_4:0.868175 FaceShifter
AUC:0.969202 TPR_2:0.746247 TPR_3:0.506371 TPR_4:0.287283 NeuralTextures
AUC:0.982845 TPR_2:0.855582 TPR_3:0.716166 TPR_4:0.577729 Test
epoch:008 batch:087000 loss:0.06130 avgloss:0.16402
AUC:0.977444 TPR_2:0.839128 TPR_3:0.691828 TPR_4:0.538555 validset
AUC:0.991388 TPR_2:0.908818 TPR_3:0.777925 TPR_4:0.619339 FaceShifter
AUC:0.971992 TPR_2:0.777204 TPR_3:0.579893 TPR_4:0.428620 NeuralTextures
AUC:0.981690 TPR_2:0.843011 TPR_3:0.678909 TPR_4:0.523980 Test
epoch:008 batch:090000 loss:0.04270 avgloss:0.16148
AUC:0.975502 TPR_2:0.841611 TPR_3:0.713351 TPR_4:0.522069 validset
AUC:0.995604 TPR_2:0.959677 TPR_3:0.918524 TPR_4:0.846930 FaceShifter
AUC:0.966243 TPR_2:0.749289 TPR_3:0.548486 TPR_4:0.372467 NeuralTextures
AUC:0.980923 TPR_2:0.854483 TPR_3:0.733505 TPR_4:0.609698 Test
epoch:009 batch:093000 loss:0.03972 avgloss:0.15898
AUC:0.979167 TPR_2:0.848304 TPR_3:0.734662 TPR_4:0.587808 validset
AUC:0.997138 TPR_2:0.974272 TPR_3:0.938693 TPR_4:0.894514 FaceShifter
AUC:0.971592 TPR_2:0.773946 TPR_3:0.569274 TPR_4:0.422285 NeuralTextures
AUC:0.984365 TPR_2:0.874109 TPR_3:0.753984 TPR_4:0.658399 Test
epoch:009 batch:096000 loss:0.04391 avgloss:0.15665
AUC:0.979025 TPR_2:0.830569 TPR_3:0.710719 TPR_4:0.584934 validset
AUC:0.996720 TPR_2:0.966560 TPR_3:0.929205 TPR_4:0.859473 FaceShifter
AUC:0.964641 TPR_2:0.685918 TPR_3:0.471491 TPR_4:0.265127 NeuralTextures
AUC:0.980681 TPR_2:0.826239 TPR_3:0.700348 TPR_4:0.562300 Test
epoch:009 batch:099000 loss:0.03703 avgloss:0.15444
AUC:0.978899 TPR_2:0.852216 TPR_3:0.698966 TPR_4:0.541218 validset
AUC:0.994654 TPR_2:0.936016 TPR_3:0.842084 TPR_4:0.677372 FaceShifter
AUC:0.972636 TPR_2:0.814136 TPR_3:0.636172 TPR_4:0.468756 NeuralTextures
AUC:0.983645 TPR_2:0.875076 TPR_3:0.739128 TPR_4:0.573064 Test
epoch:009 batch:102000 loss:0.03126 avgloss:0.15236
AUC:0.981125 TPR_2:0.884961 TPR_3:0.773444 TPR_4:0.635617 validset
AUC:0.996592 TPR_2:0.967448 TPR_3:0.920998 TPR_4:0.774854 FaceShifter
AUC:0.971784 TPR_2:0.800205 TPR_3:0.623124 TPR_4:0.364566 NeuralTextures
AUC:0.984188 TPR_2:0.883826 TPR_3:0.772061 TPR_4:0.569710 Test
epoch:010 batch:105000 loss:0.11750 avgloss:0.15034
AUC:0.979276 TPR_2:0.866101 TPR_3:0.708782 TPR_4:0.538352 validset
AUC:0.994992 TPR_2:0.945081 TPR_3:0.841065 TPR_4:0.696726 FaceShifter
AUC:0.972165 TPR_2:0.801177 TPR_3:0.607322 TPR_4:0.432058 NeuralTextures
AUC:0.983578 TPR_2:0.873129 TPR_3:0.724193 TPR_4:0.564392 Test
epoch:010 batch:108000 loss:0.03941 avgloss:0.14836
AUC:0.980392 TPR_2:0.875418 TPR_3:0.758653 TPR_4:0.602802 validset
AUC:0.996468 TPR_2:0.959211 TPR_3:0.910812 TPR_4:0.842462 FaceShifter
AUC:0.971770 TPR_2:0.798927 TPR_3:0.616806 TPR_4:0.429250 NeuralTextures
AUC:0.984119 TPR_2:0.879069 TPR_3:0.763809 TPR_4:0.635856 Test
epoch:010 batch:111000 loss:0.03774 avgloss:0.14649
AUC:0.979752 TPR_2:0.856574 TPR_3:0.706682 TPR_4:0.541686 validset
AUC:0.994733 TPR_2:0.936525 TPR_3:0.839494 TPR_4:0.667666 FaceShifter
AUC:0.974102 TPR_2:0.793708 TPR_3:0.606098 TPR_4:0.414384 NeuralTextures
AUC:0.984417 TPR_2:0.865116 TPR_3:0.722796 TPR_4:0.541025 Test
epoch:011 batch:114000 loss:0.12225 avgloss:0.14474
AUC:0.980780 TPR_2:0.870756 TPR_3:0.731265 TPR_4:0.614008 validset
AUC:0.996514 TPR_2:0.962107 TPR_3:0.910230 TPR_4:0.803856 FaceShifter
AUC:0.973407 TPR_2:0.818077 TPR_3:0.653162 TPR_4:0.431572 NeuralTextures
AUC:0.984960 TPR_2:0.890092 TPR_3:0.781696 TPR_4:0.617714 Test
epoch:011 batch:117000 loss:0.05931 avgloss:0.14307
AUC:0.978889 TPR_2:0.840455 TPR_3:0.692039 TPR_4:0.573993 validset
AUC:0.996251 TPR_2:0.957058 TPR_3:0.899214 TPR_4:0.829031 FaceShifter
AUC:0.968004 TPR_2:0.763633 TPR_3:0.560905 TPR_4:0.402307 NeuralTextures
AUC:0.982128 TPR_2:0.860346 TPR_3:0.730060 TPR_4:0.615669 Test
epoch:011 batch:120000 loss:0.04471 avgloss:0.14145
AUC:0.980208 TPR_2:0.878549 TPR_3:0.746275 TPR_4:0.547270 validset
AUC:0.996600 TPR_2:0.965352 TPR_3:0.890672 TPR_4:0.781898 FaceShifter
AUC:0.974757 TPR_2:0.813326 TPR_3:0.640600 TPR_4:0.524855 NeuralTextures
AUC:0.985679 TPR_2:0.889339 TPR_3:0.765636 TPR_4:0.653376 Test
epoch:011 batch:123000 loss:0.06971 avgloss:0.13990
AUC:0.981112 TPR_2:0.858971 TPR_3:0.721301 TPR_4:0.592650 validset
AUC:0.994955 TPR_2:0.938097 TPR_3:0.848836 TPR_4:0.688388 FaceShifter
AUC:0.973860 TPR_2:0.804417 TPR_3:0.640978 TPR_4:0.443865 NeuralTextures
AUC:0.984407 TPR_2:0.871257 TPR_3:0.744907 TPR_4:0.566126 Test
epoch:012 batch:126000 loss:0.04247 avgloss:0.13839
AUC:0.981960 TPR_2:0.881970 TPR_3:0.765416 TPR_4:0.633813 validset
AUC:0.996987 TPR_2:0.969194 TPR_3:0.924782 TPR_4:0.867768 FaceShifter
AUC:0.973177 TPR_2:0.813902 TPR_3:0.644973 TPR_4:0.492189 NeuralTextures
AUC:0.985082 TPR_2:0.891548 TPR_3:0.784877 TPR_4:0.679978 Test
epoch:012 batch:129000 loss:0.04671 avgloss:0.13694
AUC:0.978753 TPR_2:0.875090 TPR_3:0.761316 TPR_4:0.565676 validset
AUC:0.996374 TPR_2:0.960244 TPR_3:0.894252 TPR_4:0.820242 FaceShifter
AUC:0.977760 TPR_2:0.864296 TPR_3:0.697563 TPR_4:0.542583 NeuralTextures
AUC:0.987067 TPR_2:0.912270 TPR_3:0.795908 TPR_4:0.681412 Test
epoch:012 batch:132000 loss:0.03543 avgloss:0.13552
AUC:0.982811 TPR_2:0.897073 TPR_3:0.792787 TPR_4:0.673898 validset
AUC:0.997408 TPR_2:0.977372 TPR_3:0.939639 TPR_4:0.841764 FaceShifter
AUC:0.973943 TPR_2:0.809672 TPR_3:0.657032 TPR_4:0.469602 NeuralTextures
AUC:0.985676 TPR_2:0.893522 TPR_3:0.798335 TPR_4:0.655683 Test
epoch:013 batch:135000 loss:0.03709 avgloss:0.13419
AUC:0.981914 TPR_2:0.887585 TPR_3:0.768617 TPR_4:0.620420 validset
AUC:0.997650 TPR_2:0.980937 TPR_3:0.939828 TPR_4:0.868321 FaceShifter
AUC:0.968665 TPR_2:0.766549 TPR_3:0.589450 TPR_4:0.422069 NeuralTextures
AUC:0.983157 TPR_2:0.873743 TPR_3:0.764639 TPR_4:0.645195 Test
epoch:013 batch:138000 loss:0.09963 avgloss:0.13286
AUC:0.979078 TPR_2:0.869615 TPR_3:0.759020 TPR_4:0.615313 validset
AUC:0.997377 TPR_2:0.974549 TPR_3:0.923312 TPR_4:0.846784 FaceShifter
AUC:0.969392 TPR_2:0.753231 TPR_3:0.566322 TPR_4:0.409219 NeuralTextures
AUC:0.983385 TPR_2:0.863890 TPR_3:0.744817 TPR_4:0.628001 Test
epoch:013 batch:141000 loss:0.05483 avgloss:0.13156
AUC:0.981488 TPR_2:0.874356 TPR_3:0.756208 TPR_4:0.637272 validset
AUC:0.996685 TPR_2:0.962675 TPR_3:0.914421 TPR_4:0.834604 FaceShifter
AUC:0.975041 TPR_2:0.808484 TPR_3:0.623970 TPR_4:0.463608 NeuralTextures
AUC:0.985863 TPR_2:0.885579 TPR_3:0.769195 TPR_4:0.649106 Test
epoch:014 batch:144000 loss:0.04021 avgloss:0.13028
AUC:0.982029 TPR_2:0.889646 TPR_3:0.766243 TPR_4:0.596172 validset
AUC:0.997508 TPR_2:0.975786 TPR_3:0.912267 TPR_4:0.803085 FaceShifter
AUC:0.976029 TPR_2:0.826374 TPR_3:0.653072 TPR_4:0.476297 NeuralTextures
AUC:0.986769 TPR_2:0.901080 TPR_3:0.782670 TPR_4:0.639691 Test
epoch:014 batch:147000 loss:0.09063 avgloss:0.12909

Model:xception BatchSize:16 lr:0.000200
