
Model:xception BatchSize:16 lr:0.000200
epoch:000 batch:003000 loss:0.50928 avgloss:0.63539
AUC:0.699189 TPR_2:0.048135 TPR_3:0.011937 TPR_4:0.004383 validset

Model:xception BatchSize:16 lr:0.000200
epoch:000 batch:003000 loss:0.50928 avgloss:0.63539
AUC:0.699189 TPR_2:0.048135 TPR_3:0.011937 TPR_4:0.004383 validset
AUC:0.265775 TPR_2:0.000333 TPR_3:0.000000 TPR_4:0.000000 stylegan_celeba
AUC:0.257074 TPR_2:0.000445 TPR_3:0.000000 TPR_4:0.000000 stylegan_ffhq
AUC:0.288007 TPR_2:0.001555 TPR_3:0.000000 TPR_4:0.000000 faceapp
AUC:0.503154 TPR_2:0.003423 TPR_3:0.000046 TPR_4:0.000000 stargan
AUC:0.295979 TPR_2:0.000111 TPR_3:0.000000 TPR_4:0.000000 pggan_v1
AUC:0.306829 TPR_2:0.000334 TPR_3:0.000111 TPR_4:0.000000 pggan_v2
AUC:0.798424 TPR_2:0.109181 TPR_3:0.023766 TPR_4:0.001691 Deepfakes
AUC:0.653657 TPR_2:0.033273 TPR_3:0.004409 TPR_4:0.000306 FaceSwap
AUC:0.668500 TPR_2:0.030642 TPR_3:0.001118 TPR_4:0.000015 Face2Face
AUC:0.448600 TPR_2:0.019922 TPR_3:0.003272 TPR_4:0.000224 Test
epoch:000 batch:006000 loss:0.63900 avgloss:0.59333
AUC:0.770861 TPR_2:0.166726 TPR_3:0.063815 TPR_4:0.032402 validset
AUC:0.351174 TPR_2:0.001444 TPR_3:0.000111 TPR_4:0.000000 stylegan_celeba
AUC:0.247793 TPR_2:0.000445 TPR_3:0.000000 TPR_4:0.000000 stylegan_ffhq
AUC:0.309482 TPR_2:0.005110 TPR_3:0.001111 TPR_4:0.000889 faceapp
AUC:0.515639 TPR_2:0.001643 TPR_3:0.000091 TPR_4:0.000000 stargan
AUC:0.357755 TPR_2:0.000892 TPR_3:0.000111 TPR_4:0.000111 pggan_v1
AUC:0.368606 TPR_2:0.000891 TPR_3:0.000000 TPR_4:0.000000 pggan_v2
AUC:0.881242 TPR_2:0.215362 TPR_3:0.060091 TPR_4:0.035884 Deepfakes
AUC:0.779863 TPR_2:0.112145 TPR_3:0.023699 TPR_4:0.010941 FaceSwap
AUC:0.760928 TPR_2:0.055667 TPR_3:0.004485 TPR_4:0.001742 Face2Face
AUC:0.508054 TPR_2:0.043733 TPR_3:0.009967 TPR_4:0.005507 Test
epoch:000 batch:009000 loss:0.34965 avgloss:0.54102
AUC:0.863991 TPR_2:0.329816 TPR_3:0.187905 TPR_4:0.082494 validset
AUC:0.708272 TPR_2:0.002444 TPR_3:0.000000 TPR_4:0.000000 stylegan_celeba
AUC:0.495159 TPR_2:0.000445 TPR_3:0.000000 TPR_4:0.000000 stylegan_ffhq
AUC:0.555564 TPR_2:0.003110 TPR_3:0.000000 TPR_4:0.000000 faceapp
AUC:0.707864 TPR_2:0.013462 TPR_3:0.000639 TPR_4:0.000137 stargan
AUC:0.719687 TPR_2:0.004013 TPR_3:0.000111 TPR_4:0.000000 pggan_v1
AUC:0.714479 TPR_2:0.003229 TPR_3:0.000223 TPR_4:0.000111 pggan_v2
AUC:0.916723 TPR_2:0.385502 TPR_3:0.150771 TPR_4:0.061900 Deepfakes
AUC:0.845397 TPR_2:0.164096 TPR_3:0.020802 TPR_4:0.003167 FaceSwap
AUC:0.900743 TPR_2:0.367662 TPR_3:0.143660 TPR_4:0.070429 Face2Face
AUC:0.729321 TPR_2:0.104885 TPR_3:0.035134 TPR_4:0.015083 Test
epoch:001 batch:012000 loss:0.15285 avgloss:0.48876
AUC:0.918495 TPR_2:0.493401 TPR_3:0.255045 TPR_4:0.133173 validset
AUC:0.599520 TPR_2:0.000556 TPR_3:0.000000 TPR_4:0.000000 stylegan_celeba
AUC:0.359077 TPR_2:0.000222 TPR_3:0.000000 TPR_4:0.000000 stylegan_ffhq
AUC:0.418393 TPR_2:0.000667 TPR_3:0.000000 TPR_4:0.000000 faceapp
AUC:0.780242 TPR_2:0.074841 TPR_3:0.012230 TPR_4:0.001369 stargan
AUC:0.600188 TPR_2:0.000223 TPR_3:0.000000 TPR_4:0.000000 pggan_v1
AUC:0.597414 TPR_2:0.001114 TPR_3:0.000000 TPR_4:0.000000 pggan_v2
AUC:0.944638 TPR_2:0.510964 TPR_3:0.281262 TPR_4:0.131079 Deepfakes
AUC:0.912676 TPR_2:0.337982 TPR_3:0.140361 TPR_4:0.046301 FaceSwap
AUC:0.936793 TPR_2:0.589227 TPR_3:0.389232 TPR_4:0.228125 Face2Face
AUC:0.683216 TPR_2:0.168422 TPR_3:0.091454 TPR_4:0.045208 Test
epoch:001 batch:015000 loss:0.14843 avgloss:0.44386
AUC:0.960807 TPR_2:0.702024 TPR_3:0.491289 TPR_4:0.315626 validset
AUC:0.784943 TPR_2:0.009444 TPR_3:0.001444 TPR_4:0.000111 stylegan_celeba
AUC:0.577348 TPR_2:0.000778 TPR_3:0.000000 TPR_4:0.000000 stylegan_ffhq
AUC:0.637800 TPR_2:0.001777 TPR_3:0.000000 TPR_4:0.000000 faceapp
AUC:0.901973 TPR_2:0.259207 TPR_3:0.080591 TPR_4:0.015972 stargan
AUC:0.773252 TPR_2:0.001672 TPR_3:0.000111 TPR_4:0.000000 pggan_v1
AUC:0.768304 TPR_2:0.001559 TPR_3:0.000000 TPR_4:0.000000 pggan_v2
AUC:0.984309 TPR_2:0.791976 TPR_3:0.613542 TPR_4:0.397826 Deepfakes
AUC:0.958825 TPR_2:0.609671 TPR_3:0.408091 TPR_4:0.236382 FaceSwap
AUC:0.975161 TPR_2:0.753019 TPR_3:0.561342 TPR_4:0.338530 Face2Face
AUC:0.817990 TPR_2:0.269900 TPR_3:0.185014 TPR_4:0.109869 Test
epoch:001 batch:018000 loss:0.15907 avgloss:0.40786
AUC:0.962276 TPR_2:0.724329 TPR_3:0.520483 TPR_4:0.349131 validset
AUC:0.879783 TPR_2:0.059667 TPR_3:0.001000 TPR_4:0.000000 stylegan_celeba
AUC:0.681552 TPR_2:0.001667 TPR_3:0.000000 TPR_4:0.000000 stylegan_ffhq
AUC:0.712131 TPR_2:0.006665 TPR_3:0.000000 TPR_4:0.000000 faceapp
AUC:0.929200 TPR_2:0.433943 TPR_3:0.132296 TPR_4:0.017296 stargan
AUC:0.887349 TPR_2:0.049387 TPR_3:0.000334 TPR_4:0.000000 pggan_v1
AUC:0.886029 TPR_2:0.047550 TPR_3:0.000891 TPR_4:0.000000 pggan_v2
AUC:0.974161 TPR_2:0.756666 TPR_3:0.540215 TPR_4:0.312573 Deepfakes
AUC:0.972577 TPR_2:0.732954 TPR_3:0.517464 TPR_4:0.306527 FaceSwap
AUC:0.977482 TPR_2:0.794374 TPR_3:0.555464 TPR_4:0.293343 Face2Face
AUC:0.877807 TPR_2:0.320319 TPR_3:0.194185 TPR_4:0.103304 Test
epoch:002 batch:021000 loss:0.23370 avgloss:0.37794
AUC:0.970703 TPR_2:0.755169 TPR_3:0.526376 TPR_4:0.280404 validset
AUC:0.863943 TPR_2:0.003889 TPR_3:0.000111 TPR_4:0.000000 stylegan_celeba
AUC:0.716582 TPR_2:0.000000 TPR_3:0.000000 TPR_4:0.000000 stylegan_ffhq
AUC:0.744978 TPR_2:0.000667 TPR_3:0.000000 TPR_4:0.000000 faceapp
AUC:0.926641 TPR_2:0.396112 TPR_3:0.122941 TPR_4:0.023411 stargan
AUC:0.884675 TPR_2:0.003233 TPR_3:0.000000 TPR_4:0.000000 pggan_v1
AUC:0.869904 TPR_2:0.003341 TPR_3:0.000000 TPR_4:0.000000 pggan_v2
AUC:0.982445 TPR_2:0.800447 TPR_3:0.579364 TPR_4:0.333103 Deepfakes
AUC:0.970733 TPR_2:0.722301 TPR_3:0.514261 TPR_4:0.299059 FaceSwap
AUC:0.977034 TPR_2:0.799890 TPR_3:0.613874 TPR_4:0.395532 Face2Face
AUC:0.881882 TPR_2:0.303320 TPR_3:0.203395 TPR_4:0.116789 Test
epoch:002 batch:024000 loss:0.62603 avgloss:0.35355
AUC:0.974342 TPR_2:0.786527 TPR_3:0.591016 TPR_4:0.394286 validset
AUC:0.933279 TPR_2:0.048333 TPR_3:0.000000 TPR_4:0.000000 stylegan_celeba
AUC:0.819690 TPR_2:0.001000 TPR_3:0.000000 TPR_4:0.000000 stylegan_ffhq
AUC:0.833490 TPR_2:0.003999 TPR_3:0.000000 TPR_4:0.000000 faceapp
AUC:0.938806 TPR_2:0.416648 TPR_3:0.130836 TPR_4:0.021175 stargan
AUC:0.940928 TPR_2:0.055295 TPR_3:0.000000 TPR_4:0.000000 pggan_v1
AUC:0.933203 TPR_2:0.031514 TPR_3:0.000223 TPR_4:0.000000 pggan_v2
AUC:0.983689 TPR_2:0.828595 TPR_3:0.627219 TPR_4:0.385870 Deepfakes
AUC:0.984601 TPR_2:0.830001 TPR_3:0.628601 TPR_4:0.415900 FaceSwap
AUC:0.985890 TPR_2:0.871654 TPR_3:0.717064 TPR_4:0.532268 Face2Face
AUC:0.928175 TPR_2:0.343005 TPR_3:0.233771 TPR_4:0.150579 Test
epoch:002 batch:027000 loss:0.04241 avgloss:0.33250
AUC:0.979219 TPR_2:0.817124 TPR_3:0.589360 TPR_4:0.380494 validset
AUC:0.936382 TPR_2:0.104000 TPR_3:0.001556 TPR_4:0.000000 stylegan_celeba
AUC:0.819701 TPR_2:0.001445 TPR_3:0.000000 TPR_4:0.000000 stylegan_ffhq
AUC:0.843369 TPR_2:0.005999 TPR_3:0.000000 TPR_4:0.000000 faceapp
AUC:0.972390 TPR_2:0.688130 TPR_3:0.361247 TPR_4:0.142199 stargan
AUC:0.943697 TPR_2:0.092977 TPR_3:0.000111 TPR_4:0.000111 pggan_v1
AUC:0.935777 TPR_2:0.063474 TPR_3:0.000780 TPR_4:0.000000 pggan_v2
AUC:0.985106 TPR_2:0.870024 TPR_3:0.711105 TPR_4:0.545539 Deepfakes
AUC:0.982026 TPR_2:0.790556 TPR_3:0.551565 TPR_4:0.350866 FaceSwap
AUC:0.986721 TPR_2:0.895024 TPR_3:0.756561 TPR_4:0.606689 Face2Face
AUC:0.933908 TPR_2:0.390181 TPR_3:0.264769 TPR_4:0.182823 Test
epoch:002 batch:030000 loss:0.07183 avgloss:0.31460
AUC:0.978605 TPR_2:0.820692 TPR_3:0.630617 TPR_4:0.437659 validset
AUC:0.948248 TPR_2:0.208556 TPR_3:0.002556 TPR_4:0.000000 stylegan_celeba
AUC:0.831178 TPR_2:0.003223 TPR_3:0.000000 TPR_4:0.000000 stylegan_ffhq
AUC:0.841460 TPR_2:0.008443 TPR_3:0.000444 TPR_4:0.000000 faceapp
AUC:0.957111 TPR_2:0.521654 TPR_3:0.157486 TPR_4:0.027244 stargan
AUC:0.946153 TPR_2:0.150725 TPR_3:0.000334 TPR_4:0.000000 pggan_v1
AUC:0.941779 TPR_2:0.120045 TPR_3:0.000557 TPR_4:0.000000 pggan_v2
AUC:0.983242 TPR_2:0.832316 TPR_3:0.605306 TPR_4:0.354148 Deepfakes
AUC:0.988145 TPR_2:0.843390 TPR_3:0.618308 TPR_4:0.372622 FaceSwap
AUC:0.985058 TPR_2:0.866791 TPR_3:0.723248 TPR_4:0.552052 Face2Face
AUC:0.935819 TPR_2:0.395016 TPR_3:0.234249 TPR_4:0.145119 Test
epoch:003 batch:033000 loss:0.08836 avgloss:0.29897
AUC:0.980732 TPR_2:0.829046 TPR_3:0.632166 TPR_4:0.406256 validset
AUC:0.942005 TPR_2:0.081556 TPR_3:0.000222 TPR_4:0.000000 stylegan_celeba
AUC:0.851075 TPR_2:0.000445 TPR_3:0.000000 TPR_4:0.000000 stylegan_ffhq
AUC:0.850221 TPR_2:0.000889 TPR_3:0.000000 TPR_4:0.000000 faceapp
AUC:0.985019 TPR_2:0.791311 TPR_3:0.543604 TPR_4:0.311003 stargan
AUC:0.948426 TPR_2:0.062876 TPR_3:0.000000 TPR_4:0.000000 pggan_v1
AUC:0.939879 TPR_2:0.061915 TPR_3:0.000000 TPR_4:0.000000 pggan_v2
AUC:0.990989 TPR_2:0.890525 TPR_3:0.715826 TPR_4:0.524538 Deepfakes
AUC:0.980254 TPR_2:0.799086 TPR_3:0.610732 TPR_4:0.441003 FaceSwap
AUC:0.986708 TPR_2:0.873919 TPR_3:0.698412 TPR_4:0.502293 Face2Face
AUC:0.941619 TPR_2:0.395836 TPR_3:0.285422 TPR_4:0.197649 Test
epoch:003 batch:036000 loss:0.11430 avgloss:0.28544
AUC:0.982411 TPR_2:0.858434 TPR_3:0.694140 TPR_4:0.518988 validset
AUC:0.906153 TPR_2:0.011556 TPR_3:0.000222 TPR_4:0.000000 stylegan_celeba
AUC:0.787897 TPR_2:0.000333 TPR_3:0.000000 TPR_4:0.000000 stylegan_ffhq
AUC:0.790539 TPR_2:0.000889 TPR_3:0.000000 TPR_4:0.000000 faceapp
AUC:0.981167 TPR_2:0.665860 TPR_3:0.222471 TPR_4:0.034820 stargan
AUC:0.914956 TPR_2:0.008250 TPR_3:0.000000 TPR_4:0.000000 pggan_v1
AUC:0.898996 TPR_2:0.003452 TPR_3:0.000000 TPR_4:0.000000 pggan_v2
AUC:0.991933 TPR_2:0.883407 TPR_3:0.690413 TPR_4:0.487772 Deepfakes
AUC:0.985802 TPR_2:0.861007 TPR_3:0.712008 TPR_4:0.546256 FaceSwap
AUC:0.989495 TPR_2:0.929818 TPR_3:0.810181 TPR_4:0.652267 Face2Face
AUC:0.916326 TPR_2:0.373841 TPR_3:0.270588 TPR_4:0.191235 Test
epoch:003 batch:039000 loss:0.15644 avgloss:0.27370
AUC:0.984663 TPR_2:0.857322 TPR_3:0.710888 TPR_4:0.487464 validset
AUC:0.965041 TPR_2:0.294222 TPR_3:0.005222 TPR_4:0.000222 stylegan_celeba
AUC:0.871030 TPR_2:0.006891 TPR_3:0.000111 TPR_4:0.000000 stylegan_ffhq
AUC:0.881519 TPR_2:0.015108 TPR_3:0.000667 TPR_4:0.000000 faceapp
AUC:0.983599 TPR_2:0.776388 TPR_3:0.465021 TPR_4:0.205996 stargan
AUC:0.966926 TPR_2:0.270792 TPR_3:0.001561 TPR_4:0.000111 pggan_v1
AUC:0.958069 TPR_2:0.173497 TPR_3:0.002450 TPR_4:0.000111 pggan_v2
AUC:0.990345 TPR_2:0.881936 TPR_3:0.723664 TPR_4:0.536391 Deepfakes
AUC:0.991130 TPR_2:0.887513 TPR_3:0.715895 TPR_4:0.516240 FaceSwap
AUC:0.991805 TPR_2:0.948180 TPR_3:0.840693 TPR_4:0.672937 Face2Face
AUC:0.955496 TPR_2:0.472725 TPR_3:0.306143 TPR_4:0.214668 Test
epoch:004 batch:042000 loss:0.06719 avgloss:0.26327
AUC:0.985902 TPR_2:0.876070 TPR_3:0.707859 TPR_4:0.522696 validset
AUC:0.983403 TPR_2:0.628889 TPR_3:0.099333 TPR_4:0.000778 stylegan_celeba
AUC:0.913168 TPR_2:0.040791 TPR_3:0.000667 TPR_4:0.000111 stylegan_ffhq
AUC:0.916641 TPR_2:0.060431 TPR_3:0.001111 TPR_4:0.000000 faceapp
AUC:0.988478 TPR_2:0.871674 TPR_3:0.748460 TPR_4:0.564642 stargan
AUC:0.980591 TPR_2:0.548161 TPR_3:0.058194 TPR_4:0.000111 pggan_v1
AUC:0.977509 TPR_2:0.483519 TPR_3:0.035189 TPR_4:0.000223 pggan_v2
AUC:0.988438 TPR_2:0.870377 TPR_3:0.709914 TPR_4:0.444858 Deepfakes
AUC:0.991552 TPR_2:0.907254 TPR_3:0.774397 TPR_4:0.547120 FaceSwap
AUC:0.990971 TPR_2:0.922284 TPR_3:0.787043 TPR_4:0.535360 Face2Face
AUC:0.970084 TPR_2:0.592598 TPR_3:0.357145 TPR_4:0.232578 Test
epoch:004 batch:045000 loss:0.02763 avgloss:0.25378
AUC:0.982695 TPR_2:0.883861 TPR_3:0.754440 TPR_4:0.590195 validset
AUC:0.956015 TPR_2:0.302222 TPR_3:0.013000 TPR_4:0.000000 stylegan_celeba
AUC:0.832851 TPR_2:0.007225 TPR_3:0.000111 TPR_4:0.000000 stylegan_ffhq
AUC:0.838451 TPR_2:0.010664 TPR_3:0.000222 TPR_4:0.000000 faceapp
AUC:0.994805 TPR_2:0.911788 TPR_3:0.692466 TPR_4:0.418519 stargan
AUC:0.952071 TPR_2:0.247826 TPR_3:0.008250 TPR_4:0.000000 pggan_v1
AUC:0.944037 TPR_2:0.188976 TPR_3:0.004454 TPR_4:0.000000 pggan_v2
AUC:0.994230 TPR_2:0.921688 TPR_3:0.790123 TPR_4:0.623513 Deepfakes
AUC:0.993739 TPR_2:0.922190 TPR_3:0.777222 TPR_4:0.589264 FaceSwap
AUC:0.990883 TPR_2:0.927539 TPR_3:0.795216 TPR_4:0.623730 Face2Face
AUC:0.944120 TPR_2:0.493346 TPR_3:0.342340 TPR_4:0.250558 Test
epoch:004 batch:048000 loss:0.03006 avgloss:0.24513
AUC:0.985996 TPR_2:0.889963 TPR_3:0.764149 TPR_4:0.625661 validset
AUC:0.979429 TPR_2:0.570778 TPR_3:0.145111 TPR_4:0.009222 stylegan_celeba
AUC:0.880961 TPR_2:0.027676 TPR_3:0.000778 TPR_4:0.000000 stylegan_ffhq
AUC:0.885298 TPR_2:0.038436 TPR_3:0.000889 TPR_4:0.000000 faceapp
AUC:0.996527 TPR_2:0.947292 TPR_3:0.812440 TPR_4:0.576005 stargan
AUC:0.976270 TPR_2:0.482386 TPR_3:0.078707 TPR_4:0.001561 pggan_v1
AUC:0.971831 TPR_2:0.417929 TPR_3:0.046102 TPR_4:0.000891 pggan_v2
AUC:0.993753 TPR_2:0.927923 TPR_3:0.809786 TPR_4:0.603527 Deepfakes
AUC:0.991048 TPR_2:0.879613 TPR_3:0.689208 TPR_4:0.447698 FaceSwap
AUC:0.990750 TPR_2:0.930369 TPR_3:0.841926 TPR_4:0.701968 Face2Face
AUC:0.962874 TPR_2:0.580267 TPR_3:0.380550 TPR_4:0.260097 Test
epoch:004 batch:051000 loss:0.03565 avgloss:0.23726
AUC:0.986842 TPR_2:0.899103 TPR_3:0.768164 TPR_4:0.601545 validset
AUC:0.972803 TPR_2:0.406889 TPR_3:0.026000 TPR_4:0.001000 stylegan_celeba
AUC:0.889386 TPR_2:0.008892 TPR_3:0.000111 TPR_4:0.000000 stylegan_ffhq
AUC:0.889566 TPR_2:0.014441 TPR_3:0.000222 TPR_4:0.000000 faceapp
AUC:0.992768 TPR_2:0.896956 TPR_3:0.701684 TPR_4:0.494318 stargan
AUC:0.968921 TPR_2:0.329097 TPR_3:0.011148 TPR_4:0.000000 pggan_v1
AUC:0.961590 TPR_2:0.260468 TPR_3:0.011136 TPR_4:0.000445 pggan_v2
AUC:0.995310 TPR_2:0.940894 TPR_3:0.813654 TPR_4:0.649249 Deepfakes
AUC:0.992299 TPR_2:0.903115 TPR_3:0.734484 TPR_4:0.549567 FaceSwap
AUC:0.991656 TPR_2:0.948107 TPR_3:0.860027 TPR_4:0.727124 Face2Face
AUC:0.961589 TPR_2:0.523207 TPR_3:0.350941 TPR_4:0.269078 Test
epoch:005 batch:054000 loss:0.06162 avgloss:0.23012
AUC:0.984758 TPR_2:0.886249 TPR_3:0.755402 TPR_4:0.585773 validset
AUC:0.972793 TPR_2:0.370444 TPR_3:0.012111 TPR_4:0.000000 stylegan_celeba
AUC:0.887587 TPR_2:0.006224 TPR_3:0.000111 TPR_4:0.000000 stylegan_ffhq
AUC:0.887649 TPR_2:0.007332 TPR_3:0.000000 TPR_4:0.000000 faceapp
AUC:0.987830 TPR_2:0.817734 TPR_3:0.555971 TPR_4:0.251540 stargan
AUC:0.971932 TPR_2:0.340022 TPR_3:0.005909 TPR_4:0.000000 pggan_v1
AUC:0.964534 TPR_2:0.247105 TPR_3:0.003341 TPR_4:0.000000 pggan_v2
AUC:0.991618 TPR_2:0.901334 TPR_3:0.750548 TPR_4:0.515082 Deepfakes
AUC:0.994319 TPR_2:0.933796 TPR_3:0.829263 TPR_4:0.630023 FaceSwap
AUC:0.989446 TPR_2:0.917175 TPR_3:0.800993 TPR_4:0.576250 Face2Face
AUC:0.960857 TPR_2:0.504574 TPR_3:0.328694 TPR_4:0.219210 Test
epoch:005 batch:057000 loss:0.11422 avgloss:0.22367
AUC:0.984124 TPR_2:0.891972 TPR_3:0.779911 TPR_4:0.678772 validset
AUC:0.969645 TPR_2:0.459111 TPR_3:0.064222 TPR_4:0.001889 stylegan_celeba
AUC:0.862738 TPR_2:0.011671 TPR_3:0.000111 TPR_4:0.000000 stylegan_ffhq
AUC:0.865612 TPR_2:0.010664 TPR_3:0.000000 TPR_4:0.000000 faceapp
AUC:0.994866 TPR_2:0.919135 TPR_3:0.777484 TPR_4:0.608087 stargan
AUC:0.966614 TPR_2:0.383612 TPR_3:0.040134 TPR_4:0.000892 pggan_v1
AUC:0.957261 TPR_2:0.292984 TPR_3:0.018486 TPR_4:0.000223 pggan_v2
AUC:0.994926 TPR_2:0.942483 TPR_3:0.848655 TPR_4:0.734371 Deepfakes
AUC:0.990367 TPR_2:0.892822 TPR_3:0.754386 TPR_4:0.601033 FaceSwap
AUC:0.992159 TPR_2:0.937583 TPR_3:0.855484 TPR_4:0.732610 Face2Face
AUC:0.954910 TPR_2:0.538896 TPR_3:0.373218 TPR_4:0.297678 Test
epoch:005 batch:060000 loss:0.02499 avgloss:0.21779
AUC:0.989119 TPR_2:0.921268 TPR_3:0.820381 TPR_4:0.677184 validset
AUC:0.990142 TPR_2:0.752222 TPR_3:0.305778 TPR_4:0.072333 stylegan_celeba
AUC:0.935512 TPR_2:0.071135 TPR_3:0.004001 TPR_4:0.000222 stylegan_ffhq
AUC:0.938831 TPR_2:0.081537 TPR_3:0.004888 TPR_4:0.000000 faceapp
AUC:0.996006 TPR_2:0.942363 TPR_3:0.835714 TPR_4:0.644868 stargan
AUC:0.987435 TPR_2:0.664548 TPR_3:0.209365 TPR_4:0.028317 pggan_v1
AUC:0.983568 TPR_2:0.583408 TPR_3:0.140312 TPR_4:0.014922 pggan_v2
AUC:0.993549 TPR_2:0.931218 TPR_3:0.850214 TPR_4:0.716708 Deepfakes
AUC:0.993797 TPR_2:0.923395 TPR_3:0.819042 TPR_4:0.658329 FaceSwap
AUC:0.993540 TPR_2:0.953550 TPR_3:0.887142 TPR_4:0.755298 Face2Face
AUC:0.979153 TPR_2:0.655931 TPR_3:0.450717 TPR_4:0.321222 Test
epoch:006 batch:063000 loss:0.27055 avgloss:0.21223
AUC:0.986762 TPR_2:0.905380 TPR_3:0.803881 TPR_4:0.656194 validset

Model:xception BatchSize:16 lr:0.000200

Model:xception BatchSize:16 lr:0.000200

Model:xception BatchSize:16 lr:0.000200

Model:xception BatchSize:16 lr:0.000200

Model:xception BatchSize:16 lr:0.000200
epoch:000 batch:003000 loss:0.10250 avgloss:0.10340
AUC:0.986040 TPR_2:0.892176 TPR_3:0.773096 TPR_4:0.597773 validset
AUC:0.974401 TPR_2:0.340778 TPR_3:0.020556 TPR_4:0.000000 stylegan_celeba
AUC:0.902290 TPR_2:0.005446 TPR_3:0.000111 TPR_4:0.000000 stylegan_ffhq
AUC:0.899030 TPR_2:0.005776 TPR_3:0.000222 TPR_4:0.000000 faceapp
AUC:0.992153 TPR_2:0.893534 TPR_3:0.726509 TPR_4:0.502031 stargan
AUC:0.972799 TPR_2:0.258305 TPR_3:0.006466 TPR_4:0.000000 pggan_v1
AUC:0.965721 TPR_2:0.172940 TPR_3:0.004343 TPR_4:0.000111 pggan_v2
AUC:0.993752 TPR_2:0.910246 TPR_3:0.747415 TPR_4:0.504478 Deepfakes
AUC:0.995853 TPR_2:0.947131 TPR_3:0.845207 TPR_4:0.662792 FaceSwap
AUC:0.993155 TPR_2:0.933621 TPR_3:0.816902 TPR_4:0.609113 Face2Face
AUC:0.965461 TPR_2:0.496420 TPR_3:0.351970 TPR_4:0.253169 Test

Model:xception BatchSize:16 lr:0.000200
epoch:000 batch:003000 loss:0.10250 avgloss:0.10340
AUC:0.986040 TPR_2:0.892176 TPR_3:0.773096 TPR_4:0.597773 validset
AUC:0.974401 TPR_2:0.340778 TPR_3:0.020556 TPR_4:0.000000 stylegan_celeba
AUC:0.902290 TPR_2:0.005446 TPR_3:0.000111 TPR_4:0.000000 stylegan_ffhq
AUC:0.899030 TPR_2:0.005776 TPR_3:0.000222 TPR_4:0.000000 faceapp
AUC:0.992153 TPR_2:0.893534 TPR_3:0.726509 TPR_4:0.502031 stargan
AUC:0.972799 TPR_2:0.258305 TPR_3:0.006466 TPR_4:0.000000 pggan_v1
AUC:0.965721 TPR_2:0.172940 TPR_3:0.004343 TPR_4:0.000111 pggan_v2
AUC:0.993752 TPR_2:0.910246 TPR_3:0.747415 TPR_4:0.504478 Deepfakes
AUC:0.995853 TPR_2:0.947131 TPR_3:0.845207 TPR_4:0.662792 FaceSwap
AUC:0.993155 TPR_2:0.933621 TPR_3:0.816902 TPR_4:0.609113 Face2Face
AUC:0.965461 TPR_2:0.496420 TPR_3:0.351970 TPR_4:0.253169 Test
epoch:000 batch:006000 loss:0.28155 avgloss:0.10053
AUC:0.987612 TPR_2:0.898972 TPR_3:0.795649 TPR_4:0.635496 validset
AUC:0.968335 TPR_2:0.289000 TPR_3:0.029333 TPR_4:0.003000 stylegan_celeba
AUC:0.883418 TPR_2:0.003112 TPR_3:0.000000 TPR_4:0.000000 stylegan_ffhq
AUC:0.881218 TPR_2:0.003777 TPR_3:0.000000 TPR_4:0.000000 faceapp
AUC:0.991063 TPR_2:0.873728 TPR_3:0.673573 TPR_4:0.457537 stargan
AUC:0.964401 TPR_2:0.223411 TPR_3:0.011594 TPR_4:0.000334 pggan_v1
AUC:0.955282 TPR_2:0.155791 TPR_3:0.007127 TPR_4:0.000334 pggan_v2
AUC:0.993078 TPR_2:0.923541 TPR_3:0.789535 TPR_4:0.619116 Deepfakes
AUC:0.995782 TPR_2:0.960483 TPR_3:0.868978 TPR_4:0.736247 FaceSwap
AUC:0.991938 TPR_2:0.944391 TPR_3:0.849634 TPR_4:0.733728 Face2Face
AUC:0.958279 TPR_2:0.486359 TPR_3:0.358864 TPR_4:0.283366 Test
epoch:000 batch:009000 loss:0.04315 avgloss:0.09949
AUC:0.982815 TPR_2:0.863910 TPR_3:0.699169 TPR_4:0.522701 validset
AUC:0.963114 TPR_2:0.468000 TPR_3:0.166333 TPR_4:0.036444 stylegan_celeba
AUC:0.802043 TPR_2:0.013671 TPR_3:0.001556 TPR_4:0.000000 stylegan_ffhq
AUC:0.790016 TPR_2:0.011775 TPR_3:0.000000 TPR_4:0.000000 faceapp
AUC:0.991983 TPR_2:0.868845 TPR_3:0.636563 TPR_4:0.381235 stargan
AUC:0.956805 TPR_2:0.376031 TPR_3:0.099443 TPR_4:0.012375 pggan_v1
AUC:0.941915 TPR_2:0.278062 TPR_3:0.050223 TPR_4:0.005791 pggan_v2
AUC:0.988577 TPR_2:0.857420 TPR_3:0.640205 TPR_4:0.415048 Deepfakes
AUC:0.994609 TPR_2:0.937809 TPR_3:0.833348 TPR_4:0.695759 FaceSwap
AUC:0.987823 TPR_2:0.879188 TPR_3:0.720664 TPR_4:0.526781 Face2Face
AUC:0.935210 TPR_2:0.521200 TPR_3:0.349815 TPR_4:0.230381 Test
epoch:001 batch:012000 loss:0.02449 avgloss:0.09865
AUC:0.989406 TPR_2:0.911827 TPR_3:0.802891 TPR_4:0.674277 validset
AUC:0.962199 TPR_2:0.327222 TPR_3:0.032667 TPR_4:0.001667 stylegan_celeba
AUC:0.845814 TPR_2:0.003668 TPR_3:0.000000 TPR_4:0.000000 stylegan_ffhq
AUC:0.834217 TPR_2:0.004888 TPR_3:0.000000 TPR_4:0.000000 faceapp
AUC:0.997795 TPR_2:0.960206 TPR_3:0.875462 TPR_4:0.733628 stargan
AUC:0.956961 TPR_2:0.227648 TPR_3:0.006132 TPR_4:0.000000 pggan_v1
AUC:0.943960 TPR_2:0.141759 TPR_3:0.005902 TPR_4:0.000223 pggan_v2
AUC:0.996703 TPR_2:0.963145 TPR_3:0.887333 TPR_4:0.747445 Deepfakes
AUC:0.993810 TPR_2:0.917097 TPR_3:0.761152 TPR_4:0.553418 FaceSwap
AUC:0.992737 TPR_2:0.952868 TPR_3:0.880233 TPR_4:0.745660 Face2Face
AUC:0.947133 TPR_2:0.499834 TPR_3:0.383209 TPR_4:0.309116 Test
epoch:001 batch:015000 loss:0.04034 avgloss:0.09721
AUC:0.989209 TPR_2:0.915356 TPR_3:0.810687 TPR_4:0.431460 validset
AUC:0.989954 TPR_2:0.739778 TPR_3:0.136556 TPR_4:0.002444 stylegan_celeba
AUC:0.942175 TPR_2:0.054574 TPR_3:0.000556 TPR_4:0.000000 stylegan_ffhq
AUC:0.935749 TPR_2:0.055765 TPR_3:0.000222 TPR_4:0.000000 faceapp
AUC:0.997554 TPR_2:0.953909 TPR_3:0.817825 TPR_4:0.505316 stargan
AUC:0.989320 TPR_2:0.687848 TPR_3:0.088517 TPR_4:0.000446 pggan_v1
AUC:0.985512 TPR_2:0.583519 TPR_3:0.039866 TPR_4:0.000445 pggan_v2
AUC:0.994132 TPR_2:0.929982 TPR_3:0.822080 TPR_4:0.630940 Deepfakes
AUC:0.994855 TPR_2:0.940688 TPR_3:0.830523 TPR_4:0.624660 FaceSwap
AUC:0.994155 TPR_2:0.957513 TPR_3:0.875544 TPR_4:0.708123 Face2Face
AUC:0.980378 TPR_2:0.655953 TPR_3:0.401299 TPR_4:0.274708 Test
epoch:001 batch:018000 loss:0.12812 avgloss:0.09606
AUC:0.988232 TPR_2:0.928540 TPR_3:0.826148 TPR_4:0.665859 validset
AUC:0.994878 TPR_2:0.885778 TPR_3:0.480444 TPR_4:0.152000 stylegan_celeba
AUC:0.952436 TPR_2:0.161609 TPR_3:0.006669 TPR_4:0.000445 stylegan_ffhq
AUC:0.949435 TPR_2:0.166852 TPR_3:0.008887 TPR_4:0.000444 faceapp
AUC:0.995922 TPR_2:0.944188 TPR_3:0.850226 TPR_4:0.713549 stargan
AUC:0.994043 TPR_2:0.848161 TPR_3:0.399443 TPR_4:0.099554 pggan_v1
AUC:0.991302 TPR_2:0.773942 TPR_3:0.266481 TPR_4:0.043096 pggan_v2
AUC:0.990316 TPR_2:0.919188 TPR_3:0.818404 TPR_4:0.654308 Deepfakes
AUC:0.995687 TPR_2:0.957100 TPR_3:0.865541 TPR_4:0.720286 FaceSwap
AUC:0.992978 TPR_2:0.949791 TPR_3:0.860782 TPR_4:0.694246 Face2Face
AUC:0.984111 TPR_2:0.734068 TPR_3:0.506320 TPR_4:0.341992 Test
epoch:002 batch:021000 loss:0.02416 avgloss:0.09500
AUC:0.988385 TPR_2:0.923239 TPR_3:0.831468 TPR_4:0.679820 validset
AUC:0.995561 TPR_2:0.881889 TPR_3:0.649222 TPR_4:0.376444 stylegan_celeba
AUC:0.952705 TPR_2:0.151606 TPR_3:0.024453 TPR_4:0.003668 stylegan_ffhq
AUC:0.946610 TPR_2:0.133526 TPR_3:0.019107 TPR_4:0.002666 faceapp
AUC:0.994343 TPR_2:0.932095 TPR_3:0.826541 TPR_4:0.608543 stargan
AUC:0.995300 TPR_2:0.856968 TPR_3:0.565775 TPR_4:0.294091 pggan_v1
AUC:0.991820 TPR_2:0.754120 TPR_3:0.423719 TPR_4:0.179176 pggan_v2
AUC:0.991187 TPR_2:0.921938 TPR_3:0.835846 TPR_4:0.699575 Deepfakes
AUC:0.995609 TPR_2:0.963920 TPR_3:0.893002 TPR_4:0.759083 FaceSwap
AUC:0.992766 TPR_2:0.945451 TPR_3:0.864556 TPR_4:0.704029 Face2Face
AUC:0.983989 TPR_2:0.726835 TPR_3:0.566913 TPR_4:0.403031 Test
epoch:002 batch:024000 loss:0.04824 avgloss:0.09396
AUC:0.986327 TPR_2:0.922511 TPR_3:0.830745 TPR_4:0.725038 validset
AUC:0.987103 TPR_2:0.694556 TPR_3:0.263333 TPR_4:0.039778 stylegan_celeba
AUC:0.907656 TPR_2:0.027676 TPR_3:0.001000 TPR_4:0.000000 stylegan_ffhq
AUC:0.900401 TPR_2:0.029993 TPR_3:0.001333 TPR_4:0.000000 faceapp
AUC:0.997003 TPR_2:0.957833 TPR_3:0.867887 TPR_4:0.682015 stargan
AUC:0.985596 TPR_2:0.628317 TPR_3:0.165329 TPR_4:0.012486 pggan_v1
AUC:0.976909 TPR_2:0.465813 TPR_3:0.099555 TPR_4:0.006347 pggan_v2
AUC:0.994655 TPR_2:0.940630 TPR_3:0.854935 TPR_4:0.713929 Deepfakes
AUC:0.994919 TPR_2:0.941426 TPR_3:0.847654 TPR_4:0.715391 FaceSwap
AUC:0.994142 TPR_2:0.959241 TPR_3:0.902471 TPR_4:0.771585 Face2Face
AUC:0.970932 TPR_2:0.627276 TPR_3:0.444833 TPR_4:0.326837 Test
epoch:002 batch:027000 loss:0.24923 avgloss:0.09342
AUC:0.990898 TPR_2:0.923700 TPR_3:0.824245 TPR_4:0.685441 validset
AUC:0.992348 TPR_2:0.762778 TPR_3:0.298333 TPR_4:0.062111 stylegan_celeba
AUC:0.947315 TPR_2:0.048127 TPR_3:0.001890 TPR_4:0.000000 stylegan_ffhq
AUC:0.930258 TPR_2:0.037769 TPR_3:0.000889 TPR_4:0.000000 faceapp
AUC:0.999304 TPR_2:0.989230 TPR_3:0.928992 TPR_4:0.454981 stargan
AUC:0.991851 TPR_2:0.729097 TPR_3:0.239130 TPR_4:0.029208 pggan_v1
AUC:0.987364 TPR_2:0.575501 TPR_3:0.124944 TPR_4:0.009131 pggan_v2
AUC:0.996936 TPR_2:0.966146 TPR_3:0.902378 TPR_4:0.774255 Deepfakes
AUC:0.992263 TPR_2:0.907326 TPR_3:0.770654 TPR_4:0.577046 FaceSwap
AUC:0.995321 TPR_2:0.966353 TPR_3:0.911107 TPR_4:0.776331 Face2Face
AUC:0.981440 TPR_2:0.664703 TPR_3:0.464257 TPR_4:0.298118 Test
epoch:002 batch:030000 loss:0.04467 avgloss:0.09247
AUC:0.989730 TPR_2:0.936234 TPR_3:0.864992 TPR_4:0.730693 validset
AUC:0.988336 TPR_2:0.725222 TPR_3:0.227778 TPR_4:0.016889 stylegan_celeba
AUC:0.910255 TPR_2:0.038457 TPR_3:0.000889 TPR_4:0.000000 stylegan_ffhq
AUC:0.888904 TPR_2:0.039547 TPR_3:0.001333 TPR_4:0.000000 faceapp
AUC:0.996290 TPR_2:0.925341 TPR_3:0.736367 TPR_4:0.210058 stargan
AUC:0.988667 TPR_2:0.692419 TPR_3:0.149275 TPR_4:0.006912 pggan_v1
AUC:0.981767 TPR_2:0.553229 TPR_3:0.074722 TPR_4:0.002895 pggan_v2
AUC:0.996328 TPR_2:0.967410 TPR_3:0.909628 TPR_4:0.783579 Deepfakes
AUC:0.995083 TPR_2:0.945565 TPR_3:0.845531 TPR_4:0.629663 FaceSwap
AUC:0.994583 TPR_2:0.969256 TPR_3:0.927844 TPR_4:0.831911 Face2Face
AUC:0.971135 TPR_2:0.650716 TPR_3:0.430374 TPR_4:0.275767 Test
epoch:003 batch:033000 loss:0.04607 avgloss:0.09199
AUC:0.989284 TPR_2:0.923317 TPR_3:0.850594 TPR_4:0.702247 validset
AUC:0.967927 TPR_2:0.264333 TPR_3:0.012667 TPR_4:0.000556 stylegan_celeba
AUC:0.877855 TPR_2:0.000889 TPR_3:0.000111 TPR_4:0.000000 stylegan_ffhq
AUC:0.863371 TPR_2:0.002222 TPR_3:0.000222 TPR_4:0.000000 faceapp
AUC:0.998604 TPR_2:0.972893 TPR_3:0.872405 TPR_4:0.563273 stargan
AUC:0.963812 TPR_2:0.168562 TPR_3:0.002230 TPR_4:0.000000 pggan_v1
AUC:0.954047 TPR_2:0.108575 TPR_3:0.002895 TPR_4:0.000111 pggan_v2
AUC:0.997243 TPR_2:0.964072 TPR_3:0.899260 TPR_4:0.781534 Deepfakes
AUC:0.993560 TPR_2:0.924331 TPR_3:0.815371 TPR_4:0.687265 FaceSwap
AUC:0.994967 TPR_2:0.961737 TPR_3:0.916609 TPR_4:0.833319 Face2Face
AUC:0.956821 TPR_2:0.485290 TPR_3:0.391308 TPR_4:0.318451 Test
epoch:003 batch:036000 loss:0.03989 avgloss:0.09117
AUC:0.987646 TPR_2:0.925734 TPR_3:0.831517 TPR_4:0.704174 validset
AUC:0.991398 TPR_2:0.748556 TPR_3:0.286111 TPR_4:0.083889 stylegan_celeba
AUC:0.944512 TPR_2:0.042014 TPR_3:0.001223 TPR_4:0.000222 stylegan_ffhq
AUC:0.934051 TPR_2:0.048656 TPR_3:0.001777 TPR_4:0.000000 faceapp
AUC:0.998597 TPR_2:0.972528 TPR_3:0.888012 TPR_4:0.665358 stargan
AUC:0.991482 TPR_2:0.713712 TPR_3:0.204013 TPR_4:0.049164 pggan_v1
AUC:0.984197 TPR_2:0.564588 TPR_3:0.121158 TPR_4:0.017706 pggan_v2
AUC:0.997414 TPR_2:0.975514 TPR_3:0.918541 TPR_4:0.826448 Deepfakes
AUC:0.991925 TPR_2:0.903853 TPR_3:0.783106 TPR_4:0.639776 FaceSwap
AUC:0.994181 TPR_2:0.962129 TPR_3:0.909452 TPR_4:0.820705 Face2Face
AUC:0.980862 TPR_2:0.659061 TPR_3:0.457044 TPR_4:0.344808 Test
epoch:003 batch:039000 loss:0.04062 avgloss:0.09040
AUC:0.989492 TPR_2:0.924239 TPR_3:0.824643 TPR_4:0.648753 validset
AUC:0.996053 TPR_2:0.911889 TPR_3:0.705111 TPR_4:0.419111 stylegan_celeba
AUC:0.947444 TPR_2:0.227298 TPR_3:0.050461 TPR_4:0.008225 stylegan_ffhq
AUC:0.924908 TPR_2:0.177960 TPR_3:0.029549 TPR_4:0.003999 faceapp
AUC:0.997819 TPR_2:0.967782 TPR_3:0.674668 TPR_4:0.075572 stargan
AUC:0.996043 TPR_2:0.897213 TPR_3:0.650613 TPR_4:0.338796 pggan_v1
AUC:0.993555 TPR_2:0.838085 TPR_3:0.531960 TPR_4:0.256682 pggan_v2
AUC:0.992827 TPR_2:0.922394 TPR_3:0.795153 TPR_4:0.630631 Deepfakes
AUC:0.994313 TPR_2:0.935074 TPR_3:0.795775 TPR_4:0.608249 FaceSwap
AUC:0.994264 TPR_2:0.951605 TPR_3:0.868882 TPR_4:0.726398 Face2Face
AUC:0.981914 TPR_2:0.758811 TPR_3:0.566908 TPR_4:0.340851 Test
epoch:004 batch:042000 loss:0.18581 avgloss:0.08978
AUC:0.992489 TPR_2:0.944413 TPR_3:0.865808 TPR_4:0.762033 validset
AUC:0.997461 TPR_2:0.948333 TPR_3:0.605444 TPR_4:0.206889 stylegan_celeba
AUC:0.975132 TPR_2:0.337446 TPR_3:0.015338 TPR_4:0.001111 stylegan_ffhq
AUC:0.962630 TPR_2:0.288825 TPR_3:0.012664 TPR_4:0.000667 faceapp
AUC:0.998375 TPR_2:0.977456 TPR_3:0.939762 TPR_4:0.885912 stargan
AUC:0.997406 TPR_2:0.946154 TPR_3:0.557637 TPR_4:0.158417 pggan_v1
AUC:0.995676 TPR_2:0.891314 TPR_3:0.407238 TPR_4:0.085189 pggan_v2
AUC:0.994528 TPR_2:0.944792 TPR_3:0.841081 TPR_4:0.687221 Deepfakes
AUC:0.995950 TPR_2:0.963740 TPR_3:0.904914 TPR_4:0.812708 FaceSwap
AUC:0.993303 TPR_2:0.955757 TPR_3:0.898421 TPR_4:0.778465 Face2Face
AUC:0.990051 TPR_2:0.805980 TPR_3:0.575833 TPR_4:0.401842 Test
epoch:004 batch:045000 loss:0.19908 avgloss:0.08882
AUC:0.986989 TPR_2:0.944268 TPR_3:0.881176 TPR_4:0.809901 validset

Model:xception BatchSize:16 lr:0.000200

Model:xception BatchSize:16 lr:0.000200
epoch:000 batch:003000 loss:0.52544 avgloss:0.11837
epoch:000 batch:003000 loss:0.08321 avgloss:0.13050
AUC:0.983934 TPR_2:0.879900 TPR_3:0.755241 TPR_4:0.570904 validset
AUC:0.983815 TPR_2:0.864298 TPR_3:0.704742 TPR_4:0.506522 validset
AUC:0.945908 TPR_2:0.160889 TPR_3:0.015667 TPR_4:0.000444 stylegan_celeba
AUC:0.955292 TPR_2:0.163667 TPR_3:0.001111 TPR_4:0.000000 stylegan_celeba
AUC:0.833689 TPR_2:0.001778 TPR_3:0.000111 TPR_4:0.000000 stylegan_ffhq
AUC:0.855678 TPR_2:0.001778 TPR_3:0.000000 TPR_4:0.000000 stylegan_ffhq
AUC:0.868209 TPR_2:0.003333 TPR_3:0.000000 TPR_4:0.000000 faceapp
AUC:0.988006 TPR_2:0.813809 TPR_3:0.555652 TPR_4:0.299092 stargan
AUC:0.952599 TPR_2:0.107692 TPR_3:0.000111 TPR_4:0.000000 pggan_v1
AUC:0.946542 TPR_2:0.075056 TPR_3:0.000111 TPR_4:0.000000 pggan_v2
AUC:0.990396 TPR_2:0.881215 TPR_3:0.687354 TPR_4:0.490433 Deepfakes
AUC:0.994749 TPR_2:0.934138 TPR_3:0.812420 TPR_4:0.654910 FaceSwap
AUC:0.992384 TPR_2:0.921050 TPR_3:0.789859 TPR_4:0.615500 Face2Face
AUC:0.949317 TPR_2:0.433527 TPR_3:0.316291 TPR_4:0.228882 Test
epoch:000 batch:006000 loss:0.43816 avgloss:0.12568

Model:xception BatchSize:16 lr:0.000200
epoch:000 batch:003000 loss:0.03393 avgloss:0.10345
AUC:0.982754 TPR_2:0.863021 TPR_3:0.705160 TPR_4:0.537337 validset
AUC:0.917921 TPR_2:0.056667 TPR_3:0.001889 TPR_4:0.000111 stylegan_celeba
AUC:0.807165 TPR_2:0.000445 TPR_3:0.000000 TPR_4:0.000000 stylegan_ffhq
AUC:0.816603 TPR_2:0.000667 TPR_3:0.000000 TPR_4:0.000000 faceapp

Model:xception BatchSize:16 lr:0.000200
epoch:000 batch:003000 loss:0.08321 avgloss:0.13050
AUC:0.983815 TPR_2:0.864298 TPR_3:0.704742 TPR_4:0.506522 validset
AUC:0.955292 TPR_2:0.163667 TPR_3:0.001111 TPR_4:0.000000 stylegan_celeba
AUC:0.855678 TPR_2:0.001778 TPR_3:0.000000 TPR_4:0.000000 stylegan_ffhq
AUC:0.868209 TPR_2:0.003333 TPR_3:0.000000 TPR_4:0.000000 faceapp
AUC:0.988006 TPR_2:0.813809 TPR_3:0.555652 TPR_4:0.299092 stargan
AUC:0.952599 TPR_2:0.107692 TPR_3:0.000111 TPR_4:0.000000 pggan_v1
AUC:0.946542 TPR_2:0.075056 TPR_3:0.000111 TPR_4:0.000000 pggan_v2
AUC:0.990396 TPR_2:0.881215 TPR_3:0.687354 TPR_4:0.490433 Deepfakes
AUC:0.994749 TPR_2:0.934138 TPR_3:0.812420 TPR_4:0.654910 FaceSwap
AUC:0.992384 TPR_2:0.921050 TPR_3:0.789859 TPR_4:0.615500 Face2Face
AUC:0.949317 TPR_2:0.433527 TPR_3:0.316291 TPR_4:0.228882 Test
epoch:000 batch:006000 loss:0.43816 avgloss:0.12568
AUC:0.982449 TPR_2:0.869633 TPR_3:0.741125 TPR_4:0.574914 validset
AUC:0.979669 TPR_2:0.553222 TPR_3:0.094444 TPR_4:0.006889 stylegan_celeba
AUC:0.893895 TPR_2:0.027009 TPR_3:0.001111 TPR_4:0.000222 stylegan_ffhq
AUC:0.906744 TPR_2:0.048434 TPR_3:0.002444 TPR_4:0.000000 faceapp
AUC:0.980282 TPR_2:0.799936 TPR_3:0.578971 TPR_4:0.328344 stargan
AUC:0.974389 TPR_2:0.439911 TPR_3:0.051394 TPR_4:0.000780 pggan_v1
AUC:0.970742 TPR_2:0.388196 TPR_3:0.035857 TPR_4:0.000891 pggan_v2
AUC:0.988133 TPR_2:0.881759 TPR_3:0.731915 TPR_4:0.577996 Deepfakes
AUC:0.992773 TPR_2:0.928164 TPR_3:0.818520 TPR_4:0.661784 FaceSwap
AUC:0.989198 TPR_2:0.912864 TPR_3:0.788147 TPR_4:0.631800 Face2Face
AUC:0.963981 TPR_2:0.553277 TPR_3:0.344756 TPR_4:0.245412 Test
epoch:000 batch:009000 loss:0.08894 avgloss:0.12217
AUC:0.979283 TPR_2:0.859609 TPR_3:0.714504 TPR_4:0.555929 validset
AUC:0.956362 TPR_2:0.315667 TPR_3:0.038111 TPR_4:0.002778 stylegan_celeba
AUC:0.801091 TPR_2:0.005891 TPR_3:0.000111 TPR_4:0.000000 stylegan_ffhq
AUC:0.799400 TPR_2:0.003777 TPR_3:0.000000 TPR_4:0.000000 faceapp
AUC:0.971064 TPR_2:0.611737 TPR_3:0.278374 TPR_4:0.088988 stargan
AUC:0.948684 TPR_2:0.233779 TPR_3:0.018283 TPR_4:0.000111 pggan_v1
AUC:0.938495 TPR_2:0.170156 TPR_3:0.009465 TPR_4:0.000223 pggan_v2
AUC:0.986503 TPR_2:0.864391 TPR_3:0.722900 TPR_4:0.567643 Deepfakes
AUC:0.991938 TPR_2:0.893722 TPR_3:0.763978 TPR_4:0.629249 FaceSwap
AUC:0.985151 TPR_2:0.879972 TPR_3:0.751452 TPR_4:0.607444 Face2Face
AUC:0.930965 TPR_2:0.442121 TPR_3:0.286964 TPR_4:0.210715 Test
epoch:001 batch:012000 loss:0.04612 avgloss:0.12025
AUC:0.985710 TPR_2:0.897720 TPR_3:0.762639 TPR_4:0.605632 validset
AUC:0.975516 TPR_2:0.510556 TPR_3:0.077667 TPR_4:0.004000 stylegan_celeba
AUC:0.877545 TPR_2:0.020229 TPR_3:0.000667 TPR_4:0.000000 stylegan_ffhq
AUC:0.883630 TPR_2:0.020884 TPR_3:0.000667 TPR_4:0.000000 faceapp
AUC:0.989997 TPR_2:0.861133 TPR_3:0.678319 TPR_4:0.503537 stargan
AUC:0.968237 TPR_2:0.389075 TPR_3:0.042475 TPR_4:0.001784 pggan_v1
AUC:0.962862 TPR_2:0.338085 TPR_3:0.031514 TPR_4:0.002339 pggan_v2
AUC:0.995534 TPR_2:0.942556 TPR_3:0.839522 TPR_4:0.714796 Deepfakes
AUC:0.989465 TPR_2:0.866675 TPR_3:0.676594 TPR_4:0.505138 FaceSwap
AUC:0.992256 TPR_2:0.931182 TPR_3:0.831461 TPR_4:0.684579 Face2Face
AUC:0.959449 TPR_2:0.542264 TPR_3:0.353209 TPR_4:0.268464 Test
epoch:001 batch:015000 loss:0.10218 avgloss:0.11813
AUC:0.984199 TPR_2:0.904637 TPR_3:0.787624 TPR_4:0.605583 validset
AUC:0.983347 TPR_2:0.588000 TPR_3:0.096000 TPR_4:0.004000 stylegan_celeba
AUC:0.921957 TPR_2:0.027898 TPR_3:0.000667 TPR_4:0.000000 stylegan_ffhq
AUC:0.922678 TPR_2:0.043546 TPR_3:0.000444 TPR_4:0.000000 faceapp
AUC:0.993075 TPR_2:0.895176 TPR_3:0.738238 TPR_4:0.527358 stargan
AUC:0.983654 TPR_2:0.557414 TPR_3:0.087848 TPR_4:0.003679 pggan_v1
AUC:0.979884 TPR_2:0.487082 TPR_3:0.047550 TPR_4:0.000334 pggan_v2
AUC:0.992057 TPR_2:0.916658 TPR_3:0.803609 TPR_4:0.639366 Deepfakes
AUC:0.994078 TPR_2:0.926580 TPR_3:0.816073 TPR_4:0.654730 FaceSwap
AUC:0.992546 TPR_2:0.943332 TPR_3:0.869375 TPR_4:0.739142 Face2Face
AUC:0.973697 TPR_2:0.598410 TPR_3:0.384423 TPR_4:0.285401 Test
epoch:001 batch:018000 loss:0.03922 avgloss:0.11621
AUC:0.984758 TPR_2:0.891511 TPR_3:0.791775 TPR_4:0.629840 validset
AUC:0.980491 TPR_2:0.540889 TPR_3:0.151444 TPR_4:0.011111 stylegan_celeba
AUC:0.904243 TPR_2:0.021340 TPR_3:0.000778 TPR_4:0.000000 stylegan_ffhq
AUC:0.910649 TPR_2:0.036659 TPR_3:0.001555 TPR_4:0.000000 faceapp
AUC:0.992692 TPR_2:0.886095 TPR_3:0.712317 TPR_4:0.436179 stargan
AUC:0.980368 TPR_2:0.504571 TPR_3:0.108250 TPR_4:0.004125 pggan_v1
AUC:0.974953 TPR_2:0.397216 TPR_3:0.060356 TPR_4:0.002227 pggan_v2
AUC:0.992739 TPR_2:0.921864 TPR_3:0.808947 TPR_4:0.619233 Deepfakes
AUC:0.995562 TPR_2:0.944377 TPR_3:0.823397 TPR_4:0.597380 FaceSwap
AUC:0.993495 TPR_2:0.956802 TPR_3:0.891105 TPR_4:0.755022 Face2Face
AUC:0.969466 TPR_2:0.578868 TPR_3:0.395350 TPR_4:0.269475 Test
epoch:002 batch:021000 loss:0.01859 avgloss:0.11464
AUC:0.990837 TPR_2:0.922161 TPR_3:0.823114 TPR_4:0.623117 validset
AUC:0.988977 TPR_2:0.723333 TPR_3:0.234556 TPR_4:0.005333 stylegan_celeba
AUC:0.929715 TPR_2:0.055241 TPR_3:0.002445 TPR_4:0.000000 stylegan_ffhq
AUC:0.933076 TPR_2:0.063319 TPR_3:0.002222 TPR_4:0.000000 faceapp
AUC:0.993086 TPR_2:0.900151 TPR_3:0.669146 TPR_4:0.230639 stargan
AUC:0.986427 TPR_2:0.638573 TPR_3:0.151616 TPR_4:0.002453 pggan_v1
AUC:0.982693 TPR_2:0.563140 TPR_3:0.101336 TPR_4:0.000557 pggan_v2
AUC:0.994630 TPR_2:0.949704 TPR_3:0.861244 TPR_4:0.676089 Deepfakes
AUC:0.994696 TPR_2:0.948534 TPR_3:0.857444 TPR_4:0.652912 FaceSwap
AUC:0.993159 TPR_2:0.952375 TPR_3:0.889058 TPR_4:0.744281 Face2Face
AUC:0.977384 TPR_2:0.643819 TPR_3:0.418785 TPR_4:0.256918 Test
epoch:002 batch:024000 loss:0.40177 avgloss:0.11310
AUC:0.987670 TPR_2:0.915288 TPR_3:0.813148 TPR_4:0.696810 validset
AUC:0.982826 TPR_2:0.658000 TPR_3:0.293111 TPR_4:0.084444 stylegan_celeba
AUC:0.916379 TPR_2:0.052907 TPR_3:0.004668 TPR_4:0.000667 stylegan_ffhq
AUC:0.912750 TPR_2:0.054432 TPR_3:0.004443 TPR_4:0.000000 faceapp
AUC:0.985456 TPR_2:0.809474 TPR_3:0.605485 TPR_4:0.392872 stargan
AUC:0.984340 TPR_2:0.616165 TPR_3:0.230100 TPR_4:0.054181 pggan_v1
AUC:0.978156 TPR_2:0.507350 TPR_3:0.144878 TPR_4:0.027394 pggan_v2
AUC:0.993902 TPR_2:0.941983 TPR_3:0.859111 TPR_4:0.744003 Deepfakes
AUC:0.991660 TPR_2:0.905814 TPR_3:0.772867 TPR_4:0.616671 FaceSwap
AUC:0.993504 TPR_2:0.967660 TPR_3:0.920862 TPR_4:0.845251 Face2Face
AUC:0.970997 TPR_2:0.612643 TPR_3:0.426170 TPR_4:0.307276 Test
epoch:002 batch:027000 loss:0.06482 avgloss:0.11162
AUC:0.987518 TPR_2:0.914356 TPR_3:0.811051 TPR_4:0.651209 validset
AUC:0.974134 TPR_2:0.491333 TPR_3:0.102444 TPR_4:0.009444 stylegan_celeba
AUC:0.891321 TPR_2:0.014783 TPR_3:0.000111 TPR_4:0.000000 stylegan_ffhq
AUC:0.884412 TPR_2:0.015552 TPR_3:0.000222 TPR_4:0.000000 faceapp
AUC:0.989925 TPR_2:0.849131 TPR_3:0.602838 TPR_4:0.347191 stargan
AUC:0.979000 TPR_2:0.476589 TPR_3:0.069342 TPR_4:0.004459 pggan_v1
AUC:0.968665 TPR_2:0.342205 TPR_3:0.029176 TPR_4:0.000780 pggan_v2
AUC:0.992727 TPR_2:0.924820 TPR_3:0.805756 TPR_4:0.629072 Deepfakes
AUC:0.994981 TPR_2:0.950424 TPR_3:0.868780 TPR_4:0.748502 FaceSwap
AUC:0.994293 TPR_2:0.954102 TPR_3:0.888565 TPR_4:0.774691 Face2Face
AUC:0.963273 TPR_2:0.557660 TPR_3:0.374137 TPR_4:0.279349 Test
epoch:002 batch:030000 loss:0.02449 avgloss:0.11045
AUC:0.990631 TPR_2:0.928423 TPR_3:0.844167 TPR_4:0.750479 validset
AUC:0.993401 TPR_2:0.827778 TPR_3:0.392556 TPR_4:0.077444 stylegan_celeba
AUC:0.949585 TPR_2:0.102367 TPR_3:0.006113 TPR_4:0.000111 stylegan_ffhq
AUC:0.947112 TPR_2:0.097534 TPR_3:0.003555 TPR_4:0.000000 faceapp
AUC:0.992794 TPR_2:0.884361 TPR_3:0.669466 TPR_4:0.400173 stargan
AUC:0.993979 TPR_2:0.821851 TPR_3:0.335229 TPR_4:0.046488 pggan_v1
AUC:0.990732 TPR_2:0.738864 TPR_3:0.229733 TPR_4:0.019154 pggan_v2
AUC:0.995513 TPR_2:0.950807 TPR_3:0.878656 TPR_4:0.754592 Deepfakes
AUC:0.994478 TPR_2:0.945925 TPR_3:0.868834 TPR_4:0.734610 FaceSwap

Model:xception BatchSize:16 lr:0.000200

Model:xception BatchSize:16 lr:0.000200

Model:xception BatchSize:16 lr:0.000200

Model:xception BatchSize:16 lr:0.000200

Model:xception BatchSize:16 lr:0.000200

Model:xception BatchSize:16 lr:0.000200

Model:xception BatchSize:16 lr:0.000200

Model:xception BatchSize:16 lr:0.000200

Model:xception BatchSize:16 lr:0.000200
epoch:000 batch:003000 loss:0.21460 avgloss:0.08512
AUC:0.985821 TPR_2:0.916356 TPR_3:0.822770 TPR_4:0.686228 validset
AUC:0.986783 TPR_2:0.672111 TPR_3:0.163556 TPR_4:0.029000 stylegan_celeba
AUC:0.917420 TPR_2:0.032455 TPR_3:0.001111 TPR_4:0.000111 stylegan_ffhq
AUC:0.886743 TPR_2:0.018663 TPR_3:0.000667 TPR_4:0.000000 faceapp
AUC:0.996521 TPR_2:0.945968 TPR_3:0.648610 TPR_4:0.245197 stargan
AUC:0.984985 TPR_2:0.608361 TPR_3:0.123634 TPR_4:0.023969 pggan_v1
AUC:0.977372 TPR_2:0.473831 TPR_3:0.063474 TPR_4:0.008129 pggan_v2
AUC:0.992815 TPR_2:0.920717 TPR_3:0.800109 TPR_4:0.635352 Deepfakes
AUC:0.996261 TPR_2:0.957892 TPR_3:0.868169 TPR_4:0.740332 FaceSwap
AUC:0.992271 TPR_2:0.954988 TPR_3:0.864455 TPR_4:0.732770 Face2Face
AUC:0.970130 TPR_2:0.620554 TPR_3:0.392643 TPR_4:0.268318 Test
epoch:000 batch:006000 loss:0.06500 avgloss:0.08549
AUC:0.985961 TPR_2:0.918540 TPR_3:0.829954 TPR_4:0.681194 validset
AUC:0.977011 TPR_2:0.464333 TPR_3:0.020556 TPR_4:0.000111 stylegan_celeba
AUC:0.877969 TPR_2:0.005669 TPR_3:0.000111 TPR_4:0.000000 stylegan_ffhq
AUC:0.833435 TPR_2:0.003333 TPR_3:0.000000 TPR_4:0.000000 faceapp
AUC:0.992676 TPR_2:0.868845 TPR_3:0.609227 TPR_4:0.242002 stargan
AUC:0.978580 TPR_2:0.445373 TPR_3:0.018172 TPR_4:0.000111 pggan_v1
AUC:0.969235 TPR_2:0.272272 TPR_3:0.005234 TPR_4:0.000000 pggan_v2
AUC:0.995098 TPR_2:0.949174 TPR_3:0.861817 TPR_4:0.692031 Deepfakes
AUC:0.995262 TPR_2:0.936334 TPR_3:0.824801 TPR_4:0.677512 FaceSwap
AUC:0.993692 TPR_2:0.959792 TPR_3:0.897376 TPR_4:0.766794 Face2Face
AUC:0.956995 TPR_2:0.545014 TPR_3:0.359699 TPR_4:0.264285 Test
epoch:000 batch:009000 loss:0.18888 avgloss:0.08504
AUC:0.989651 TPR_2:0.937321 TPR_3:0.870512 TPR_4:0.734795 validset
AUC:0.995295 TPR_2:0.891667 TPR_3:0.580333 TPR_4:0.266444 stylegan_celeba
AUC:0.943751 TPR_2:0.135045 TPR_3:0.009114 TPR_4:0.000778 stylegan_ffhq
AUC:0.897071 TPR_2:0.100866 TPR_3:0.007110 TPR_4:0.000444 faceapp
AUC:0.998772 TPR_2:0.976315 TPR_3:0.845252 TPR_4:0.529047 stargan
AUC:0.996054 TPR_2:0.896098 TPR_3:0.542475 TPR_4:0.207469 pggan_v1
AUC:0.991750 TPR_2:0.784855 TPR_3:0.349555 TPR_4:0.101225 pggan_v2
AUC:0.995595 TPR_2:0.948527 TPR_3:0.865656 TPR_4:0.719120 Deepfakes
AUC:0.997898 TPR_2:0.973853 TPR_3:0.929334 TPR_4:0.851613 FaceSwap
AUC:0.994247 TPR_2:0.972900 TPR_3:0.931501 TPR_4:0.831795 Face2Face
AUC:0.978937 TPR_2:0.742236 TPR_3:0.562259 TPR_4:0.389771 Test
epoch:001 batch:012000 loss:0.04673 avgloss:0.08466
AUC:0.990441 TPR_2:0.927210 TPR_3:0.834138 TPR_4:0.713601 validset
AUC:0.997368 TPR_2:0.940444 TPR_3:0.706778 TPR_4:0.359778 stylegan_celeba
AUC:0.976034 TPR_2:0.366344 TPR_3:0.033456 TPR_4:0.002445 stylegan_ffhq
AUC:0.958733 TPR_2:0.257276 TPR_3:0.019996 TPR_4:0.000667 faceapp
AUC:0.998611 TPR_2:0.979099 TPR_3:0.916488 TPR_4:0.730115 stargan
AUC:0.998245 TPR_2:0.965329 TPR_3:0.697324 TPR_4:0.311483 pggan_v1
AUC:0.996447 TPR_2:0.915256 TPR_3:0.527283 TPR_4:0.165702 pggan_v2
AUC:0.995944 TPR_2:0.950851 TPR_3:0.887892 TPR_4:0.791550 Deepfakes
AUC:0.990502 TPR_2:0.884472 TPR_3:0.759533 TPR_4:0.594789 FaceSwap
AUC:0.995048 TPR_2:0.964045 TPR_3:0.918176 TPR_4:0.832332 Face2Face
AUC:0.989659 TPR_2:0.802569 TPR_3:0.607436 TPR_4:0.420984 Test
epoch:001 batch:015000 loss:0.05529 avgloss:0.08336
AUC:0.988770 TPR_2:0.932137 TPR_3:0.842196 TPR_4:0.656961 validset
AUC:0.997682 TPR_2:0.951000 TPR_3:0.605889 TPR_4:0.157556 stylegan_celeba
AUC:0.972657 TPR_2:0.246082 TPR_3:0.012337 TPR_4:0.000333 stylegan_ffhq
AUC:0.958748 TPR_2:0.219951 TPR_3:0.008443 TPR_4:0.000222 faceapp
AUC:0.995675 TPR_2:0.946653 TPR_3:0.862410 TPR_4:0.669101 stargan
AUC:0.997915 TPR_2:0.963657 TPR_3:0.580825 TPR_4:0.144482 pggan_v1
AUC:0.996173 TPR_2:0.904009 TPR_3:0.419042 TPR_4:0.055457 pggan_v2
AUC:0.991840 TPR_2:0.929585 TPR_3:0.847934 TPR_4:0.712105 Deepfakes
AUC:0.993998 TPR_2:0.946483 TPR_3:0.865397 TPR_4:0.709435 FaceSwap
AUC:0.993365 TPR_2:0.959139 TPR_3:0.916522 TPR_4:0.827019 Face2Face
AUC:0.988673 TPR_2:0.785173 TPR_3:0.568756 TPR_4:0.363968 Test
epoch:001 batch:018000 loss:0.13712 avgloss:0.08253
AUC:0.989247 TPR_2:0.924045 TPR_3:0.834701 TPR_4:0.708728 validset
AUC:0.994997 TPR_2:0.844556 TPR_3:0.449111 TPR_4:0.138000 stylegan_celeba
AUC:0.958665 TPR_2:0.077026 TPR_3:0.005335 TPR_4:0.000556 stylegan_ffhq
AUC:0.932881 TPR_2:0.055988 TPR_3:0.003110 TPR_4:0.000222 faceapp
AUC:0.998070 TPR_2:0.969059 TPR_3:0.826085 TPR_4:0.400219 stargan
AUC:0.994759 TPR_2:0.824861 TPR_3:0.390524 TPR_4:0.105574 pggan_v1
AUC:0.991805 TPR_2:0.721158 TPR_3:0.261247 TPR_4:0.049889 pggan_v2
AUC:0.995589 TPR_2:0.968852 TPR_3:0.918173 TPR_4:0.791844 Deepfakes
AUC:0.994309 TPR_2:0.936496 TPR_3:0.830451 TPR_4:0.684530 FaceSwap
AUC:0.992418 TPR_2:0.932750 TPR_3:0.839110 TPR_4:0.691154 Face2Face
AUC:0.983722 TPR_2:0.703416 TPR_3:0.502572 TPR_4:0.317999 Test
epoch:002 batch:021000 loss:0.19436 avgloss:0.08168
AUC:0.990697 TPR_2:0.940200 TPR_3:0.871871 TPR_4:0.768202 validset
AUC:0.995125 TPR_2:0.883000 TPR_3:0.528000 TPR_4:0.212000 stylegan_celeba
AUC:0.938219 TPR_2:0.084806 TPR_3:0.004668 TPR_4:0.000222 stylegan_ffhq
AUC:0.910529 TPR_2:0.103755 TPR_3:0.007110 TPR_4:0.000667 faceapp
AUC:0.998922 TPR_2:0.978415 TPR_3:0.900379 TPR_4:0.721672 stargan
AUC:0.996157 TPR_2:0.909142 TPR_3:0.500780 TPR_4:0.160870 pggan_v1
AUC:0.992819 TPR_2:0.810022 TPR_3:0.324944 TPR_4:0.073274 pggan_v2
AUC:0.996072 TPR_2:0.965734 TPR_3:0.912614 TPR_4:0.815448 Deepfakes
AUC:0.994760 TPR_2:0.962840 TPR_3:0.903367 TPR_4:0.777276 FaceSwap
AUC:0.995240 TPR_2:0.971796 TPR_3:0.940066 TPR_4:0.866429 Face2Face
AUC:0.979760 TPR_2:0.741057 TPR_3:0.557992 TPR_4:0.403095 Test
epoch:002 batch:024000 loss:0.30854 avgloss:0.08136
AUC:0.991288 TPR_2:0.946345 TPR_3:0.889133 TPR_4:0.777013 validset
AUC:0.999086 TPR_2:0.980111 TPR_3:0.867333 TPR_4:0.585444 stylegan_celeba
AUC:0.982345 TPR_2:0.500389 TPR_3:0.113593 TPR_4:0.015561 stylegan_ffhq
AUC:0.966419 TPR_2:0.420351 TPR_3:0.087980 TPR_4:0.009109 faceapp
AUC:0.996529 TPR_2:0.944873 TPR_3:0.828549 TPR_4:0.397070 stargan
AUC:0.999109 TPR_2:0.982609 TPR_3:0.860312 TPR_4:0.573467 pggan_v1
AUC:0.998291 TPR_2:0.959911 TPR_3:0.745880 TPR_4:0.389978 pggan_v2
AUC:0.996413 TPR_2:0.961631 TPR_3:0.900496 TPR_4:0.702105 Deepfakes
AUC:0.995494 TPR_2:0.954977 TPR_3:0.888539 TPR_4:0.694589 FaceSwap
AUC:0.993960 TPR_2:0.951997 TPR_3:0.894777 TPR_4:0.712289 Face2Face
AUC:0.991961 TPR_2:0.850761 TPR_3:0.687496 TPR_4:0.453290 Test
epoch:002 batch:027000 loss:0.02919 avgloss:0.08047
AUC:0.989337 TPR_2:0.939782 TPR_3:0.858920 TPR_4:0.792518 validset
AUC:0.996466 TPR_2:0.930222 TPR_3:0.314222 TPR_4:0.053111 stylegan_celeba
AUC:0.963232 TPR_2:0.183839 TPR_3:0.001556 TPR_4:0.000000 stylegan_ffhq
AUC:0.944802 TPR_2:0.176850 TPR_3:0.001333 TPR_4:0.000000 faceapp
AUC:0.999233 TPR_2:0.986538 TPR_3:0.904577 TPR_4:0.770182 stargan
AUC:0.996442 TPR_2:0.929431 TPR_3:0.261538 TPR_4:0.031550 pggan_v1
AUC:0.994588 TPR_2:0.861136 TPR_3:0.116815 TPR_4:0.006682 pggan_v2
AUC:0.995668 TPR_2:0.959086 TPR_3:0.868009 TPR_4:0.759136 Deepfakes
AUC:0.996819 TPR_2:0.969085 TPR_3:0.902269 TPR_4:0.823127 FaceSwap
AUC:0.992331 TPR_2:0.951330 TPR_3:0.857879 TPR_4:0.753382 Face2Face
AUC:0.986620 TPR_2:0.771946 TPR_3:0.469800 TPR_4:0.355241 Test
epoch:002 batch:030000 loss:0.03772 avgloss:0.07975
AUC:0.988681 TPR_2:0.929710 TPR_3:0.859939 TPR_4:0.764052 validset
AUC:0.980779 TPR_2:0.625556 TPR_3:0.229000 TPR_4:0.030444 stylegan_celeba
AUC:0.890493 TPR_2:0.035234 TPR_3:0.002001 TPR_4:0.000222 stylegan_ffhq
AUC:0.877218 TPR_2:0.049545 TPR_3:0.001777 TPR_4:0.000000 faceapp
AUC:0.999212 TPR_2:0.986492 TPR_3:0.897002 TPR_4:0.581618 stargan
AUC:0.984541 TPR_2:0.619732 TPR_3:0.200111 TPR_4:0.030881 pggan_v1
AUC:0.962186 TPR_2:0.411470 TPR_3:0.098664 TPR_4:0.006793 pggan_v2
AUC:0.997140 TPR_2:0.964234 TPR_3:0.903510 TPR_4:0.788447 Deepfakes
AUC:0.995115 TPR_2:0.941102 TPR_3:0.855410 TPR_4:0.719206 FaceSwap
AUC:0.992967 TPR_2:0.940341 TPR_3:0.880494 TPR_4:0.770264 Face2Face
AUC:0.964406 TPR_2:0.619301 TPR_3:0.451997 TPR_4:0.325319 Test
epoch:003 batch:033000 loss:0.04334 avgloss:0.07914
AUC:0.985288 TPR_2:0.936384 TPR_3:0.858716 TPR_4:0.730188 validset
AUC:0.997419 TPR_2:0.941556 TPR_3:0.717000 TPR_4:0.390111 stylegan_celeba
AUC:0.971656 TPR_2:0.360565 TPR_3:0.057130 TPR_4:0.004668 stylegan_ffhq
AUC:0.945606 TPR_2:0.227283 TPR_3:0.025328 TPR_4:0.002222 faceapp
AUC:0.996638 TPR_2:0.948159 TPR_3:0.805869 TPR_4:0.581983 stargan
AUC:0.997476 TPR_2:0.939353 TPR_3:0.680491 TPR_4:0.321628 pggan_v1
AUC:0.995606 TPR_2:0.880067 TPR_3:0.532628 TPR_4:0.207795 pggan_v2
AUC:0.992919 TPR_2:0.940865 TPR_3:0.859744 TPR_4:0.754519 Deepfakes
AUC:0.995542 TPR_2:0.963218 TPR_3:0.912094 TPR_4:0.849616 FaceSwap
AUC:0.993864 TPR_2:0.963000 TPR_3:0.908044 TPR_4:0.832579 Face2Face
AUC:0.987414 TPR_2:0.796007 TPR_3:0.610925 TPR_4:0.438347 Test
epoch:003 batch:036000 loss:0.21340 avgloss:0.07866
AUC:0.987798 TPR_2:0.942112 TPR_3:0.888856 TPR_4:0.787280 validset
AUC:0.995552 TPR_2:0.911667 TPR_3:0.673222 TPR_4:0.386889 stylegan_celeba
AUC:0.938958 TPR_2:0.174280 TPR_3:0.018339 TPR_4:0.001556 stylegan_ffhq
AUC:0.908377 TPR_2:0.217507 TPR_3:0.026439 TPR_4:0.003110 faceapp
AUC:0.999761 TPR_2:0.995847 TPR_3:0.969653 TPR_4:0.890111 stargan
AUC:0.996119 TPR_2:0.915496 TPR_3:0.669454 TPR_4:0.392196 pggan_v1
AUC:0.992897 TPR_2:0.844878 TPR_3:0.490312 TPR_4:0.209688 pggan_v2
AUC:0.997078 TPR_2:0.968837 TPR_3:0.915217 TPR_4:0.837434 Deepfakes
AUC:0.996558 TPR_2:0.970938 TPR_3:0.926346 TPR_4:0.870832 FaceSwap
AUC:0.996626 TPR_2:0.974438 TPR_3:0.930253 TPR_4:0.864846 Face2Face
AUC:0.980214 TPR_2:0.774876 TPR_3:0.624359 TPR_4:0.495185 Test
epoch:003 batch:039000 loss:0.04080 avgloss:0.07819
AUC:0.991180 TPR_2:0.943011 TPR_3:0.871740 TPR_4:0.780620 validset
AUC:0.996746 TPR_2:0.924444 TPR_3:0.554222 TPR_4:0.203556 stylegan_celeba
AUC:0.975137 TPR_2:0.304768 TPR_3:0.008670 TPR_4:0.000333 stylegan_ffhq
AUC:0.957448 TPR_2:0.239058 TPR_3:0.011553 TPR_4:0.001111 faceapp
AUC:0.997108 TPR_2:0.954958 TPR_3:0.723908 TPR_4:0.225619 stargan
AUC:0.997849 TPR_2:0.964548 TPR_3:0.539688 TPR_4:0.171683 pggan_v1
AUC:0.995888 TPR_2:0.899666 TPR_3:0.363363 TPR_4:0.072494 pggan_v2
AUC:0.996759 TPR_2:0.969072 TPR_3:0.916129 TPR_4:0.822375 Deepfakes
AUC:0.994734 TPR_2:0.945979 TPR_3:0.847510 TPR_4:0.718234 FaceSwap
AUC:0.995123 TPR_2:0.974438 TPR_3:0.939645 TPR_4:0.876096 Face2Face
AUC:0.989644 TPR_2:0.797437 TPR_3:0.544965 TPR_4:0.343500 Test
epoch:004 batch:042000 loss:0.13898 avgloss:0.07756
AUC:0.991347 TPR_2:0.941792 TPR_3:0.872910 TPR_4:0.748509 validset
AUC:0.995253 TPR_2:0.891000 TPR_3:0.478000 TPR_4:0.081000 stylegan_celeba
AUC:0.961543 TPR_2:0.195510 TPR_3:0.006335 TPR_4:0.000111 stylegan_ffhq
AUC:0.942767 TPR_2:0.144857 TPR_3:0.003999 TPR_4:0.000000 faceapp
AUC:0.998716 TPR_2:0.982202 TPR_3:0.919089 TPR_4:0.665085 stargan
AUC:0.996095 TPR_2:0.909142 TPR_3:0.432441 TPR_4:0.055518 pggan_v1
AUC:0.993625 TPR_2:0.823051 TPR_3:0.283742 TPR_4:0.018040 pggan_v2
AUC:0.995610 TPR_2:0.962101 TPR_3:0.891789 TPR_4:0.746356 Deepfakes
AUC:0.996468 TPR_2:0.971604 TPR_3:0.917511 TPR_4:0.809379 FaceSwap
AUC:0.993992 TPR_2:0.965366 TPR_3:0.905896 TPR_4:0.762396 Face2Face
AUC:0.986008 TPR_2:0.760537 TPR_3:0.537645 TPR_4:0.348654 Test
epoch:004 batch:045000 loss:0.14650 avgloss:0.07693
AUC:0.986355 TPR_2:0.939443 TPR_3:0.861517 TPR_4:0.740834 validset
AUC:0.996814 TPR_2:0.919000 TPR_3:0.648667 TPR_4:0.250556 stylegan_celeba
AUC:0.968535 TPR_2:0.276203 TPR_3:0.022563 TPR_4:0.000889 stylegan_ffhq
AUC:0.946865 TPR_2:0.187514 TPR_3:0.016441 TPR_4:0.001555 faceapp
AUC:0.986901 TPR_2:0.810615 TPR_3:0.469995 TPR_4:0.121526 stargan
AUC:0.997889 TPR_2:0.951505 TPR_3:0.687291 TPR_4:0.226087 pggan_v1
AUC:0.995352 TPR_2:0.875167 TPR_3:0.509577 TPR_4:0.125612 pggan_v2
AUC:0.994059 TPR_2:0.941512 TPR_3:0.855141 TPR_4:0.721811 Deepfakes
AUC:0.997114 TPR_2:0.974411 TPR_3:0.925681 TPR_4:0.809919 FaceSwap
AUC:0.993471 TPR_2:0.966992 TPR_3:0.928787 TPR_4:0.852058 Face2Face
AUC:0.986333 TPR_2:0.766991 TPR_3:0.562682 TPR_4:0.345557 Test
epoch:004 batch:048000 loss:0.16536 avgloss:0.07667
AUC:0.991001 TPR_2:0.947243 TPR_3:0.888021 TPR_4:0.816241 validset
AUC:0.996707 TPR_2:0.917222 TPR_3:0.613667 TPR_4:0.130889 stylegan_celeba
AUC:0.967869 TPR_2:0.290764 TPR_3:0.028009 TPR_4:0.000222 stylegan_ffhq
AUC:0.942443 TPR_2:0.217729 TPR_3:0.016219 TPR_4:0.000000 faceapp
AUC:0.999656 TPR_2:0.995208 TPR_3:0.958700 TPR_4:0.745722 stargan
AUC:0.996850 TPR_2:0.917837 TPR_3:0.586065 TPR_4:0.088294 pggan_v1
AUC:0.994615 TPR_2:0.847661 TPR_3:0.420156 TPR_4:0.034187 pggan_v2
AUC:0.996507 TPR_2:0.966484 TPR_3:0.911511 TPR_4:0.794241 Deepfakes
AUC:0.996536 TPR_2:0.963362 TPR_3:0.895287 TPR_4:0.789153 FaceSwap
AUC:0.994142 TPR_2:0.969793 TPR_3:0.919163 TPR_4:0.794896 Face2Face
AUC:0.987259 TPR_2:0.787340 TPR_3:0.594309 TPR_4:0.375289 Test
epoch:004 batch:051000 loss:0.04344 avgloss:0.07621
AUC:0.991708 TPR_2:0.937171 TPR_3:0.873240 TPR_4:0.771731 validset
AUC:0.998966 TPR_2:0.980889 TPR_3:0.839889 TPR_4:0.345333 stylegan_celeba
AUC:0.989093 TPR_2:0.672780 TPR_3:0.185173 TPR_4:0.006669 stylegan_ffhq
AUC:0.976659 TPR_2:0.564986 TPR_3:0.132415 TPR_4:0.003110 faceapp
AUC:0.999213 TPR_2:0.985306 TPR_3:0.938301 TPR_4:0.595719 stargan
AUC:0.999342 TPR_2:0.990412 TPR_3:0.873133 TPR_4:0.366332 pggan_v1
AUC:0.998330 TPR_2:0.964699 TPR_3:0.705457 TPR_4:0.181626 pggan_v2
AUC:0.994911 TPR_2:0.953248 TPR_3:0.906952 TPR_4:0.801079 Deepfakes
AUC:0.993522 TPR_2:0.925357 TPR_3:0.823523 TPR_4:0.666769 FaceSwap
AUC:0.996336 TPR_2:0.965294 TPR_3:0.929731 TPR_4:0.800732 Face2Face
AUC:0.994041 TPR_2:0.889219 TPR_3:0.703841 TPR_4:0.418597 Test
epoch:005 batch:054000 loss:0.04567 avgloss:0.07582
AUC:0.988331 TPR_2:0.947981 TPR_3:0.882778 TPR_4:0.738271 validset
AUC:0.998302 TPR_2:0.966222 TPR_3:0.767333 TPR_4:0.293667 stylegan_celeba
AUC:0.985777 TPR_2:0.570079 TPR_3:0.108147 TPR_4:0.002556 stylegan_ffhq
AUC:0.965990 TPR_2:0.357920 TPR_3:0.047989 TPR_4:0.000222 faceapp
AUC:0.997856 TPR_2:0.968284 TPR_3:0.854516 TPR_4:0.522749 stargan
AUC:0.998824 TPR_2:0.979376 TPR_3:0.791193 TPR_4:0.275362 pggan_v1
AUC:0.997449 TPR_2:0.940535 TPR_3:0.617706 TPR_4:0.147661 pggan_v2
AUC:0.994762 TPR_2:0.960895 TPR_3:0.898540 TPR_4:0.770828 Deepfakes
AUC:0.995876 TPR_2:0.967717 TPR_3:0.908459 TPR_4:0.770582 FaceSwap
AUC:0.993651 TPR_2:0.969198 TPR_3:0.928961 TPR_4:0.812228 Face2Face
AUC:0.992054 TPR_2:0.853358 TPR_3:0.658094 TPR_4:0.399540 Test
epoch:005 batch:057000 loss:0.03719 avgloss:0.07537
AUC:0.989596 TPR_2:0.930880 TPR_3:0.856376 TPR_4:0.752086 validset
AUC:0.995614 TPR_2:0.889000 TPR_3:0.557000 TPR_4:0.153333 stylegan_celeba
AUC:0.961123 TPR_2:0.193954 TPR_3:0.013894 TPR_4:0.000111 stylegan_ffhq
AUC:0.941519 TPR_2:0.152633 TPR_3:0.013553 TPR_4:0.000222 faceapp
AUC:0.999376 TPR_2:0.987861 TPR_3:0.938301 TPR_4:0.749190 stargan
AUC:0.996553 TPR_2:0.912932 TPR_3:0.587402 TPR_4:0.169454 pggan_v1
AUC:0.993725 TPR_2:0.820267 TPR_3:0.381292 TPR_4:0.061693 pggan_v2
AUC:0.995280 TPR_2:0.947101 TPR_3:0.869185 TPR_4:0.753239 Deepfakes
AUC:0.994276 TPR_2:0.944036 TPR_3:0.862482 TPR_4:0.744165 FaceSwap
AUC:0.994454 TPR_2:0.964060 TPR_3:0.914170 TPR_4:0.805710 Face2Face
AUC:0.985769 TPR_2:0.756871 TPR_3:0.570809 TPR_4:0.381902 Test
epoch:005 batch:060000 loss:0.03890 avgloss:0.07497
AUC:0.986398 TPR_2:0.930472 TPR_3:0.860026 TPR_4:0.734552 validset
AUC:0.955650 TPR_2:0.210222 TPR_3:0.010111 TPR_4:0.000111 stylegan_celeba
AUC:0.863769 TPR_2:0.004112 TPR_3:0.000000 TPR_4:0.000000 stylegan_ffhq
AUC:0.812814 TPR_2:0.002444 TPR_3:0.000000 TPR_4:0.000000 faceapp
AUC:0.998541 TPR_2:0.968055 TPR_3:0.835166 TPR_4:0.555196 stargan
AUC:0.969286 TPR_2:0.308027 TPR_3:0.014716 TPR_4:0.000223 pggan_v1
AUC:0.943729 TPR_2:0.109243 TPR_3:0.002116 TPR_4:0.000000 pggan_v2
AUC:0.997314 TPR_2:0.962351 TPR_3:0.895245 TPR_4:0.761254 Deepfakes
AUC:0.996386 TPR_2:0.944000 TPR_3:0.827698 TPR_4:0.635709 FaceSwap
AUC:0.995269 TPR_2:0.968676 TPR_3:0.924070 TPR_4:0.815407 Face2Face
AUC:0.948084 TPR_2:0.497459 TPR_3:0.389902 TPR_4:0.307544 Test
epoch:006 batch:063000 loss:0.04869 avgloss:0.07466
AUC:0.989901 TPR_2:0.942685 TPR_3:0.871594 TPR_4:0.773911 validset
AUC:0.994987 TPR_2:0.872778 TPR_3:0.403111 TPR_4:0.004333 stylegan_celeba
AUC:0.968513 TPR_2:0.238857 TPR_3:0.004891 TPR_4:0.000000 stylegan_ffhq
AUC:0.943425 TPR_2:0.174850 TPR_3:0.003999 TPR_4:0.000000 faceapp
AUC:0.999758 TPR_2:0.996304 TPR_3:0.966504 TPR_4:0.788664 stargan
AUC:0.995388 TPR_2:0.881605 TPR_3:0.420401 TPR_4:0.005128 pggan_v1
AUC:0.991807 TPR_2:0.771269 TPR_3:0.226949 TPR_4:0.001002 pggan_v2
AUC:0.997523 TPR_2:0.969999 TPR_3:0.915540 TPR_4:0.798271 Deepfakes
AUC:0.995217 TPR_2:0.941858 TPR_3:0.827230 TPR_4:0.653560 FaceSwap
AUC:0.994992 TPR_2:0.962463 TPR_3:0.895634 TPR_4:0.753193 Face2Face
AUC:0.986846 TPR_2:0.756665 TPR_3:0.518251 TPR_4:0.333795 Test
epoch:006 batch:066000 loss:0.21017 avgloss:0.07434
AUC:0.989724 TPR_2:0.944171 TPR_3:0.893584 TPR_4:0.809590 validset
AUC:0.980759 TPR_2:0.552889 TPR_3:0.106556 TPR_4:0.011222 stylegan_celeba
AUC:0.906084 TPR_2:0.020451 TPR_3:0.000222 TPR_4:0.000000 stylegan_ffhq
AUC:0.875306 TPR_2:0.017329 TPR_3:0.000444 TPR_4:0.000000 faceapp
AUC:0.999457 TPR_2:0.987770 TPR_3:0.941815 TPR_4:0.839182 stargan
AUC:0.979096 TPR_2:0.554627 TPR_3:0.142363 TPR_4:0.017949 pggan_v1
AUC:0.973339 TPR_2:0.441425 TPR_3:0.074053 TPR_4:0.006236 pggan_v2
AUC:0.997880 TPR_2:0.976955 TPR_3:0.924526 TPR_4:0.832110 Deepfakes
AUC:0.997034 TPR_2:0.969462 TPR_3:0.905130 TPR_4:0.787299 FaceSwap
AUC:0.994589 TPR_2:0.972508 TPR_3:0.936901 TPR_4:0.866850 Face2Face
AUC:0.967060 TPR_2:0.610380 TPR_3:0.448001 TPR_4:0.373428 Test
epoch:006 batch:069000 loss:0.06152 avgloss:0.07403
AUC:0.991974 TPR_2:0.950180 TPR_3:0.898244 TPR_4:0.826250 validset
AUC:0.998569 TPR_2:0.966778 TPR_3:0.755111 TPR_4:0.321556 stylegan_celeba
AUC:0.987945 TPR_2:0.548961 TPR_3:0.087362 TPR_4:0.002890 stylegan_ffhq
AUC:0.969324 TPR_2:0.376361 TPR_3:0.056654 TPR_4:0.003555 faceapp
AUC:0.999878 TPR_2:0.997946 TPR_3:0.979921 TPR_4:0.901291 stargan
AUC:0.998744 TPR_2:0.973356 TPR_3:0.770011 TPR_4:0.342252 pggan_v1
AUC:0.997537 TPR_2:0.933185 TPR_3:0.600000 TPR_4:0.181737 pggan_v2
AUC:0.996403 TPR_2:0.967087 TPR_3:0.916732 TPR_4:0.801609 Deepfakes
AUC:0.994965 TPR_2:0.958612 TPR_3:0.904051 TPR_4:0.805312 FaceSwap
AUC:0.996451 TPR_2:0.970766 TPR_3:0.942867 TPR_4:0.878114 Face2Face
AUC:0.993313 TPR_2:0.854783 TPR_3:0.668079 TPR_4:0.470924 Test
epoch:007 batch:072000 loss:0.03880 avgloss:0.07374
AUC:0.990477 TPR_2:0.948462 TPR_3:0.889332 TPR_4:0.773285 validset
AUC:0.997732 TPR_2:0.938222 TPR_3:0.727111 TPR_4:0.385667 stylegan_celeba
AUC:0.981385 TPR_2:0.462265 TPR_3:0.107591 TPR_4:0.014672 stylegan_ffhq
AUC:0.943757 TPR_2:0.252833 TPR_3:0.044435 TPR_4:0.006221 faceapp
AUC:0.999865 TPR_2:0.996486 TPR_3:0.978050 TPR_4:0.936476 stargan
AUC:0.998185 TPR_2:0.952954 TPR_3:0.759532 TPR_4:0.429097 pggan_v1
AUC:0.997399 TPR_2:0.924276 TPR_3:0.667929 TPR_4:0.318151 pggan_v2
AUC:0.996139 TPR_2:0.948807 TPR_3:0.865053 TPR_4:0.733474 Deepfakes
AUC:0.997652 TPR_2:0.976840 TPR_3:0.937413 TPR_4:0.849184 FaceSwap
AUC:0.995562 TPR_2:0.976485 TPR_3:0.942983 TPR_4:0.867096 Face2Face
AUC:0.989742 TPR_2:0.825463 TPR_3:0.670011 TPR_4:0.504449 Test
epoch:007 batch:075000 loss:0.03643 avgloss:0.07352
AUC:0.987431 TPR_2:0.949763 TPR_3:0.904948 TPR_4:0.830182 validset
AUC:0.998178 TPR_2:0.954111 TPR_3:0.794111 TPR_4:0.499889 stylegan_celeba
AUC:0.986376 TPR_2:0.602312 TPR_3:0.189619 TPR_4:0.026676 stylegan_ffhq
AUC:0.964320 TPR_2:0.373695 TPR_3:0.092868 TPR_4:0.010664 faceapp
AUC:0.999695 TPR_2:0.993337 TPR_3:0.961119 TPR_4:0.882262 stargan
AUC:0.998975 TPR_2:0.975139 TPR_3:0.852731 TPR_4:0.592085 pggan_v1
AUC:0.996911 TPR_2:0.907684 TPR_3:0.680846 TPR_4:0.386414 pggan_v2
AUC:0.994116 TPR_2:0.941630 TPR_3:0.877509 TPR_4:0.763313 Deepfakes
AUC:0.996584 TPR_2:0.965234 TPR_3:0.925195 TPR_4:0.853539 FaceSwap
AUC:0.996951 TPR_2:0.972929 TPR_3:0.948165 TPR_4:0.886242 Face2Face
AUC:0.992456 TPR_2:0.854008 TPR_3:0.702463 TPR_4:0.544565 Test
epoch:007 batch:078000 loss:0.03986 avgloss:0.07318
AUC:0.989318 TPR_2:0.948209 TPR_3:0.894201 TPR_4:0.721776 validset
AUC:0.991872 TPR_2:0.813444 TPR_3:0.402000 TPR_4:0.114000 stylegan_celeba
AUC:0.963039 TPR_2:0.207514 TPR_3:0.007558 TPR_4:0.000445 stylegan_ffhq
AUC:0.927537 TPR_2:0.099089 TPR_3:0.004443 TPR_4:0.000000 faceapp
AUC:0.999670 TPR_2:0.994615 TPR_3:0.962032 TPR_4:0.737371 stargan
AUC:0.993691 TPR_2:0.838685 TPR_3:0.449610 TPR_4:0.152397 pggan_v1
AUC:0.990094 TPR_2:0.738419 TPR_3:0.275390 TPR_4:0.062249 pggan_v2
AUC:0.996208 TPR_2:0.958983 TPR_3:0.893436 TPR_4:0.728782 Deepfakes
AUC:0.996391 TPR_2:0.962300 TPR_3:0.903169 TPR_4:0.781235 FaceSwap
AUC:0.995631 TPR_2:0.976369 TPR_3:0.939470 TPR_4:0.807467 Face2Face
AUC:0.983793 TPR_2:0.732158 TPR_3:0.537457 TPR_4:0.375994 Test
epoch:007 batch:081000 loss:0.03828 avgloss:0.07292
AUC:0.992595 TPR_2:0.947413 TPR_3:0.899366 TPR_4:0.799852 validset
AUC:0.998551 TPR_2:0.960111 TPR_3:0.823222 TPR_4:0.553889 stylegan_celeba
AUC:0.985321 TPR_2:0.507503 TPR_3:0.137713 TPR_4:0.017784 stylegan_ffhq
AUC:0.969637 TPR_2:0.371695 TPR_3:0.101533 TPR_4:0.011775 faceapp
AUC:0.999694 TPR_2:0.994250 TPR_3:0.973714 TPR_4:0.910053 stargan
AUC:0.998649 TPR_2:0.958528 TPR_3:0.827648 TPR_4:0.577703 pggan_v1
AUC:0.997952 TPR_2:0.934744 TPR_3:0.729733 TPR_4:0.423051 pggan_v2
AUC:0.996162 TPR_2:0.953277 TPR_3:0.895407 TPR_4:0.792167 Deepfakes
AUC:0.995779 TPR_2:0.952259 TPR_3:0.894513 TPR_4:0.799914 FaceSwap
AUC:0.996588 TPR_2:0.967282 TPR_3:0.935479 TPR_4:0.871959 Face2Face
AUC:0.993148 TPR_2:0.844406 TPR_3:0.702107 TPR_4:0.550922 Test
epoch:008 batch:084000 loss:0.03257 avgloss:0.07265
AUC:0.990736 TPR_2:0.950661 TPR_3:0.899798 TPR_4:0.821605 validset
AUC:0.996009 TPR_2:0.906556 TPR_3:0.701333 TPR_4:0.474889 stylegan_celeba
AUC:0.971571 TPR_2:0.387129 TPR_3:0.075247 TPR_4:0.008558 stylegan_ffhq
AUC:0.947535 TPR_2:0.288380 TPR_3:0.059542 TPR_4:0.007776 faceapp
AUC:0.999102 TPR_2:0.982476 TPR_3:0.864418 TPR_4:0.587277 stargan
AUC:0.997959 TPR_2:0.947603 TPR_3:0.774247 TPR_4:0.539130 pggan_v1
AUC:0.995139 TPR_2:0.873608 TPR_3:0.590423 TPR_4:0.331292 pggan_v2
AUC:0.997315 TPR_2:0.970455 TPR_3:0.925644 TPR_4:0.832728 Deepfakes
AUC:0.996546 TPR_2:0.963650 TPR_3:0.912040 TPR_4:0.843048 FaceSwap
AUC:0.994766 TPR_2:0.972014 TPR_3:0.936292 TPR_4:0.873744 Face2Face
AUC:0.988438 TPR_2:0.810208 TPR_3:0.648799 TPR_4:0.499827 Test
epoch:008 batch:087000 loss:0.03797 avgloss:0.07234
AUC:0.989709 TPR_2:0.942656 TPR_3:0.868876 TPR_4:0.721130 validset
AUC:0.996631 TPR_2:0.910333 TPR_3:0.494444 TPR_4:0.094778 stylegan_celeba
AUC:0.968430 TPR_2:0.153829 TPR_3:0.006002 TPR_4:0.000111 stylegan_ffhq
AUC:0.948996 TPR_2:0.135081 TPR_3:0.005776 TPR_4:0.000222 faceapp
AUC:0.999482 TPR_2:0.993474 TPR_3:0.915530 TPR_4:0.669694 stargan
AUC:0.996172 TPR_2:0.899777 TPR_3:0.570457 TPR_4:0.125530 pggan_v1
AUC:0.995489 TPR_2:0.870824 TPR_3:0.368151 TPR_4:0.033296 pggan_v2
AUC:0.994226 TPR_2:0.953057 TPR_3:0.851096 TPR_4:0.621439 Deepfakes
AUC:0.996174 TPR_2:0.979324 TPR_3:0.934084 TPR_4:0.830793 FaceSwap
AUC:0.994309 TPR_2:0.972014 TPR_3:0.933809 TPR_4:0.831838 Face2Face
AUC:0.987768 TPR_2:0.763079 TPR_3:0.564372 TPR_4:0.356411 Test
epoch:008 batch:090000 loss:0.05064 avgloss:0.07209
AUC:0.993605 TPR_2:0.950355 TPR_3:0.906370 TPR_4:0.828221 validset
AUC:0.998912 TPR_2:0.970222 TPR_3:0.866667 TPR_4:0.634222 stylegan_celeba
AUC:0.992444 TPR_2:0.732466 TPR_3:0.329221 TPR_4:0.059798 stylegan_ffhq
AUC:0.978331 TPR_2:0.474117 TPR_3:0.161075 TPR_4:0.019329 faceapp
AUC:0.999769 TPR_2:0.994752 TPR_3:0.971934 TPR_4:0.887327 stargan
AUC:0.999419 TPR_2:0.984950 TPR_3:0.914493 TPR_4:0.689521 pggan_v1
AUC:0.998829 TPR_2:0.969376 TPR_3:0.831514 TPR_4:0.519154 pggan_v2
AUC:0.997520 TPR_2:0.967101 TPR_3:0.927467 TPR_4:0.848214 Deepfakes
AUC:0.997051 TPR_2:0.960447 TPR_3:0.905580 TPR_4:0.802577 FaceSwap
AUC:0.995865 TPR_2:0.968414 TPR_3:0.934100 TPR_4:0.859577 Face2Face
AUC:0.995349 TPR_2:0.891316 TPR_3:0.760228 TPR_4:0.591080 Test
epoch:009 batch:093000 loss:0.03633 avgloss:0.07187
AUC:0.991981 TPR_2:0.952947 TPR_3:0.906322 TPR_4:0.815158 validset
AUC:0.998489 TPR_2:0.964444 TPR_3:0.844000 TPR_4:0.472778 stylegan_celeba
AUC:0.988737 TPR_2:0.613093 TPR_3:0.181616 TPR_4:0.006669 stylegan_ffhq
AUC:0.973887 TPR_2:0.426128 TPR_3:0.131304 TPR_4:0.006665 faceapp
AUC:0.999344 TPR_2:0.986857 TPR_3:0.952950 TPR_4:0.840369 stargan
AUC:0.999325 TPR_2:0.983612 TPR_3:0.907581 TPR_4:0.562988 pggan_v1
AUC:0.998322 TPR_2:0.961024 TPR_3:0.794321 TPR_4:0.332405 pggan_v2
AUC:0.997557 TPR_2:0.968499 TPR_3:0.927232 TPR_4:0.832831 Deepfakes
AUC:0.997073 TPR_2:0.964928 TPR_3:0.922334 TPR_4:0.825808 FaceSwap
AUC:0.997090 TPR_2:0.973858 TPR_3:0.941822 TPR_4:0.859548 Face2Face
AUC:0.994425 TPR_2:0.871383 TPR_3:0.733684 TPR_4:0.526673 Test
epoch:009 batch:096000 loss:0.04160 avgloss:0.07157
AUC:0.991741 TPR_2:0.949273 TPR_3:0.897827 TPR_4:0.794561 validset
AUC:0.992438 TPR_2:0.783111 TPR_3:0.346000 TPR_4:0.088000 stylegan_celeba
AUC:0.963085 TPR_2:0.130377 TPR_3:0.007002 TPR_4:0.000111 stylegan_ffhq
AUC:0.944065 TPR_2:0.102422 TPR_3:0.003333 TPR_4:0.000000 faceapp
AUC:0.999434 TPR_2:0.989413 TPR_3:0.925706 TPR_4:0.749007 stargan
AUC:0.994045 TPR_2:0.831438 TPR_3:0.427090 TPR_4:0.135006 pggan_v1
AUC:0.987804 TPR_2:0.635301 TPR_3:0.214143 TPR_4:0.037082 pggan_v2
AUC:0.996469 TPR_2:0.965190 TPR_3:0.907011 TPR_4:0.812536 Deepfakes
AUC:0.997404 TPR_2:0.982329 TPR_3:0.952133 TPR_4:0.898760 FaceSwap
AUC:0.996199 TPR_2:0.971724 TPR_3:0.928453 TPR_4:0.850331 Face2Face
AUC:0.985660 TPR_2:0.710145 TPR_3:0.523430 TPR_4:0.396759 Test
epoch:009 batch:099000 loss:0.03511 avgloss:0.07130
AUC:0.993732 TPR_2:0.959287 TPR_3:0.921729 TPR_4:0.840250 validset
AUC:0.999174 TPR_2:0.984667 TPR_3:0.859889 TPR_4:0.578444 stylegan_celeba
AUC:0.989246 TPR_2:0.664999 TPR_3:0.125042 TPR_4:0.013115 stylegan_ffhq
AUC:0.971870 TPR_2:0.436570 TPR_3:0.064874 TPR_4:0.005999 faceapp
AUC:0.999772 TPR_2:0.996486 TPR_3:0.958928 TPR_4:0.842879 stargan
AUC:0.999211 TPR_2:0.986399 TPR_3:0.848049 TPR_4:0.555295 pggan_v1
AUC:0.998471 TPR_2:0.967261 TPR_3:0.725167 TPR_4:0.366370 pggan_v2
AUC:0.997170 TPR_2:0.961792 TPR_3:0.907878 TPR_4:0.827198 Deepfakes
AUC:0.997774 TPR_2:0.974447 TPR_3:0.921578 TPR_4:0.839845 FaceSwap
AUC:0.997085 TPR_2:0.969953 TPR_3:0.933476 TPR_4:0.882410 Face2Face
AUC:0.994419 TPR_2:0.882508 TPR_3:0.704987 TPR_4:0.545728 Test
epoch:009 batch:102000 loss:0.04432 avgloss:0.07102
AUC:0.988164 TPR_2:0.945297 TPR_3:0.893550 TPR_4:0.802556 validset
AUC:0.992959 TPR_2:0.836444 TPR_3:0.462667 TPR_4:0.109222 stylegan_celeba
AUC:0.935471 TPR_2:0.101367 TPR_3:0.003779 TPR_4:0.000111 stylegan_ffhq
AUC:0.902799 TPR_2:0.067318 TPR_3:0.003333 TPR_4:0.000000 faceapp
AUC:0.998439 TPR_2:0.969972 TPR_3:0.773833 TPR_4:0.214211 stargan
AUC:0.992946 TPR_2:0.826198 TPR_3:0.464883 TPR_4:0.126421 pggan_v1
AUC:0.987090 TPR_2:0.702004 TPR_3:0.273608 TPR_4:0.042539 pggan_v2
AUC:0.995126 TPR_2:0.950571 TPR_3:0.877818 TPR_4:0.758578 Deepfakes
AUC:0.997451 TPR_2:0.975563 TPR_3:0.935128 TPR_4:0.849184 FaceSwap
AUC:0.996671 TPR_2:0.970809 TPR_3:0.931008 TPR_4:0.848386 Face2Face
AUC:0.977661 TPR_2:0.711139 TPR_3:0.525117 TPR_4:0.327628 Test
epoch:010 batch:105000 loss:0.03788 avgloss:0.07073
AUC:0.991895 TPR_2:0.953078 TPR_3:0.905278 TPR_4:0.822323 validset
AUC:0.999380 TPR_2:0.990667 TPR_3:0.874778 TPR_4:0.514556 stylegan_celeba
AUC:0.992098 TPR_2:0.734022 TPR_3:0.128043 TPR_4:0.008336 stylegan_ffhq
AUC:0.984142 TPR_2:0.555876 TPR_3:0.105976 TPR_4:0.008887 faceapp
AUC:0.999418 TPR_2:0.990417 TPR_3:0.950669 TPR_4:0.820883 stargan
AUC:0.999435 TPR_2:0.992419 TPR_3:0.870123 TPR_4:0.530881 pggan_v1
AUC:0.998916 TPR_2:0.983073 TPR_3:0.771938 TPR_4:0.358463 pggan_v2
AUC:0.994306 TPR_2:0.947601 TPR_3:0.881024 TPR_4:0.760239 Deepfakes
AUC:0.995996 TPR_2:0.974375 TPR_3:0.938997 TPR_4:0.868349 FaceSwap
AUC:0.995681 TPR_2:0.971375 TPR_3:0.938571 TPR_4:0.861943 Face2Face
AUC:0.995486 TPR_2:0.904425 TPR_3:0.717791 TPR_4:0.525837 Test
epoch:010 batch:108000 loss:0.04009 avgloss:0.07053
AUC:0.989881 TPR_2:0.949690 TPR_3:0.900904 TPR_4:0.802663 validset
AUC:0.994884 TPR_2:0.846333 TPR_3:0.321000 TPR_4:0.113778 stylegan_celeba
AUC:0.974485 TPR_2:0.250306 TPR_3:0.005335 TPR_4:0.000222 stylegan_ffhq
AUC:0.950175 TPR_2:0.139969 TPR_3:0.003555 TPR_4:0.000222 faceapp
AUC:0.999439 TPR_2:0.993429 TPR_3:0.926391 TPR_4:0.424223 stargan
AUC:0.996105 TPR_2:0.897770 TPR_3:0.410925 TPR_4:0.159197 pggan_v1
AUC:0.992132 TPR_2:0.743987 TPR_3:0.218486 TPR_4:0.061247 pggan_v2
AUC:0.997412 TPR_2:0.969822 TPR_3:0.908996 TPR_4:0.732797 Deepfakes
AUC:0.996919 TPR_2:0.974087 TPR_3:0.940311 TPR_4:0.869788 FaceSwap
AUC:0.996128 TPR_2:0.976282 TPR_3:0.947294 TPR_4:0.828587 Face2Face
AUC:0.988631 TPR_2:0.754665 TPR_3:0.520255 TPR_4:0.354451 Test
epoch:010 batch:111000 loss:0.03304 avgloss:0.07032
AUC:0.987776 TPR_2:0.929831 TPR_3:0.866483 TPR_4:0.742591 validset
AUC:0.986450 TPR_2:0.633667 TPR_3:0.136556 TPR_4:0.014444 stylegan_celeba
AUC:0.938340 TPR_2:0.031788 TPR_3:0.000222 TPR_4:0.000000 stylegan_ffhq
AUC:0.909632 TPR_2:0.030438 TPR_3:0.000000 TPR_4:0.000000 faceapp
AUC:0.999325 TPR_2:0.987542 TPR_3:0.927440 TPR_4:0.557705 stargan
AUC:0.988886 TPR_2:0.724415 TPR_3:0.249164 TPR_4:0.044593 pggan_v1
AUC:0.984338 TPR_2:0.563808 TPR_3:0.110022 TPR_4:0.013586 pggan_v2
AUC:0.994565 TPR_2:0.941689 TPR_3:0.864979 TPR_4:0.729400 Deepfakes
AUC:0.995285 TPR_2:0.959097 TPR_3:0.901010 TPR_4:0.776250 FaceSwap
AUC:0.993550 TPR_2:0.950647 TPR_3:0.889116 TPR_4:0.770191 Face2Face
AUC:0.976708 TPR_2:0.647010 TPR_3:0.453168 TPR_4:0.322908 Test
epoch:011 batch:114000 loss:0.03598 avgloss:0.07005
AUC:0.994366 TPR_2:0.955476 TPR_3:0.908710 TPR_4:0.809192 validset
AUC:0.998704 TPR_2:0.970667 TPR_3:0.807222 TPR_4:0.417222 stylegan_celeba
AUC:0.986940 TPR_2:0.600200 TPR_3:0.133044 TPR_4:0.010226 stylegan_ffhq
AUC:0.971306 TPR_2:0.417907 TPR_3:0.093535 TPR_4:0.006665 faceapp
AUC:0.999766 TPR_2:0.995573 TPR_3:0.976954 TPR_4:0.910418 stargan
AUC:0.999147 TPR_2:0.981494 TPR_3:0.871795 TPR_4:0.529766 pggan_v1
AUC:0.998113 TPR_2:0.950780 TPR_3:0.742205 TPR_4:0.334410 pggan_v2
AUC:0.997958 TPR_2:0.971263 TPR_3:0.926511 TPR_4:0.826360 Deepfakes
AUC:0.997686 TPR_2:0.973565 TPR_3:0.924907 TPR_4:0.830469 FaceSwap
AUC:0.995523 TPR_2:0.970563 TPR_3:0.940037 TPR_4:0.875327 Face2Face
AUC:0.993905 TPR_2:0.870224 TPR_3:0.712912 TPR_4:0.526763 Test
epoch:011 batch:117000 loss:0.19536 avgloss:0.06981
AUC:0.989145 TPR_2:0.948646 TPR_3:0.898492 TPR_4:0.804309 validset
AUC:0.999269 TPR_2:0.988000 TPR_3:0.899000 TPR_4:0.578667 stylegan_celeba
AUC:0.993176 TPR_2:0.813493 TPR_3:0.308992 TPR_4:0.027454 stylegan_ffhq
AUC:0.985018 TPR_2:0.657632 TPR_3:0.187958 TPR_4:0.017107 faceapp
AUC:0.999471 TPR_2:0.988591 TPR_3:0.951171 TPR_4:0.869484 stargan
AUC:0.999597 TPR_2:0.994872 TPR_3:0.927313 TPR_4:0.641806 pggan_v1
AUC:0.999162 TPR_2:0.984633 TPR_3:0.868597 TPR_4:0.505011 pggan_v2
AUC:0.997114 TPR_2:0.961881 TPR_3:0.918129 TPR_4:0.828316 Deepfakes
AUC:0.994596 TPR_2:0.931151 TPR_3:0.849058 TPR_4:0.728707 FaceSwap
AUC:0.995455 TPR_2:0.962811 TPR_3:0.927147 TPR_4:0.856631 Face2Face
AUC:0.995873 TPR_2:0.920340 TPR_3:0.759707 TPR_4:0.561465 Test
epoch:011 batch:120000 loss:0.03730 avgloss:0.06962
AUC:0.991248 TPR_2:0.956103 TPR_3:0.909404 TPR_4:0.834299 validset
AUC:0.998658 TPR_2:0.978556 TPR_3:0.739222 TPR_4:0.332889 stylegan_celeba
AUC:0.987187 TPR_2:0.607314 TPR_3:0.045793 TPR_4:0.002112 stylegan_ffhq
AUC:0.974075 TPR_2:0.440347 TPR_3:0.028216 TPR_4:0.001777 faceapp
AUC:0.999911 TPR_2:0.998722 TPR_3:0.986583 TPR_4:0.954958 stargan
AUC:0.998636 TPR_2:0.976031 TPR_3:0.735340 TPR_4:0.392865 pggan_v1
AUC:0.998059 TPR_2:0.963140 TPR_3:0.630067 TPR_4:0.243318 pggan_v2
AUC:0.997215 TPR_2:0.964984 TPR_3:0.909952 TPR_4:0.817757 Deepfakes
AUC:0.997279 TPR_2:0.977632 TPR_3:0.943910 TPR_4:0.877904 FaceSwap
AUC:0.995346 TPR_2:0.970055 TPR_3:0.934347 TPR_4:0.869912 Face2Face
AUC:0.994041 TPR_2:0.875198 TPR_3:0.661492 TPR_4:0.499277 Test
epoch:011 batch:123000 loss:0.03657 avgloss:0.06941
AUC:0.991486 TPR_2:0.957573 TPR_3:0.918394 TPR_4:0.856992 validset
AUC:0.998886 TPR_2:0.973444 TPR_3:0.839667 TPR_4:0.579667 stylegan_celeba
AUC:0.982923 TPR_2:0.509281 TPR_3:0.113038 TPR_4:0.013227 stylegan_ffhq
AUC:0.970833 TPR_2:0.430127 TPR_3:0.096423 TPR_4:0.015330 faceapp
AUC:0.999799 TPR_2:0.996851 TPR_3:0.970292 TPR_4:0.892073 stargan
AUC:0.999084 TPR_2:0.978595 TPR_3:0.881159 TPR_4:0.640245 pggan_v1
AUC:0.998516 TPR_2:0.966592 TPR_3:0.784967 TPR_4:0.465033 pggan_v2
AUC:0.995679 TPR_2:0.960601 TPR_3:0.916070 TPR_4:0.843228 Deepfakes
AUC:0.995891 TPR_2:0.967609 TPR_3:0.921740 TPR_4:0.839017 FaceSwap
AUC:0.994552 TPR_2:0.976775 TPR_3:0.956729 TPR_4:0.919599 Face2Face
AUC:0.992907 TPR_2:0.862208 TPR_3:0.720009 TPR_4:0.578602 Test
epoch:012 batch:126000 loss:0.04098 avgloss:0.06921
AUC:0.991001 TPR_2:0.955462 TPR_3:0.911725 TPR_4:0.846143 validset
AUC:0.998603 TPR_2:0.968222 TPR_3:0.803222 TPR_4:0.516889 stylegan_celeba
AUC:0.989238 TPR_2:0.652329 TPR_3:0.184617 TPR_4:0.025008 stylegan_ffhq
AUC:0.976140 TPR_2:0.456787 TPR_3:0.105088 TPR_4:0.012220 faceapp
AUC:0.999826 TPR_2:0.997034 TPR_3:0.977274 TPR_4:0.918633 stargan
AUC:0.999070 TPR_2:0.980602 TPR_3:0.847715 TPR_4:0.581048 pggan_v1
AUC:0.997741 TPR_2:0.940869 TPR_3:0.706013 TPR_4:0.389755 pggan_v2
AUC:0.997593 TPR_2:0.975367 TPR_3:0.927644 TPR_4:0.828242 Deepfakes
AUC:0.994826 TPR_2:0.957622 TPR_3:0.902971 TPR_4:0.815659 FaceSwap
AUC:0.996863 TPR_2:0.978662 TPR_3:0.955220 TPR_4:0.893573 Face2Face
AUC:0.994433 TPR_2:0.878610 TPR_3:0.712196 TPR_4:0.553447 Test
epoch:012 batch:129000 loss:0.04108 avgloss:0.06903
AUC:0.989548 TPR_2:0.950569 TPR_3:0.906899 TPR_4:0.839036 validset
AUC:0.999166 TPR_2:0.989333 TPR_3:0.810444 TPR_4:0.491000 stylegan_celeba
AUC:0.992217 TPR_2:0.760142 TPR_3:0.119373 TPR_4:0.012449 stylegan_ffhq
AUC:0.980263 TPR_2:0.520107 TPR_3:0.055099 TPR_4:0.004221 faceapp
AUC:0.999533 TPR_2:0.991968 TPR_3:0.923926 TPR_4:0.796787 stargan
AUC:0.999245 TPR_2:0.991304 TPR_3:0.815050 TPR_4:0.470792 pggan_v1
AUC:0.998525 TPR_2:0.977394 TPR_3:0.679844 TPR_4:0.333073 pggan_v2
AUC:0.996491 TPR_2:0.955719 TPR_3:0.906378 TPR_4:0.851876 Deepfakes
AUC:0.997214 TPR_2:0.973187 TPR_3:0.943226 TPR_4:0.900596 FaceSwap
AUC:0.993644 TPR_2:0.973350 TPR_3:0.956773 TPR_4:0.932387 Face2Face
AUC:0.995144 TPR_2:0.903612 TPR_3:0.690013 TPR_4:0.532576 Test
epoch:012 batch:132000 loss:0.05190 avgloss:0.06885
AUC:0.989162 TPR_2:0.950156 TPR_3:0.906822 TPR_4:0.826090 validset
AUC:0.999436 TPR_2:0.990444 TPR_3:0.908556 TPR_4:0.597222 stylegan_celeba
AUC:0.990509 TPR_2:0.706235 TPR_3:0.159275 TPR_4:0.010781 stylegan_ffhq
AUC:0.975255 TPR_2:0.502555 TPR_3:0.121529 TPR_4:0.009109 faceapp
AUC:0.999563 TPR_2:0.992881 TPR_3:0.966732 TPR_4:0.898462 stargan
AUC:0.999287 TPR_2:0.984058 TPR_3:0.906577 TPR_4:0.634114 pggan_v1
AUC:0.999168 TPR_2:0.985078 TPR_3:0.848775 TPR_4:0.463140 pggan_v2
AUC:0.994628 TPR_2:0.956836 TPR_3:0.913423 TPR_4:0.830890 Deepfakes
AUC:0.996958 TPR_2:0.975347 TPR_3:0.949200 TPR_4:0.905652 FaceSwap
AUC:0.995536 TPR_2:0.974264 TPR_3:0.949805 TPR_4:0.902267 Face2Face
AUC:0.994482 TPR_2:0.896411 TPR_3:0.747097 TPR_4:0.583515 Test
epoch:013 batch:135000 loss:0.04122 avgloss:0.06864
AUC:0.992300 TPR_2:0.958952 TPR_3:0.912860 TPR_4:0.834143 validset
AUC:0.998886 TPR_2:0.976333 TPR_3:0.829111 TPR_4:0.382889 stylegan_celeba
AUC:0.992349 TPR_2:0.766700 TPR_3:0.213738 TPR_4:0.006447 stylegan_ffhq
AUC:0.978564 TPR_2:0.512553 TPR_3:0.089758 TPR_4:0.002000 faceapp
AUC:0.999823 TPR_2:0.996806 TPR_3:0.978004 TPR_4:0.877470 stargan
AUC:0.998960 TPR_2:0.976589 TPR_3:0.846265 TPR_4:0.439353 pggan_v1
AUC:0.998483 TPR_2:0.963920 TPR_3:0.774610 TPR_4:0.298552 pggan_v2
AUC:0.996762 TPR_2:0.964793 TPR_3:0.917364 TPR_4:0.803138 Deepfakes
AUC:0.995948 TPR_2:0.956992 TPR_3:0.914488 TPR_4:0.823955 FaceSwap
AUC:0.994393 TPR_2:0.977617 TPR_3:0.960895 TPR_4:0.911456 Face2Face
AUC:0.994907 TPR_2:0.899145 TPR_3:0.724915 TPR_4:0.505029 Test
epoch:013 batch:138000 loss:0.08915 avgloss:0.06843
AUC:0.993186 TPR_2:0.952394 TPR_3:0.905103 TPR_4:0.820935 validset
AUC:0.997478 TPR_2:0.943778 TPR_3:0.652667 TPR_4:0.212000 stylegan_celeba
AUC:0.978186 TPR_2:0.448705 TPR_3:0.051573 TPR_4:0.000667 stylegan_ffhq
AUC:0.957306 TPR_2:0.299711 TPR_3:0.025994 TPR_4:0.001111 faceapp
AUC:0.999923 TPR_2:0.999179 TPR_3:0.988591 TPR_4:0.919043 stargan
AUC:0.997972 TPR_2:0.955407 TPR_3:0.718506 TPR_4:0.286622 pggan_v1
AUC:0.996265 TPR_2:0.901448 TPR_3:0.538864 TPR_4:0.143875 pggan_v2
AUC:0.996546 TPR_2:0.961528 TPR_3:0.915246 TPR_4:0.818463 Deepfakes
AUC:0.997782 TPR_2:0.975959 TPR_3:0.937809 TPR_4:0.851163 FaceSwap
AUC:0.996734 TPR_2:0.977661 TPR_3:0.956294 TPR_4:0.899292 Face2Face
AUC:0.990910 TPR_2:0.829264 TPR_3:0.642838 TPR_4:0.459137 Test
epoch:013 batch:141000 loss:0.04154 avgloss:0.06819
AUC:0.990681 TPR_2:0.952248 TPR_3:0.912016 TPR_4:0.824789 validset
AUC:0.997254 TPR_2:0.915556 TPR_3:0.685889 TPR_4:0.223778 stylegan_celeba
AUC:0.975027 TPR_2:0.329221 TPR_3:0.056574 TPR_4:0.000333 stylegan_ffhq
AUC:0.950629 TPR_2:0.226172 TPR_3:0.038214 TPR_4:0.000222 faceapp
AUC:0.999843 TPR_2:0.996532 TPR_3:0.984621 TPR_4:0.938165 stargan
AUC:0.996632 TPR_2:0.912821 TPR_3:0.776477 TPR_4:0.337012 pggan_v1
AUC:0.996523 TPR_2:0.885746 TPR_3:0.631849 TPR_4:0.177394 pggan_v2
AUC:0.994926 TPR_2:0.947292 TPR_3:0.899569 TPR_4:0.791241 Deepfakes
AUC:0.997055 TPR_2:0.979324 TPR_3:0.953105 TPR_4:0.871318 FaceSwap
AUC:0.996659 TPR_2:0.980549 TPR_3:0.964626 TPR_4:0.899567 Face2Face
AUC:0.989394 TPR_2:0.797024 TPR_3:0.665658 TPR_4:0.471003 Test

Model:xception BatchSize:16 lr:0.000200
