
Model:xception BatchSize:16 lr:0.000200

Model:xception BatchSize:16 lr:0.000200
epoch:000 batch:003000 loss:0.35091 avgloss:0.48666
AUC:0.865013 TPR_2:0.234709 TPR_3:0.073173 TPR_4:0.023490 validset
AUC:0.915531 TPR_2:0.279991 TPR_3:0.059488 TPR_4:0.029919 FaceShifter
AUC:0.779191 TPR_2:0.046327 TPR_3:0.007937 TPR_4:0.002286 NeuralTextures
AUC:0.847361 TPR_2:0.163159 TPR_3:0.033712 TPR_4:0.016102 Test
epoch:000 batch:006000 loss:0.09796 avgloss:0.38673
AUC:0.937373 TPR_2:0.487130 TPR_3:0.258278 TPR_4:0.102404 validset
AUC:0.960158 TPR_2:0.581665 TPR_3:0.316051 TPR_4:0.164392 FaceShifter
AUC:0.888554 TPR_2:0.289532 TPR_3:0.097441 TPR_4:0.027519 NeuralTextures
AUC:0.924356 TPR_2:0.435599 TPR_3:0.206746 TPR_4:0.095955 Test
epoch:000 batch:009000 loss:0.31832 avgloss:0.32068
AUC:0.951755 TPR_2:0.603716 TPR_3:0.346508 TPR_4:0.147706 validset
AUC:0.970061 TPR_2:0.664013 TPR_3:0.387398 TPR_4:0.229919 FaceShifter
AUC:0.921529 TPR_2:0.465354 TPR_3:0.206850 TPR_4:0.090925 NeuralTextures
AUC:0.945795 TPR_2:0.564684 TPR_3:0.297124 TPR_4:0.160422 Test
epoch:001 batch:012000 loss:0.12211 avgloss:0.27766
AUC:0.953331 TPR_2:0.580951 TPR_3:0.292077 TPR_4:0.118233 validset
AUC:0.968591 TPR_2:0.657130 TPR_3:0.402576 TPR_4:0.215512 FaceShifter
AUC:0.935579 TPR_2:0.452090 TPR_3:0.207480 TPR_4:0.074853 NeuralTextures
AUC:0.952085 TPR_2:0.554610 TPR_3:0.305028 TPR_4:0.145183 Test
epoch:001 batch:015000 loss:0.06217 avgloss:0.24780
AUC:0.970451 TPR_2:0.730414 TPR_3:0.538836 TPR_4:0.375238 validset
AUC:0.984448 TPR_2:0.831650 TPR_3:0.668990 TPR_4:0.507800 FaceShifter
AUC:0.952313 TPR_2:0.612325 TPR_3:0.392822 TPR_4:0.199597 NeuralTextures
AUC:0.968381 TPR_2:0.721988 TPR_3:0.530906 TPR_4:0.353698 Test
epoch:001 batch:018000 loss:0.06056 avgloss:0.22579
AUC:0.966496 TPR_2:0.727587 TPR_3:0.529566 TPR_4:0.354434 validset
AUC:0.985064 TPR_2:0.873065 TPR_3:0.733236 TPR_4:0.585463 FaceShifter
AUC:0.950870 TPR_2:0.595047 TPR_3:0.289910 TPR_4:0.117400 NeuralTextures
AUC:0.967967 TPR_2:0.734056 TPR_3:0.511573 TPR_4:0.351432 Test
epoch:002 batch:021000 loss:0.03992 avgloss:0.20793
AUC:0.965893 TPR_2:0.663824 TPR_3:0.421282 TPR_4:0.228852 validset
AUC:0.980043 TPR_2:0.751382 TPR_3:0.538766 TPR_4:0.376077 FaceShifter
AUC:0.951581 TPR_2:0.591969 TPR_3:0.367391 TPR_4:0.220564 NeuralTextures
AUC:0.965812 TPR_2:0.671676 TPR_3:0.453079 TPR_4:0.298321 Test
epoch:002 batch:024000 loss:0.07101 avgloss:0.19404
AUC:0.974961 TPR_2:0.776435 TPR_3:0.600475 TPR_4:0.402524 validset
AUC:0.994084 TPR_2:0.926979 TPR_3:0.815076 TPR_4:0.605850 FaceShifter
AUC:0.950706 TPR_2:0.615565 TPR_3:0.328714 TPR_4:0.084338 NeuralTextures
AUC:0.972395 TPR_2:0.771272 TPR_3:0.571895 TPR_4:0.345094 Test
epoch:002 batch:027000 loss:0.23468 avgloss:0.18237
AUC:0.966395 TPR_2:0.719317 TPR_3:0.558445 TPR_4:0.437229 validset
AUC:0.993809 TPR_2:0.930471 TPR_3:0.820373 TPR_4:0.628522 FaceShifter
AUC:0.934563 TPR_2:0.485656 TPR_3:0.215939 TPR_4:0.054750 NeuralTextures
AUC:0.964186 TPR_2:0.708064 TPR_3:0.518156 TPR_4:0.341636 Test
epoch:002 batch:030000 loss:0.04217 avgloss:0.17243
AUC:0.968796 TPR_2:0.778121 TPR_3:0.581639 TPR_4:0.377105 validset
AUC:0.986638 TPR_2:0.844820 TPR_3:0.678260 TPR_4:0.502663 FaceShifter
AUC:0.952967 TPR_2:0.635110 TPR_3:0.380782 TPR_4:0.199813 NeuralTextures
AUC:0.969802 TPR_2:0.739965 TPR_3:0.529521 TPR_4:0.351238 Test
epoch:003 batch:033000 loss:0.02724 avgloss:0.16403
AUC:0.974382 TPR_2:0.786063 TPR_3:0.618335 TPR_4:0.464694 validset
AUC:0.988567 TPR_2:0.890279 TPR_3:0.773050 TPR_4:0.629467 FaceShifter
AUC:0.957654 TPR_2:0.681545 TPR_3:0.452432 TPR_4:0.265541 NeuralTextures
AUC:0.973110 TPR_2:0.785912 TPR_3:0.612741 TPR_4:0.447504 Test
epoch:003 batch:036000 loss:0.01873 avgloss:0.15684
AUC:0.972460 TPR_2:0.772522 TPR_3:0.592002 TPR_4:0.464210 validset

Model:xception BatchSize:16 lr:0.000200
epoch:000 batch:003000 loss:0.04074 avgloss:0.07656
AUC:0.969713 TPR_2:0.777957 TPR_3:0.610151 TPR_4:0.472339 validset
AUC:0.994202 TPR_2:0.942724 TPR_3:0.850335 TPR_4:0.717753 FaceShifter
AUC:0.955423 TPR_2:0.628271 TPR_3:0.349070 TPR_4:0.173644 NeuralTextures
AUC:0.974813 TPR_2:0.785498 TPR_3:0.599702 TPR_4:0.445699 Test
epoch:000 batch:006000 loss:0.01535 avgloss:0.07458
AUC:0.972289 TPR_2:0.786290 TPR_3:0.590346 TPR_4:0.415292 validset
AUC:0.994304 TPR_2:0.943393 TPR_3:0.875829 TPR_4:0.724913 FaceShifter
AUC:0.951649 TPR_2:0.647871 TPR_3:0.393488 TPR_4:0.125499 NeuralTextures
AUC:0.972976 TPR_2:0.795632 TPR_3:0.634659 TPR_4:0.425206 Test

Model:xception BatchSize:16 lr:0.000200
epoch:000 batch:009000 loss:0.12932 avgloss:0.07383
AUC:0.977045 TPR_2:0.822143 TPR_3:0.667385 TPR_4:0.504451 validset
AUC:0.991945 TPR_2:0.916458 TPR_3:0.800844 TPR_4:0.681126 FaceShifter
AUC:0.958547 TPR_2:0.707876 TPR_3:0.460261 TPR_4:0.295202 NeuralTextures
AUC:0.975246 TPR_2:0.812167 TPR_3:0.630552 TPR_4:0.488164 Test
