
Model:xception BatchSize:16 lr:0.000200
epoch:000 batch:003000 loss:0.44728 avgloss:0.60901
AUC:0.762306 TPR_2:0.105757 TPR_3:0.014720 TPR_4:0.003310 validset
AUC:0.844708 TPR_2:0.145051 TPR_3:0.037178 TPR_4:0.007250 Deepfakes
AUC:0.736925 TPR_2:0.077666 TPR_3:0.018247 TPR_4:0.003311 FaceSwap
AUC:0.729458 TPR_2:0.035084 TPR_3:0.004079 TPR_4:0.000087 Face2Face
AUC:0.770363 TPR_2:0.085934 TPR_3:0.019835 TPR_4:0.003549 Test
epoch:000 batch:006000 loss:0.18141 avgloss:0.51714
AUC:0.904989 TPR_2:0.377854 TPR_3:0.167440 TPR_4:0.078503 validset
AUC:0.910094 TPR_2:0.260100 TPR_3:0.079695 TPR_4:0.036266 Deepfakes
AUC:0.903363 TPR_2:0.246495 TPR_3:0.077253 TPR_4:0.029350 FaceSwap
AUC:0.934349 TPR_2:0.400351 TPR_3:0.182648 TPR_4:0.105963 Face2Face
AUC:0.915935 TPR_2:0.302315 TPR_3:0.113198 TPR_4:0.057193 Test
epoch:000 batch:009000 loss:0.44062 avgloss:0.43867
AUC:0.948609 TPR_2:0.626451 TPR_3:0.387533 TPR_4:0.156495 validset
AUC:0.971762 TPR_2:0.677677 TPR_3:0.432034 TPR_4:0.224466 Deepfakes
AUC:0.948501 TPR_2:0.548146 TPR_3:0.325709 TPR_4:0.152868 FaceSwap
AUC:0.956973 TPR_2:0.620972 TPR_3:0.386315 TPR_4:0.199007 Face2Face
AUC:0.959079 TPR_2:0.615598 TPR_3:0.381353 TPR_4:0.192113 Test
epoch:001 batch:012000 loss:0.19092 avgloss:0.38228
AUC:0.954625 TPR_2:0.619276 TPR_3:0.416458 TPR_4:0.186779 validset
AUC:0.987479 TPR_2:0.801638 TPR_3:0.565231 TPR_4:0.296498 Deepfakes
AUC:0.897270 TPR_2:0.224632 TPR_3:0.083731 TPR_4:0.020928 FaceSwap
AUC:0.966687 TPR_2:0.624746 TPR_3:0.399858 TPR_4:0.185856 Face2Face
AUC:0.950478 TPR_2:0.550339 TPR_3:0.349606 TPR_4:0.167761 Test
epoch:001 batch:015000 loss:0.07135 avgloss:0.34068
AUC:0.971937 TPR_2:0.761957 TPR_3:0.547914 TPR_4:0.348055 validset
AUC:0.980013 TPR_2:0.790476 TPR_3:0.593997 TPR_4:0.389988 Deepfakes
AUC:0.978411 TPR_2:0.745191 TPR_3:0.506739 TPR_4:0.294524 FaceSwap
AUC:0.981159 TPR_2:0.794504 TPR_3:0.604149 TPR_4:0.407914 Face2Face
AUC:0.979861 TPR_2:0.776724 TPR_3:0.568295 TPR_4:0.364142 Test
epoch:001 batch:018000 loss:0.13179 avgloss:0.31024
AUC:0.979869 TPR_2:0.849000 TPR_3:0.687664 TPR_4:0.495310 validset
AUC:0.987269 TPR_2:0.840552 TPR_3:0.667191 TPR_4:0.476962 Deepfakes
AUC:0.986831 TPR_2:0.816919 TPR_3:0.605820 TPR_4:0.385381 FaceSwap
AUC:0.988855 TPR_2:0.898290 TPR_3:0.749681 TPR_4:0.536390 Face2Face
AUC:0.987652 TPR_2:0.851920 TPR_3:0.674230 TPR_4:0.466244 Test
epoch:002 batch:021000 loss:0.05742 avgloss:0.28617
AUC:0.979762 TPR_2:0.844855 TPR_3:0.667340 TPR_4:0.502400 validset
AUC:0.987296 TPR_2:0.868215 TPR_3:0.719649 TPR_4:0.565966 Deepfakes
AUC:0.984484 TPR_2:0.828418 TPR_3:0.583830 TPR_4:0.346512 FaceSwap
AUC:0.987754 TPR_2:0.890249 TPR_3:0.773022 TPR_4:0.628868 Face2Face
AUC:0.986511 TPR_2:0.862294 TPR_3:0.692167 TPR_4:0.513782 Test
epoch:002 batch:024000 loss:0.08693 avgloss:0.26623
AUC:0.979563 TPR_2:0.849180 TPR_3:0.672040 TPR_4:0.503665 validset
AUC:0.990515 TPR_2:0.884730 TPR_3:0.745195 TPR_4:0.578276 Deepfakes
AUC:0.988998 TPR_2:0.853719 TPR_3:0.675370 TPR_4:0.477533 FaceSwap
AUC:0.989789 TPR_2:0.884704 TPR_3:0.749594 TPR_4:0.587282 Face2Face
AUC:0.989767 TPR_2:0.874384 TPR_3:0.723386 TPR_4:0.547697 Test
epoch:002 batch:027000 loss:0.29414 avgloss:0.24972
AUC:0.981652 TPR_2:0.863789 TPR_3:0.703984 TPR_4:0.548874 validset
AUC:0.990457 TPR_2:0.870083 TPR_3:0.684486 TPR_4:0.492007 Deepfakes
AUC:0.989093 TPR_2:0.852153 TPR_3:0.625974 TPR_4:0.429649 FaceSwap
AUC:0.989584 TPR_2:0.885894 TPR_3:0.737226 TPR_4:0.577005 Face2Face
AUC:0.989711 TPR_2:0.869376 TPR_3:0.682562 TPR_4:0.499553 Test
epoch:002 batch:030000 loss:0.08600 avgloss:0.23601
AUC:0.982288 TPR_2:0.894538 TPR_3:0.748728 TPR_4:0.569838 validset
AUC:0.991372 TPR_2:0.891760 TPR_3:0.760225 TPR_4:0.419666 Deepfakes
AUC:0.992035 TPR_2:0.904680 TPR_3:0.754602 TPR_4:0.369653 FaceSwap
AUC:0.990796 TPR_2:0.925797 TPR_3:0.814884 TPR_4:0.468501 Face2Face
AUC:0.991401 TPR_2:0.907412 TPR_3:0.776570 TPR_4:0.419273 Test
epoch:003 batch:033000 loss:0.06466 avgloss:0.22412
AUC:0.981773 TPR_2:0.886953 TPR_3:0.749273 TPR_4:0.555803 validset
AUC:0.993807 TPR_2:0.907158 TPR_3:0.767931 TPR_4:0.620042 Deepfakes
AUC:0.991871 TPR_2:0.883356 TPR_3:0.661604 TPR_4:0.429487 FaceSwap
AUC:0.991745 TPR_2:0.914664 TPR_3:0.797814 TPR_4:0.645474 Face2Face
AUC:0.992475 TPR_2:0.901726 TPR_3:0.742450 TPR_4:0.565001 Test
epoch:003 batch:036000 loss:0.08064 avgloss:0.21367
AUC:0.985187 TPR_2:0.895493 TPR_3:0.773362 TPR_4:0.609317 validset
AUC:0.993537 TPR_2:0.918070 TPR_3:0.779078 TPR_4:0.578276 Deepfakes
AUC:0.993624 TPR_2:0.926652 TPR_3:0.803315 TPR_4:0.634072 FaceSwap
AUC:0.992216 TPR_2:0.934666 TPR_3:0.805928 TPR_4:0.642223 Face2Face
AUC:0.993126 TPR_2:0.926463 TPR_3:0.796107 TPR_4:0.618190 Test
epoch:003 batch:039000 loss:0.05855 avgloss:0.20448
AUC:0.984833 TPR_2:0.901348 TPR_3:0.783896 TPR_4:0.628746 validset
AUC:0.991370 TPR_2:0.882333 TPR_3:0.738077 TPR_4:0.604012 Deepfakes
AUC:0.992826 TPR_2:0.927912 TPR_3:0.819492 TPR_4:0.703083 FaceSwap
AUC:0.992272 TPR_2:0.936466 TPR_3:0.821924 TPR_4:0.701852 Face2Face
AUC:0.992156 TPR_2:0.915570 TPR_3:0.793164 TPR_4:0.669649 Test
epoch:004 batch:042000 loss:0.04859 avgloss:0.19621
AUC:0.984221 TPR_2:0.919497 TPR_3:0.805291 TPR_4:0.617346 validset
AUC:0.994737 TPR_2:0.936056 TPR_3:0.830360 TPR_4:0.627984 Deepfakes
AUC:0.994397 TPR_2:0.923305 TPR_3:0.772957 TPR_4:0.551277 FaceSwap
AUC:0.994441 TPR_2:0.940922 TPR_3:0.856819 TPR_4:0.690080 Face2Face
AUC:0.994525 TPR_2:0.933428 TPR_3:0.820046 TPR_4:0.623113 Test
epoch:004 batch:045000 loss:0.25668 avgloss:0.18883
AUC:0.983842 TPR_2:0.924402 TPR_3:0.802446 TPR_4:0.560428 validset
AUC:0.994363 TPR_2:0.927938 TPR_3:0.811756 TPR_4:0.622954 Deepfakes
AUC:0.994028 TPR_2:0.922334 TPR_3:0.763996 TPR_4:0.515845 FaceSwap
AUC:0.993576 TPR_2:0.946031 TPR_3:0.848894 TPR_4:0.647651 Face2Face
AUC:0.993989 TPR_2:0.932101 TPR_3:0.808215 TPR_4:0.595483 Test
epoch:004 batch:048000 loss:0.04394 avgloss:0.18228
AUC:0.980459 TPR_2:0.902738 TPR_3:0.767617 TPR_4:0.561053 validset
AUC:0.991936 TPR_2:0.897569 TPR_3:0.749062 TPR_4:0.576114 Deepfakes
AUC:0.991911 TPR_2:0.901189 TPR_3:0.741214 TPR_4:0.563891 FaceSwap
AUC:0.990021 TPR_2:0.924026 TPR_3:0.816713 TPR_4:0.683185 Face2Face
AUC:0.991289 TPR_2:0.907595 TPR_3:0.768997 TPR_4:0.607730 Test
epoch:004 batch:051000 loss:0.04873 avgloss:0.17656
AUC:0.986050 TPR_2:0.922697 TPR_3:0.806811 TPR_4:0.655065 validset
AUC:0.996102 TPR_2:0.958233 TPR_3:0.871833 TPR_4:0.758416 Deepfakes
AUC:0.991709 TPR_2:0.877760 TPR_3:0.643537 TPR_4:0.419121 FaceSwap
AUC:0.994301 TPR_2:0.951446 TPR_3:0.877272 TPR_4:0.763804 Face2Face
AUC:0.994037 TPR_2:0.929146 TPR_3:0.797547 TPR_4:0.647114 Test
epoch:005 batch:054000 loss:0.05669 avgloss:0.17124
AUC:0.988645 TPR_2:0.927147 TPR_3:0.809896 TPR_4:0.631586 validset
AUC:0.995886 TPR_2:0.946983 TPR_3:0.847993 TPR_4:0.705428 Deepfakes
AUC:0.994815 TPR_2:0.920894 TPR_3:0.729247 TPR_4:0.524770 FaceSwap
AUC:0.992792 TPR_2:0.951780 TPR_3:0.861668 TPR_4:0.742539 Face2Face
AUC:0.994498 TPR_2:0.939886 TPR_3:0.812969 TPR_4:0.657579 Test

Model:xception BatchSize:16 lr:0.000200
epoch:000 batch:003000 loss:0.19452 avgloss:0.09046
AUC:0.985077 TPR_2:0.914148 TPR_3:0.796706 TPR_4:0.646966 validset
AUC:0.994298 TPR_2:0.933982 TPR_3:0.792108 TPR_4:0.594409 Deepfakes
AUC:0.992504 TPR_2:0.907668 TPR_3:0.745821 TPR_4:0.522305 FaceSwap
AUC:0.992813 TPR_2:0.954146 TPR_3:0.876633 TPR_4:0.745050 Face2Face
AUC:0.993205 TPR_2:0.931932 TPR_3:0.804854 TPR_4:0.620588 Test

Model:xception BatchSize:16 lr:0.000200
epoch:000 batch:003000 loss:0.12801 avgloss:0.08991
AUC:0.985242 TPR_2:0.911558 TPR_3:0.784666 TPR_4:0.557353 validset
AUC:0.993785 TPR_2:0.914717 TPR_3:0.773034 TPR_4:0.526714 Deepfakes
AUC:0.992899 TPR_2:0.894153 TPR_3:0.721635 TPR_4:0.481240 FaceSwap
AUC:0.993292 TPR_2:0.939979 TPR_3:0.846644 TPR_4:0.673271 Face2Face
AUC:0.993325 TPR_2:0.916283 TPR_3:0.780438 TPR_4:0.560409 Test
epoch:000 batch:006000 loss:0.29536 avgloss:0.08784

Model:xception BatchSize:16 lr:0.000200

Model:xception BatchSize:16 lr:0.000200
epoch:000 batch:003000 loss:0.22721 avgloss:0.27784
AUC:0.950688 TPR_2:0.650020 TPR_3:0.436987 TPR_4:0.266017 validset

Model:xception BatchSize:16 lr:0.000200

Model:xception BatchSize:16 lr:0.000200
epoch:000 batch:003000 loss:0.06425 avgloss:0.09142
AUC:0.985214 TPR_2:0.904108 TPR_3:0.781962 TPR_4:0.579018 validset
AUC:0.996615 TPR_2:0.951115 TPR_3:0.853582 TPR_4:0.674706 Deepfakes
AUC:0.988070 TPR_2:0.844793 TPR_3:0.639254 TPR_4:0.440733 FaceSwap
AUC:0.993924 TPR_2:0.929179 TPR_3:0.818208 TPR_4:0.656143 Face2Face
AUC:0.992870 TPR_2:0.908363 TPR_3:0.770348 TPR_4:0.590528 Test
epoch:000 batch:006000 loss:0.05428 avgloss:0.08950
AUC:0.985633 TPR_2:0.918487 TPR_3:0.812881 TPR_4:0.658435 validset
AUC:0.995262 TPR_2:0.940894 TPR_3:0.853126 TPR_4:0.672721 Deepfakes
AUC:0.993414 TPR_2:0.925861 TPR_3:0.782656 TPR_4:0.549819 FaceSwap
AUC:0.994709 TPR_2:0.945857 TPR_3:0.849518 TPR_4:0.690240 Face2Face
AUC:0.994462 TPR_2:0.937537 TPR_3:0.828433 TPR_4:0.637593 Test
epoch:000 batch:009000 loss:0.05077 avgloss:0.08713
AUC:0.988433 TPR_2:0.924447 TPR_3:0.829215 TPR_4:0.680540 validset
AUC:0.995656 TPR_2:0.953969 TPR_3:0.862229 TPR_4:0.721752 Deepfakes
AUC:0.994186 TPR_2:0.936298 TPR_3:0.830847 TPR_4:0.705314 FaceSwap
AUC:0.992623 TPR_2:0.949239 TPR_3:0.860811 TPR_4:0.740550 Face2Face
AUC:0.994155 TPR_2:0.946502 TPR_3:0.851296 TPR_4:0.722539 Test
epoch:001 batch:012000 loss:0.06286 avgloss:0.08611
AUC:0.975333 TPR_2:0.865649 TPR_3:0.710379 TPR_4:0.542059 validset
AUC:0.983411 TPR_2:0.812095 TPR_3:0.602335 TPR_4:0.376120 Deepfakes
AUC:0.994444 TPR_2:0.929694 TPR_3:0.805348 TPR_4:0.633406 FaceSwap
AUC:0.989876 TPR_2:0.940748 TPR_3:0.857923 TPR_4:0.723887 Face2Face
AUC:0.989244 TPR_2:0.894179 TPR_3:0.755202 TPR_4:0.577804 Test
epoch:001 batch:015000 loss:0.02800 avgloss:0.08499
AUC:0.981708 TPR_2:0.902233 TPR_3:0.802376 TPR_4:0.640346 validset
AUC:0.992162 TPR_2:0.900422 TPR_3:0.755063 TPR_4:0.533215 Deepfakes
AUC:0.993465 TPR_2:0.925339 TPR_3:0.804070 TPR_4:0.549351 FaceSwap
AUC:0.989948 TPR_2:0.942765 TPR_3:0.866443 TPR_4:0.703086 Face2Face
AUC:0.991858 TPR_2:0.922842 TPR_3:0.808525 TPR_4:0.595217 Test
epoch:001 batch:018000 loss:0.04433 avgloss:0.08406
AUC:0.985424 TPR_2:0.916183 TPR_3:0.781532 TPR_4:0.617791 validset
AUC:0.994700 TPR_2:0.917746 TPR_3:0.775299 TPR_4:0.601512 Deepfakes
AUC:0.993819 TPR_2:0.907380 TPR_3:0.712242 TPR_4:0.473070 FaceSwap
AUC:0.993489 TPR_2:0.948427 TPR_3:0.866690 TPR_4:0.749115 Face2Face
AUC:0.994003 TPR_2:0.924518 TPR_3:0.784744 TPR_4:0.607899 Test
epoch:002 batch:021000 loss:0.12443 avgloss:0.08285
AUC:0.980728 TPR_2:0.915163 TPR_3:0.791011 TPR_4:0.623431 validset
AUC:0.993083 TPR_2:0.909099 TPR_3:0.762401 TPR_4:0.564951 Deepfakes
AUC:0.995696 TPR_2:0.945295 TPR_3:0.816901 TPR_4:0.632758 FaceSwap
AUC:0.994197 TPR_2:0.953986 TPR_3:0.866254 TPR_4:0.727109 Face2Face
AUC:0.994325 TPR_2:0.936127 TPR_3:0.815186 TPR_4:0.641606 Test
epoch:002 batch:024000 loss:0.04027 avgloss:0.08200
AUC:0.982677 TPR_2:0.914003 TPR_3:0.757102 TPR_4:0.459841 validset
AUC:0.992515 TPR_2:0.920864 TPR_3:0.759754 TPR_4:0.425357 Deepfakes
AUC:0.992196 TPR_2:0.902395 TPR_3:0.640964 TPR_4:0.360296 FaceSwap
AUC:0.992381 TPR_2:0.934100 TPR_3:0.832767 TPR_4:0.680195 Face2Face
AUC:0.992364 TPR_2:0.919120 TPR_3:0.744495 TPR_4:0.488616 Test
epoch:002 batch:027000 loss:0.16162 avgloss:0.08132
AUC:0.983510 TPR_2:0.933692 TPR_3:0.846330 TPR_4:0.650600 validset
AUC:0.997113 TPR_2:0.965204 TPR_3:0.893613 TPR_4:0.697193 Deepfakes
AUC:0.994697 TPR_2:0.929046 TPR_3:0.767469 TPR_4:0.458099 FaceSwap
AUC:0.993818 TPR_2:0.963537 TPR_3:0.923837 TPR_4:0.822316 Face2Face
AUC:0.995210 TPR_2:0.952596 TPR_3:0.861640 TPR_4:0.659202 Test
epoch:002 batch:030000 loss:0.04233 avgloss:0.08053
AUC:0.983179 TPR_2:0.929302 TPR_3:0.832235 TPR_4:0.684234 validset
AUC:0.996443 TPR_2:0.956175 TPR_3:0.861832 TPR_4:0.723135 Deepfakes
AUC:0.993288 TPR_2:0.901261 TPR_3:0.710658 TPR_4:0.541326 FaceSwap
AUC:0.995035 TPR_2:0.956483 TPR_3:0.890103 TPR_4:0.803243 Face2Face
AUC:0.994922 TPR_2:0.937973 TPR_3:0.820865 TPR_4:0.689234 Test
epoch:003 batch:033000 loss:0.03586 avgloss:0.07990
AUC:0.985376 TPR_2:0.934292 TPR_3:0.857724 TPR_4:0.689589 validset
AUC:0.996213 TPR_2:0.953469 TPR_3:0.889892 TPR_4:0.763387 Deepfakes
AUC:0.996201 TPR_2:0.956884 TPR_3:0.875277 TPR_4:0.668442 FaceSwap
AUC:0.994244 TPR_2:0.955104 TPR_3:0.905446 TPR_4:0.811865 Face2Face
AUC:0.995553 TPR_2:0.955152 TPR_3:0.890205 TPR_4:0.747898 Test
epoch:003 batch:036000 loss:0.09196 avgloss:0.07907
AUC:0.985032 TPR_2:0.930597 TPR_3:0.833140 TPR_4:0.676345 validset
AUC:0.996260 TPR_2:0.947012 TPR_3:0.798623 TPR_4:0.615924 Deepfakes
AUC:0.996634 TPR_2:0.954797 TPR_3:0.834770 TPR_4:0.668874 FaceSwap
AUC:0.992499 TPR_2:0.957136 TPR_3:0.875022 TPR_4:0.771904 Face2Face
AUC:0.995131 TPR_2:0.952982 TPR_3:0.836138 TPR_4:0.685567 Test
epoch:003 batch:039000 loss:0.03684 avgloss:0.07846
AUC:0.984406 TPR_2:0.948057 TPR_3:0.888583 TPR_4:0.771017 validset
AUC:0.995977 TPR_2:0.959101 TPR_3:0.895775 TPR_4:0.736238 Deepfakes
AUC:0.996961 TPR_2:0.965612 TPR_3:0.885066 TPR_4:0.691602 FaceSwap
AUC:0.995039 TPR_2:0.971216 TPR_3:0.935856 TPR_4:0.814129 Face2Face
AUC:0.995992 TPR_2:0.965310 TPR_3:0.905566 TPR_4:0.747323 Test
epoch:004 batch:042000 loss:0.03242 avgloss:0.07784
AUC:0.984503 TPR_2:0.944932 TPR_3:0.861709 TPR_4:0.735723 validset
AUC:0.997091 TPR_2:0.964190 TPR_3:0.867627 TPR_4:0.645926 Deepfakes
AUC:0.996073 TPR_2:0.947725 TPR_3:0.811358 TPR_4:0.539310 FaceSwap
AUC:0.995205 TPR_2:0.965061 TPR_3:0.897608 TPR_4:0.788379 Face2Face
AUC:0.996123 TPR_2:0.958992 TPR_3:0.858864 TPR_4:0.657872 Test
epoch:004 batch:045000 loss:0.03853 avgloss:0.07687
AUC:0.986904 TPR_2:0.945342 TPR_3:0.867229 TPR_4:0.710509 validset

Model:xception BatchSize:16 lr:0.000200
epoch:000 batch:003000 loss:0.06425 avgloss:0.09142
AUC:0.985214 TPR_2:0.904108 TPR_3:0.781962 TPR_4:0.579018 validset
AUC:0.996615 TPR_2:0.951115 TPR_3:0.853582 TPR_4:0.674706 Deepfakes
AUC:0.988070 TPR_2:0.844793 TPR_3:0.639254 TPR_4:0.440733 FaceSwap
AUC:0.993924 TPR_2:0.929179 TPR_3:0.818208 TPR_4:0.656143 Face2Face
AUC:0.992870 TPR_2:0.908363 TPR_3:0.770348 TPR_4:0.590528 Test
epoch:000 batch:006000 loss:0.05428 avgloss:0.08950

Model:xception BatchSize:16 lr:0.000200
epoch:000 batch:003000 loss:0.14556 avgloss:0.07641
AUC:0.985267 TPR_2:0.916997 TPR_3:0.799966 TPR_4:0.638161 validset
AUC:0.995626 TPR_2:0.945762 TPR_3:0.834404 TPR_4:0.647558 Deepfakes
AUC:0.993517 TPR_2:0.910043 TPR_3:0.771733 TPR_4:0.572025 FaceSwap
AUC:0.992655 TPR_2:0.926087 TPR_3:0.826250 TPR_4:0.650671 Face2Face
AUC:0.993933 TPR_2:0.927298 TPR_3:0.810796 TPR_4:0.623418 Test
epoch:000 batch:006000 loss:0.04624 avgloss:0.08015
AUC:0.982360 TPR_2:0.908568 TPR_3:0.792721 TPR_4:0.678515 validset
AUC:0.994238 TPR_2:0.934218 TPR_3:0.836507 TPR_4:0.735753 Deepfakes
AUC:0.992276 TPR_2:0.882655 TPR_3:0.693203 TPR_4:0.548416 FaceSwap
AUC:0.994686 TPR_2:0.944652 TPR_3:0.860695 TPR_4:0.779307 Face2Face
AUC:0.993733 TPR_2:0.920508 TPR_3:0.796802 TPR_4:0.687825 Test
epoch:000 batch:009000 loss:0.02592 avgloss:0.08082
AUC:0.987892 TPR_2:0.925797 TPR_3:0.822495 TPR_4:0.658445 validset
AUC:0.996781 TPR_2:0.949601 TPR_3:0.810815 TPR_4:0.569966 Deepfakes
AUC:0.994520 TPR_2:0.919850 TPR_3:0.796693 TPR_4:0.638606 FaceSwap
AUC:0.994764 TPR_2:0.952505 TPR_3:0.876764 TPR_4:0.756111 Face2Face
AUC:0.995355 TPR_2:0.940652 TPR_3:0.828090 TPR_4:0.654895 Test
epoch:001 batch:012000 loss:0.08951 avgloss:0.08059
AUC:0.983650 TPR_2:0.911843 TPR_3:0.791181 TPR_4:0.601172 validset
AUC:0.994641 TPR_2:0.918335 TPR_3:0.790153 TPR_4:0.593364 Deepfakes
AUC:0.995554 TPR_2:0.925609 TPR_3:0.800328 TPR_4:0.606665 FaceSwap
AUC:0.993466 TPR_2:0.930950 TPR_3:0.822635 TPR_4:0.616850 Face2Face
AUC:0.994553 TPR_2:0.924964 TPR_3:0.804372 TPR_4:0.605626 Test
epoch:001 batch:015000 loss:0.05658 avgloss:0.08071
AUC:0.987920 TPR_2:0.925822 TPR_3:0.842525 TPR_4:0.702864 validset
AUC:0.995402 TPR_2:0.927879 TPR_3:0.804506 TPR_4:0.631248 Deepfakes
AUC:0.994065 TPR_2:0.916557 TPR_3:0.780101 TPR_4:0.520217 FaceSwap
AUC:0.992740 TPR_2:0.953609 TPR_3:0.893964 TPR_4:0.769218 Face2Face
AUC:0.994069 TPR_2:0.932682 TPR_3:0.826191 TPR_4:0.640228 Test
epoch:001 batch:018000 loss:0.08762 avgloss:0.08077
AUC:0.987914 TPR_2:0.935872 TPR_3:0.844975 TPR_4:0.709624 validset
AUC:0.996784 TPR_2:0.949586 TPR_3:0.860979 TPR_4:0.704149 Deepfakes
AUC:0.996336 TPR_2:0.938871 TPR_3:0.793615 TPR_4:0.579835 FaceSwap
AUC:0.992448 TPR_2:0.949864 TPR_3:0.864295 TPR_4:0.736776 Face2Face
AUC:0.995189 TPR_2:0.946107 TPR_3:0.839630 TPR_4:0.673587 Test
epoch:002 batch:021000 loss:0.16704 avgloss:0.07979
AUC:0.987198 TPR_2:0.920922 TPR_3:0.787886 TPR_4:0.594417 validset
AUC:0.995586 TPR_2:0.938394 TPR_3:0.802491 TPR_4:0.587276 Deepfakes
AUC:0.996522 TPR_2:0.948786 TPR_3:0.837145 TPR_4:0.630797 FaceSwap
AUC:0.992960 TPR_2:0.956178 TPR_3:0.867183 TPR_4:0.713929 Face2Face
AUC:0.995023 TPR_2:0.947786 TPR_3:0.835607 TPR_4:0.644001 Test
epoch:002 batch:024000 loss:0.03036 avgloss:0.07926
AUC:0.986407 TPR_2:0.926162 TPR_3:0.829920 TPR_4:0.697049 validset
AUC:0.994387 TPR_2:0.916658 TPR_3:0.763313 TPR_4:0.573055 Deepfakes
AUC:0.995516 TPR_2:0.947833 TPR_3:0.824243 TPR_4:0.649961 FaceSwap
AUC:0.993979 TPR_2:0.957049 TPR_3:0.874441 TPR_4:0.739868 Face2Face
AUC:0.994627 TPR_2:0.940513 TPR_3:0.820666 TPR_4:0.654295 Test
epoch:002 batch:027000 loss:0.02911 avgloss:0.07859
AUC:0.985224 TPR_2:0.924227 TPR_3:0.795331 TPR_4:0.611897 validset
AUC:0.995749 TPR_2:0.944939 TPR_3:0.826948 TPR_4:0.686177 Deepfakes
AUC:0.994981 TPR_2:0.937018 TPR_3:0.769322 TPR_4:0.581040 FaceSwap
AUC:0.992227 TPR_2:0.945364 TPR_3:0.879246 TPR_4:0.773675 Face2Face
AUC:0.994319 TPR_2:0.942440 TPR_3:0.825172 TPR_4:0.680298 Test
epoch:002 batch:030000 loss:0.03809 avgloss:0.07810
AUC:0.987590 TPR_2:0.936552 TPR_3:0.846155 TPR_4:0.686984 validset
AUC:0.995131 TPR_2:0.940865 TPR_3:0.821448 TPR_4:0.590614 Deepfakes
AUC:0.996608 TPR_2:0.956992 TPR_3:0.878462 TPR_4:0.682154 FaceSwap
AUC:0.992969 TPR_2:0.961969 TPR_3:0.899872 TPR_4:0.753498 Face2Face
AUC:0.994903 TPR_2:0.953275 TPR_3:0.866594 TPR_4:0.675422 Test
epoch:003 batch:033000 loss:0.04663 avgloss:0.07741
AUC:0.985910 TPR_2:0.933387 TPR_3:0.852234 TPR_4:0.688129 validset
AUC:0.996570 TPR_2:0.958351 TPR_3:0.863685 TPR_4:0.753371 Deepfakes
AUC:0.995456 TPR_2:0.946987 TPR_3:0.768116 TPR_4:0.541433 FaceSwap
AUC:0.991779 TPR_2:0.944754 TPR_3:0.849068 TPR_4:0.733989 Face2Face
AUC:0.994602 TPR_2:0.950031 TPR_3:0.826957 TPR_4:0.676265 Test
epoch:003 batch:036000 loss:0.03749 avgloss:0.07671
AUC:0.980939 TPR_2:0.925372 TPR_3:0.810246 TPR_4:0.601507 validset
AUC:0.993732 TPR_2:0.926379 TPR_3:0.785843 TPR_4:0.545671 Deepfakes
AUC:0.996335 TPR_2:0.948930 TPR_3:0.837847 TPR_4:0.657321 FaceSwap

Model:xception BatchSize:16 lr:0.000200

Model:xception BatchSize:16 lr:0.000200

Model:xception BatchSize:16 lr:0.000200

Model:xception BatchSize:16 lr:0.000200
epoch:000 batch:003000 loss:0.04223 avgloss:0.06975
AUC:0.988808 TPR_2:0.939087 TPR_3:0.870584 TPR_4:0.713489 validset
AUC:0.997770 TPR_2:0.967616 TPR_3:0.880333 TPR_4:0.682486 Deepfakes
AUC:0.995712 TPR_2:0.939555 TPR_3:0.819366 TPR_4:0.598046 FaceSwap
AUC:0.994731 TPR_2:0.948789 TPR_3:0.863177 TPR_4:0.718458 Face2Face
AUC:0.996071 TPR_2:0.951987 TPR_3:0.854292 TPR_4:0.666330 Test
epoch:000 batch:006000 loss:0.12593 avgloss:0.06904
AUC:0.988138 TPR_2:0.937807 TPR_3:0.836830 TPR_4:0.715139 validset
AUC:0.996891 TPR_2:0.951616 TPR_3:0.841802 TPR_4:0.645749 Deepfakes
AUC:0.996115 TPR_2:0.945187 TPR_3:0.848446 TPR_4:0.681633 FaceSwap
AUC:0.994643 TPR_2:0.945465 TPR_3:0.851347 TPR_4:0.712768 Face2Face
AUC:0.995883 TPR_2:0.947423 TPR_3:0.847198 TPR_4:0.680050 Test
epoch:000 batch:009000 loss:0.07494 avgloss:0.06892
AUC:0.990783 TPR_2:0.944987 TPR_3:0.871424 TPR_4:0.673635 validset
AUC:0.997650 TPR_2:0.974425 TPR_3:0.905246 TPR_4:0.714517 Deepfakes
AUC:0.995195 TPR_2:0.937917 TPR_3:0.781775 TPR_4:0.441921 FaceSwap
AUC:0.995189 TPR_2:0.967514 TPR_3:0.900772 TPR_4:0.729664 Face2Face
AUC:0.996011 TPR_2:0.959952 TPR_3:0.862598 TPR_4:0.628701 Test
epoch:001 batch:012000 loss:0.03569 avgloss:0.06838
AUC:0.986875 TPR_2:0.929462 TPR_3:0.858189 TPR_4:0.767777 validset
AUC:0.993207 TPR_2:0.918702 TPR_3:0.801800 TPR_4:0.644881 Deepfakes
AUC:0.996332 TPR_2:0.955804 TPR_3:0.878048 TPR_4:0.729913 FaceSwap
AUC:0.994048 TPR_2:0.961694 TPR_3:0.915346 TPR_4:0.826511 Face2Face
AUC:0.994529 TPR_2:0.945400 TPR_3:0.865065 TPR_4:0.733769 Test
epoch:001 batch:015000 loss:0.03632 avgloss:0.06766
AUC:0.988886 TPR_2:0.945357 TPR_3:0.885223 TPR_4:0.766492 validset
AUC:0.994959 TPR_2:0.945012 TPR_3:0.866141 TPR_4:0.758783 Deepfakes
AUC:0.997252 TPR_2:0.970560 TPR_3:0.895179 TPR_4:0.733710 FaceSwap
AUC:0.992879 TPR_2:0.958529 TPR_3:0.898101 TPR_4:0.803199 Face2Face
AUC:0.995030 TPR_2:0.958034 TPR_3:0.886474 TPR_4:0.765231 Test
epoch:001 batch:018000 loss:0.04262 avgloss:0.06719
AUC:0.987227 TPR_2:0.929632 TPR_3:0.859634 TPR_4:0.718643 validset
AUC:0.994236 TPR_2:0.925041 TPR_3:0.813021 TPR_4:0.675530 Deepfakes
AUC:0.997291 TPR_2:0.966925 TPR_3:0.893434 TPR_4:0.710748 FaceSwap
AUC:0.994508 TPR_2:0.964742 TPR_3:0.913241 TPR_4:0.830300 Face2Face
AUC:0.995345 TPR_2:0.952236 TPR_3:0.873232 TPR_4:0.738859 Test
epoch:002 batch:021000 loss:0.06674 avgloss:0.06712
AUC:0.986315 TPR_2:0.941317 TPR_3:0.874134 TPR_4:0.779102 validset
AUC:0.995888 TPR_2:0.949954 TPR_3:0.862582 TPR_4:0.704384 Deepfakes
AUC:0.996246 TPR_2:0.947203 TPR_3:0.844325 TPR_4:0.667920 FaceSwap
AUC:0.995050 TPR_2:0.967297 TPR_3:0.920716 TPR_4:0.821198 Face2Face
AUC:0.995728 TPR_2:0.954818 TPR_3:0.875875 TPR_4:0.731168 Test
epoch:002 batch:024000 loss:0.04766 avgloss:0.06677
AUC:0.984055 TPR_2:0.913203 TPR_3:0.811081 TPR_4:0.558553 validset
AUC:0.988465 TPR_2:0.891672 TPR_3:0.744621 TPR_4:0.463300 Deepfakes
AUC:0.996474 TPR_2:0.966835 TPR_3:0.906354 TPR_4:0.726206 FaceSwap
AUC:0.993414 TPR_2:0.953899 TPR_3:0.876880 TPR_4:0.688106 Face2Face
AUC:0.992784 TPR_2:0.937469 TPR_3:0.842618 TPR_4:0.625871 Test
epoch:002 batch:027000 loss:0.06076 avgloss:0.06646
AUC:0.987868 TPR_2:0.948502 TPR_3:0.885543 TPR_4:0.783766 validset
AUC:0.997085 TPR_2:0.959807 TPR_3:0.872230 TPR_4:0.734150 Deepfakes
AUC:0.997743 TPR_2:0.970938 TPR_3:0.903349 TPR_4:0.767361 FaceSwap
AUC:0.993202 TPR_2:0.971593 TPR_3:0.918786 TPR_4:0.835075 Face2Face
AUC:0.996010 TPR_2:0.967446 TPR_3:0.898121 TPR_4:0.778862 Test
epoch:002 batch:030000 loss:0.05423 avgloss:0.06625
AUC:0.986161 TPR_2:0.936792 TPR_3:0.857619 TPR_4:0.716793 validset
AUC:0.995234 TPR_2:0.937644 TPR_3:0.799903 TPR_4:0.622027 Deepfakes
AUC:0.997560 TPR_2:0.972720 TPR_3:0.893812 TPR_4:0.712836 FaceSwap
AUC:0.992027 TPR_2:0.962724 TPR_3:0.909351 TPR_4:0.822752 Face2Face
AUC:0.994940 TPR_2:0.957696 TPR_3:0.867688 TPR_4:0.719205 Test
epoch:003 batch:033000 loss:0.08797 avgloss:0.06592
AUC:0.983764 TPR_2:0.932412 TPR_3:0.858459 TPR_4:0.708479 validset
AUC:0.994262 TPR_2:0.941439 TPR_3:0.849861 TPR_4:0.623160 Deepfakes
AUC:0.996648 TPR_2:0.959781 TPR_3:0.888179 TPR_4:0.702543 FaceSwap
AUC:0.993634 TPR_2:0.969111 TPR_3:0.930311 TPR_4:0.850041 Face2Face
AUC:0.994848 TPR_2:0.956777 TPR_3:0.889450 TPR_4:0.725248 Test
epoch:003 batch:036000 loss:0.05193 avgloss:0.06543
AUC:0.984119 TPR_2:0.942032 TPR_3:0.862754 TPR_4:0.648486 validset
AUC:0.996672 TPR_2:0.957160 TPR_3:0.850023 TPR_4:0.584658 Deepfakes
AUC:0.995723 TPR_2:0.943892 TPR_3:0.801965 TPR_4:0.506343 FaceSwap
AUC:0.994019 TPR_2:0.962216 TPR_3:0.911006 TPR_4:0.684593 Face2Face
AUC:0.995472 TPR_2:0.954423 TPR_3:0.854331 TPR_4:0.591865 Test
epoch:003 batch:039000 loss:0.03606 avgloss:0.06499
AUC:0.984671 TPR_2:0.913708 TPR_3:0.732118 TPR_4:0.202699 validset
AUC:0.991632 TPR_2:0.882230 TPR_3:0.611424 TPR_4:0.155816 Deepfakes
AUC:0.996685 TPR_2:0.972414 TPR_3:0.831531 TPR_4:0.244318 FaceSwap
AUC:0.991111 TPR_2:0.939195 TPR_3:0.810631 TPR_4:0.340344 Face2Face
AUC:0.993143 TPR_2:0.931279 TPR_3:0.751195 TPR_4:0.246826 Test
epoch:004 batch:042000 loss:0.03987 avgloss:0.06471
AUC:0.985696 TPR_2:0.946422 TPR_3:0.894993 TPR_4:0.770357 validset
AUC:0.993527 TPR_2:0.948645 TPR_3:0.883318 TPR_4:0.716090 Deepfakes
AUC:0.996552 TPR_2:0.975491 TPR_3:0.939285 TPR_4:0.818826 FaceSwap
AUC:0.992455 TPR_2:0.967645 TPR_3:0.928715 TPR_4:0.836483 Face2Face
AUC:0.994178 TPR_2:0.963927 TPR_3:0.917106 TPR_4:0.790467 Test
epoch:004 batch:045000 loss:0.03662 avgloss:0.06436
AUC:0.992088 TPR_2:0.947212 TPR_3:0.885903 TPR_4:0.757252 validset
AUC:0.997255 TPR_2:0.972219 TPR_3:0.910202 TPR_4:0.767299 Deepfakes
AUC:0.996628 TPR_2:0.961131 TPR_3:0.895179 TPR_4:0.769178 FaceSwap
AUC:0.994937 TPR_2:0.966832 TPR_3:0.909830 TPR_4:0.788742 Face2Face
AUC:0.996273 TPR_2:0.966727 TPR_3:0.905070 TPR_4:0.775073 Test
epoch:004 batch:048000 loss:0.04151 avgloss:0.06419
AUC:0.988588 TPR_2:0.952306 TPR_3:0.902168 TPR_4:0.806406 validset
AUC:0.997604 TPR_2:0.973249 TPR_3:0.927776 TPR_4:0.826389 Deepfakes
AUC:0.996144 TPR_2:0.954149 TPR_3:0.858091 TPR_4:0.669504 FaceSwap
AUC:0.994487 TPR_2:0.968980 TPR_3:0.932358 TPR_4:0.840736 Face2Face
AUC:0.996078 TPR_2:0.965459 TPR_3:0.906075 TPR_4:0.778877 Test
epoch:004 batch:051000 loss:0.17569 avgloss:0.06388
AUC:0.990086 TPR_2:0.949457 TPR_3:0.906253 TPR_4:0.810276 validset
AUC:0.997129 TPR_2:0.960145 TPR_3:0.901937 TPR_4:0.805977 Deepfakes
AUC:0.997668 TPR_2:0.974177 TPR_3:0.905490 TPR_4:0.756996 FaceSwap
AUC:0.994093 TPR_2:0.973233 TPR_3:0.937250 TPR_4:0.873251 Face2Face
AUC:0.996297 TPR_2:0.969185 TPR_3:0.914892 TPR_4:0.812074 Test
epoch:005 batch:054000 loss:0.08560 avgloss:0.06362
AUC:0.987917 TPR_2:0.923137 TPR_3:0.854239 TPR_4:0.750037 validset
AUC:0.992845 TPR_2:0.905422 TPR_3:0.802624 TPR_4:0.694604 Deepfakes
AUC:0.997945 TPR_2:0.979810 TPR_3:0.918843 TPR_4:0.807813 FaceSwap
AUC:0.994386 TPR_2:0.954668 TPR_3:0.885792 TPR_4:0.790948 Face2Face
AUC:0.995059 TPR_2:0.946633 TPR_3:0.869086 TPR_4:0.764455 Test
epoch:005 batch:057000 loss:0.03658 avgloss:0.06336
AUC:0.988376 TPR_2:0.945777 TPR_3:0.881549 TPR_4:0.782907 validset
AUC:0.995627 TPR_2:0.947189 TPR_3:0.846831 TPR_4:0.646499 Deepfakes
AUC:0.997560 TPR_2:0.973565 TPR_3:0.903601 TPR_4:0.743463 FaceSwap
AUC:0.994254 TPR_2:0.974279 TPR_3:0.921312 TPR_4:0.799570 Face2Face
AUC:0.995814 TPR_2:0.965011 TPR_3:0.890581 TPR_4:0.729844 Test
epoch:005 batch:060000 loss:0.04191 avgloss:0.06320
AUC:0.991198 TPR_2:0.947802 TPR_3:0.891708 TPR_4:0.792946 validset
AUC:0.998643 TPR_2:0.974190 TPR_3:0.914614 TPR_4:0.774755 Deepfakes
AUC:0.996995 TPR_2:0.955048 TPR_3:0.861726 TPR_4:0.676594 FaceSwap
AUC:0.996448 TPR_2:0.976209 TPR_3:0.944144 TPR_4:0.876677 Face2Face
AUC:0.997362 TPR_2:0.968483 TPR_3:0.906828 TPR_4:0.776008 Test
epoch:006 batch:063000 loss:0.04755 avgloss:0.06302
AUC:0.987585 TPR_2:0.950896 TPR_3:0.880559 TPR_4:0.719923 validset
AUC:0.996529 TPR_2:0.952836 TPR_3:0.851170 TPR_4:0.670427 Deepfakes
AUC:0.997974 TPR_2:0.972144 TPR_3:0.909683 TPR_4:0.722985 FaceSwap
AUC:0.994022 TPR_2:0.973974 TPR_3:0.929702 TPR_4:0.842551 Face2Face
AUC:0.996175 TPR_2:0.966318 TPR_3:0.896852 TPR_4:0.745321 Test
epoch:006 batch:066000 loss:0.04320 avgloss:0.06286
AUC:0.986859 TPR_2:0.954341 TPR_3:0.904608 TPR_4:0.780482 validset
AUC:0.997636 TPR_2:0.970705 TPR_3:0.912114 TPR_4:0.820345 Deepfakes
AUC:0.997799 TPR_2:0.978136 TPR_3:0.931187 TPR_4:0.807687 FaceSwap
AUC:0.994630 TPR_2:0.971332 TPR_3:0.927074 TPR_4:0.840518 Face2Face
AUC:0.996689 TPR_2:0.973391 TPR_3:0.923458 TPR_4:0.822850 Test
epoch:006 batch:069000 loss:0.09946 avgloss:0.06270
AUC:0.989405 TPR_2:0.945367 TPR_3:0.882079 TPR_4:0.800021 validset
AUC:0.996600 TPR_2:0.948189 TPR_3:0.857126 TPR_4:0.751092 Deepfakes
AUC:0.997525 TPR_2:0.966997 TPR_3:0.906012 TPR_4:0.782800 FaceSwap
AUC:0.993899 TPR_2:0.968110 TPR_3:0.919178 TPR_4:0.856384 Face2Face
AUC:0.996008 TPR_2:0.961099 TPR_3:0.894105 TPR_4:0.796759 Test
epoch:007 batch:072000 loss:0.04137 avgloss:0.06239
AUC:0.987555 TPR_2:0.935712 TPR_3:0.862944 TPR_4:0.716783 validset
AUC:0.996990 TPR_2:0.967101 TPR_3:0.908599 TPR_4:0.760313 Deepfakes
AUC:0.995264 TPR_2:0.932069 TPR_3:0.778230 TPR_4:0.512731 FaceSwap
AUC:0.993558 TPR_2:0.961476 TPR_3:0.905504 TPR_4:0.785316 Face2Face
AUC:0.995271 TPR_2:0.953549 TPR_3:0.864111 TPR_4:0.686120 Test
epoch:007 batch:075000 loss:0.03908 avgloss:0.06225
AUC:0.987511 TPR_2:0.950511 TPR_3:0.902118 TPR_4:0.814201 validset
AUC:0.996372 TPR_2:0.954439 TPR_3:0.879333 TPR_4:0.779123 Deepfakes
AUC:0.997184 TPR_2:0.961671 TPR_3:0.883230 TPR_4:0.737705 FaceSwap
AUC:0.995559 TPR_2:0.978212 TPR_3:0.948020 TPR_4:0.889668 Face2Face
AUC:0.996372 TPR_2:0.964774 TPR_3:0.903528 TPR_4:0.802165 Test
epoch:007 batch:078000 loss:0.41901 avgloss:0.06209
AUC:0.989382 TPR_2:0.935452 TPR_3:0.860264 TPR_4:0.747648 validset
AUC:0.996609 TPR_2:0.946895 TPR_3:0.859273 TPR_4:0.732782 Deepfakes
AUC:0.996615 TPR_2:0.951503 TPR_3:0.842310 TPR_4:0.615591 FaceSwap
AUC:0.996341 TPR_2:0.973016 TPR_3:0.929092 TPR_4:0.805943 Face2Face
AUC:0.996521 TPR_2:0.957138 TPR_3:0.876892 TPR_4:0.718105 Test
epoch:007 batch:081000 loss:0.04255 avgloss:0.06183
AUC:0.991980 TPR_2:0.957701 TPR_3:0.915393 TPR_4:0.836675 validset
AUC:0.998596 TPR_2:0.975808 TPR_3:0.915202 TPR_4:0.806800 Deepfakes
AUC:0.997685 TPR_2:0.963992 TPR_3:0.905400 TPR_4:0.791420 FaceSwap
AUC:0.996784 TPR_2:0.975454 TPR_3:0.943622 TPR_4:0.882309 Face2Face
AUC:0.997688 TPR_2:0.971751 TPR_3:0.921408 TPR_4:0.826843 Test
epoch:008 batch:084000 loss:0.04184 avgloss:0.06173
AUC:0.986899 TPR_2:0.955821 TPR_3:0.910498 TPR_4:0.817145 validset
AUC:0.996894 TPR_2:0.962807 TPR_3:0.878951 TPR_4:0.657353 Deepfakes
AUC:0.997769 TPR_2:0.968419 TPR_3:0.900182 TPR_4:0.690054 FaceSwap
AUC:0.995372 TPR_2:0.974119 TPR_3:0.944159 TPR_4:0.830329 Face2Face
AUC:0.996678 TPR_2:0.968448 TPR_3:0.907764 TPR_4:0.725912 Test
epoch:008 batch:087000 loss:0.04014 avgloss:0.06157
AUC:0.991100 TPR_2:0.946427 TPR_3:0.885258 TPR_4:0.786091 validset
AUC:0.997418 TPR_2:0.959704 TPR_3:0.889907 TPR_4:0.812698 Deepfakes
AUC:0.997389 TPR_2:0.961707 TPR_3:0.884544 TPR_4:0.792194 FaceSwap
AUC:0.994352 TPR_2:0.954015 TPR_3:0.895735 TPR_4:0.830692 Face2Face
AUC:0.996386 TPR_2:0.958475 TPR_3:0.890062 TPR_4:0.811861 Test
epoch:008 batch:090000 loss:0.04248 avgloss:0.06132
AUC:0.984350 TPR_2:0.938807 TPR_3:0.848290 TPR_4:0.679300 validset
AUC:0.995226 TPR_2:0.920849 TPR_3:0.779990 TPR_4:0.580937 Deepfakes
AUC:0.998118 TPR_2:0.982545 TPR_3:0.953105 TPR_4:0.853611 FaceSwap
AUC:0.993694 TPR_2:0.947628 TPR_3:0.851536 TPR_4:0.672647 Face2Face
AUC:0.995680 TPR_2:0.950341 TPR_3:0.861544 TPR_4:0.702398 Test
epoch:009 batch:093000 loss:0.11450 avgloss:0.06120
AUC:0.985702 TPR_2:0.946817 TPR_3:0.898638 TPR_4:0.814036 validset
AUC:0.996256 TPR_2:0.941733 TPR_3:0.845111 TPR_4:0.691898 Deepfakes
AUC:0.998416 TPR_2:0.978352 TPR_3:0.939753 TPR_4:0.835382 FaceSwap
AUC:0.996393 TPR_2:0.974801 TPR_3:0.940225 TPR_4:0.856398 Face2Face
AUC:0.997022 TPR_2:0.964962 TPR_3:0.908363 TPR_4:0.794559 Test
epoch:009 batch:096000 loss:0.03688 avgloss:0.06104
AUC:0.988987 TPR_2:0.958391 TPR_3:0.914643 TPR_4:0.744193 validset
AUC:0.996984 TPR_2:0.965101 TPR_3:0.916835 TPR_4:0.759460 Deepfakes
AUC:0.997479 TPR_2:0.969175 TPR_3:0.906696 TPR_4:0.675946 FaceSwap
AUC:0.994754 TPR_2:0.972275 TPR_3:0.945233 TPR_4:0.830750 Face2Face
AUC:0.996406 TPR_2:0.968850 TPR_3:0.922921 TPR_4:0.755385 Test
epoch:009 batch:099000 loss:0.04026 avgloss:0.06095
AUC:0.990721 TPR_2:0.957151 TPR_3:0.913858 TPR_4:0.854494 validset
AUC:0.997876 TPR_2:0.966322 TPR_3:0.919394 TPR_4:0.836331 Deepfakes
AUC:0.997427 TPR_2:0.961293 TPR_3:0.902539 TPR_4:0.765273 FaceSwap
AUC:0.996736 TPR_2:0.960518 TPR_3:0.925202 TPR_4:0.862553 Face2Face
AUC:0.997346 TPR_2:0.962711 TPR_3:0.915711 TPR_4:0.821386 Test
epoch:009 batch:102000 loss:0.16439 avgloss:0.06082
AUC:0.989266 TPR_2:0.958106 TPR_3:0.923012 TPR_4:0.852974 validset
AUC:0.996929 TPR_2:0.967013 TPR_3:0.917188 TPR_4:0.843567 Deepfakes
AUC:0.997946 TPR_2:0.972540 TPR_3:0.907128 TPR_4:0.788505 FaceSwap
AUC:0.994874 TPR_2:0.974743 TPR_3:0.936872 TPR_4:0.885850 Face2Face
AUC:0.996583 TPR_2:0.971432 TPR_3:0.920396 TPR_4:0.839307 Test
epoch:010 batch:105000 loss:0.14854 avgloss:0.06062
AUC:0.992905 TPR_2:0.956721 TPR_3:0.919152 TPR_4:0.793306 validset
AUC:0.997496 TPR_2:0.961189 TPR_3:0.905849 TPR_4:0.755592 Deepfakes
AUC:0.998149 TPR_2:0.973691 TPR_3:0.927138 TPR_4:0.753666 FaceSwap
AUC:0.996977 TPR_2:0.973872 TPR_3:0.945161 TPR_4:0.858648 Face2Face
AUC:0.997540 TPR_2:0.969584 TPR_3:0.926049 TPR_4:0.789302 Test
epoch:010 batch:108000 loss:0.03818 avgloss:0.06050
AUC:0.987586 TPR_2:0.957261 TPR_3:0.911803 TPR_4:0.851964 validset
AUC:0.998069 TPR_2:0.976837 TPR_3:0.938321 TPR_4:0.853244 Deepfakes
AUC:0.996798 TPR_2:0.957784 TPR_3:0.881197 TPR_4:0.738389 FaceSwap
AUC:0.995205 TPR_2:0.971782 TPR_3:0.937496 TPR_4:0.871407 Face2Face
AUC:0.996691 TPR_2:0.968801 TPR_3:0.919005 TPR_4:0.821013 Test
epoch:010 batch:111000 loss:0.03770 avgloss:0.06036
AUC:0.991436 TPR_2:0.957931 TPR_3:0.916218 TPR_4:0.864064 validset
AUC:0.998534 TPR_2:0.976264 TPR_3:0.936762 TPR_4:0.845964 Deepfakes
AUC:0.998079 TPR_2:0.973943 TPR_3:0.932465 TPR_4:0.824585 FaceSwap
AUC:0.995975 TPR_2:0.967906 TPR_3:0.929527 TPR_4:0.849721 Face2Face
AUC:0.997529 TPR_2:0.972704 TPR_3:0.932918 TPR_4:0.840090 Test
epoch:011 batch:114000 loss:0.04056 avgloss:0.06022
AUC:0.989967 TPR_2:0.943892 TPR_3:0.889718 TPR_4:0.811771 validset
AUC:0.996710 TPR_2:0.957380 TPR_3:0.915202 TPR_4:0.854023 Deepfakes
AUC:0.997021 TPR_2:0.959457 TPR_3:0.880891 TPR_4:0.773083 FaceSwap
AUC:0.995440 TPR_2:0.959763 TPR_3:0.917813 TPR_4:0.857110 Face2Face
AUC:0.996390 TPR_2:0.958867 TPR_3:0.904636 TPR_4:0.828072 Test
epoch:011 batch:117000 loss:0.04188 avgloss:0.06010
AUC:0.989926 TPR_2:0.955906 TPR_3:0.912773 TPR_4:0.854344 validset
AUC:0.997377 TPR_2:0.974411 TPR_3:0.943556 TPR_4:0.894348 Deepfakes
AUC:0.997269 TPR_2:0.971496 TPR_3:0.904123 TPR_4:0.804826 FaceSwap
AUC:0.995269 TPR_2:0.971593 TPR_3:0.937612 TPR_4:0.879551 Face2Face
AUC:0.996638 TPR_2:0.972500 TPR_3:0.928430 TPR_4:0.859575 Test
epoch:011 batch:120000 loss:0.03849 avgloss:0.05995
AUC:0.991641 TPR_2:0.960271 TPR_3:0.919582 TPR_4:0.748278 validset
AUC:0.998265 TPR_2:0.978793 TPR_3:0.948630 TPR_4:0.871436 Deepfakes
AUC:0.997485 TPR_2:0.965845 TPR_3:0.903151 TPR_4:0.786669 FaceSwap
AUC:0.994093 TPR_2:0.969953 TPR_3:0.929048 TPR_4:0.780439 Face2Face
AUC:0.996614 TPR_2:0.971531 TPR_3:0.926943 TPR_4:0.812848 Test
epoch:011 batch:123000 loss:0.03926 avgloss:0.05982
AUC:0.987709 TPR_2:0.960386 TPR_3:0.911663 TPR_4:0.773737 validset
AUC:0.996457 TPR_2:0.967852 TPR_3:0.920246 TPR_4:0.834066 Deepfakes
AUC:0.996850 TPR_2:0.965090 TPR_3:0.901028 TPR_4:0.786291 FaceSwap
AUC:0.995111 TPR_2:0.970766 TPR_3:0.927786 TPR_4:0.842493 Face2Face
AUC:0.996139 TPR_2:0.967902 TPR_3:0.916353 TPR_4:0.820950 Test
epoch:012 batch:126000 loss:0.04073 avgloss:0.05969
AUC:0.986100 TPR_2:0.958386 TPR_3:0.913433 TPR_4:0.837970 validset
AUC:0.997800 TPR_2:0.978352 TPR_3:0.940380 TPR_4:0.862597 Deepfakes
AUC:0.997467 TPR_2:0.965576 TPR_3:0.903961 TPR_4:0.783610 FaceSwap
AUC:0.994644 TPR_2:0.969038 TPR_3:0.932010 TPR_4:0.856340 Face2Face
AUC:0.996637 TPR_2:0.970989 TPR_3:0.925450 TPR_4:0.834182 Test
epoch:012 batch:129000 loss:0.34248 avgloss:0.05955
AUC:0.989323 TPR_2:0.956241 TPR_3:0.918517 TPR_4:0.863569 validset
AUC:0.996875 TPR_2:0.971646 TPR_3:0.933879 TPR_4:0.849199 Deepfakes
AUC:0.997492 TPR_2:0.980134 TPR_3:0.950856 TPR_4:0.870454 FaceSwap
AUC:0.995331 TPR_2:0.973901 TPR_3:0.950241 TPR_4:0.896650 Face2Face
AUC:0.996566 TPR_2:0.975227 TPR_3:0.944992 TPR_4:0.872101 Test
epoch:012 batch:132000 loss:0.03859 avgloss:0.05940
AUC:0.989358 TPR_2:0.952591 TPR_3:0.904403 TPR_4:0.822840 validset
AUC:0.997541 TPR_2:0.966690 TPR_3:0.910128 TPR_4:0.781902 Deepfakes
AUC:0.998095 TPR_2:0.978730 TPR_3:0.949326 TPR_4:0.881791 FaceSwap
AUC:0.996438 TPR_2:0.970200 TPR_3:0.935653 TPR_4:0.851666 Face2Face
AUC:0.997358 TPR_2:0.971873 TPR_3:0.931702 TPR_4:0.838453 Test
epoch:013 batch:135000 loss:0.04470 avgloss:0.05927
AUC:0.988369 TPR_2:0.938432 TPR_3:0.879734 TPR_4:0.764892 validset
AUC:0.998350 TPR_2:0.979955 TPR_3:0.937703 TPR_4:0.835257 Deepfakes
AUC:0.993690 TPR_2:0.898958 TPR_3:0.755412 TPR_4:0.541272 FaceSwap
AUC:0.995927 TPR_2:0.980027 TPR_3:0.958442 TPR_4:0.899393 Face2Face
AUC:0.995989 TPR_2:0.952980 TPR_3:0.883852 TPR_4:0.758641 Test
epoch:013 batch:138000 loss:0.03956 avgloss:0.05915
AUC:0.984566 TPR_2:0.952611 TPR_3:0.891978 TPR_4:0.825705 validset
AUC:0.997102 TPR_2:0.966087 TPR_3:0.895981 TPR_4:0.848949 Deepfakes
AUC:0.997493 TPR_2:0.975437 TPR_3:0.923197 TPR_4:0.887819 FaceSwap
AUC:0.995815 TPR_2:0.969155 TPR_3:0.911194 TPR_4:0.867967 Face2Face
AUC:0.996803 TPR_2:0.970226 TPR_3:0.910124 TPR_4:0.868245 Test
epoch:013 batch:141000 loss:0.05138 avgloss:0.05905
AUC:0.985669 TPR_2:0.947787 TPR_3:0.897538 TPR_4:0.837605 validset
AUC:0.997528 TPR_2:0.967631 TPR_3:0.912673 TPR_4:0.830904 Deepfakes
AUC:0.996651 TPR_2:0.946393 TPR_3:0.864732 TPR_4:0.772147 FaceSwap
AUC:0.994939 TPR_2:0.975164 TPR_3:0.942286 TPR_4:0.895910 Face2Face
AUC:0.996373 TPR_2:0.963063 TPR_3:0.906564 TPR_4:0.832987 Test
epoch:014 batch:144000 loss:0.17228 avgloss:0.05896
AUC:0.986138 TPR_2:0.950246 TPR_3:0.904293 TPR_4:0.844465 validset
AUC:0.997798 TPR_2:0.975793 TPR_3:0.939027 TPR_4:0.892157 Deepfakes
AUC:0.996291 TPR_2:0.943694 TPR_3:0.847204 TPR_4:0.739360 FaceSwap
AUC:0.996938 TPR_2:0.974859 TPR_3:0.951184 TPR_4:0.917959 Face2Face
AUC:0.997009 TPR_2:0.964782 TPR_3:0.912472 TPR_4:0.849825 Test
epoch:014 batch:147000 loss:0.04225 avgloss:0.05883
AUC:0.985324 TPR_2:0.950876 TPR_3:0.900238 TPR_4:0.807941 validset
AUC:0.994966 TPR_2:0.951689 TPR_3:0.859597 TPR_4:0.694604 Deepfakes
AUC:0.996586 TPR_2:0.974267 TPR_3:0.943316 TPR_4:0.858055 FaceSwap
AUC:0.992538 TPR_2:0.969822 TPR_3:0.938629 TPR_4:0.872888 Face2Face
AUC:0.994697 TPR_2:0.965260 TPR_3:0.913847 TPR_4:0.808516 Test
epoch:014 batch:150000 loss:0.04008 avgloss:0.05873
AUC:0.985514 TPR_2:0.949202 TPR_3:0.885993 TPR_4:0.767002 validset
AUC:0.996578 TPR_2:0.958101 TPR_3:0.856994 TPR_4:0.628189 Deepfakes
AUC:0.998028 TPR_2:0.980116 TPR_3:0.949938 TPR_4:0.859369 FaceSwap
AUC:0.996141 TPR_2:0.974917 TPR_3:0.943724 TPR_4:0.861943 Face2Face
AUC:0.996916 TPR_2:0.971045 TPR_3:0.916885 TPR_4:0.783167 Test
epoch:014 batch:153000 loss:0.03981 avgloss:0.05865
AUC:0.987821 TPR_2:0.952971 TPR_3:0.902398 TPR_4:0.800446 validset
AUC:0.997525 TPR_2:0.968734 TPR_3:0.916187 TPR_4:0.769549 Deepfakes
AUC:0.997339 TPR_2:0.966241 TPR_3:0.900956 TPR_4:0.681866 FaceSwap
AUC:0.995933 TPR_2:0.969038 TPR_3:0.941866 TPR_4:0.864121 Face2Face
AUC:0.996933 TPR_2:0.968005 TPR_3:0.919670 TPR_4:0.771845 Test
epoch:015 batch:156000 loss:0.04019 avgloss:0.05851
AUC:0.988286 TPR_2:0.953726 TPR_3:0.911898 TPR_4:0.806781 validset
AUC:0.997471 TPR_2:0.965822 TPR_3:0.917129 TPR_4:0.793373 Deepfakes
AUC:0.997501 TPR_2:0.964028 TPR_3:0.892174 TPR_4:0.698530 FaceSwap
AUC:0.996097 TPR_2:0.976949 TPR_3:0.955481 TPR_4:0.879507 Face2Face
AUC:0.997023 TPR_2:0.968933 TPR_3:0.921595 TPR_4:0.790470 Test
epoch:015 batch:159000 loss:0.06853 avgloss:0.05840
AUC:0.988263 TPR_2:0.957641 TPR_3:0.921997 TPR_4:0.872699 validset
AUC:0.997722 TPR_2:0.966028 TPR_3:0.919143 TPR_4:0.836022 Deepfakes
AUC:0.997350 TPR_2:0.968581 TPR_3:0.930845 TPR_4:0.861223 FaceSwap
AUC:0.995403 TPR_2:0.967326 TPR_3:0.938643 TPR_4:0.879638 Face2Face
AUC:0.996825 TPR_2:0.967311 TPR_3:0.929544 TPR_4:0.858961 Test
epoch:015 batch:162000 loss:0.03868 avgloss:0.05827
AUC:0.987719 TPR_2:0.952446 TPR_3:0.905563 TPR_4:0.815156 validset
AUC:0.997171 TPR_2:0.958336 TPR_3:0.881436 TPR_4:0.739680 Deepfakes
AUC:0.998512 TPR_2:0.981447 TPR_3:0.950496 TPR_4:0.857066 FaceSwap
AUC:0.996599 TPR_2:0.971709 TPR_3:0.934579 TPR_4:0.867604 Face2Face
AUC:0.997427 TPR_2:0.970498 TPR_3:0.922170 TPR_4:0.821450 Test
