
Model:xception BatchSize:16 lr:0.000200

Model:xception BatchSize:16 lr:0.000200

Model:xception BatchSize:16 lr:0.000200

Model:xception BatchSize:16 lr:0.000200

Model:xception BatchSize:16 lr:0.000200

Model:xception BatchSize:16 lr:0.000200

Model:xception BatchSize:16 lr:0.000200

Model:xception BatchSize:16 lr:0.000200

Model:xception BatchSize:16 lr:0.000200
epoch:000 batch:003000 loss:0.59393 avgloss:0.57343
AUC:0.784322 TPR_2:0.154842 TPR_3:0.047708 TPR_4:0.007607 validset
AUC:0.322495 TPR_2:0.001000 TPR_3:0.000111 TPR_4:0.000111 stylegan_celeba
AUC:0.268073 TPR_2:0.001111 TPR_3:0.000000 TPR_4:0.000000 stylegan_ffhq
AUC:0.277953 TPR_2:0.002000 TPR_3:0.000444 TPR_4:0.000444 faceapp
AUC:0.421269 TPR_2:0.000183 TPR_3:0.000000 TPR_4:0.000000 stargan
AUC:0.315566 TPR_2:0.000446 TPR_3:0.000000 TPR_4:0.000000 pggan_v1
AUC:0.338358 TPR_2:0.000557 TPR_3:0.000000 TPR_4:0.000000 pggan_v2
AUC:0.842566 TPR_2:0.203127 TPR_3:0.046076 TPR_4:0.005074 Deepfakes
AUC:0.772692 TPR_2:0.111587 TPR_3:0.020802 TPR_4:0.001386 FaceSwap
AUC:0.781548 TPR_2:0.104540 TPR_3:0.026621 TPR_4:0.010509 Face2Face
AUC:0.482280 TPR_2:0.047172 TPR_3:0.010451 TPR_4:0.001947 Test
epoch:000 batch:006000 loss:0.20512 avgloss:0.47774

Model:xception BatchSize:16 lr:0.000200

Model:xception BatchSize:16 lr:0.000200

Model:xception BatchSize:16 lr:0.000200

Model:xception BatchSize:16 lr:0.000200
epoch:000 batch:003000 loss:0.67976 avgloss:0.57910
AUC:0.791583 TPR_2:0.207094 TPR_3:0.052261 TPR_4:0.012179 validset
AUC:0.440567 TPR_2:0.001889 TPR_3:0.000111 TPR_4:0.000000 stylegan_celeba
AUC:0.363718 TPR_2:0.000556 TPR_3:0.000000 TPR_4:0.000000 stylegan_ffhq
AUC:0.391884 TPR_2:0.000444 TPR_3:0.000000 TPR_4:0.000000 faceapp
AUC:0.633220 TPR_2:0.004974 TPR_3:0.000000 TPR_4:0.000000 stargan
AUC:0.472742 TPR_2:0.002007 TPR_3:0.000000 TPR_4:0.000000 pggan_v1
AUC:0.487461 TPR_2:0.002227 TPR_3:0.000000 TPR_4:0.000000 pggan_v2
AUC:0.840331 TPR_2:0.111770 TPR_3:0.010530 TPR_4:0.000368 Deepfakes
AUC:0.761015 TPR_2:0.078980 TPR_3:0.006352 TPR_4:0.000162 FaceSwap
AUC:0.831042 TPR_2:0.173503 TPR_3:0.025954 TPR_4:0.005327 Face2Face
AUC:0.580220 TPR_2:0.041817 TPR_3:0.004772 TPR_4:0.000651 Test
epoch:000 batch:006000 loss:0.21648 avgloss:0.46626
AUC:0.915973 TPR_2:0.471988 TPR_3:0.238531 TPR_4:0.109251 validset
AUC:0.598687 TPR_2:0.000667 TPR_3:0.000111 TPR_4:0.000111 stylegan_celeba
AUC:0.475203 TPR_2:0.000222 TPR_3:0.000000 TPR_4:0.000000 stylegan_ffhq
AUC:0.514361 TPR_2:0.000444 TPR_3:0.000000 TPR_4:0.000000 faceapp
AUC:0.659052 TPR_2:0.026970 TPR_3:0.005796 TPR_4:0.001278 stargan
AUC:0.598406 TPR_2:0.000111 TPR_3:0.000000 TPR_4:0.000000 pggan_v1
AUC:0.599462 TPR_2:0.000445 TPR_3:0.000000 TPR_4:0.000000 pggan_v2
AUC:0.946953 TPR_2:0.560319 TPR_3:0.343192 TPR_4:0.220745 Deepfakes
AUC:0.913004 TPR_2:0.427669 TPR_3:0.198827 TPR_4:0.112235 FaceSwap
AUC:0.953525 TPR_2:0.581330 TPR_3:0.300093 TPR_4:0.160933 Face2Face
AUC:0.695406 TPR_2:0.177575 TPR_3:0.094224 TPR_4:0.055034 Test
epoch:000 batch:009000 loss:0.39701 avgloss:0.38911
AUC:0.945641 TPR_2:0.613928 TPR_3:0.396120 TPR_4:0.258773 validset
AUC:0.760254 TPR_2:0.000889 TPR_3:0.000000 TPR_4:0.000000 stylegan_celeba
AUC:0.622895 TPR_2:0.000111 TPR_3:0.000000 TPR_4:0.000000 stylegan_ffhq
AUC:0.657110 TPR_2:0.000667 TPR_3:0.000000 TPR_4:0.000000 faceapp
AUC:0.798851 TPR_2:0.038014 TPR_3:0.004427 TPR_4:0.000502 stargan
AUC:0.759988 TPR_2:0.000000 TPR_3:0.000000 TPR_4:0.000000 pggan_v1
AUC:0.751406 TPR_2:0.000557 TPR_3:0.000000 TPR_4:0.000000 pggan_v2
AUC:0.973474 TPR_2:0.670397 TPR_3:0.423225 TPR_4:0.266276 Deepfakes
AUC:0.928143 TPR_2:0.477155 TPR_3:0.215922 TPR_4:0.102733 FaceSwap
AUC:0.981312 TPR_2:0.786419 TPR_3:0.557728 TPR_4:0.371190 Face2Face
AUC:0.803715 TPR_2:0.219357 TPR_3:0.133478 TPR_4:0.082300 Test
epoch:001 batch:012000 loss:0.37363 avgloss:0.34030
AUC:0.964602 TPR_2:0.710126 TPR_3:0.504614 TPR_4:0.348869 validset
AUC:0.897265 TPR_2:0.025222 TPR_3:0.001000 TPR_4:0.000000 stylegan_celeba
AUC:0.761664 TPR_2:0.000222 TPR_3:0.000000 TPR_4:0.000000 stylegan_ffhq
AUC:0.773903 TPR_2:0.002444 TPR_3:0.000000 TPR_4:0.000000 faceapp
AUC:0.865005 TPR_2:0.129969 TPR_3:0.024460 TPR_4:0.004655 stargan
AUC:0.890557 TPR_2:0.009030 TPR_3:0.000223 TPR_4:0.000000 pggan_v1
AUC:0.882104 TPR_2:0.007572 TPR_3:0.000223 TPR_4:0.000000 pggan_v2
AUC:0.975527 TPR_2:0.772946 TPR_3:0.584232 TPR_4:0.418239 Deepfakes
AUC:0.976660 TPR_2:0.753343 TPR_3:0.534092 TPR_4:0.348293 FaceSwap
AUC:0.985016 TPR_2:0.857850 TPR_3:0.681879 TPR_4:0.492118 Face2Face
AUC:0.889744 TPR_2:0.284289 TPR_3:0.202901 TPR_4:0.140367 Test
epoch:001 batch:015000 loss:0.09499 avgloss:0.30525
AUC:0.974969 TPR_2:0.787993 TPR_3:0.620457 TPR_4:0.452998 validset
AUC:0.885661 TPR_2:0.055889 TPR_3:0.004444 TPR_4:0.000222 stylegan_celeba
AUC:0.765402 TPR_2:0.000667 TPR_3:0.000000 TPR_4:0.000000 stylegan_ffhq
AUC:0.797386 TPR_2:0.007554 TPR_3:0.001333 TPR_4:0.000000 faceapp
AUC:0.908942 TPR_2:0.197371 TPR_3:0.038197 TPR_4:0.005796 stargan
AUC:0.884209 TPR_2:0.041249 TPR_3:0.001003 TPR_4:0.000000 pggan_v1
AUC:0.871820 TPR_2:0.026503 TPR_3:0.000445 TPR_4:0.000000 pggan_v2
AUC:0.985721 TPR_2:0.825522 TPR_3:0.654205 TPR_4:0.460476 Deepfakes
AUC:0.980893 TPR_2:0.770312 TPR_3:0.563405 TPR_4:0.343309 FaceSwap
AUC:0.986157 TPR_2:0.872264 TPR_3:0.712347 TPR_4:0.485514 Face2Face
AUC:0.896243 TPR_2:0.310814 TPR_3:0.219487 TPR_4:0.143924 Test
epoch:001 batch:018000 loss:0.03117 avgloss:0.27901
AUC:0.978906 TPR_2:0.801076 TPR_3:0.626103 TPR_4:0.414848 validset
AUC:0.931858 TPR_2:0.080667 TPR_3:0.001889 TPR_4:0.000000 stylegan_celeba
AUC:0.794695 TPR_2:0.001556 TPR_3:0.000000 TPR_4:0.000000 stylegan_ffhq
AUC:0.812477 TPR_2:0.006221 TPR_3:0.000000 TPR_4:0.000000 faceapp
AUC:0.961051 TPR_2:0.526947 TPR_3:0.075480 TPR_4:0.003194 stargan
AUC:0.912615 TPR_2:0.036120 TPR_3:0.000000 TPR_4:0.000000 pggan_v1
AUC:0.907258 TPR_2:0.026169 TPR_3:0.000223 TPR_4:0.000000 pggan_v2
AUC:0.983980 TPR_2:0.840390 TPR_3:0.661162 TPR_4:0.418195 Deepfakes
AUC:0.984457 TPR_2:0.834302 TPR_3:0.587501 TPR_4:0.283259 FaceSwap
AUC:0.981970 TPR_2:0.852378 TPR_3:0.658814 TPR_4:0.392789 Face2Face
AUC:0.918929 TPR_2:0.356083 TPR_3:0.220563 TPR_4:0.121937 Test
epoch:002 batch:021000 loss:0.05967 avgloss:0.25788

Model:xception BatchSize:16 lr:0.000200
epoch:000 batch:003000 loss:0.19088 avgloss:0.14381
AUC:0.981456 TPR_2:0.811677 TPR_3:0.653296 TPR_4:0.386800 validset

Model:xception BatchSize:16 lr:0.000200
epoch:000 batch:003000 loss:0.19088 avgloss:0.14381
AUC:0.981456 TPR_2:0.811677 TPR_3:0.653296 TPR_4:0.386800 validset
AUC:0.933274 TPR_2:0.104333 TPR_3:0.004667 TPR_4:0.000111 stylegan_celeba
AUC:0.829654 TPR_2:0.001556 TPR_3:0.000000 TPR_4:0.000000 stylegan_ffhq
AUC:0.838874 TPR_2:0.006665 TPR_3:0.000667 TPR_4:0.000000 faceapp
AUC:0.970096 TPR_2:0.647926 TPR_3:0.210742 TPR_4:0.023639 stargan
AUC:0.927976 TPR_2:0.067559 TPR_3:0.000334 TPR_4:0.000000 pggan_v1
AUC:0.919423 TPR_2:0.045991 TPR_3:0.001336 TPR_4:0.000000 pggan_v2
AUC:0.983175 TPR_2:0.837419 TPR_3:0.681104 TPR_4:0.488639 Deepfakes
AUC:0.985110 TPR_2:0.836623 TPR_3:0.650627 TPR_4:0.411060 FaceSwap
AUC:0.983865 TPR_2:0.871480 TPR_3:0.709691 TPR_4:0.475730 Face2Face
AUC:0.930161 TPR_2:0.379950 TPR_3:0.251019 TPR_4:0.155464 Test
epoch:000 batch:006000 loss:0.07855 avgloss:0.13634
AUC:0.973433 TPR_2:0.765445 TPR_3:0.534745 TPR_4:0.306544 validset
AUC:0.908755 TPR_2:0.021778 TPR_3:0.000333 TPR_4:0.000000 stylegan_celeba
AUC:0.784492 TPR_2:0.000222 TPR_3:0.000000 TPR_4:0.000000 stylegan_ffhq
AUC:0.795989 TPR_2:0.002000 TPR_3:0.000000 TPR_4:0.000000 faceapp
AUC:0.973398 TPR_2:0.551545 TPR_3:0.073472 TPR_4:0.004335 stargan
AUC:0.898881 TPR_2:0.011817 TPR_3:0.000000 TPR_4:0.000000 pggan_v1
AUC:0.891748 TPR_2:0.009020 TPR_3:0.000223 TPR_4:0.000000 pggan_v2
AUC:0.971522 TPR_2:0.724061 TPR_3:0.484904 TPR_4:0.266056 Deepfakes
AUC:0.987421 TPR_2:0.863472 TPR_3:0.690252 TPR_4:0.491371 FaceSwap
AUC:0.979237 TPR_2:0.803330 TPR_3:0.580575 TPR_4:0.346600 Face2Face
AUC:0.910161 TPR_2:0.331916 TPR_3:0.203307 TPR_4:0.123151 Test
epoch:000 batch:009000 loss:0.33662 avgloss:0.12910
AUC:0.981910 TPR_2:0.819396 TPR_3:0.625039 TPR_4:0.441028 validset
AUC:0.947169 TPR_2:0.266222 TPR_3:0.042556 TPR_4:0.005000 stylegan_celeba
AUC:0.811968 TPR_2:0.005446 TPR_3:0.000222 TPR_4:0.000000 stylegan_ffhq
AUC:0.834743 TPR_2:0.019773 TPR_3:0.001111 TPR_4:0.000222 faceapp
AUC:0.956754 TPR_2:0.430110 TPR_3:0.045635 TPR_4:0.005613 stargan
AUC:0.939394 TPR_2:0.214716 TPR_3:0.022854 TPR_4:0.001561 pggan_v1
AUC:0.929372 TPR_2:0.154232 TPR_3:0.013363 TPR_4:0.001336 pggan_v2
AUC:0.992080 TPR_2:0.902481 TPR_3:0.744945 TPR_4:0.604394 Deepfakes
AUC:0.975366 TPR_2:0.740926 TPR_3:0.470713 TPR_4:0.290493 FaceSwap
AUC:0.989534 TPR_2:0.908161 TPR_3:0.780889 TPR_4:0.656216 Face2Face
AUC:0.930709 TPR_2:0.404674 TPR_3:0.235810 TPR_4:0.173871 Test

Model:xception BatchSize:16 lr:0.000200
epoch:000 batch:003000 loss:0.04653 avgloss:0.09892
AUC:0.976528 TPR_2:0.798600 TPR_3:0.574322 TPR_4:0.320340 validset
AUC:0.906175 TPR_2:0.044222 TPR_3:0.000667 TPR_4:0.000000 stylegan_celeba
AUC:0.775207 TPR_2:0.000556 TPR_3:0.000000 TPR_4:0.000000 stylegan_ffhq
AUC:0.776017 TPR_2:0.001111 TPR_3:0.000000 TPR_4:0.000000 faceapp
AUC:0.959215 TPR_2:0.396021 TPR_3:0.021357 TPR_4:0.000091 stargan
AUC:0.898433 TPR_2:0.023077 TPR_3:0.000000 TPR_4:0.000000 pggan_v1
AUC:0.888259 TPR_2:0.022272 TPR_3:0.000000 TPR_4:0.000000 pggan_v2
AUC:0.988543 TPR_2:0.858376 TPR_3:0.655397 TPR_4:0.367752 Deepfakes
AUC:0.973465 TPR_2:0.761800 TPR_3:0.467222 TPR_4:0.147991 FaceSwap

Model:xception BatchSize:16 lr:0.000200
AUC:0.988140 TPR_2:0.896635 TPR_3:0.706555 TPR_4:0.385575 Face2Face
AUC:0.905939 TPR_2:0.333786 TPR_3:0.205689 TPR_4:0.100156 Test
